type;temps;clock;fen
debut;1637183506631928;1865;0
fenetre;1637183506632849;1981;1
fenetre;1637183506633009;2012;2
fenetre;1637183506633205;2030;3
fenetre;1637183506633252;2077;4
fenetre;1637183506633391;2088;5
fenetre;1637183506633432;2108;6
fenetre;1637183506633442;2118;7
fenetre;1637183506633526;2191;8
fenetre;1637183506633635;2205;9
timeout;1637183507633849;2217;0
fenetre;1637183507633925;2294;4
fenetre;1637183507634127;2310;5
fenetre;1637183507634156;2329;6
fenetre;1637183507634165;2337;7
fenetre;1637183507634235;2405;8
fenetre;1637183507634437;2426;9
fenetre;1637183507634508;2442;10
fenetre;1637183507634596;2462;11
fenetre;1637183507634621;2476;12
fenetre;1637183507634635;2485;13
fenetre;1637183507634650;2492;14
ecn;1637183507634666;2498;0
fenetre;1637183507634739;2571;12
timeout;1637183508639521;2592;0
fenetre;1637183508639701;2771;6
fenetre;1637183508640176;2805;7
fenetre;1637183508640267;2854;8
fenetre;1637183508640290;2877;9
fenetre;1637183508640351;2931;10
fenetre;1637183508640374;2954;11
fenetre;1637183508640652;3212;12
fenetre;1637183508640833;3244;13
fenetre;1637183508640916;3279;14
fenetre;1637183508640930;3293;15
fenetre;1637183508640983;3320;16
ecn;1637183508641059;3353;0
fenetre;1637183508641227;3521;14
timeout;1637183509645990;3537;0
fenetre;1637183509646095;3643;7
fenetre;1637183509646304;3664;8
fenetre;1637183509646313;3674;9
fenetre;1637183509646318;3678;10
fenetre;1637183509646338;3687;11
fenetre;1637183509646343;3692;12
fenetre;1637183509646359;3699;13
fenetre;1637183509646454;3789;14
fenetre;1637183509646580;3813;15
fenetre;1637183509646601;3830;16
fenetre;1637183509646608;3836;17
ecn;1637183509646659;3853;0
fenetre;1637183509646787;3979;15
fenetre;1637183509646797;3989;16
timeout;1637183510648495;4017;0
fenetre;1637183510648673;4194;8
fenetre;1637183510648935;4239;9
fenetre;1637183510648996;4275;10
fenetre;1637183510649217;4315;11
fenetre;1637183510649232;4330;12
fenetre;1637183510649319;4355;13
fenetre;1637183510649349;4376;14
fenetre;1637183510649391;4404;15
fenetre;1637183510649722;4647;16
fenetre;1637183510649863;4684;17
fenetre;1637183510649904;4710;18
ecn;1637183510649982;4740;0
fenetre;1637183510650210;4969;16
fenetre;1637183510650221;4980;17
fenetre;1637183510650228;4986;18
fenetre;1637183510650234;4993;19
fenetre;1637183510650241;5000;20
fenetre;1637183510650579;5025;21
fenetre;1637183510650637;5068;22
fenetre;1637183510650662;5083;23
fenetre;1637183510650710;5099;24
fenetre;1637183510650857;5125;25
fenetre;1637183510650869;5136;26
timeout;1637183511651073;5150;0
fenetre;1637183511651235;5312;13
fenetre;1637183511651410;5330;14
fenetre;1637183511651423;5344;15
fenetre;1637183511651521;5388;16
fenetre;1637183511651555;5414;17
fenetre;1637183511651608;5441;18
fenetre;1637183511651670;5464;19
fenetre;1637183511651721;5490;20
fenetre;1637183511651768;5515;21
fenetre;1637183511651782;5529;22
fenetre;1637183511651817;5544;23
timeout;1637183512652156;5569;0
fenetre;1637183512652462;5875;11
fenetre;1637183512652779;5927;12
fenetre;1637183512652841;5979;13
fenetre;1637183512652877;5996;14
fenetre;1637183512653024;6026;15
fenetre;1637183512653063;6053;16
fenetre;1637183512653159;6093;17
fenetre;1637183512653174;6108;18
fenetre;1637183512653183;6117;19
fenetre;1637183512653243;6149;20
fenetre;1637183512653257;6163;21
timeout;1637183513658199;6189;0
fenetre;1637183513658478;6468;10
fenetre;1637183513658822;6527;11
fenetre;1637183513658847;6552;12
fenetre;1637183513658949;6596;13
fenetre;1637183513659014;6631;14
fenetre;1637183513659104;6678;15
fenetre;1637183513659210;6751;16
fenetre;1637183513659338;6774;17
fenetre;1637183513659380;6799;18
fenetre;1637183513659519;6832;19
fenetre;1637183513659741;7054;20
ecn;1637183513659949;7080;0
fenetre;1637183513660165;7296;18
fenetre;1637183513660176;7307;19
ecn;1637183513660501;7333;0
fenetre;1637183513660709;7541;17
fenetre;1637183513661017;7569;18
fenetre;1637183513661058;7592;19
fenetre;1637183513661084;7609;20
fenetre;1637183513661130;7624;21
fenetre;1637183513661174;7637;22
timeout;1637183514661266;7677;0
fenetre;1637183514661379;7790;11
timeout;1637183515666377;7802;0
fenetre;1637183515666533;7945;5
fenetre;1637183515666735;7970;6
fenetre;1637183515666745;7979;7
fenetre;1637183515666759;7987;8
fenetre;1637183515666771;7995;9
fenetre;1637183515666855;8065;10
fenetre;1637183515666956;8080;11
fenetre;1637183515666978;8096;12
fenetre;1637183515667006;8116;13
fenetre;1637183515667042;8130;14
fenetre;1637183515667050;8138;15
timeout;1637183516667184;8155;0
fenetre;1637183516667479;8435;7
fenetre;1637183516667886;8502;8
fenetre;1637183516668061;8533;9
fenetre;1637183516668137;8560;10
fenetre;1637183516668209;8580;11
fenetre;1637183516668229;8597;12
fenetre;1637183516668250;8608;13
fenetre;1637183516668454;8791;14
fenetre;1637183516668648;8814;15
fenetre;1637183516668757;8841;16
fenetre;1637183516668868;8871;17
timeout;1637183517668928;8896;0
fenetre;1637183517669123;9091;8
fenetre;1637183517669649;9140;9
fenetre;1637183517669678;9166;10
fenetre;1637183517669691;9179;11
fenetre;1637183517669756;9209;12
fenetre;1637183517669776;9229;13
fenetre;1637183517669886;9267;14
fenetre;1637183517669912;9293;15
fenetre;1637183517670271;9631;16
fenetre;1637183517670457;9677;17
fenetre;1637183517670471;9692;18
fenetre;1637183517670600;9715;19
ecn;1637183517670613;9728;0
fenetre;1637183517670806;9921;17
fenetre;1637183517671162;9985;18
fenetre;1637183517671243;10052;19
fenetre;1637183517671289;10084;20
timeout;1637183518671365;10108;0
fenetre;1637183518671589;10331;10
fenetre;1637183518672029;10380;11
fenetre;1637183518672146;10428;12
fenetre;1637183518672285;10484;13
fenetre;1637183518672308;10506;14
fenetre;1637183518672363;10536;15
fenetre;1637183518672509;10595;16
fenetre;1637183518672556;10641;17
fenetre;1637183518672591;10668;18
fenetre;1637183518672631;10687;19
fenetre;1637183518672916;10964;20
fenetre;1637183518673007;10993;21
ecn;1637183518673069;11023;0
fenetre;1637183518673289;11241;18
fenetre;1637183518673299;11251;19
fenetre;1637183518673537;11269;20
fenetre;1637183518673577;11292;21
fenetre;1637183518673627;11314;22
fenetre;1637183518673682;11339;23
fenetre;1637183518673721;11369;24
fenetre;1637183518673749;11387;25
fenetre;1637183518673793;11401;26
timeout;1637183519673994;11425;0
fenetre;1637183519674324;11754;13
fenetre;1637183519674670;11791;14
fenetre;1637183519674761;11843;15
fenetre;1637183519674888;11891;16
fenetre;1637183519674976;11931;17
fenetre;1637183519675127;11986;18
fenetre;1637183519675150;12008;19
fenetre;1637183519675192;12038;20
fenetre;1637183519675304;12103;21
fenetre;1637183519675327;12126;22
fenetre;1637183519675377;12143;23
fenetre;1637183519675401;12164;24
ecn;1637183519675450;12192;0
fenetre;1637183519675673;12416;21
fenetre;1637183519675684;12426;22
ecn;1637183519675841;12449;0
fenetre;1637183519676058;12666;19
fenetre;1637183519676068;12676;20
fenetre;1637183519676075;12683;21
fenetre;1637183519676081;12689;22
fenetre;1637183519676088;12696;23
fenetre;1637183519676422;12711;24
fenetre;1637183519676453;12732;25
fenetre;1637183519676493;12751;26
fenetre;1637183519676559;12779;27
fenetre;1637183519676573;12793;28
fenetre;1637183519676650;12818;29
fenetre;1637183519676683;12837;30
fenetre;1637183519676737;12856;31
fenetre;1637183519676746;12865;32
ecn;1637183519676795;12881;0
fenetre;1637183519677100;13186;28
fenetre;1637183519677108;13195;29
fenetre;1637183519677115;13201;30
fenetre;1637183519677121;13207;31
timeout;1637183520681506;13234;0
fenetre;1637183520681867;13593;15
fenetre;1637183520682116;13638;16
fenetre;1637183520682139;13661;17
fenetre;1637183520682220;13686;18
fenetre;1637183520682315;13719;19
fenetre;1637183520682463;13760;20
fenetre;1637183520682515;13806;21
fenetre;1637183520682610;13862;22
fenetre;1637183520682640;13886;23
fenetre;1637183520682700;13904;24
fenetre;1637183520682727;13918;25
timeout;1637183521685525;13945;0
fenetre;1637183521685981;14362;12
fenetre;1637183521686418;14420;13
fenetre;1637183521686656;14467;14
fenetre;1637183521686714;14499;15
fenetre;1637183521686748;14527;16
fenetre;1637183521686791;14552;17
fenetre;1637183521686925;14587;18
fenetre;1637183521686940;14602;19
fenetre;1637183521686948;14609;20
fenetre;1637183521686993;14633;21
fenetre;1637183521687068;14708;22
ecn;1637183521687075;14715;0
fenetre;1637183521687643;15283;19
fenetre;1637183521687653;15293;20
fenetre;1637183521687787;15310;21
fenetre;1637183521687841;15339;22
timeout;1637183522687914;15364;0
fenetre;1637183522688213;15647;11
fenetre;1637183522688515;15684;12
fenetre;1637183522688661;15718;13
fenetre;1637183522688735;15749;14
fenetre;1637183522688800;15779;15
fenetre;1637183522688880;15811;16
fenetre;1637183522688956;15833;17
fenetre;1637183522689037;15868;18
fenetre;1637183522689086;15900;19
fenetre;1637183522689215;15927;20
fenetre;1637183522689327;15973;21
fenetre;1637183522689856;16448;22
timeout;1637183523690057;16480;0
fenetre;1637183523690306;16729;11
timeout;1637183524691836;16763;0
fenetre;1637183524692072;16999;5
fenetre;1637183524692485;17043;6
fenetre;1637183524692584;17093;7
fenetre;1637183524692610;17119;8
fenetre;1637183524692622;17131;9
fenetre;1637183524692926;17353;10
fenetre;1637183524693236;17387;11
fenetre;1637183524693332;17412;12
fenetre;1637183524693455;17449;13
fenetre;1637183524693478;17471;14
fenetre;1637183524693486;17479;15
timeout;1637183525695516;17504;0
fenetre;1637183525695730;17717;7
fenetre;1637183525696163;17758;8
fenetre;1637183525696187;17781;9
fenetre;1637183525696288;17828;10
fenetre;1637183525696313;17852;11
fenetre;1637183525696375;17908;12
fenetre;1637183525696436;17957;13
fenetre;1637183525696712;18233;14
fenetre;1637183525696939;18262;15
fenetre;1637183525696978;18287;16
fenetre;1637183525697033;18318;17
ecn;1637183525697095;18348;0
fenetre;1637183525697296;18549;15
fenetre;1637183525697306;18559;16
fenetre;1637183525697313;18565;17
fenetre;1637183525697319;18572;18
fenetre;1637183525697326;18579;19
fenetre;1637183525697353;18590;20
fenetre;1637183525697373;18603;21
fenetre;1637183525697763;18626;22
timeout;1637183526701014;18658;0
fenetre;1637183526701312;18954;11
fenetre;1637183526701664;19003;12
fenetre;1637183526701767;19057;13
fenetre;1637183526701981;19110;14
fenetre;1637183526702059;19152;15
fenetre;1637183526702134;19183;16
fenetre;1637183526702207;19217;17
fenetre;1637183526702255;19238;18
fenetre;1637183526702287;19256;19
fenetre;1637183526702348;19279;20
fenetre;1637183526702361;19293;21
ecn;1637183526702414;19316;0
fenetre;1637183526702620;19521;18
fenetre;1637183526702694;19538;19
fenetre;1637183526702770;19562;20
fenetre;1637183526702785;19576;21
timeout;1637183527703883;19601;0
fenetre;1637183527704118;19834;10
fenetre;1637183527704497;19870;11
fenetre;1637183527704597;19925;12
fenetre;1637183527704672;19968;13
fenetre;1637183527704722;20006;14
fenetre;1637183527704996;20053;15
fenetre;1637183527705012;20069;16
fenetre;1637183527705019;20077;17
fenetre;1637183527705056;20100;18
fenetre;1637183527705082;20117;19
fenetre;1637183527705318;20345;20
timeout;1637183528705547;20370;0
fenetre;1637183528705776;20598;10
fenetre;1637183528706206;20651;11
fenetre;1637183528706297;20709;12
fenetre;1637183528706350;20748;13
fenetre;1637183528706404;20780;14
fenetre;1637183528706549;20825;15
fenetre;1637183528706575;20850;16
fenetre;1637183528706656;20878;17
fenetre;1637183528706679;20901;18
fenetre;1637183528706825;20927;19
fenetre;1637183528707047;21149;20
fenetre;1637183528707196;21167;21
ecn;1637183528707236;21185;0
fenetre;1637183528707445;21393;18
timeout;1637183529707702;21437;0
fenetre;1637183529708089;21819;9
timeout;1637183530710726;21847;0
fenetre;1637183530710801;21923;4
fenetre;1637183530711152;21955;5
fenetre;1637183530711195;21989;6
fenetre;1637183530711229;22015;7
fenetre;1637183530711273;22059;8
fenetre;1637183530711546;22100;9
fenetre;1637183530711553;22107;10
fenetre;1637183530711565;22114;11
fenetre;1637183530711582;22125;12
fenetre;1637183530711675;22198;13
fenetre;1637183530711680;22203;14
ecn;1637183530711808;22262;0
fenetre;1637183530711902;22357;12
fenetre;1637183530711907;22361;13
ecn;1637183530712133;22370;0
fenetre;1637183530712271;22508;11
fenetre;1637183530712275;22512;12
fenetre;1637183530712293;22529;13
fenetre;1637183530712346;22553;14
fenetre;1637183530712394;22589;15
timeout;1637183531714009;22609;0
fenetre;1637183531714325;22924;7
fenetre;1637183531714789;22960;8
fenetre;1637183531714856;23012;9
fenetre;1637183531715004;23044;10
fenetre;1637183531715066;23081;11
fenetre;1637183531715085;23101;12
fenetre;1637183531715092;23108;13
fenetre;1637183531715280;23274;14
fenetre;1637183531715546;23302;15
fenetre;1637183531715560;23316;16
fenetre;1637183531715593;23330;17
ecn;1637183531715643;23355;0
fenetre;1637183531715833;23545;15
fenetre;1637183531715843;23555;16
fenetre;1637183531715850;23561;17
fenetre;1637183531715856;23567;18
fenetre;1637183531715862;23573;19
fenetre;1637183531716123;23597;20
fenetre;1637183531716186;23625;21
fenetre;1637183531716200;23639;22
fenetre;1637183531716245;23652;23
fenetre;1637183531716287;23671;24
fenetre;1637183531716322;23690;25
timeout;1637183532717997;23724;0
fenetre;1637183532718651;24354;12
fenetre;1637183532718862;24398;13
fenetre;1637183532719114;24434;14
fenetre;1637183532719171;24463;15
fenetre;1637183532719251;24490;16
fenetre;1637183532719352;24523;17
fenetre;1637183532719410;24547;18
fenetre;1637183532719496;24575;19
fenetre;1637183532719592;24606;20
fenetre;1637183532719608;24622;21
fenetre;1637183532719680;24657;22
ecn;1637183532719696;24672;0
fenetre;1637183532720107;25015;19
fenetre;1637183532720177;25048;20
fenetre;1637183532720187;25058;21
timeout;1637183533724136;25091;0
fenetre;1637183533724456;25409;10
fenetre;1637183533724834;25471;11
fenetre;1637183533725002;25520;12
fenetre;1637183533725176;25550;13
fenetre;1637183533725217;25584;14
fenetre;1637183533725226;25593;15
fenetre;1637183533725274;25617;16
fenetre;1637183533725283;25626;17
fenetre;1637183533725347;25642;18
fenetre;1637183533725461;25674;19
fenetre;1637183533725807;25929;20
ecn;1637183533725913;25953;0
fenetre;1637183533726094;26134;18
fenetre;1637183533726106;26146;19
fenetre;1637183533726113;26153;20
ecn;1637183533726572;26177;0
fenetre;1637183533726793;26398;18
fenetre;1637183533726807;26412;19
fenetre;1637183533726814;26419;20
fenetre;1637183533726821;26425;21
fenetre;1637183533726846;26437;22
fenetre;1637183533726949;26466;23
fenetre;1637183533726965;26480;24
timeout;1637183534727038;26499;0
fenetre;1637183534727361;26823;12
fenetre;1637183534727698;26876;13
fenetre;1637183534727813;26904;14
fenetre;1637183534727963;26939;15
fenetre;1637183534728088;26990;16
fenetre;1637183534728223;27045;17
fenetre;1637183534728334;27081;18
fenetre;1637183534728434;27127;19
fenetre;1637183534728621;27198;20
fenetre;1637183534728826;27245;21
fenetre;1637183534728841;27261;22
fenetre;1637183534729026;27297;23
ecn;1637183534729055;27325;0
fenetre;1637183534729470;27708;20
timeout;1637183535729587;27727;0
fenetre;1637183535729723;27862;10
fenetre;1637183535729891;27880;11
fenetre;1637183535729934;27911;12
fenetre;1637183535729964;27928;13
fenetre;1637183535730006;27941;14
fenetre;1637183535730051;27955;15
fenetre;1637183535730122;27976;16
fenetre;1637183535730172;27998;17
fenetre;1637183535730208;28017;18
fenetre;1637183535730237;28031;19
fenetre;1637183535730492;28276;20
fenetre;1637183535730502;28285;21
ecn;1637183535730507;28290;0
fenetre;1637183535730667;28450;18
fenetre;1637183535730673;28456;19
fenetre;1637183535730945;28469;20
timeout;1637183536734995;28494;0
fenetre;1637183536735257;28756;10
fenetre;1637183536735680;28808;11
fenetre;1637183536735751;28859;12
fenetre;1637183536735801;28889;13
fenetre;1637183536735925;28935;14
fenetre;1637183536736001;28988;15
fenetre;1637183536736082;29045;16
fenetre;1637183536736113;29066;17
fenetre;1637183536736150;29084;18
fenetre;1637183536736264;29111;19
fenetre;1637183536736516;29358;20
ecn;1637183536736619;29390;0
fenetre;1637183536736849;29619;18
fenetre;1637183536736860;29630;19
fenetre;1637183536736866;29637;20
fenetre;1637183536736873;29643;21
fenetre;1637183536736879;29649;22
fenetre;1637183536736885;29656;23
fenetre;1637183536737403;29682;24
timeout;1637183537737433;29700;0
fenetre;1637183537737553;29819;12
timeout;1637183538742328;29834;0
fenetre;1637183538742399;29905;6
fenetre;1637183538742595;29925;7
fenetre;1637183538742604;29934;8
fenetre;1637183538742608;29939;9
fenetre;1637183538742665;29988;10
fenetre;1637183538742671;29994;11
fenetre;1637183538742750;30074;12
fenetre;1637183538742865;30089;13
fenetre;1637183538742916;30122;14
fenetre;1637183538742941;30139;15
fenetre;1637183538742965;30157;16
timeout;1637183539745770;30183;0
fenetre;1637183539745994;30407;8
fenetre;1637183539746485;30445;9
fenetre;1637183539746543;30481;10
fenetre;1637183539746685;30541;11
fenetre;1637183539746718;30572;12
fenetre;1637183539746777;30626;13
fenetre;1637183539746811;30660;14
fenetre;1637183539746894;30696;15
fenetre;1637183539747142;30938;16
fenetre;1637183539747277;30968;17
fenetre;1637183539747291;30981;18
ecn;1637183539747313;30994;0
fenetre;1637183539747501;31181;16
fenetre;1637183539747510;31190;17
fenetre;1637183539747517;31197;18
timeout;1637183540752572;31224;0
fenetre;1637183540752796;31448;9
fenetre;1637183540753328;31494;10
fenetre;1637183540753353;31519;11
fenetre;1637183540753418;31559;12
fenetre;1637183540753565;31630;13
fenetre;1637183540753590;31654;14
fenetre;1637183540753602;31668;15
fenetre;1637183540753656;31701;16
fenetre;1637183540753705;31743;17
fenetre;1637183540753983;31976;18
fenetre;1637183540754036;31998;19
ecn;1637183540754087;32013;0
fenetre;1637183540754272;32198;17
fenetre;1637183540754281;32208;18
fenetre;1637183540754287;32214;19
fenetre;1637183540754618;32231;20
fenetre;1637183540754652;32249;21
fenetre;1637183540754680;32262;22
fenetre;1637183540754734;32276;23
fenetre;1637183540754757;32289;24
fenetre;1637183540754841;32312;25
timeout;1637183541757013;32329;0
fenetre;1637183541757132;32448;12
fenetre;1637183541757253;32474;13
fenetre;1637183541757281;32487;14
fenetre;1637183541757318;32508;15
fenetre;1637183541757372;32527;16
fenetre;1637183541757383;32538;17
fenetre;1637183541757424;32560;18
fenetre;1637183541757452;32579;19
fenetre;1637183541757464;32591;20
fenetre;1637183541757481;32603;21
fenetre;1637183541757509;32627;22
ecn;1637183541757541;32638;0
fenetre;1637183541757656;32753;19
timeout;1637183542761867;32807;0
fenetre;1637183542762118;33057;9
fenetre;1637183542762577;33093;10
fenetre;1637183542762685;33144;11
fenetre;1637183542762736;33184;12
fenetre;1637183542762815;33239;13
fenetre;1637183542762838;33261;14
fenetre;1637183542762923;33310;15
fenetre;1637183542762946;33333;16
fenetre;1637183542763014;33367;17
fenetre;1637183542763246;33599;18
fenetre;1637183542763358;33627;19
timeout;1637183543768466;33664;0
fenetre;1637183543768696;33894;9
fenetre;1637183543769090;33943;10
fenetre;1637183543769135;33980;11
fenetre;1637183543769252;34023;12
fenetre;1637183543769321;34077;13
fenetre;1637183543769402;34134;14
fenetre;1637183543769465;34189;15
fenetre;1637183543769571;34216;16
fenetre;1637183543769588;34233;17
fenetre;1637183543769862;34508;18
fenetre;1637183543769871;34517;19
ecn;1637183543769916;34534;0
fenetre;1637183543770122;34740;17
fenetre;1637183543770500;34766;18
fenetre;1637183543770514;34780;19
timeout;1637183544773377;34806;0
fenetre;1637183544773612;35041;9
fenetre;1637183544773969;35093;10
fenetre;1637183544774039;35143;11
fenetre;1637183544774095;35186;12
fenetre;1637183544774177;35241;13
fenetre;1637183544774328;35311;14
fenetre;1637183544774408;35369;15
fenetre;1637183544774467;35426;16
fenetre;1637183544774476;35435;17
fenetre;1637183544774708;35646;18
fenetre;1637183544774813;35663;19
ecn;1637183544774857;35690;0
fenetre;1637183544775068;35901;17
fenetre;1637183544775078;35911;18
fenetre;1637183544775085;35919;19
fenetre;1637183544775367;35935;20
timeout;1637183545778087;35967;0
fenetre;1637183545778337;36216;10
fenetre;1637183545778713;36251;11
fenetre;1637183545778774;36290;12
fenetre;1637183545778913;36342;13
fenetre;1637183545779014;36400;14
fenetre;1637183545779038;36425;15
fenetre;1637183545779157;36472;16
fenetre;1637183545779248;36534;17
fenetre;1637183545779289;36569;18
fenetre;1637183545779300;36580;19
fenetre;1637183545779541;36804;20
ecn;1637183545779596;36832;0
fenetre;1637183545779814;37051;18
timeout;1637183546784836;37075;0
fenetre;1637183546785068;37306;9
fenetre;1637183546785511;37343;10
fenetre;1637183546785538;37369;11
fenetre;1637183546785649;37480;12
fenetre;1637183546785730;37508;13
fenetre;1637183546785805;37560;14
fenetre;1637183546785829;37584;15
fenetre;1637183546785923;37653;16
fenetre;1637183546785939;37669;17
fenetre;1637183546786224;37933;18
fenetre;1637183546786386;37960;19
ecn;1637183546786400;37974;0
fenetre;1637183546786608;38182;17
fenetre;1637183546786617;38191;18
fenetre;1637183546786623;38197;19
fenetre;1637183546786629;38203;20
fenetre;1637183546787011;38229;21
timeout;1637183547791750;38263;0
fenetre;1637183547792024;38535;10
fenetre;1637183547792335;38586;11
fenetre;1637183547792398;38643;12
fenetre;1637183547792445;38681;13
fenetre;1637183547792559;38709;14
fenetre;1637183547792625;38765;15
fenetre;1637183547792713;38802;16
fenetre;1637183547792856;38850;17
fenetre;1637183547792872;38865;18
fenetre;1637183547792879;38873;19
fenetre;1637183547793119;39108;20
timeout;1637183548796775;39127;0
fenetre;1637183548796891;39244;10
fenetre;1637183548797129;39267;11
fenetre;1637183548797163;39291;12
fenetre;1637183548797186;39308;13
fenetre;1637183548797220;39322;14
fenetre;1637183548797249;39339;15
fenetre;1637183548797274;39357;16
fenetre;1637183548797303;39379;17
fenetre;1637183548797404;39398;18
fenetre;1637183548797414;39408;19
fenetre;1637183548797596;39591;20
ecn;1637183548797637;39610;0
fenetre;1637183548797806;39778;18
fenetre;1637183548798077;39794;19
fenetre;1637183548798117;39816;20
fenetre;1637183548798142;39838;21
fenetre;1637183548798176;39864;22
timeout;1637183549803175;39900;0
fenetre;1637183549803458;40182;11
fenetre;1637183549803749;40235;12
fenetre;1637183549803845;40285;13
fenetre;1637183549803904;40337;14
fenetre;1637183549803950;40369;15
fenetre;1637183549804067;40417;16
fenetre;1637183549804169;40465;17
fenetre;1637183549804237;40509;18
fenetre;1637183549804420;40543;19
fenetre;1637183549804478;40581;20
fenetre;1637183549804494;40597;21
ecn;1637183549804502;40604;0
fenetre;1637183549804705;40808;18
ecn;1637183549804869;40835;0
fenetre;1637183549805078;41044;16
fenetre;1637183549805088;41054;17
fenetre;1637183549805095;41061;18
fenetre;1637183549805102;41068;19
fenetre;1637183549805115;41081;20
fenetre;1637183549805122;41087;21
fenetre;1637183549805128;41093;22
timeout;1637183550809913;41116;0
fenetre;1637183550810187;41390;11
fenetre;1637183550810542;41431;12
fenetre;1637183550810684;41491;13
fenetre;1637183550810708;41514;14
fenetre;1637183550810848;41555;15
fenetre;1637183550810948;41624;16
fenetre;1637183550810979;41652;17
fenetre;1637183550811024;41669;18
fenetre;1637183550811064;41696;19
fenetre;1637183550811110;41729;20
fenetre;1637183550811149;41764;21
ecn;1637183550811159;41773;0
fenetre;1637183550811356;41971;18
ecn;1637183550811512;41988;0
fenetre;1637183550811709;42185;16
timeout;1637183551811804;42213;0
fenetre;1637183551812005;42412;8
fenetre;1637183551812481;42466;9
fenetre;1637183551812545;42519;10
fenetre;1637183551812619;42565;11
fenetre;1637183551812706;42611;12
fenetre;1637183551812784;42645;13
fenetre;1637183551812817;42667;14
fenetre;1637183551812849;42686;15
fenetre;1637183551813146;42947;16
fenetre;1637183551813252;42976;17
fenetre;1637183551813342;43004;18
fenetre;1637183551813420;43035;19
ecn;1637183551813458;43061;0
fenetre;1637183551813660;43263;17
ecn;1637183551813670;43272;0
fenetre;1637183551813826;43428;15
fenetre;1637183551813833;43437;16
fenetre;1637183551813840;43443;17
fenetre;1637183551813968;43470;18
fenetre;1637183551814009;43494;19
fenetre;1637183551814049;43525;20
fenetre;1637183551814414;43546;21
fenetre;1637183551814426;43557;22
fenetre;1637183551814461;43572;23
fenetre;1637183551814483;43588;24
fenetre;1637183551814535;43608;25
fenetre;1637183551814547;43619;26
timeout;1637183552818365;43639;0
fenetre;1637183552818662;43935;13
fenetre;1637183552818953;43987;14
fenetre;1637183552819015;44026;15
fenetre;1637183552819077;44059;16
fenetre;1637183552819158;44099;17
fenetre;1637183552819332;44150;18
fenetre;1637183552819474;44195;19
fenetre;1637183552819536;44229;20
fenetre;1637183552819592;44250;21
fenetre;1637183552819602;44260;22
fenetre;1637183552819649;44274;23
timeout;1637183553824728;44361;0
fenetre;1637183553824995;44626;11
fenetre;1637183553825318;44678;12
fenetre;1637183553825371;44717;13
fenetre;1637183553825467;44741;14
fenetre;1637183553825544;44777;15
fenetre;1637183553825578;44802;16
fenetre;1637183553825655;44828;17
fenetre;1637183553825719;44865;18
fenetre;1637183553825736;44882;19
fenetre;1637183553825782;44904;20
fenetre;1637183553825819;44937;21
ecn;1637183553825848;44963;0
fenetre;1637183553826037;45152;18
timeout;1637183554829364;45185;0
fenetre;1637183554829619;45439;9
fenetre;1637183554830034;45484;10
fenetre;1637183554830093;45524;11
fenetre;1637183554830163;45573;12
fenetre;1637183554830240;45608;13
fenetre;1637183554830291;45642;14
fenetre;1637183554830445;45685;15
fenetre;1637183554830460;45700;16
fenetre;1637183554830513;45735;17
fenetre;1637183554830726;45948;18
fenetre;1637183554830933;45976;19
ecn;1637183554830948;45990;0
fenetre;1637183554831154;46197;17
fenetre;1637183554831163;46205;18
timeout;1637183555835434;46234;0
fenetre;1637183555835659;46458;9
fenetre;1637183555836066;46511;10
fenetre;1637183555836092;46537;11
fenetre;1637183555836132;46562;12
fenetre;1637183555836262;46607;13
fenetre;1637183555836286;46631;14
fenetre;1637183555836440;46664;15
fenetre;1637183555836456;46680;16
fenetre;1637183555836492;46696;17
fenetre;1637183555836703;46907;18
fenetre;1637183555836859;46935;19
timeout;1637183556838291;46962;0
fenetre;1637183556838531;47202;9
fenetre;1637183556839070;47248;10
fenetre;1637183556839095;47272;11
fenetre;1637183556839182;47313;12
fenetre;1637183556839299;47363;13
fenetre;1637183556839355;47408;14
fenetre;1637183556839371;47423;15
fenetre;1637183556839412;47441;16
fenetre;1637183556839532;47474;17
fenetre;1637183556839756;47698;18
fenetre;1637183556839824;47714;19
fenetre;1637183556839921;47741;20
timeout;1637183557843494;47774;0
fenetre;1637183557843738;48018;10
fenetre;1637183557844165;48069;11
fenetre;1637183557844261;48126;12
fenetre;1637183557844324;48185;13
fenetre;1637183557844407;48229;14
fenetre;1637183557844458;48267;15
fenetre;1637183557844554;48341;16
fenetre;1637183557844602;48368;17
fenetre;1637183557844615;48381;18
fenetre;1637183557844655;48400;19
fenetre;1637183557844871;48616;20
ecn;1637183557845007;48641;0
fenetre;1637183557845224;48857;18
fenetre;1637183557845235;48869;19
fenetre;1637183557845242;48876;20
fenetre;1637183557845249;48882;21
timeout;1637183558846294;48908;0
fenetre;1637183558846541;49155;10
fenetre;1637183558846973;49205;11
fenetre;1637183558847044;49256;12
fenetre;1637183558847104;49296;13
fenetre;1637183558847269;49347;14
fenetre;1637183558847299;49376;15
fenetre;1637183558847452;49405;16
fenetre;1637183558847478;49431;17
fenetre;1637183558847485;49439;18
fenetre;1637183558847506;49451;19
fenetre;1637183558847739;49676;20
ecn;1637183558847870;49695;0
fenetre;1637183558848114;49933;18
fenetre;1637183558848410;49956;19
fenetre;1637183558848442;49974;20
timeout;1637183559852355;50003;0
fenetre;1637183559852622;50269;10
fenetre;1637183559852837;50302;11
fenetre;1637183559852941;50339;12
fenetre;1637183559853099;50390;13
fenetre;1637183559853123;50414;14
fenetre;1637183559853305;50460;15
fenetre;1637183559853330;50485;16
fenetre;1637183559853385;50522;17
fenetre;1637183559853408;50545;18
fenetre;1637183559853533;50603;19
fenetre;1637183559853771;50842;20
timeout;1637183560857241;50876;0
fenetre;1637183560857507;51140;10
fenetre;1637183560857832;51178;11
fenetre;1637183560857906;51243;12
fenetre;1637183560857933;51270;13
fenetre;1637183560858105;51340;14
fenetre;1637183560858131;51365;15
fenetre;1637183560858195;51395;16
fenetre;1637183560858262;51427;17
fenetre;1637183560858356;51478;18
fenetre;1637183560858370;51492;19
fenetre;1637183560858620;51723;20
ecn;1637183560858661;51748;0
fenetre;1637183560858870;51957;18
fenetre;1637183560859229;51986;19
timeout;1637183561863961;52015;0
fenetre;1637183561864188;52241;9
fenetre;1637183561864551;52291;10
fenetre;1637183561864622;52344;11
fenetre;1637183561864802;52399;12
fenetre;1637183561864899;52456;13
fenetre;1637183561864924;52481;14
fenetre;1637183561865039;52596;15
fenetre;1637183561865047;52604;16
fenetre;1637183561865103;52632;17
fenetre;1637183561865310;52838;18
fenetre;1637183561865407;52856;19
timeout;1637183562870507;52883;0
fenetre;1637183562870740;53114;9
fenetre;1637183562871220;53166;10
fenetre;1637183562871251;53197;11
fenetre;1637183562871332;53223;12
fenetre;1637183562871452;53257;13
fenetre;1637183562871475;53280;14
fenetre;1637183562871557;53315;15
fenetre;1637183562871568;53326;16
fenetre;1637183562871591;53339;17
fenetre;1637183562871845;53562;18
fenetre;1637183562871970;53584;19
timeout;1637183563877072;53612;0
fenetre;1637183563877307;53846;9
fenetre;1637183563877868;53896;10
fenetre;1637183563877895;53922;11
fenetre;1637183563877908;53935;12
fenetre;1637183563877979;53959;13
fenetre;1637183563878038;54003;14
fenetre;1637183563878134;54044;15
fenetre;1637183563878149;54059;16
fenetre;1637183563878213;54094;17
fenetre;1637183563878474;54343;18
fenetre;1637183563878536;54367;19
ecn;1637183563878583;54396;0
fenetre;1637183563878801;54614;17
fenetre;1637183563878812;54625;18
fenetre;1637183563878819;54632;19
fenetre;1637183563878825;54638;20
fenetre;1637183563878831;54644;21
fenetre;1637183563878837;54651;22
fenetre;1637183563879257;54676;23
fenetre;1637183563879335;54696;24
fenetre;1637183563879381;54715;25
fenetre;1637183563879395;54728;26
ecn;1637183563879443;54742;0
fenetre;1637183563879705;55004;23
fenetre;1637183563879714;55013;24
fenetre;1637183563879721;55019;25
fenetre;1637183563879879;55039;26
fenetre;1637183563879931;55059;27
fenetre;1637183563879980;55076;28
fenetre;1637183563880001;55089;29
fenetre;1637183563880047;55103;30
fenetre;1637183563880092;55119;31
fenetre;1637183563880172;55135;32
timeout;1637183564883332;55173;0
fenetre;1637183564883500;55341;16
fenetre;1637183564883730;55362;17
fenetre;1637183564883760;55386;18
fenetre;1637183564883771;55396;19
fenetre;1637183564883823;55410;20
fenetre;1637183564883832;55420;21
fenetre;1637183564883869;55437;22
fenetre;1637183564883892;55455;23
fenetre;1637183564883914;55469;24
fenetre;1637183564883940;55479;25
fenetre;1637183564883972;55491;26
fenetre;1637183564884017;55505;27
ecn;1637183564884042;55521;0
fenetre;1637183564884295;55758;24
fenetre;1637183564884307;55770;25
timeout;1637183565887408;55797;0
fenetre;1637183565887707;56096;12
fenetre;1637183565888003;56141;13
fenetre;1637183565888088;56191;14
fenetre;1637183565888176;56240;15
fenetre;1637183565888246;56282;16
fenetre;1637183565888264;56299;17
fenetre;1637183565888367;56330;18
fenetre;1637183565888440;56375;19
fenetre;1637183565888549;56411;20
fenetre;1637183565888671;56441;21
fenetre;1637183565888686;56455;22
ecn;1637183565888728;56478;0
fenetre;1637183565888934;56685;19
ecn;1637183565888944;56695;0
fenetre;1637183565889142;56892;17
fenetre;1637183565889151;56901;18
fenetre;1637183565889157;56907;19
fenetre;1637183565889181;56924;20
fenetre;1637183565889222;56942;21
fenetre;1637183565889289;56966;22
ecn;1637183565889760;56991;0
fenetre;1637183565889971;57202;19
fenetre;1637183565889981;57212;20
fenetre;1637183565889988;57219;21
fenetre;1637183565890085;57234;22
fenetre;1637183565890142;57254;23
fenetre;1637183565890189;57276;24
timeout;1637183566893576;57303;0
fenetre;1637183566893866;57592;12
fenetre;1637183566894136;57627;13
fenetre;1637183566894273;57685;14
fenetre;1637183566894297;57709;15
fenetre;1637183566894362;57740;16
fenetre;1637183566894462;57795;17
fenetre;1637183566894571;57848;18
fenetre;1637183566894656;57875;19
fenetre;1637183566894707;57902;20
fenetre;1637183566894746;57922;21
fenetre;1637183566894797;57939;22
ecn;1637183566894821;57954;0
fenetre;1637183566895020;58153;19
ecn;1637183566895029;58162;0
fenetre;1637183566895217;58349;17
fenetre;1637183566895225;58358;18
fenetre;1637183566895231;58364;19
fenetre;1637183566895259;58386;20
fenetre;1637183566895287;58405;21
fenetre;1637183566895339;58428;22
fenetre;1637183566895733;58456;23
fenetre;1637183566895774;58477;24
timeout;1637183567899927;58499;0
fenetre;1637183567900207;58778;12
fenetre;1637183567900684;58817;13
fenetre;1637183567900707;58839;14
fenetre;1637183567900825;58958;15
fenetre;1637183567900869;58989;16
fenetre;1637183567900962;59018;17
fenetre;1637183567901013;59041;18
fenetre;1637183567901133;59073;19
fenetre;1637183567901147;59087;20
fenetre;1637183567901202;59102;21
fenetre;1637183567901212;59111;22
timeout;1637183568905032;59136;0
fenetre;1637183568905298;59400;11
fenetre;1637183568905577;59437;12
fenetre;1637183568905689;59490;13
fenetre;1637183568905752;59530;14
fenetre;1637183568905850;59576;15
fenetre;1637183568906086;59657;16
fenetre;1637183568906139;59687;17
fenetre;1637183568906197;59710;18
fenetre;1637183568906249;59732;19
fenetre;1637183568906282;59750;20
fenetre;1637183568906306;59766;21
ecn;1637183568906342;59797;0
fenetre;1637183568906542;59996;18
fenetre;1637183568906701;60021;19
timeout;1637183569907891;60055;0
fenetre;1637183569908145;60307;9
fenetre;1637183569908779;60356;10
fenetre;1637183569908872;60416;11
fenetre;1637183569908975;60459;12
fenetre;1637183569909152;60501;13
fenetre;1637183569909208;60536;14
fenetre;1637183569909281;60564;15
fenetre;1637183569909369;60594;16
fenetre;1637183569909409;60629;17
fenetre;1637183569909630;60850;18
fenetre;1637183569909818;60879;19
fenetre;1637183569909832;60893;20
ecn;1637183569909878;60910;0
fenetre;1637183569910082;61115;18
fenetre;1637183569910092;61125;19
fenetre;1637183569910099;61131;20
fenetre;1637183569910105;61137;21
fenetre;1637183569910490;61165;22
fenetre;1637183569910677;61193;23
ecn;1637183569910736;61226;0
fenetre;1637183569910977;61467;20
fenetre;1637183569910989;61478;21
fenetre;1637183569910996;61485;22
fenetre;1637183569911002;61491;23
fenetre;1637183569911008;61498;24
fenetre;1637183569911014;61504;25
fenetre;1637183569911182;61522;26
timeout;1637183570914209;61561;0
fenetre;1637183570914543;61894;13
fenetre;1637183570914789;61926;14
fenetre;1637183570914963;61970;15
fenetre;1637183570914987;61994;16
fenetre;1637183570915104;62036;17
fenetre;1637183570915128;62059;18
fenetre;1637183570915292;62088;19
fenetre;1637183570915475;62118;20
fenetre;1637183570915488;62131;21
fenetre;1637183570915532;62152;22
fenetre;1637183570915545;62165;23
ecn;1637183570915569;62177;0
fenetre;1637183570915794;62402;20
ecn;1637183570915802;62411;0
fenetre;1637183570915999;62608;18
fenetre;1637183570916007;62615;19
fenetre;1637183570916014;62623;20
fenetre;1637183570916020;62629;21
fenetre;1637183570916026;62635;22
fenetre;1637183570916033;62641;23
fenetre;1637183570916065;62659;24
fenetre;1637183570916101;62677;25
fenetre;1637183570916132;62690;26
fenetre;1637183570916610;62718;27
fenetre;1637183570916661;62748;28
fenetre;1637183570916714;62777;29
fenetre;1637183570916728;62791;30
fenetre;1637183570916762;62804;31
fenetre;1637183570916799;62820;32
timeout;1637183571917766;62844;0
fenetre;1637183571918214;63273;16
fenetre;1637183571918318;63328;17
fenetre;1637183571918403;63378;18
fenetre;1637183571918481;63425;19
fenetre;1637183571918641;63492;20
fenetre;1637183571918706;63550;21
fenetre;1637183571918793;63575;22
fenetre;1637183571918845;63598;23
fenetre;1637183571918938;63623;24
fenetre;1637183571918952;63637;25
fenetre;1637183571919018;63665;26
timeout;1637183572919335;63706;0
fenetre;1637183572919514;63881;13
fenetre;1637183572919594;63920;14
fenetre;1637183572919611;63932;15
fenetre;1637183572919683;63984;16
fenetre;1637183572919716;64012;17
fenetre;1637183572919817;64032;18
fenetre;1637183572919824;64039;19
fenetre;1637183572919883;64069;20
fenetre;1637183572919959;64107;21
fenetre;1637183572919969;64117;22
fenetre;1637183572919986;64128;23
ecn;1637183572920014;64151;0
fenetre;1637183572920184;64322;20
fenetre;1637183572920189;64327;21
fenetre;1637183572920192;64330;22
fenetre;1637183572920257;64338;23
fenetre;1637183572920350;64367;24
timeout;1637183573923682;64425;0
fenetre;1637183573924238;64961;12
fenetre;1637183573924544;65032;13
fenetre;1637183573924710;65082;14
fenetre;1637183573924822;65120;15
fenetre;1637183573924905;65163;16
fenetre;1637183573925027;65197;17
fenetre;1637183573925074;65227;18
fenetre;1637183573925120;65253;19
fenetre;1637183573925217;65291;20
fenetre;1637183573925288;65331;21
fenetre;1637183573925382;65424;22
ecn;1637183573925391;65433;0
fenetre;1637183573925615;65657;19
fenetre;1637183573925625;65667;20
timeout;1637183574928487;65688;0
fenetre;1637183574928733;65933;10
fenetre;1637183574929129;65969;11
fenetre;1637183574929207;66020;12
fenetre;1637183574929359;66073;13
fenetre;1637183574929390;66102;14
fenetre;1637183574929403;66116;15
fenetre;1637183574929556;66176;16
fenetre;1637183574929572;66192;17
fenetre;1637183574929607;66212;18
fenetre;1637183574929651;66237;19
fenetre;1637183574929978;66537;20
ecn;1637183574930029;66565;0
fenetre;1637183574930263;66799;18
fenetre;1637183574930276;66811;19
fenetre;1637183574930283;66819;20
fenetre;1637183574930289;66825;21
fenetre;1637183574930296;66832;22
fenetre;1637183574930302;66838;23
fenetre;1637183574930776;66861;24
fenetre;1637183574930813;66891;25
timeout;1637183575935074;66924;0
fenetre;1637183575935366;67215;12
fenetre;1637183575935660;67266;13
fenetre;1637183575935746;67317;14
fenetre;1637183575935924;67361;15
fenetre;1637183575936079;67414;16
fenetre;1637183575936201;67457;17
fenetre;1637183575936263;67483;18
fenetre;1637183575936300;67502;19
fenetre;1637183575936339;67518;20
fenetre;1637183575936360;67531;21
fenetre;1637183575936397;67547;22
timeout;1637183576941481;67567;0
fenetre;1637183576941756;67842;11
fenetre;1637183576942086;67901;12
fenetre;1637183576942111;67926;13
fenetre;1637183576942188;67958;14
fenetre;1637183576942269;68010;15
fenetre;1637183576942354;68060;16
fenetre;1637183576942435;68097;17
fenetre;1637183576942528;68137;18
fenetre;1637183576942692;68186;19
fenetre;1637183576942707;68200;20
fenetre;1637183576942822;68222;21
ecn;1637183576942861;68262;0
fenetre;1637183576943103;68503;18
ecn;1637183576943251;68520;0
fenetre;1637183576943447;68715;16
fenetre;1637183576943715;68736;17
ecn;1637183576943742;68754;0
fenetre;1637183576943923;68935;15
fenetre;1637183576943932;68944;16
fenetre;1637183576943938;68950;17
fenetre;1637183576944326;68966;18
fenetre;1637183576944373;68992;19
fenetre;1637183576944444;69026;20
timeout;1637183577946013;69066;0
fenetre;1637183577946170;69220;10
fenetre;1637183577946282;69241;11
fenetre;1637183577946315;69259;12
fenetre;1637183577946354;69280;13
fenetre;1637183577946386;69290;14
fenetre;1637183577946437;69310;15
fenetre;1637183577946463;69328;16
fenetre;1637183577946524;69350;17
fenetre;1637183577946532;69358;18
fenetre;1637183577946556;69367;19
fenetre;1637183577946761;69551;20
ecn;1637183577946787;69566;0
fenetre;1637183577946964;69743;18
fenetre;1637183577946972;69751;19
fenetre;1637183577946977;69757;20
fenetre;1637183577946984;69763;21
fenetre;1637183577946989;69768;22
fenetre;1637183577946994;69773;23
fenetre;1637183577947009;69785;24
fenetre;1637183577947042;69795;25
fenetre;1637183577947076;69806;26
fenetre;1637183577947458;69818;27
fenetre;1637183577947482;69830;28
fenetre;1637183577947515;69841;29
timeout;1637183578951844;69867;0
fenetre;1637183578952159;70181;14
fenetre;1637183578952486;70219;15
fenetre;1637183578952615;70270;16
fenetre;1637183578952685;70308;17
fenetre;1637183578952796;70357;18
fenetre;1637183578952877;70391;19
fenetre;1637183578952960;70427;20
fenetre;1637183578952978;70445;21
fenetre;1637183578953035;70463;22
fenetre;1637183578953146;70495;23
fenetre;1637183578953184;70519;24
ecn;1637183578953238;70542;0
fenetre;1637183578953475;70778;21
fenetre;1637183578953486;70788;22
fenetre;1637183578953493;70796;23
fenetre;1637183578953499;70802;24
fenetre;1637183578953565;70819;25
fenetre;1637183578953631;70848;26
fenetre;1637183578953667;70867;27
timeout;1637183579955387;70892;0
fenetre;1637183579955717;71221;13
fenetre;1637183579956031;71262;14
fenetre;1637183579956092;71295;15
fenetre;1637183579956206;71327;16
fenetre;1637183579956343;71379;17
fenetre;1637183579956378;71413;18
fenetre;1637183579956491;71440;19
fenetre;1637183579956572;71485;20
fenetre;1637183579956588;71501;21
fenetre;1637183579956621;71518;22
fenetre;1637183579956667;71538;23
timeout;1637183580961741;71569;0
fin;1637183580962493;71809;0
