type;temps;clock;fen
debut;1637183708506699;1649;0
fenetre;1637183708507475;1760;1
fenetre;1637183708507660;1795;2
fenetre;1637183708507748;1807;3
fenetre;1637183708507806;1850;4
fenetre;1637183708507902;1863;5
fenetre;1637183708507929;1875;6
fenetre;1637183708507945;1884;7
fenetre;1637183708508018;1945;8
fenetre;1637183708508078;1956;9
ecn;1637183708508107;1968;0
fenetre;1637183708508169;2029;8
fenetre;1637183708508238;2042;9
fenetre;1637183708508276;2053;10
timeout;1637183709513009;2067;0
fenetre;1637183709513083;2141;5
fenetre;1637183709513372;2156;6
fenetre;1637183709513380;2165;7
fenetre;1637183709513384;2168;8
fenetre;1637183709513403;2179;9
fenetre;1637183709513479;2255;10
fenetre;1637183709513624;2268;11
fenetre;1637183709513662;2279;12
fenetre;1637183709513699;2291;13
fenetre;1637183709513725;2306;14
fenetre;1637183709513745;2319;15
timeout;1637183710518803;2346;0
fenetre;1637183710518994;2535;7
fenetre;1637183710519534;2586;8
fenetre;1637183710519708;2636;9
fenetre;1637183710519737;2665;10
fenetre;1637183710519800;2719;11
fenetre;1637183710519826;2743;12
fenetre;1637183710519866;2773;13
fenetre;1637183710520157;3046;14
fenetre;1637183710520473;3088;15
fenetre;1637183710520600;3141;16
fenetre;1637183710520696;3177;17
ecn;1637183710520716;3197;0
fenetre;1637183710520992;3473;15
fenetre;1637183710521126;3494;16
fenetre;1637183710521183;3512;17
fenetre;1637183710521234;3543;18
timeout;1637183711524702;3567;0
fenetre;1637183711524793;3658;9
fenetre;1637183711524998;3671;10
fenetre;1637183711525006;3679;11
fenetre;1637183711525030;3694;12
fenetre;1637183711525038;3702;13
fenetre;1637183711525050;3712;14
fenetre;1637183711525068;3719;15
fenetre;1637183711525096;3738;16
fenetre;1637183711525135;3756;17
fenetre;1637183711525276;3896;18
fenetre;1637183711525317;3912;19
timeout;1637183712530331;3940;0
fenetre;1637183712530553;4162;9
fenetre;1637183712531063;4208;10
fenetre;1637183712531087;4232;11
fenetre;1637183712531155;4272;12
fenetre;1637183712531301;4339;13
fenetre;1637183712531331;4368;14
fenetre;1637183712531365;4402;15
fenetre;1637183712531384;4421;16
fenetre;1637183712531471;4440;17
fenetre;1637183712531667;4636;18
fenetre;1637183712531859;4660;19
ecn;1637183712531873;4675;0
fenetre;1637183712532091;4893;17
fenetre;1637183712532100;4902;18
fenetre;1637183712532107;4908;19
fenetre;1637183712532113;4914;20
fenetre;1637183712532120;4920;21
fenetre;1637183712532126;4926;22
fenetre;1637183712532605;4944;23
fenetre;1637183712532617;4957;24
timeout;1637183713534770;4971;0
fenetre;1637183713534903;5103;12
fenetre;1637183713535134;5121;13
fenetre;1637183713535168;5144;14
fenetre;1637183713535201;5165;15
fenetre;1637183713535260;5195;16
fenetre;1637183713535291;5217;17
fenetre;1637183713535375;5245;18
fenetre;1637183713535420;5258;19
fenetre;1637183713535451;5269;20
fenetre;1637183713535478;5284;21
fenetre;1637183713535504;5299;22
ecn;1637183713535510;5305;0
fenetre;1637183713535694;5482;19
fenetre;1637183713535702;5491;20
fenetre;1637183713535707;5495;21
fenetre;1637183713535713;5501;22
fenetre;1637183713535744;5515;23
fenetre;1637183713535770;5528;24
timeout;1637183714537152;5550;0
fenetre;1637183714537432;5828;12
fenetre;1637183714537839;5866;13
fenetre;1637183714537862;5890;14
fenetre;1637183714537949;5920;15
fenetre;1637183714537999;5950;16
fenetre;1637183714538067;5975;17
fenetre;1637183714538193;6023;18
fenetre;1637183714538253;6061;19
fenetre;1637183714538305;6088;20
fenetre;1637183714538352;6122;21
fenetre;1637183714538366;6136;22
ecn;1637183714538393;6153;0
fenetre;1637183714538719;6461;19
ecn;1637183714538735;6477;0
fenetre;1637183714538922;6664;17
timeout;1637183715544004;6688;0
fenetre;1637183715544194;6878;8
fenetre;1637183715544631;6921;9
fenetre;1637183715544654;6944;10
fenetre;1637183715544707;6977;11
fenetre;1637183715544790;7025;12
fenetre;1637183715544812;7046;13
fenetre;1637183715544869;7073;14
fenetre;1637183715544933;7098;15
fenetre;1637183715545227;7392;16
fenetre;1637183715545438;7430;17
fenetre;1637183715545484;7468;18
ecn;1637183715545525;7495;0
fenetre;1637183715545799;7769;16
fenetre;1637183715546137;7791;17
fenetre;1637183715546241;7896;18
fenetre;1637183715546249;7903;19
fenetre;1637183715546256;7910;20
fenetre;1637183715546282;7922;21
timeout;1637183716547886;7959;0
fenetre;1637183716548710;8504;10
fenetre;1637183716549027;8545;11
fenetre;1637183716549903;8593;12
fenetre;1637183716550912;8647;13
fenetre;1637183716551247;8719;14
fenetre;1637183716551665;8753;15
fenetre;1637183716552187;8803;16
fenetre;1637183716552277;8840;17
fenetre;1637183716552368;8864;18
fenetre;1637183716552379;8875;19
fenetre;1637183716552610;9060;20
ecn;1637183716552656;9078;0
fenetre;1637183716552825;9247;18
fenetre;1637183716552834;9255;19
fenetre;1637183716552840;9261;20
fenetre;1637183716552844;9266;21
fenetre;1637183716552849;9270;22
fenetre;1637183716553246;9286;23
fenetre;1637183716553341;9305;24
fenetre;1637183716553383;9328;25
fenetre;1637183716553412;9345;26
fenetre;1637183716553443;9366;27
fenetre;1637183716553476;9393;28
timeout;1637183717557418;9420;0
fenetre;1637183717557637;9638;14
fenetre;1637183717557793;9662;15
fenetre;1637183717557818;9681;16
fenetre;1637183717557861;9702;17
fenetre;1637183717557902;9719;18
fenetre;1637183717557965;9745;19
fenetre;1637183717558096;9772;20
fenetre;1637183717558191;9800;21
fenetre;1637183717558237;9826;22
fenetre;1637183717558285;9843;23
fenetre;1637183717558332;9857;24
timeout;1637183718561490;9870;0
fenetre;1637183718561592;9972;12
fenetre;1637183718561766;9984;13
fenetre;1637183718561787;10002;14
fenetre;1637183718561806;10015;15
fenetre;1637183718561838;10031;16
fenetre;1637183718561869;10052;17
fenetre;1637183718561877;10060;18
fenetre;1637183718561930;10072;19
fenetre;1637183718561958;10092;20
fenetre;1637183718561976;10106;21
fenetre;1637183718561980;10110;22
ecn;1637183718561994;10116;0
fenetre;1637183718562138;10255;19
fenetre;1637183718562148;10265;20
timeout;1637183719565191;10302;0
fenetre;1637183719565449;10558;10
fenetre;1637183719565856;10617;11
fenetre;1637183719565882;10642;12
fenetre;1637183719566014;10699;13
fenetre;1637183719566039;10723;14
fenetre;1637183719566137;10756;15
fenetre;1637183719566219;10806;16
fenetre;1637183719566244;10830;17
fenetre;1637183719566340;10865;18
fenetre;1637183719566379;10904;19
fenetre;1637183719566634;11118;20
ecn;1637183719566805;11139;0
fenetre;1637183719567017;11351;18
fenetre;1637183719567028;11361;19
timeout;1637183720571748;11389;0
fenetre;1637183720571989;11629;9
fenetre;1637183720572281;11674;10
fenetre;1637183720572354;11715;11
fenetre;1637183720572513;11773;12
fenetre;1637183720572537;11796;13
fenetre;1637183720572663;11864;14
fenetre;1637183720572699;11898;15
fenetre;1637183720572767;11927;16
fenetre;1637183720572782;11943;17
fenetre;1637183720573025;12158;18
fenetre;1637183720573131;12186;19
ecn;1637183720573161;12206;0
fenetre;1637183720573353;12398;17
timeout;1637183721577314;12413;0
fenetre;1637183721577403;12501;8
fenetre;1637183721577645;12519;9
fenetre;1637183721577654;12527;10
fenetre;1637183721577658;12532;11
fenetre;1637183721577677;12539;12
fenetre;1637183721577690;12546;13
fenetre;1637183721577702;12553;14
fenetre;1637183721577737;12564;15
fenetre;1637183721577850;12676;16
fenetre;1637183721577954;12691;17
fenetre;1637183721578029;12710;18
ecn;1637183721578038;12719;0
fenetre;1637183721578156;12836;16
fenetre;1637183721578161;12842;17
fenetre;1637183721578165;12846;18
fenetre;1637183721578169;12850;19
timeout;1637183722578390;12870;0
fenetre;1637183722578612;13091;9
fenetre;1637183722579130;13137;10
fenetre;1637183722579213;13190;11
fenetre;1637183722579321;13230;12
fenetre;1637183722579349;13258;13
fenetre;1637183722579398;13280;14
fenetre;1637183722579455;13297;15
fenetre;1637183722579563;13322;16
fenetre;1637183722579577;13335;17
fenetre;1637183722579790;13547;18
fenetre;1637183722579957;13575;19
fenetre;1637183722580005;13608;20
timeout;1637183723582856;13627;0
fenetre;1637183723582986;13754;10
fenetre;1637183723583183;13771;11
fenetre;1637183723583228;13789;12
fenetre;1637183723583280;13808;13
fenetre;1637183723583324;13824;14
fenetre;1637183723583400;13842;15
fenetre;1637183723583481;13867;16
fenetre;1637183723583520;13884;17
fenetre;1637183723583578;13942;18
fenetre;1637183723583585;13948;19
fenetre;1637183723583806;14137;20
timeout;1637183724587149;14167;0
fenetre;1637183724587429;14446;10
fenetre;1637183724587713;14499;11
fenetre;1637183724587737;14523;12
fenetre;1637183724587910;14563;13
fenetre;1637183724587996;14615;14
fenetre;1637183724588021;14640;15
fenetre;1637183724588089;14662;16
fenetre;1637183724588208;14698;17
fenetre;1637183724588224;14715;18
fenetre;1637183724588328;14737;19
fenetre;1637183724588599;14985;20
ecn;1637183724588699;15009;0
fenetre;1637183724588901;15210;18
fenetre;1637183724588911;15220;19
fenetre;1637183724588917;15227;20
fenetre;1637183724589223;15245;21
timeout;1637183725592566;15273;0
fenetre;1637183725592808;15514;10
fenetre;1637183725593261;15571;11
fenetre;1637183725593287;15597;12
fenetre;1637183725593372;15626;13
fenetre;1637183725593452;15678;14
fenetre;1637183725593527;15716;15
fenetre;1637183725593617;15780;16
fenetre;1637183725593645;15793;17
fenetre;1637183725593715;15817;18
fenetre;1637183725593736;15838;19
fenetre;1637183725593946;16048;20
ecn;1637183725594142;16068;0
fenetre;1637183725594344;16270;18
fenetre;1637183725594354;16280;19
fenetre;1637183725594361;16286;20
fenetre;1637183725594676;16303;21
timeout;1637183726599418;16336;0
fenetre;1637183726599685;16603;10
fenetre;1637183726600007;16649;11
fenetre;1637183726600081;16714;12
fenetre;1637183726600105;16738;13
fenetre;1637183726600197;16776;14
fenetre;1637183726600341;16845;15
fenetre;1637183726600408;16897;16
fenetre;1637183726600451;16933;17
fenetre;1637183726600527;16993;18
fenetre;1637183726600555;17020;19
fenetre;1637183726600806;17271;20
timeout;1637183727604303;17295;0
fenetre;1637183727604541;17532;10
fenetre;1637183727604961;17568;11
fenetre;1637183727605020;17618;12
fenetre;1637183727605125;17668;13
fenetre;1637183727605150;17693;14
fenetre;1637183727605270;17741;15
fenetre;1637183727605418;17779;16
fenetre;1637183727605446;17802;17
fenetre;1637183727605464;17820;18
fenetre;1637183727605498;17834;19
fenetre;1637183727605737;18073;20
ecn;1637183727605911;18105;0
fenetre;1637183727606148;18342;18
fenetre;1637183727606159;18354;19
fenetre;1637183727606168;18362;20
fenetre;1637183727606174;18368;21
fenetre;1637183727606181;18375;22
fenetre;1637183727606187;18381;23
fenetre;1637183727606194;18387;24
fenetre;1637183727606233;18409;25
fenetre;1637183727606267;18427;26
fenetre;1637183727606297;18442;27
fenetre;1637183727606349;18467;28
fenetre;1637183727606379;18486;29
fenetre;1637183727606421;18502;30
fenetre;1637183727606953;18525;31
fenetre;1637183727606980;18551;32
fenetre;1637183727607020;18579;33
timeout;1637183728609707;18600;0
fenetre;1637183728609863;18755;16
fenetre;1637183728609991;18768;17
fenetre;1637183728610008;18777;18
fenetre;1637183728610044;18792;19
fenetre;1637183728610114;18813;20
fenetre;1637183728610122;18820;21
fenetre;1637183728610128;18827;22
fenetre;1637183728610168;18844;23
fenetre;1637183728610183;18855;24
fenetre;1637183728610209;18872;25
fenetre;1637183728610234;18884;26
timeout;1637183729614626;18912;0
fenetre;1637183729614931;19216;13
fenetre;1637183729615199;19262;14
fenetre;1637183729615260;19301;15
fenetre;1637183729615361;19347;16
fenetre;1637183729615425;19394;17
fenetre;1637183729615512;19448;18
fenetre;1637183729615576;19480;19
fenetre;1637183729615694;19515;20
fenetre;1637183729615772;19559;21
fenetre;1637183729615868;19596;22
fenetre;1637183729615907;19619;23
timeout;1637183730619665;19635;0
fenetre;1637183730619787;19747;11
fenetre;1637183730619916;19764;12
fenetre;1637183730619926;19774;13
fenetre;1637183730619949;19788;14
fenetre;1637183730619967;19801;15
fenetre;1637183730620070;19827;16
fenetre;1637183730620079;19836;17
fenetre;1637183730620083;19841;18
fenetre;1637183730620087;19845;19
fenetre;1637183730620202;19862;20
fenetre;1637183730620215;19874;21
ecn;1637183730620236;19884;0
fenetre;1637183730620354;20002;18
fenetre;1637183730620459;20015;19
timeout;1637183731624967;20037;0
fenetre;1637183731625193;20262;9
fenetre;1637183731625675;20309;10
fenetre;1637183731625756;20365;11
fenetre;1637183731625981;20564;12
fenetre;1637183731625999;20582;13
fenetre;1637183731626050;20621;14
fenetre;1637183731626171;20653;15
fenetre;1637183731626186;20668;16
fenetre;1637183731626310;20691;17
fenetre;1637183731626516;20898;18
fenetre;1637183731626661;20925;19
timeout;1637183732631480;20959;0
fenetre;1637183732631717;21195;9
fenetre;1637183732632082;21235;10
fenetre;1637183732632148;21271;11
fenetre;1637183732632281;21323;12
fenetre;1637183732632306;21347;13
fenetre;1637183732632391;21386;14
fenetre;1637183732632414;21409;15
fenetre;1637183732632474;21435;16
fenetre;1637183732632554;21478;17
fenetre;1637183732632880;21804;18
fenetre;1637183732633089;21836;19
ecn;1637183732633103;21849;0
fenetre;1637183732633305;22052;17
fenetre;1637183732633314;22061;18
fenetre;1637183732633321;22068;19
timeout;1637183733635996;22100;0
fenetre;1637183733636220;22323;9
fenetre;1637183733636681;22374;10
fenetre;1637183733636785;22411;11
fenetre;1637183733636801;22426;12
fenetre;1637183733636941;22474;13
fenetre;1637183733636970;22502;14
fenetre;1637183733636983;22514;15
fenetre;1637183733637124;22543;16
fenetre;1637183733637138;22557;17
fenetre;1637183733637331;22751;18
fenetre;1637183733637502;22770;19
ecn;1637183733637546;22807;0
fenetre;1637183733637754;23014;17
fenetre;1637183733638055;23040;18
fenetre;1637183733638105;23064;19
fenetre;1637183733638115;23074;20
timeout;1637183734642660;23102;0
fenetre;1637183734642920;23361;10
fenetre;1637183734643158;23412;11
fenetre;1637183734643364;23465;12
fenetre;1637183734643495;23521;13
fenetre;1637183734643521;23546;14
fenetre;1637183734643588;23588;15
fenetre;1637183734643704;23654;16
fenetre;1637183734643791;23728;17
fenetre;1637183734643812;23749;18
fenetre;1637183734643865;23796;19
fenetre;1637183734644172;24102;20
timeout;1637183735648956;24132;0
fenetre;1637183735649207;24381;10
fenetre;1637183735649528;24428;11
fenetre;1637183735649588;24467;12
fenetre;1637183735649737;24516;13
fenetre;1637183735649808;24574;14
fenetre;1637183735649900;24618;15
fenetre;1637183735650040;24658;16
fenetre;1637183735650147;24691;17
fenetre;1637183735650189;24721;18
fenetre;1637183735650204;24737;19
fenetre;1637183735650433;24955;20
ecn;1637183735650581;24984;0
fenetre;1637183735650802;25205;18
fenetre;1637183735651076;25225;19
fenetre;1637183735651176;25248;20
timeout;1637183736653380;25286;0
fenetre;1637183736653622;25527;10
fenetre;1637183736653927;25576;11
fenetre;1637183736654090;25628;12
fenetre;1637183736654113;25650;13
fenetre;1637183736654192;25678;14
fenetre;1637183736654255;25701;15
fenetre;1637183736654390;25726;16
fenetre;1637183736654546;25776;17
fenetre;1637183736654562;25792;18
fenetre;1637183736654569;25799;19
fenetre;1637183736654817;26026;20
ecn;1637183736654925;26056;0
fenetre;1637183736655147;26277;18
fenetre;1637183736655158;26288;19
fenetre;1637183736655164;26294;20
fenetre;1637183736655170;26301;21
fenetre;1637183736655176;26307;22
fenetre;1637183736655587;26324;23
fenetre;1637183736655632;26347;24
fenetre;1637183736655684;26365;25
ecn;1637183736655734;26391;0
fenetre;1637183736655997;26654;22
fenetre;1637183736656009;26665;23
timeout;1637183737659810;26687;0
fenetre;1637183737660062;26939;11
fenetre;1637183737660510;26976;12
fenetre;1637183737660579;27035;13
fenetre;1637183737660644;27073;14
fenetre;1637183737660788;27130;15
fenetre;1637183737660812;27153;16
fenetre;1637183737660893;27205;17
fenetre;1637183737660938;27242;18
fenetre;1637183737660958;27261;19
fenetre;1637183737661011;27301;20
fenetre;1637183737661036;27317;21
timeout;1637183738666116;27343;0
fenetre;1637183738666363;27589;10
fenetre;1637183738666925;27639;11
fenetre;1637183738666995;27691;12
fenetre;1637183738667080;27738;13
fenetre;1637183738667209;27796;14
fenetre;1637183738667325;27837;15
fenetre;1637183738667466;27876;16
fenetre;1637183738667481;27891;17
fenetre;1637183738667552;27917;18
fenetre;1637183738667566;27930;19
fenetre;1637183738667826;28150;20
ecn;1637183738667951;28178;0
fenetre;1637183738668171;28397;18
fenetre;1637183738668181;28408;19
fenetre;1637183738668188;28415;20
fenetre;1637183738668195;28421;21
fenetre;1637183738668262;28488;22
fenetre;1637183738668699;28514;23
fenetre;1637183738668715;28529;24
fenetre;1637183738668838;28556;25
fenetre;1637183738668870;28584;26
fenetre;1637183738668913;28602;27
fenetre;1637183738669037;28617;28
fenetre;1637183738669065;28635;29
timeout;1637183739670629;28667;0
fenetre;1637183739670998;29035;14
fenetre;1637183739671408;29085;15
fenetre;1637183739671565;29163;16
fenetre;1637183739671588;29186;17
fenetre;1637183739671674;29224;18
fenetre;1637183739671694;29243;19
fenetre;1637183739671792;29280;20
fenetre;1637183739671811;29297;21
fenetre;1637183739671902;29323;22
fenetre;1637183739671931;29342;23
fenetre;1637183739671988;29360;24
ecn;1637183739672031;29378;0
fenetre;1637183739672253;29601;21
fenetre;1637183739672443;29622;22
fenetre;1637183739672580;29649;23
fenetre;1637183739672610;29677;24
timeout;1637183740676642;29703;0
fenetre;1637183740676926;29986;12
fenetre;1637183740677344;30033;13
fenetre;1637183740677405;30071;14
fenetre;1637183740677448;30094;15
fenetre;1637183740677544;30145;16
fenetre;1637183740677627;30195;17
fenetre;1637183740677766;30237;18
fenetre;1637183740677781;30251;19
fenetre;1637183740677822;30273;20
fenetre;1637183740677836;30287;21
fenetre;1637183740677869;30301;22
ecn;1637183740677879;30311;0
fenetre;1637183740678093;30525;19
fenetre;1637183740678101;30533;20
ecn;1637183740678108;30541;0
fenetre;1637183740678290;30723;18
fenetre;1637183740678298;30730;19
timeout;1637183741680992;30757;0
fenetre;1637183741681218;30982;9
timeout;1637183742686218;31021;0
fenetre;1637183742686395;31198;4
fenetre;1637183742686833;31248;5
fenetre;1637183742687000;31297;6
fenetre;1637183742687023;31321;7
fenetre;1637183742687244;31536;8
fenetre;1637183742687531;31577;9
fenetre;1637183742687669;31628;10
fenetre;1637183742687691;31650;11
fenetre;1637183742687806;31711;12
fenetre;1637183742687820;31725;13
fenetre;1637183742687889;31742;14
ecn;1637183742687901;31754;0
fenetre;1637183742688017;31869;12
timeout;1637183743693074;31898;0
fenetre;1637183743693282;32105;6
fenetre;1637183743693700;32143;7
fenetre;1637183743693752;32176;8
fenetre;1637183743693792;32197;9
fenetre;1637183743693840;32219;10
fenetre;1637183743693881;32240;11
fenetre;1637183743694163;32486;12
fenetre;1637183743694354;32515;13
fenetre;1637183743694398;32543;14
fenetre;1637183743694531;32575;15
fenetre;1637183743694587;32609;16
ecn;1637183743694602;32623;0
fenetre;1637183743694796;32817;14
fenetre;1637183743694805;32825;15
fenetre;1637183743694811;32832;16
fenetre;1637183743694818;32838;17
fenetre;1637183743694988;32856;18
fenetre;1637183743695038;32884;19
timeout;1637183744699357;32917;0
fenetre;1637183744699595;33155;9
fenetre;1637183744699951;33190;10
fenetre;1637183744700074;33241;11
fenetre;1637183744700097;33265;12
fenetre;1637183744700223;33313;13
fenetre;1637183744700277;33355;14
fenetre;1637183744700298;33376;15
fenetre;1637183744700455;33428;16
fenetre;1637183744700479;33451;17
fenetre;1637183744700745;33701;18
fenetre;1637183744700846;33724;19
ecn;1637183744700912;33755;0
fenetre;1637183744701124;33968;17
fenetre;1637183744701134;33978;18
fenetre;1637183744701346;33994;19
timeout;1637183745706145;34031;0
fenetre;1637183745706406;34291;9
fenetre;1637183745706778;34338;10
fenetre;1637183745706913;34394;11
fenetre;1637183745706936;34417;12
fenetre;1637183745706992;34450;13
fenetre;1637183745707092;34494;14
fenetre;1637183745707160;34525;15
fenetre;1637183745707213;34559;16
fenetre;1637183745707228;34574;17
fenetre;1637183745707443;34777;18
fenetre;1637183745707581;34805;19
ecn;1637183745707614;34828;0
fenetre;1637183745707812;35025;17
fenetre;1637183745707822;35035;18
timeout;1637183746708716;35061;0
fenetre;1637183746708955;35300;9
fenetre;1637183746709355;35350;10
fenetre;1637183746709419;35407;11
fenetre;1637183746709515;35445;12
fenetre;1637183746709599;35498;13
fenetre;1637183746709640;35532;14
fenetre;1637183746709690;35572;15
fenetre;1637183746709814;35651;16
fenetre;1637183746709845;35682;17
fenetre;1637183746710146;35971;18
fenetre;1637183746710175;35993;19
ecn;1637183746710218;36020;0
fenetre;1637183746710470;36272;17
fenetre;1637183746710481;36283;18
fenetre;1637183746710488;36290;19
fenetre;1637183746710495;36296;20
timeout;1637183747713689;36322;0
fenetre;1637183747714031;36652;10
fenetre;1637183747714404;36709;11
fenetre;1637183747714515;36755;12
fenetre;1637183747714661;36804;13
fenetre;1637183747714685;36829;14
fenetre;1637183747714798;36859;15
fenetre;1637183747714841;36898;16
fenetre;1637183747714902;36931;17
fenetre;1637183747714915;36945;18
fenetre;1637183747714953;36959;19
fenetre;1637183747715168;37174;20
timeout;1637183748715603;37195;0
fenetre;1637183748715844;37437;10
fenetre;1637183748716164;37470;11
fenetre;1637183748716214;37505;12
fenetre;1637183748716250;37529;13
fenetre;1637183748716315;37559;14
fenetre;1637183748716367;37585;15
fenetre;1637183748716407;37606;16
fenetre;1637183748716432;37619;17
fenetre;1637183748716537;37649;18
fenetre;1637183748716552;37664;19
fenetre;1637183748716941;38026;20
fenetre;1637183748716958;38043;21
ecn;1637183748716966;38051;0
fenetre;1637183748717157;38242;18
timeout;1637183749722288;38268;0
fenetre;1637183749722545;38524;9
fenetre;1637183749722984;38561;10
fenetre;1637183749723060;38613;11
fenetre;1637183749723169;38665;12
fenetre;1637183749723266;38733;13
fenetre;1637183749723289;38755;14
fenetre;1637183749723342;38786;15
fenetre;1637183749723453;38832;16
fenetre;1637183749723484;38863;17
fenetre;1637183749723756;39115;18
fenetre;1637183749723905;39133;19
ecn;1637183749723941;39165;0
fenetre;1637183749724142;39366;17
fenetre;1637183749724444;39395;18
fenetre;1637183749724477;39418;19
fenetre;1637183749724636;39449;20
timeout;1637183750726131;39482;0
fenetre;1637183750726371;39723;10
fenetre;1637183750726655;39766;11
fenetre;1637183750726774;39822;12
fenetre;1637183750726838;39872;13
fenetre;1637183750726910;39920;14
fenetre;1637183750727039;39970;15
fenetre;1637183750727063;39994;16
fenetre;1637183750727220;40019;17
fenetre;1637183750727231;40030;18
fenetre;1637183750727239;40038;19
fenetre;1637183750727470;40266;20
ecn;1637183750727591;40298;0
fenetre;1637183750727819;40526;18
fenetre;1637183750727830;40537;19
fenetre;1637183750727837;40544;20
fenetre;1637183750727843;40551;21
fenetre;1637183750727850;40557;22
fenetre;1637183750727856;40563;23
fenetre;1637183750728264;40582;24
fenetre;1637183750728316;40613;25
fenetre;1637183750728330;40627;26
fenetre;1637183750728380;40641;27
fenetre;1637183750728409;40659;28
timeout;1637183751732024;40691;0
fenetre;1637183751732340;41007;14
fenetre;1637183751732578;41055;15
fenetre;1637183751732683;41105;16
fenetre;1637183751732785;41154;17
fenetre;1637183751732808;41176;18
fenetre;1637183751732882;41202;19
fenetre;1637183751732967;41246;20
fenetre;1637183751733141;41302;21
fenetre;1637183751733160;41321;22
fenetre;1637183751733168;41328;23
fenetre;1637183751733247;41362;24
ecn;1637183751733270;41385;0
fenetre;1637183751733501;41616;21
fenetre;1637183751733680;41635;22
fenetre;1637183751733712;41654;23
fenetre;1637183751733749;41667;24
fenetre;1637183751733797;41681;25
timeout;1637183752737999;41707;0
fenetre;1637183752738297;42005;12
fenetre;1637183752738537;42052;13
fenetre;1637183752738601;42103;14
fenetre;1637183752738691;42152;15
fenetre;1637183752738788;42204;16
fenetre;1637183752738872;42261;17
fenetre;1637183752738974;42296;18
fenetre;1637183752739036;42337;19
fenetre;1637183752739067;42364;20
fenetre;1637183752739185;42395;21
fenetre;1637183752739199;42409;22
timeout;1637183753739386;42438;0
fenetre;1637183753739708;42758;11
fenetre;1637183753740120;42808;12
fenetre;1637183753740184;42865;13
fenetre;1637183753740240;42915;14
fenetre;1637183753740324;42964;15
fenetre;1637183753740455;43001;16
fenetre;1637183753740558;43037;17
fenetre;1637183753740572;43051;18
fenetre;1637183753740622;43065;19
fenetre;1637183753740645;43079;20
fenetre;1637183753740710;43103;21
ecn;1637183753740724;43117;0
fenetre;1637183753740909;43301;18
timeout;1637183754744449;43322;0
fenetre;1637183754744673;43547;9
fenetre;1637183754745258;43581;10
fenetre;1637183754745498;43637;11
fenetre;1637183754745522;43661;12
fenetre;1637183754745640;43724;13
fenetre;1637183754745763;43845;14
fenetre;1637183754745771;43853;15
fenetre;1637183754745777;43859;16
fenetre;1637183754745835;43899;17
fenetre;1637183754746136;44194;18
fenetre;1637183754746153;44211;19
fenetre;1637183754746221;44236;20
ecn;1637183754746282;44269;0
fenetre;1637183754746501;44488;18
fenetre;1637183754746734;44505;19
fenetre;1637183754746783;44533;20
timeout;1637183755750782;44571;0
fenetre;1637183755751033;44821;10
fenetre;1637183755751444;44871;11
fenetre;1637183755751506;44910;12
fenetre;1637183755751589;44943;13
fenetre;1637183755751725;45002;14
fenetre;1637183755751750;45027;15
fenetre;1637183755751802;45068;16
fenetre;1637183755751856;45114;17
fenetre;1637183755751920;45139;18
fenetre;1637183755751934;45153;19
fenetre;1637183755752272;45476;20
ecn;1637183755752425;45495;0
fenetre;1637183755752635;45707;18
fenetre;1637183755752645;45717;19
fenetre;1637183755752652;45723;20
fenetre;1637183755752658;45729;21
fenetre;1637183755752665;45736;22
fenetre;1637183755752672;45743;23
fenetre;1637183755752678;45748;24
fenetre;1637183755752709;45762;25
fenetre;1637183755753191;45789;26
fenetre;1637183755753206;45803;27
fenetre;1637183755753313;45841;28
timeout;1637183756755361;45874;0
fenetre;1637183756755709;46221;14
fenetre;1637183756756035;46259;15
fenetre;1637183756756165;46295;16
fenetre;1637183756756272;46332;17
fenetre;1637183756756363;46368;18
fenetre;1637183756756436;46415;19
fenetre;1637183756756553;46462;20
fenetre;1637183756756574;46482;21
fenetre;1637183756756648;46518;22
fenetre;1637183756756663;46533;23
fenetre;1637183756756687;46548;24
ecn;1637183756756709;46563;0
fenetre;1637183756756949;46804;21
ecn;1637183756756957;46811;0
fenetre;1637183756757151;47004;18
fenetre;1637183756757158;47012;19
fenetre;1637183756757165;47019;20
fenetre;1637183756757172;47025;21
fenetre;1637183756757178;47031;22
fenetre;1637183756757185;47038;23
fenetre;1637183756757297;47063;24
ecn;1637183756757643;47087;0
fenetre;1637183756757883;47326;21
fenetre;1637183756757893;47336;22
fenetre;1637183756757900;47344;23
fenetre;1637183756758050;47359;24
fenetre;1637183756758095;47380;25
timeout;1637183757761882;47414;0
fenetre;1637183757762194;47726;12
fenetre;1637183757762616;47775;13
fenetre;1637183757762641;47799;14
fenetre;1637183757762734;47846;15
fenetre;1637183757762809;47908;16
fenetre;1637183757762892;47954;17
fenetre;1637183757762961;47999;18
fenetre;1637183757763107;48026;19
fenetre;1637183757763158;48059;20
fenetre;1637183757763188;48082;21
fenetre;1637183757763223;48112;22
ecn;1637183757763257;48131;0
fenetre;1637183757763451;48326;19
ecn;1637183757763460;48335;0
fenetre;1637183757763643;48519;17
fenetre;1637183757763652;48526;18
fenetre;1637183757763687;48541;19
fenetre;1637183757763741;48573;20
timeout;1637183758763962;48597;0
fenetre;1637183758764694;49125;10
timeout;1637183759766329;49187;0
fenetre;1637183759766488;49345;5
fenetre;1637183759767029;49388;6
fenetre;1637183759767056;49414;7
fenetre;1637183759767067;49426;8
fenetre;1637183759767115;49447;9
fenetre;1637183759767366;49669;10
fenetre;1637183759767868;49719;11
fenetre;1637183759767937;49766;12
fenetre;1637183759768092;49823;13
fenetre;1637183759768114;49845;14
fenetre;1637183759768130;49861;15
fenetre;1637183759768263;49899;16
ecn;1637183759768286;49921;0
fenetre;1637183759768493;50127;14
fenetre;1637183759768501;50136;15
fenetre;1637183759768509;50143;16
fenetre;1637183759768515;50149;17
timeout;1637183760770393;50175;0
fenetre;1637183760770602;50383;8
fenetre;1637183760771069;50424;9
fenetre;1637183760771166;50481;10
fenetre;1637183760771220;50522;11
fenetre;1637183760771280;50553;12
fenetre;1637183760771340;50582;13
fenetre;1637183760771378;50606;14
fenetre;1637183760771478;50635;15
fenetre;1637183760771687;50834;16
fenetre;1637183760771807;50854;17
fenetre;1637183760771844;50869;18
fenetre;1637183760771897;50893;19
ecn;1637183760771929;50916;0
fenetre;1637183760772116;51102;17
ecn;1637183760772126;51112;0
fenetre;1637183760772279;51266;15
fenetre;1637183760772287;51274;16
timeout;1637183761776759;51312;0
fenetre;1637183761776912;51463;8
fenetre;1637183761777146;51564;9
fenetre;1637183761777164;51575;10
fenetre;1637183761777224;51583;11
fenetre;1637183761777252;51590;12
fenetre;1637183761777264;51596;13
fenetre;1637183761777317;51603;14
fenetre;1637183761777361;51636;15
fenetre;1637183761777578;51853;16
fenetre;1637183761777839;51903;17
fenetre;1637183761777917;51944;18
ecn;1637183761777937;51954;0
fenetre;1637183761778177;52194;16
timeout;1637183762781152;52214;0
fenetre;1637183762781361;52422;8
fenetre;1637183762781839;52465;9
fenetre;1637183762781971;52519;10
fenetre;1637183762782046;52570;11
fenetre;1637183762782070;52593;12
fenetre;1637183762782081;52605;13
fenetre;1637183762782122;52626;14
fenetre;1637183762782165;52647;15
fenetre;1637183762782490;52944;16
fenetre;1637183762782642;52969;17
fenetre;1637183762782667;52986;18
timeout;1637183763786987;53009;0
fenetre;1637183763787210;53232;9
fenetre;1637183763787689;53275;10
fenetre;1637183763787777;53325;11
fenetre;1637183763787835;53365;12
fenetre;1637183763787921;53426;13
fenetre;1637183763787976;53465;14
fenetre;1637183763788020;53492;15
fenetre;1637183763788133;53537;16
fenetre;1637183763788169;53572;17
fenetre;1637183763788465;53869;18
fenetre;1637183763788759;53913;19
timeout;1637183764793312;53953;0
fenetre;1637183764793551;54191;9
fenetre;1637183764793908;54225;10
fenetre;1637183764794062;54285;11
fenetre;1637183764794087;54309;12
fenetre;1637183764794152;54332;13
fenetre;1637183764794256;54375;14
fenetre;1637183764794313;54408;15
fenetre;1637183764794428;54439;16
fenetre;1637183764794465;54468;17
fenetre;1637183764794688;54687;18
fenetre;1637183764794814;54713;19
ecn;1637183764794844;54732;0
fenetre;1637183764795039;54928;17
fenetre;1637183764795291;54942;18
fenetre;1637183764795332;54962;19
fenetre;1637183764795388;54982;20
fenetre;1637183764795417;54995;21
timeout;1637183765799922;55022;0
fenetre;1637183765800175;55275;10
fenetre;1637183765800625;55325;11
fenetre;1637183765800748;55364;12
fenetre;1637183765800765;55380;13
fenetre;1637183765800956;55441;14
fenetre;1637183765801006;55491;15
fenetre;1637183765801024;55508;16
fenetre;1637183765801036;55521;17
fenetre;1637183765801126;55577;18
fenetre;1637183765801191;55611;19
fenetre;1637183765801418;55837;20
ecn;1637183765801480;55855;0
fenetre;1637183765801703;56078;18
fenetre;1637183765801714;56088;19
fenetre;1637183765801721;56096;20
fenetre;1637183765801729;56103;21
fenetre;1637183765801735;56110;22
fenetre;1637183765801741;56116;23
fenetre;1637183765801767;56128;24
fenetre;1637183765802337;56155;25
timeout;1637183766806078;56189;0
fenetre;1637183766806362;56472;12
fenetre;1637183766806652;56524;13
fenetre;1637183766806713;56562;14
fenetre;1637183766806790;56594;15
fenetre;1637183766806869;56628;16
fenetre;1637183766806971;56661;17
fenetre;1637183766807034;56690;18
fenetre;1637183766807146;56726;19
fenetre;1637183766807277;56756;20
fenetre;1637183766807314;56785;21
fenetre;1637183766807361;56813;22
timeout;1637183767810481;56840;0
fenetre;1637183767810749;57107;11
fenetre;1637183767811090;57157;12
fenetre;1637183767811163;57211;13
fenetre;1637183767811348;57266;14
fenetre;1637183767811469;57338;15
fenetre;1637183767811507;57369;16
fenetre;1637183767811608;57392;17
fenetre;1637183767811710;57419;18
fenetre;1637183767811724;57432;19
fenetre;1637183767811773;57455;20
fenetre;1637183767811795;57478;21
ecn;1637183767811803;57486;0
fenetre;1637183767811988;57671;18
fenetre;1637183767812198;57688;19
timeout;1637183768817333;57721;0
fenetre;1637183768817577;57964;9
fenetre;1637183768817982;58003;10
fenetre;1637183768818005;58026;11
fenetre;1637183768818067;58047;12
fenetre;1637183768818195;58091;13
fenetre;1637183768818268;58156;14
fenetre;1637183768818294;58181;15
fenetre;1637183768818485;58227;16
fenetre;1637183768818544;58262;17
fenetre;1637183768818751;58469;18
fenetre;1637183768818900;58491;19
ecn;1637183768818949;58526;0
fenetre;1637183768819150;58727;17
fenetre;1637183768819450;58755;18
timeout;1637183769823630;58802;0
fenetre;1637183769823970;59141;9
fenetre;1637183769824286;59182;10
fenetre;1637183769824363;59215;11
fenetre;1637183769824378;59230;12
fenetre;1637183769824462;59314;13
fenetre;1637183769824520;59353;14
fenetre;1637183769824540;59373;15
fenetre;1637183769824548;59380;16
fenetre;1637183769824638;59401;17
fenetre;1637183769824862;59625;18
fenetre;1637183769824968;59650;19
ecn;1637183769824998;59674;0
fenetre;1637183769825185;59861;17
fenetre;1637183769825193;59868;18
fenetre;1637183769825199;59874;19
fenetre;1637183769825436;59888;20
fenetre;1637183769825472;59902;21
fenetre;1637183769825502;59913;22
timeout;1637183770828090;59946;0
fenetre;1637183770828381;60236;11
fenetre;1637183770828698;60275;12
fenetre;1637183770828868;60329;13
fenetre;1637183770828891;60351;14
fenetre;1637183770828959;60377;15
fenetre;1637183770829090;60439;16
fenetre;1637183770829123;60472;17
fenetre;1637183770829315;60513;18
fenetre;1637183770829330;60527;19
fenetre;1637183770829337;60535;20
fenetre;1637183770829420;60552;21
timeout;1637183771833468;60583;0
fenetre;1637183771833809;60903;10
fenetre;1637183771834159;60961;11
fenetre;1637183771834218;61000;12
fenetre;1637183771834262;61022;13
fenetre;1637183771834389;61070;14
fenetre;1637183771834480;61136;15
fenetre;1637183771834566;61177;16
fenetre;1637183771834588;61199;17
fenetre;1637183771834735;61222;18
fenetre;1637183771834753;61240;19
fenetre;1637183771834965;61452;20
ecn;1637183771835111;61468;0
fenetre;1637183771835311;61668;18
fenetre;1637183771835320;61677;19
fenetre;1637183771835326;61684;20
fenetre;1637183771835332;61689;21
fenetre;1637183771835338;61695;22
fenetre;1637183771835344;61701;23
fenetre;1637183771835761;61719;24
ecn;1637183771835804;61738;0
fenetre;1637183771836045;61979;21
fenetre;1637183771836054;61988;22
fenetre;1637183771836061;61994;23
fenetre;1637183771836185;62019;24
timeout;1637183772839401;62051;0
fenetre;1637183772839699;62347;12
fenetre;1637183772840014;62402;13
fenetre;1637183772840104;62458;14
fenetre;1637183772840182;62510;15
fenetre;1637183772840256;62566;16
fenetre;1637183772840481;62666;17
fenetre;1637183772840547;62713;18
fenetre;1637183772840630;62733;19
fenetre;1637183772840661;62753;20
fenetre;1637183772840752;62782;21
fenetre;1637183772840766;62796;22
ecn;1637183772840807;62819;0
fenetre;1637183772841012;63024;19
fenetre;1637183772841022;63034;20
fenetre;1637183772841164;63059;21
fenetre;1637183772841179;63073;22
fenetre;1637183772841284;63097;23
fenetre;1637183772841298;63110;24
timeout;1637183773844107;63145;0
fenetre;1637183773844430;63466;12
fenetre;1637183773844717;63514;13
fenetre;1637183773844776;63555;14
fenetre;1637183773844875;63602;15
fenetre;1637183773844966;63643;16
fenetre;1637183773845085;63686;17
fenetre;1637183773845155;63729;18
fenetre;1637183773845213;63762;19
fenetre;1637183773845280;63790;20
fenetre;1637183773845364;63820;21
fenetre;1637183773845378;63835;22
ecn;1637183773845402;63853;0
fenetre;1637183773845609;64060;19
ecn;1637183773845618;64069;0
fenetre;1637183773845808;64258;17
fenetre;1637183773845816;64267;18
fenetre;1637183773845862;64280;19
fenetre;1637183773845870;64288;20
fenetre;1637183773845907;64301;21
fenetre;1637183773845968;64325;22
fenetre;1637183773846465;64348;23
ecn;1637183773846492;64366;0
fenetre;1637183773846719;64594;20
fenetre;1637183773846728;64603;21
fenetre;1637183773846846;64620;22
timeout;1637183774850739;64653;0
fenetre;1637183774851009;64921;11
fenetre;1637183774851292;64967;12
fenetre;1637183774851408;65018;13
fenetre;1637183774851539;65060;14
fenetre;1637183774851563;65084;15
fenetre;1637183774851673;65133;16
fenetre;1637183774851776;65175;17
fenetre;1637183774851940;65208;18
fenetre;1637183774851954;65221;19
fenetre;1637183774851961;65228;20
fenetre;1637183774851987;65245;21
timeout;1637183775856779;65270;0
fenetre;1637183775857058;65548;10
fenetre;1637183775857367;65594;11
fenetre;1637183775857420;65625;12
fenetre;1637183775857510;65650;13
fenetre;1637183775857603;65676;14
fenetre;1637183775857673;65714;15
fenetre;1637183775857863;65750;16
fenetre;1637183775857928;65785;17
fenetre;1637183775857961;65813;18
fenetre;1637183775857971;65823;19
fenetre;1637183775858225;66062;20
ecn;1637183775858366;66083;0
fenetre;1637183775858652;66368;18
fenetre;1637183775858663;66379;19
fenetre;1637183775858670;66386;20
fenetre;1637183775858677;66393;21
fenetre;1637183775858683;66399;22
fenetre;1637183775858689;66405;23
timeout;1637183776861376;66425;0
fenetre;1637183776861631;66680;11
timeout;1637183777865749;66714;0
fenetre;1637183777865954;66917;5
fenetre;1637183777866332;66956;6
fenetre;1637183777866385;66988;7
fenetre;1637183777866477;67032;8
fenetre;1637183777866501;67056;9
fenetre;1637183777866726;67264;10
fenetre;1637183777867091;67304;11
fenetre;1637183777867148;67335;12
fenetre;1637183777867189;67355;13
fenetre;1637183777867199;67364;14
fenetre;1637183777867221;67375;15
timeout;1637183778870426;67401;0
fenetre;1637183778870647;67620;7
fenetre;1637183778871144;67666;8
fenetre;1637183778871208;67707;9
fenetre;1637183778871223;67722;10
fenetre;1637183778871320;67786;11
fenetre;1637183778871346;67812;12
fenetre;1637183778871359;67825;13
fenetre;1637183778871688;68118;14
fenetre;1637183778872008;68173;15
fenetre;1637183778872030;68194;16
fenetre;1637183778872088;68231;17
ecn;1637183778872209;68279;0
fenetre;1637183778872504;68573;15
fenetre;1637183778872521;68591;16
fenetre;1637183778872532;68601;17
fenetre;1637183778872541;68610;18
fenetre;1637183778872566;68634;19
fenetre;1637183778872819;68655;20
fenetre;1637183778872854;68682;21
fenetre;1637183778872885;68704;22
timeout;1637183779874984;68734;0
fenetre;1637183779875286;69035;11
fenetre;1637183779875629;69087;12
fenetre;1637183779875699;69140;13
fenetre;1637183779875832;69176;14
fenetre;1637183779875850;69194;15
fenetre;1637183779875965;69225;16
fenetre;1637183779876127;69262;17
fenetre;1637183779876189;69294;18
fenetre;1637183779876203;69308;19
fenetre;1637183779876230;69329;20
fenetre;1637183779876238;69337;21
timeout;1637183780877777;69362;0
fenetre;1637183780878041;69625;10
fenetre;1637183780878400;69670;11
fenetre;1637183780878546;69724;12
fenetre;1637183780878574;69751;13
fenetre;1637183780878756;69802;14
fenetre;1637183780879005;69864;15
fenetre;1637183780879044;69902;16
fenetre;1637183780879106;69927;17
fenetre;1637183780879120;69940;18
fenetre;1637183780879149;69954;19
fenetre;1637183780879466;70262;20
timeout;1637183781879853;70292;0
fenetre;1637183781880128;70565;10
fenetre;1637183781880445;70605;11
fenetre;1637183781880524;70656;12
fenetre;1637183781880577;70693;13
fenetre;1637183781880636;70717;14
fenetre;1637183781880854;70780;15
fenetre;1637183781880875;70801;16
fenetre;1637183781881018;70849;17
fenetre;1637183781881038;70868;18
fenetre;1637183781881046;70876;19
fenetre;1637183781881296;71111;20
ecn;1637183781881489;71142;0
fenetre;1637183781881699;71352;18
timeout;1637183782886331;71374;0
fenetre;1637183782886451;71494;9
fenetre;1637183782886620;71508;10
fenetre;1637183782886659;71534;11
fenetre;1637183782886670;71544;12
fenetre;1637183782886696;71557;13
fenetre;1637183782886704;71565;14
fenetre;1637183782886725;71575;15
fenetre;1637183782886738;71584;16
fenetre;1637183782886754;71591;17
fenetre;1637183782886903;71722;18
fenetre;1637183782886988;71735;19
timeout;1637183783891413;71761;0
fenetre;1637183783891663;72011;9
fenetre;1637183783892013;72048;10
fenetre;1637183783892086;72106;11
fenetre;1637183783892185;72156;12
fenetre;1637183783892349;72230;13
fenetre;1637183783892394;72274;14
fenetre;1637183783892414;72295;15
fenetre;1637183783892432;72311;16
fenetre;1637183783892546;72348;17
fenetre;1637183783892849;72650;18
fenetre;1637183783892974;72679;19
ecn;1637183783893019;72699;0
fenetre;1637183783893219;72898;17
fenetre;1637183783893699;72925;18
timeout;1637183784897297;72962;0
fenetre;1637183784897524;73188;9
fenetre;1637183784897940;73241;10
fenetre;1637183784897966;73266;11
fenetre;1637183784898038;73295;12
fenetre;1637183784898192;73354;13
fenetre;1637183784898217;73378;14
fenetre;1637183784898229;73391;15
fenetre;1637183784898303;73439;16
fenetre;1637183784898354;73473;17
fin;1637183784898813;73613;0
