type;temps;clock;fen
debut;1637183406589682;1932;0
fenetre;1637183406591039;2045;1
fenetre;1637183406591267;2088;2
fenetre;1637183406591484;2109;3
fenetre;1637183406591547;2164;4
fenetre;1637183406591696;2179;5
fenetre;1637183406591715;2189;6
fenetre;1637183406591738;2202;7
fenetre;1637183406591857;2286;8
fenetre;1637183406591910;2300;9
ecn;1637183406591947;2310;0
fenetre;1637183406592007;2370;8
timeout;1637183407597064;2396;0
fenetre;1637183407597231;2563;4
fenetre;1637183407597562;2599;5
fenetre;1637183407597647;2650;6
fenetre;1637183407597728;2699;7
fenetre;1637183407597900;2872;8
fenetre;1637183407598380;2937;9
fenetre;1637183407598406;2963;10
fenetre;1637183407598569;3008;11
fenetre;1637183407598591;3030;12
fenetre;1637183407598603;3043;13
fenetre;1637183407598655;3063;14
ecn;1637183407598727;3106;0
fenetre;1637183407598945;3324;12
fenetre;1637183407598961;3340;13
fenetre;1637183407599423;3383;14
fenetre;1637183407599445;3405;15
timeout;1637183408600394;3422;0
fenetre;1637183408600480;3508;7
fenetre;1637183408600695;3532;8
fenetre;1637183408600815;3559;9
fenetre;1637183408600827;3571;10
fenetre;1637183408600837;3581;11
fenetre;1637183408600870;3605;12
fenetre;1637183408600887;3620;13
fenetre;1637183408601151;3854;14
fenetre;1637183408601198;3879;15
fenetre;1637183408601215;3890;16
fenetre;1637183408601241;3908;17
ecn;1637183408601417;3924;0
fenetre;1637183408601551;4050;15
fenetre;1637183408601600;4065;16
timeout;1637183409604428;4086;0
fenetre;1637183409604569;4227;8
fenetre;1637183409604911;4254;9
fenetre;1637183409604926;4269;10
fenetre;1637183409604970;4295;11
fenetre;1637183409605004;4314;12
fenetre;1637183409605013;4323;13
fenetre;1637183409605054;4351;14
fenetre;1637183409605069;4365;15
fenetre;1637183409605306;4575;16
fenetre;1637183409605451;4604;17
fenetre;1637183409605489;4633;18
ecn;1637183409605517;4654;0
fenetre;1637183409605708;4846;16
fenetre;1637183409605717;4855;17
timeout;1637183410607895;4866;0
fenetre;1637183410608010;4966;8
fenetre;1637183410608099;4979;9
fenetre;1637183410608133;4993;10
fenetre;1637183410608161;5009;11
fenetre;1637183410608197;5024;12
fenetre;1637183410608217;5035;13
fenetre;1637183410608232;5043;14
fenetre;1637183410608243;5050;15
fenetre;1637183410608374;5174;16
fenetre;1637183410608421;5186;17
fenetre;1637183410608449;5196;18
timeout;1637183411613506;5224;0
fenetre;1637183411613742;5458;9
fenetre;1637183411614147;5496;10
fenetre;1637183411614245;5546;11
fenetre;1637183411614296;5577;12
fenetre;1637183411614426;5625;13
fenetre;1637183411614604;5670;14
fenetre;1637183411614682;5717;15
fenetre;1637183411614748;5764;16
fenetre;1637183411614758;5774;17
fenetre;1637183411614970;5973;18
fenetre;1637183411615119;5998;19
ecn;1637183411615173;6031;0
fenetre;1637183411615384;6241;17
timeout;1637183412619591;6288;0
fenetre;1637183412619690;6385;8
fenetre;1637183412619960;6401;9
fenetre;1637183412619984;6414;10
fenetre;1637183412619990;6420;11
fenetre;1637183412620031;6434;12
fenetre;1637183412620045;6448;13
fenetre;1637183412620049;6452;14
fenetre;1637183412620082;6474;15
fenetre;1637183412620213;6604;16
fenetre;1637183412620348;6624;17
fenetre;1637183412620357;6632;18
ecn;1637183412620455;6649;0
fenetre;1637183412620565;6758;16
fenetre;1637183412620572;6765;17
fenetre;1637183412620618;6779;18
fenetre;1637183412620634;6789;19
fenetre;1637183412620686;6803;20
fenetre;1637183412620694;6811;21
timeout;1637183413620727;6830;0
fenetre;1637183413620883;6985;10
fenetre;1637183413621166;7014;11
fenetre;1637183413621298;7043;12
fenetre;1637183413621312;7057;13
fenetre;1637183413621354;7082;14
fenetre;1637183413621419;7115;15
fenetre;1637183413621441;7136;16
fenetre;1637183413621451;7146;17
fenetre;1637183413621534;7167;18
fenetre;1637183413621562;7189;19
fenetre;1637183413621793;7411;20
ecn;1637183413621919;7431;0
fenetre;1637183413622120;7632;18
fenetre;1637183413622423;7654;19
fenetre;1637183413622455;7685;20
timeout;1637183414627511;7713;0
fenetre;1637183414627793;7993;10
fenetre;1637183414628037;8041;11
fenetre;1637183414628131;8090;12
fenetre;1637183414628256;8140;13
fenetre;1637183414628283;8167;14
fenetre;1637183414628421;8305;15
fenetre;1637183414628434;8317;16
fenetre;1637183414628559;8384;17
fenetre;1637183414628617;8418;18
fenetre;1637183414628658;8454;19
fenetre;1637183414628895;8691;20
ecn;1637183414628989;8720;0
fenetre;1637183414629209;8939;18
ecn;1637183414629219;8949;0
fenetre;1637183414629380;9111;16
fenetre;1637183414629388;9119;17
fenetre;1637183414629577;9144;18
fenetre;1637183414629624;9165;19
fenetre;1637183414629675;9193;20
fenetre;1637183414630201;9218;21
timeout;1637183415633123;9264;0
fenetre;1637183415633304;9445;10
fenetre;1637183415633663;9460;11
fenetre;1637183415633703;9473;12
fenetre;1637183415633736;9505;13
fenetre;1637183415633760;9512;14
fenetre;1637183415633807;9546;15
fenetre;1637183415633844;9558;16
fenetre;1637183415633851;9565;17
fenetre;1637183415633895;9605;18
fenetre;1637183415634010;9673;19
fenetre;1637183415634178;9841;20
ecn;1637183415634311;9854;0
fenetre;1637183415634487;10030;18
fenetre;1637183415634493;10034;19
timeout;1637183416638455;10045;0
fenetre;1637183416638541;10131;9
fenetre;1637183416638757;10148;10
fenetre;1637183416638765;10156;11
fenetre;1637183416638804;10172;12
fenetre;1637183416638831;10189;13
fenetre;1637183416638836;10193;14
fenetre;1637183416638850;10199;15
fenetre;1637183416638855;10204;16
fenetre;1637183416638865;10210;17
fenetre;1637183416639003;10334;18
fenetre;1637183416639063;10352;19
ecn;1637183416639080;10361;0
fenetre;1637183416639184;10465;17
fenetre;1637183416639188;10469;18
fenetre;1637183416639388;10477;19
timeout;1637183417643671;10506;0
fenetre;1637183417643926;10760;9
fenetre;1637183417644353;10799;10
fenetre;1637183417644377;10823;11
fenetre;1637183417644462;10851;12
fenetre;1637183417644638;10904;13
fenetre;1637183417644682;10948;14
fenetre;1637183417644699;10965;15
fenetre;1637183417644729;10995;16
fenetre;1637183417644793;11023;17
fenetre;1637183417645001;11230;18
fenetre;1637183417645146;11259;19
timeout;1637183418648343;11289;0
fenetre;1637183418648513;11458;9
fenetre;1637183418648762;11492;10
fenetre;1637183418648828;11520;11
fenetre;1637183418648862;11540;12
fenetre;1637183418648973;11582;13
fenetre;1637183418649001;11609;14
fenetre;1637183418649010;11619;15
fenetre;1637183418649059;11648;16
fenetre;1637183418649074;11663;17
fenetre;1637183418649334;11916;18
fenetre;1637183418649452;11950;19
ecn;1637183418649542;11984;0
fenetre;1637183418649759;12202;17
fenetre;1637183418649770;12212;18
ecn;1637183418649776;12218;0
fenetre;1637183418649956;12397;16
fenetre;1637183418649964;12406;17
fenetre;1637183418649970;12412;18
fenetre;1637183418649975;12417;19
fenetre;1637183418649982;12423;20
fenetre;1637183418649988;12430;21
fenetre;1637183418649994;12435;22
fenetre;1637183418650339;12451;23
timeout;1637183419654002;12478;0
fenetre;1637183419654286;12761;11
fenetre;1637183419654605;12809;12
fenetre;1637183419654631;12834;13
fenetre;1637183419654781;12868;14
fenetre;1637183419654804;12889;15
fenetre;1637183419654918;12945;16
fenetre;1637183419654988;13004;17
fenetre;1637183419655115;13038;18
fenetre;1637183419655151;13070;19
fenetre;1637183419655161;13079;20
fenetre;1637183419655198;13098;21
ecn;1637183419655210;13110;0
fenetre;1637183419655391;13290;18
ecn;1637183419655568;13314;0
fenetre;1637183419655761;13506;16
fenetre;1637183419655772;13518;17
fenetre;1637183419656073;13535;18
fenetre;1637183419656087;13549;19
timeout;1637183420659817;13573;0
fenetre;1637183420660066;13822;9
fenetre;1637183420660459;13858;10
fenetre;1637183420660483;13881;11
fenetre;1637183420660574;13906;12
fenetre;1637183420660644;13940;13
fenetre;1637183420660770;13983;14
fenetre;1637183420660794;14006;15
fenetre;1637183420660865;14025;16
fenetre;1637183420660893;14038;17
fenetre;1637183420661116;14243;18
fenetre;1637183420661293;14261;19
ecn;1637183420661341;14289;0
fenetre;1637183420661537;14485;17
fenetre;1637183420661681;14511;18
timeout;1637183421665787;14542;0
fenetre;1637183421666033;14786;9
fenetre;1637183421666549;14833;10
fenetre;1637183421666573;14856;11
fenetre;1637183421666731;14904;12
fenetre;1637183421666755;14926;13
fenetre;1637183421666817;14972;14
fenetre;1637183421666903;15057;15
fenetre;1637183421666911;15065;16
fenetre;1637183421666964;15089;17
fenetre;1637183421667185;15300;18
fenetre;1637183421667302;15332;19
ecn;1637183421667317;15347;0
fenetre;1637183421667517;15547;17
timeout;1637183422671596;15577;0
fenetre;1637183422671854;15833;8
fenetre;1637183422672317;15887;9
fenetre;1637183422672363;15924;10
fenetre;1637183422672525;15973;11
fenetre;1637183422672558;16005;12
fenetre;1637183422672570;16018;13
fenetre;1637183422672585;16033;14
fenetre;1637183422672710;16094;15
fenetre;1637183422673017;16402;16
fenetre;1637183422673148;16432;17
fenetre;1637183422673217;16460;18
timeout;1637183423676819;16493;0
fenetre;1637183423677059;16732;9
fenetre;1637183423677548;16780;10
fenetre;1637183423677632;16831;11
fenetre;1637183423677739;16904;12
fenetre;1637183423677781;16945;13
fenetre;1637183423677796;16960;14
fenetre;1637183423677874;17004;15
fenetre;1637183423677968;17025;16
fenetre;1637183423677980;17037;17
fenetre;1637183423678174;17231;18
fenetre;1637183423678311;17254;19
ecn;1637183423678384;17283;0
fenetre;1637183423678585;17483;17
timeout;1637183424681577;17507;0
fenetre;1637183424681740;17669;8
fenetre;1637183424682086;17699;9
fenetre;1637183424682185;17735;10
fenetre;1637183424682200;17750;11
fenetre;1637183424682277;17784;12
fenetre;1637183424682313;17810;13
fenetre;1637183424682341;17838;14
fenetre;1637183424682350;17847;15
fenetre;1637183424682600;18061;16
fenetre;1637183424682740;18083;17
fenetre;1637183424682788;18100;18
ecn;1637183424682843;18126;0
fenetre;1637183424683035;18317;16
timeout;1637183425687322;18349;0
fenetre;1637183425687719;18746;8
fenetre;1637183425688243;18806;9
fenetre;1637183425688273;18835;10
fenetre;1637183425688400;18878;11
fenetre;1637183425688440;18913;12
fenetre;1637183425688495;18946;13
fenetre;1637183425688533;18976;14
fenetre;1637183425688567;18992;15
fenetre;1637183425688765;19177;16
fenetre;1637183425688900;19205;17
fenetre;1637183425689019;19235;18
ecn;1637183425689034;19250;0
fenetre;1637183425689233;19449;16
fenetre;1637183425689242;19458;17
fenetre;1637183425689248;19464;18
fenetre;1637183425689255;19471;19
fenetre;1637183425689663;19492;20
timeout;1637183426690000;19509;0
fenetre;1637183426690095;19603;10
fenetre;1637183426690261;19616;11
fenetre;1637183426690282;19628;12
fenetre;1637183426690324;19639;13
fenetre;1637183426690356;19651;14
fenetre;1637183426690399;19674;15
fenetre;1637183426690431;19691;16
fenetre;1637183426690474;19714;17
fenetre;1637183426690481;19720;18
fenetre;1637183426690499;19728;19
fenetre;1637183426690628;19853;20
timeout;1637183427693204;19880;0
fenetre;1637183427693471;20147;10
fenetre;1637183427693898;20181;11
fenetre;1637183427693961;20232;12
fenetre;1637183427694004;20267;13
fenetre;1637183427694154;20328;14
fenetre;1637183427694188;20362;15
fenetre;1637183427694239;20396;16
fenetre;1637183427694288;20422;17
fenetre;1637183427694409;20445;18
fenetre;1637183427694419;20457;19
fenetre;1637183427694648;20682;20
timeout;1637183428699758;20716;0
fenetre;1637183428700012;20968;10
fenetre;1637183428700398;21006;11
fenetre;1637183428700491;21057;12
fenetre;1637183428700624;21120;13
fenetre;1637183428700651;21146;14
fenetre;1637183428700763;21192;15
fenetre;1637183428700788;21218;16
fenetre;1637183428700836;21243;17
fenetre;1637183428700906;21266;18
fenetre;1637183428701017;21299;19
fenetre;1637183428701248;21530;20
ecn;1637183428701318;21550;0
fenetre;1637183428701528;21760;18
timeout;1637183429705810;21789;0
fenetre;1637183429706064;22042;9
fenetre;1637183429706532;22088;10
fenetre;1637183429706590;22121;11
fenetre;1637183429706718;22153;12
fenetre;1637183429706740;22175;13
fenetre;1637183429706844;22213;14
fenetre;1637183429706899;22252;15
fenetre;1637183429707030;22322;16
fenetre;1637183429707043;22336;17
fenetre;1637183429707312;22552;18
fenetre;1637183429707435;22581;19
fenetre;1637183429707449;22595;20
ecn;1637183429707501;22617;0
fenetre;1637183429707713;22830;18
timeout;1637183430710063;22855;0
fenetre;1637183430710314;23104;9
fenetre;1637183430710709;23155;10
fenetre;1637183430710787;23198;11
fenetre;1637183430710919;23329;12
fenetre;1637183430710959;23361;13
fenetre;1637183430711000;23401;14
fenetre;1637183430711104;23440;15
fenetre;1637183430711186;23499;16
fenetre;1637183430711209;23521;17
fenetre;1637183430711519;23819;18
fenetre;1637183430711572;23839;19
timeout;1637183431714454;23866;0
fenetre;1637183431714726;24136;9
fenetre;1637183431715158;24183;10
fenetre;1637183431715183;24208;11
fenetre;1637183431715280;24236;12
fenetre;1637183431715429;24274;13
fenetre;1637183431715445;24289;14
fenetre;1637183431715483;24320;15
fenetre;1637183431715497;24334;16
fenetre;1637183431715506;24343;17
fenetre;1637183431715735;24554;18
fenetre;1637183431715867;24585;19
ecn;1637183431715909;24613;0
fenetre;1637183431716110;24815;17
fenetre;1637183431716120;24825;18
timeout;1637183432720173;24849;0
fenetre;1637183432720475;25151;9
fenetre;1637183432720813;25200;10
fenetre;1637183432720864;25238;11
fenetre;1637183432720951;25272;12
fenetre;1637183432721080;25320;13
fenetre;1637183432721103;25342;14
fenetre;1637183432721201;25385;15
fenetre;1637183432721255;25424;16
fenetre;1637183432721350;25477;17
fenetre;1637183432721657;25784;18
fenetre;1637183432721816;25823;19
ecn;1637183432721902;25868;0
fenetre;1637183432722219;26184;17
fenetre;1637183432722235;26200;18
fenetre;1637183432722614;26230;19
timeout;1637183433726274;26259;0
fenetre;1637183433726517;26500;9
fenetre;1637183433726906;26538;10
fenetre;1637183433727021;26590;11
fenetre;1637183433727081;26631;12
fenetre;1637183433727258;26679;13
fenetre;1637183433727407;26753;14
fenetre;1637183433727491;26805;15
fenetre;1637183433727541;26822;16
fenetre;1637183433727584;26847;17
fenetre;1637183433727785;27048;18
fenetre;1637183433727921;27072;19
ecn;1637183433727935;27087;0
fenetre;1637183433728152;27303;17
fenetre;1637183433728161;27313;18
fenetre;1637183433728168;27319;19
fenetre;1637183433728530;27336;20
fenetre;1637183433728569;27357;21
timeout;1637183434730721;27381;0
fenetre;1637183434730974;27634;10
fenetre;1637183434731558;27688;11
fenetre;1637183434731583;27713;12
fenetre;1637183434731667;27765;13
fenetre;1637183434731765;27828;14
fenetre;1637183434731794;27857;15
fenetre;1637183434732001;27893;16
fenetre;1637183434732015;27906;17
fenetre;1637183434732038;27918;18
fenetre;1637183434732068;27937;19
fenetre;1637183434732376;28170;20
timeout;1637183435735587;28198;0
fenetre;1637183435735867;28478;10
fenetre;1637183435736350;28536;11
fenetre;1637183435736374;28560;12
fenetre;1637183435736423;28599;13
fenetre;1637183435736501;28636;14
fenetre;1637183435736625;28687;15
fenetre;1637183435736643;28705;16
fenetre;1637183435736749;28756;17
fenetre;1637183435736802;28804;18
fenetre;1637183435736811;28814;19
fenetre;1637183435737080;29051;20
timeout;1637183436741122;29085;0
fenetre;1637183436741380;29342;10
fenetre;1637183436741764;29392;11
fenetre;1637183436741851;29439;12
fenetre;1637183436741919;29470;13
fenetre;1637183436742013;29510;14
fenetre;1637183436742167;29563;15
fenetre;1637183436742222;29598;16
fenetre;1637183436742292;29628;17
fenetre;1637183436742306;29642;18
fenetre;1637183436742341;29665;19
fenetre;1637183436742587;29895;20
ecn;1637183436742747;29924;0
fenetre;1637183436742960;30137;18
fenetre;1637183436742971;30147;19
fenetre;1637183436743300;30164;20
timeout;1637183437743388;30191;0
fenetre;1637183437743627;30429;10
fenetre;1637183437744173;30480;11
fenetre;1637183437744250;30516;12
fenetre;1637183437744311;30548;13
fenetre;1637183437744466;30603;14
fenetre;1637183437744606;30656;15
fenetre;1637183437744629;30678;16
fenetre;1637183437744640;30689;17
fenetre;1637183437744694;30706;18
fenetre;1637183437744747;30737;19
fenetre;1637183437744974;30963;20
fenetre;1637183437745189;30992;21
ecn;1637183437745203;31006;0
fenetre;1637183437745429;31233;18
fenetre;1637183437745439;31241;19
fenetre;1637183437745445;31248;20
fenetre;1637183437745679;31265;21
fenetre;1637183437745719;31283;22
fenetre;1637183437745749;31296;23
fenetre;1637183437745804;31310;24
fenetre;1637183437745830;31322;25
timeout;1637183438748453;31347;0
fenetre;1637183438748757;31650;12
fenetre;1637183438749031;31701;13
fenetre;1637183438749149;31818;14
fenetre;1637183438749161;31830;15
fenetre;1637183438749237;31853;16
fenetre;1637183438749393;31898;17
fenetre;1637183438749422;31926;18
fenetre;1637183438749560;31960;19
fenetre;1637183438749630;31994;20
fenetre;1637183438749678;32021;21
fenetre;1637183438749692;32035;22
ecn;1637183438749739;32065;0
fenetre;1637183438749944;32268;19
ecn;1637183438749954;32279;0
fenetre;1637183438750137;32462;17
fenetre;1637183438750145;32471;18
fenetre;1637183438750228;32496;19
fenetre;1637183438750241;32510;20
timeout;1637183439754144;32536;0
fenetre;1637183439754393;32784;10
fenetre;1637183439754844;32849;11
fenetre;1637183439754877;32881;12
fenetre;1637183439755009;32927;13
fenetre;1637183439755080;32981;14
fenetre;1637183439755138;33021;15
fenetre;1637183439755220;33058;16
fenetre;1637183439755234;33071;17
fenetre;1637183439755312;33101;18
fenetre;1637183439755325;33113;19
fenetre;1637183439755559;33348;20
ecn;1637183439755625;33365;0
fenetre;1637183439755825;33565;18
fenetre;1637183439756137;33594;19
fenetre;1637183439756175;33617;20
fenetre;1637183439756239;33646;21
fenetre;1637183439756276;33679;22
timeout;1637183440759908;33708;0
fenetre;1637183440760186;33985;11
fenetre;1637183440760568;34021;12
fenetre;1637183440760677;34070;13
fenetre;1637183440760772;34109;14
fenetre;1637183440760799;34136;15
fenetre;1637183440760951;34201;16
fenetre;1637183440760986;34236;17
fenetre;1637183440761153;34277;18
fenetre;1637183440761180;34298;19
fenetre;1637183440761231;34326;20
fenetre;1637183440761244;34338;21
timeout;1637183441765026;34365;0
fenetre;1637183441765305;34643;10
fenetre;1637183441765788;34692;11
fenetre;1637183441765814;34716;12
fenetre;1637183441765943;34773;13
fenetre;1637183441765968;34797;14
fenetre;1637183441766106;34830;15
fenetre;1637183441766154;34850;16
fenetre;1637183441766177;34863;17
fenetre;1637183441766201;34876;18
fenetre;1637183441766241;34891;19
fenetre;1637183441766463;35106;20
ecn;1637183441766605;35136;0
fenetre;1637183441766826;35357;18
fenetre;1637183441766836;35367;19
fenetre;1637183441766842;35373;20
fenetre;1637183441766849;35379;21
fenetre;1637183441766855;35385;22
timeout;1637183442770678;35411;0
fenetre;1637183442770965;35697;11
fenetre;1637183442771388;35745;12
fenetre;1637183442771492;35795;13
fenetre;1637183442771601;35853;14
fenetre;1637183442771690;35920;15
fenetre;1637183442771731;35960;16
fenetre;1637183442771772;35981;17
fenetre;1637183442771823;36010;18
fenetre;1637183442771858;36036;19
fenetre;1637183442771915;36081;20
fenetre;1637183442771928;36094;21
timeout;1637183443776067;36121;0
fenetre;1637183443776321;36374;10
fenetre;1637183443776851;36431;11
fenetre;1637183443776888;36468;12
fenetre;1637183443777090;36504;13
fenetre;1637183443777180;36555;14
fenetre;1637183443777244;36583;15
fenetre;1637183443777275;36603;16
fenetre;1637183443777285;36613;17
fenetre;1637183443777420;36635;18
fenetre;1637183443777440;36654;19
fenetre;1637183443777661;36875;20
ecn;1637183443777803;36892;0
fenetre;1637183443778016;37106;18
fenetre;1637183443778026;37116;19
fenetre;1637183443778364;37140;20
timeout;1637183444782660;37174;0
fenetre;1637183444783004;37510;10
fenetre;1637183444783315;37552;11
fenetre;1637183444783421;37613;12
fenetre;1637183444783539;37646;13
fenetre;1637183444783600;37675;14
fenetre;1637183444783697;37729;15
fenetre;1637183444783776;37758;16
fenetre;1637183444783829;37784;17
fenetre;1637183444783839;37794;18
fenetre;1637183444783984;37819;19
fenetre;1637183444784200;38034;20
timeout;1637183445785660;38062;0
fenetre;1637183445785918;38319;10
fenetre;1637183445786341;38358;11
fenetre;1637183445786393;38389;12
fenetre;1637183445786522;38435;13
fenetre;1637183445786551;38465;14
fenetre;1637183445786654;38507;15
fenetre;1637183445786707;38541;16
fenetre;1637183445786762;38557;17
fenetre;1637183445786809;38580;18
fenetre;1637183445786948;38608;19
fenetre;1637183445787163;38821;20
ecn;1637183445787369;38846;0
fenetre;1637183445787584;39061;18
fenetre;1637183445787887;39086;19
timeout;1637183446792410;39125;0
fenetre;1637183446792577;39292;9
fenetre;1637183446792808;39406;10
fenetre;1637183446792815;39412;11
fenetre;1637183446792875;39443;12
fenetre;1637183446792960;39485;13
fenetre;1637183446792990;39512;14
fenetre;1637183446793017;39538;15
fenetre;1637183446793020;39541;16
fenetre;1637183446793023;39544;17
fenetre;1637183446793260;39702;18
fenetre;1637183446793360;39737;19
timeout;1637183447796646;39759;0
fenetre;1637183447796865;39977;9
fenetre;1637183447797336;40020;10
fenetre;1637183447797449;40071;11
fenetre;1637183447797479;40101;12
fenetre;1637183447797596;40152;13
fenetre;1637183447797618;40174;14
fenetre;1637183447797666;40196;15
fenetre;1637183447797742;40243;16
fenetre;1637183447797768;40270;17
fenetre;1637183447798155;40637;18
fenetre;1637183447798342;40682;19
timeout;1637183448800177;40723;0
fenetre;1637183448800501;41047;9
fenetre;1637183448800798;41104;10
fenetre;1637183448800873;41157;11
fenetre;1637183448800931;41196;12
fenetre;1637183448801019;41234;13
fenetre;1637183448801150;41274;14
fenetre;1637183448801227;41307;15
fenetre;1637183448801263;41336;16
fenetre;1637183448801301;41359;17
fenetre;1637183448801524;41582;18
fenetre;1637183448801609;41608;19
ecn;1637183448801672;41641;0
fenetre;1637183448801879;41847;17
fenetre;1637183448801889;41858;18
fenetre;1637183448801896;41865;19
fenetre;1637183448802176;41892;20
timeout;1637183449805776;41921;0
fenetre;1637183449806064;42209;10
fenetre;1637183449806433;42262;11
fenetre;1637183449806501;42313;12
fenetre;1637183449806576;42353;13
fenetre;1637183449806648;42388;14
fenetre;1637183449806753;42419;15
fenetre;1637183449806825;42450;16
fenetre;1637183449806889;42471;17
fenetre;1637183449806913;42487;18
fenetre;1637183449806952;42512;19
fenetre;1637183449807189;42738;20
ecn;1637183449807286;42766;0
fenetre;1637183449807501;42980;18
ecn;1637183449807511;42991;0
fenetre;1637183449807677;43157;16
fenetre;1637183449807685;43164;17
fenetre;1637183449807691;43171;18
fenetre;1637183449807911;43194;19
fenetre;1637183449807958;43215;20
fenetre;1637183449808013;43246;21
fenetre;1637183449808439;43271;22
fenetre;1637183449808488;43298;23
fenetre;1637183449808524;43316;24
fenetre;1637183449808566;43330;25
timeout;1637183450810845;43358;0
fenetre;1637183450811143;43655;12
fenetre;1637183450811487;43701;13
fenetre;1637183450811512;43726;14
fenetre;1637183450811622;43753;15
fenetre;1637183450811694;43802;16
fenetre;1637183450811751;43844;17
fenetre;1637183450811858;43896;18
fenetre;1637183450811946;43941;19
fenetre;1637183450811979;43956;20
fenetre;1637183450812064;43983;21
fenetre;1637183450812080;43999;22
ecn;1637183450812088;44007;0
fenetre;1637183450812307;44226;19
ecn;1637183450812316;44235;0
fenetre;1637183450812494;44414;17
fenetre;1637183450812502;44421;18
fenetre;1637183450812919;44448;19
fenetre;1637183450812933;44462;20
fenetre;1637183450812979;44480;21
fenetre;1637183450813008;44502;22
fenetre;1637183450813055;44520;23
fenetre;1637183450813097;44534;24
fenetre;1637183450813194;44560;25
timeout;1637183451816450;44591;0
fenetre;1637183451816752;44892;12
fenetre;1637183451817043;44941;13
fenetre;1637183451817073;44970;14
fenetre;1637183451817261;45015;15
fenetre;1637183451817284;45038;16
fenetre;1637183451817297;45051;17
fenetre;1637183451817439;45095;18
fenetre;1637183451817604;45143;19
fenetre;1637183451817668;45175;20
fenetre;1637183451817753;45201;21
fenetre;1637183451817765;45213;22
timeout;1637183452821973;45239;0
fenetre;1637183452822269;45534;11
fenetre;1637183452822552;45576;12
fenetre;1637183452822644;45626;13
fenetre;1637183452822736;45677;14
fenetre;1637183452822765;45705;15
fenetre;1637183452822934;45763;16
fenetre;1637183452822959;45788;17
fenetre;1637183452823044;45831;18
fenetre;1637183452823198;45870;19
fenetre;1637183452823212;45885;20
fenetre;1637183452823245;45898;21
ecn;1637183452823280;45918;0
fenetre;1637183452823461;46098;18
timeout;1637183453828449;46128;0
fenetre;1637183453828694;46371;9
fenetre;1637183453829014;46420;10
fenetre;1637183453829099;46475;11
fenetre;1637183453829154;46515;12
fenetre;1637183453829223;46545;13
fenetre;1637183453829339;46578;14
fenetre;1637183453829546;46615;15
fenetre;1637183453829625;46695;16
fenetre;1637183453829633;46703;17
fenetre;1637183453829839;46909;18
fenetre;1637183453829948;46933;19
ecn;1637183453830005;46957;0
fenetre;1637183453830219;47171;17
fenetre;1637183453830230;47182;18
fenetre;1637183453830237;47189;19
fenetre;1637183453830243;47195;20
fenetre;1637183453830249;47201;21
fenetre;1637183453830255;47207;22
fenetre;1637183453830708;47230;23
timeout;1637183454834798;47263;0
fenetre;1637183454835091;47554;11
fenetre;1637183454835484;47592;12
fenetre;1637183454835508;47616;13
fenetre;1637183454835590;47655;14
fenetre;1637183454835725;47727;15
fenetre;1637183454835748;47750;16
fenetre;1637183454835881;47780;17
fenetre;1637183454835917;47809;18
fenetre;1637183454835980;47843;19
fenetre;1637183454835994;47857;20
fenetre;1637183454836090;47880;21
ecn;1637183454836130;47913;0
fenetre;1637183454836319;48102;18
timeout;1637183455839580;48136;0
fenetre;1637183455839828;48383;9
fenetre;1637183455840208;48427;10
fenetre;1637183455840331;48480;11
fenetre;1637183455840371;48514;12
fenetre;1637183455840471;48540;13
fenetre;1637183455840493;48561;14
fenetre;1637183455840611;48613;15
fenetre;1637183455840633;48635;16
fenetre;1637183455840668;48661;17
fenetre;1637183455841089;48980;18
fenetre;1637183455841300;49018;19
ecn;1637183455841340;49045;0
fenetre;1637183455841599;49303;17
fenetre;1637183455841608;49312;18
fenetre;1637183455841615;49319;19
timeout;1637183456845669;49339;0
fenetre;1637183456845865;49534;9
fenetre;1637183456846087;49563;10
fenetre;1637183456846129;49591;11
fenetre;1637183456846182;49612;12
fenetre;1637183456846225;49637;13
fenetre;1637183456846237;49649;14
fenetre;1637183456846340;49676;15
fenetre;1637183456846359;49694;16
fenetre;1637183456846366;49701;17
fenetre;1637183456846589;49917;18
fenetre;1637183456846658;49936;19
ecn;1637183456846693;49967;0
fenetre;1637183456846864;50137;17
fenetre;1637183456846872;50145;18
fenetre;1637183456847159;50166;19
fenetre;1637183456847170;50177;20
timeout;1637183457851778;50199;0
fenetre;1637183457852034;50454;10
fenetre;1637183457852379;50498;11
fenetre;1637183457852433;50529;12
fenetre;1637183457852515;50555;13
fenetre;1637183457852694;50600;14
fenetre;1637183457852728;50633;15
fenetre;1637183457852773;50663;16
fenetre;1637183457852808;50691;17
fenetre;1637183457852842;50717;18
fenetre;1637183457852876;50733;19
fenetre;1637183457853140;50981;20
timeout;1637183458856677;51014;0
fenetre;1637183458856929;51265;10
fenetre;1637183458857266;51323;11
fenetre;1637183458857317;51365;12
fenetre;1637183458857409;51398;13
fenetre;1637183458857478;51433;14
fenetre;1637183458857565;51480;15
fenetre;1637183458857615;51512;16
fenetre;1637183458857718;51544;17
fenetre;1637183458857763;51580;18
fenetre;1637183458857804;51603;19
fenetre;1637183458858228;51981;20
ecn;1637183458858424;52025;0
fenetre;1637183458858752;52352;18
fenetre;1637183458858768;52367;19
fenetre;1637183458859165;52388;20
fenetre;1637183458859206;52415;21
timeout;1637183459863408;52442;0
fenetre;1637183459863676;52710;10
fenetre;1637183459864061;52754;11
fenetre;1637183459864140;52793;12
fenetre;1637183459864229;52844;13
fenetre;1637183459864363;52915;14
fenetre;1637183459864398;52950;15
fenetre;1637183459864478;53001;16
fenetre;1637183459864501;53024;17
fenetre;1637183459864553;53047;18
fenetre;1637183459864625;53102;19
fenetre;1637183459864853;53321;20
ecn;1637183459865036;53342;0
fenetre;1637183459865241;53546;18
fenetre;1637183459865251;53555;19
timeout;1637183460868770;53583;0
fenetre;1637183460869077;53889;9
fenetre;1637183460869498;53942;10
fenetre;1637183460869607;53997;11
fenetre;1637183460869677;54050;12
fenetre;1637183460869776;54105;13
fenetre;1637183460869849;54159;14
fenetre;1637183460869967;54195;15
fenetre;1637183460869994;54217;16
fenetre;1637183460870109;54239;17
fenetre;1637183460870302;54431;18
fenetre;1637183460870444;54459;19
ecn;1637183460870500;54490;0
fenetre;1637183460870717;54708;17
fenetre;1637183460870727;54718;18
fenetre;1637183460870734;54724;19
fenetre;1637183460870740;54731;20
fenetre;1637183460870764;54749;21
fenetre;1637183460870800;54773;22
fenetre;1637183460870884;54857;23
fenetre;1637183460870892;54865;24
fenetre;1637183460870899;54872;25
fenetre;1637183460870944;54889;26
fenetre;1637183460870977;54908;27
fenetre;1637183460871057;54926;28
fenetre;1637183460871070;54939;29
fenetre;1637183460871512;54958;30
timeout;1637183461873309;54987;0
fenetre;1637183461873644;55321;15
fenetre;1637183461873922;55357;16
fenetre;1637183461873994;55393;17
fenetre;1637183461874070;55419;18
fenetre;1637183461874205;55466;19
fenetre;1637183461874289;55532;20
fenetre;1637183461874370;55581;21
fenetre;1637183461874444;55616;22
fenetre;1637183461874553;55640;23
fenetre;1637183461874579;55655;24
fenetre;1637183461874634;55670;25
ecn;1637183461874677;55698;0
fenetre;1637183461874943;55964;22
fenetre;1637183461874954;55976;23
fenetre;1637183461874960;55982;24
timeout;1637183462879446;56021;0
fenetre;1637183462879733;56306;12
fenetre;1637183462880092;56352;13
fenetre;1637183462880243;56409;14
fenetre;1637183462880268;56435;15
fenetre;1637183462880334;56466;16
fenetre;1637183462880505;56506;17
fenetre;1637183462880585;56537;18
fenetre;1637183462880641;56565;19
fenetre;1637183462880673;56590;20
fenetre;1637183462880701;56609;21
fenetre;1637183462880739;56632;22
ecn;1637183462880771;56657;0
fenetre;1637183462880972;56858;19
ecn;1637183462880981;56868;0
fenetre;1637183462881151;57037;17
timeout;1637183463884904;57063;0
fenetre;1637183463885128;57286;8
fenetre;1637183463885548;57335;9
fenetre;1637183463885610;57375;10
fenetre;1637183463885694;57408;11
fenetre;1637183463885831;57470;12
fenetre;1637183463885856;57493;13
fenetre;1637183463885876;57513;14
fenetre;1637183463885888;57525;15
fenetre;1637183463886309;57917;16
fenetre;1637183463886383;57955;17
fenetre;1637183463886482;57995;18
timeout;1637183464891001;58031;0
fenetre;1637183464891242;58270;9
fenetre;1637183464891690;58328;10
fenetre;1637183464891716;58353;11
fenetre;1637183464891792;58397;12
fenetre;1637183464891902;58440;13
fenetre;1637183464891964;58473;14
fenetre;1637183464892006;58495;15
fenetre;1637183464892112;58534;16
fenetre;1637183464892127;58549;17
fenetre;1637183464892361;58762;18
fenetre;1637183464892467;58783;19
ecn;1637183464892532;58808;0
fenetre;1637183464892748;59024;17
fenetre;1637183464892758;59034;18
fenetre;1637183464892764;59040;19
fenetre;1637183464892771;59047;20
fenetre;1637183464892776;59052;21
fenetre;1637183464892786;59062;22
fenetre;1637183464892792;59068;23
fenetre;1637183464892828;59081;24
fenetre;1637183464893226;59098;25
fenetre;1637183464893268;59129;26
timeout;1637183465893647;59150;0
fenetre;1637183465893823;59326;13
fenetre;1637183465894094;59357;14
fenetre;1637183465894153;59387;15
fenetre;1637183465894185;59411;16
fenetre;1637183465894225;59443;17
fenetre;1637183465894328;59473;18
fenetre;1637183465894430;59511;19
fenetre;1637183465894482;59542;20
fenetre;1637183465894547;59565;21
fenetre;1637183465894582;59592;22
fenetre;1637183465894596;59605;23
ecn;1637183465894617;59618;0
fenetre;1637183465894851;59852;20
fenetre;1637183465894859;59860;21
fenetre;1637183465894866;59866;22
ecn;1637183465894934;59880;0
fenetre;1637183465895156;60102;19
fenetre;1637183465895164;60110;20
fenetre;1637183465895171;60116;21
fenetre;1637183465895501;60130;22
fenetre;1637183465895554;60159;23
fenetre;1637183465895568;60174;24
timeout;1637183466899721;60194;0
fenetre;1637183466899929;60400;12
fenetre;1637183466900115;60419;13
fenetre;1637183466900294;60449;14
fenetre;1637183466900312;60466;15
fenetre;1637183466900338;60487;16
fenetre;1637183466900371;60513;17
fenetre;1637183466900451;60544;18
fenetre;1637183466900489;60567;19
fenetre;1637183466900669;60603;20
fenetre;1637183466900692;60625;21
fenetre;1637183466900960;60722;22
ecn;1637183466901115;60792;0
fenetre;1637183466901921;61343;19
fenetre;1637183466901990;61375;20
ecn;1637183466902805;61412;0
fenetre;1637183466903886;61956;18
ecn;1637183466903899;61970;0
fenetre;1637183466904056;62127;16
fenetre;1637183466904065;62136;17
fenetre;1637183466904396;62179;18
fenetre;1637183466904406;62188;19
fenetre;1637183466904724;62209;20
fenetre;1637183466904737;62222;21
timeout;1637183467905090;62290;0
fenetre;1637183467905183;62384;10
fenetre;1637183467905343;62399;11
fenetre;1637183467905364;62410;12
fenetre;1637183467905394;62424;13
fenetre;1637183467905401;62431;14
fenetre;1637183467905413;62437;15
fenetre;1637183467905423;62444;16
fenetre;1637183467905484;62455;17
fenetre;1637183467905490;62461;18
fenetre;1637183467905494;62464;19
fenetre;1637183467905741;62676;20
ecn;1637183467905749;62684;0
fenetre;1637183467905885;62818;18
timeout;1637183468910380;62845;0
fenetre;1637183468910615;63079;9
fenetre;1637183468910930;63126;10
fenetre;1637183468911051;63188;11
fenetre;1637183468911075;63211;12
fenetre;1637183468911159;63241;13
fenetre;1637183468911289;63278;14
fenetre;1637183468911348;63323;15
fenetre;1637183468911371;63346;16
fenetre;1637183468911411;63366;17
fenetre;1637183468911815;63727;18
fenetre;1637183468911976;63783;19
ecn;1637183468911999;63805;0
fenetre;1637183468912333;64140;17
fenetre;1637183468912350;64157;18
fenetre;1637183468912360;64167;19
fenetre;1637183468912370;64176;20
fenetre;1637183468912379;64186;21
fenetre;1637183468912951;64205;22
fenetre;1637183468912964;64219;23
timeout;1637183469917025;64246;0
fenetre;1637183469917330;64548;11
fenetre;1637183469917633;64585;12
fenetre;1637183469917762;64638;13
fenetre;1637183469917785;64661;14
fenetre;1637183469917904;64695;15
fenetre;1637183469917929;64718;16
fenetre;1637183469918086;64775;17
fenetre;1637183469918141;64809;18
fenetre;1637183469918173;64836;19
fenetre;1637183469918307;64866;20
fenetre;1637183469918320;64878;21
timeout;1637183470921794;64901;0
fenetre;1637183470922068;65174;10
fenetre;1637183470922332;65219;11
fenetre;1637183470922421;65270;12
fenetre;1637183470922474;65312;13
fenetre;1637183470922612;65359;14
fenetre;1637183470922635;65382;15
fenetre;1637183470922872;65406;16
fenetre;1637183470922924;65426;17
fenetre;1637183470922956;65440;18
fenetre;1637183470923037;65466;19
fenetre;1637183470923389;65787;20
ecn;1637183470923528;65816;0
fenetre;1637183470923747;66035;18
fenetre;1637183470923757;66045;19
fenetre;1637183470923765;66052;20
fenetre;1637183470923770;66058;21
timeout;1637183471927910;66083;0
fenetre;1637183471928162;66335;10
fenetre;1637183471928577;66381;11
fenetre;1637183471928642;66422;12
fenetre;1637183471928750;66476;13
fenetre;1637183471928894;66542;14
fenetre;1637183471928936;66585;15
fenetre;1637183471929013;66619;16
fenetre;1637183471929028;66634;17
fenetre;1637183471929038;66644;18
fenetre;1637183471929045;66651;19
fenetre;1637183471929292;66872;20
timeout;1637183472934283;66903;0
fenetre;1637183472934529;67148;10
fenetre;1637183472934927;67203;11
fenetre;1637183472934952;67228;12
fenetre;1637183472935011;67257;13
fenetre;1637183472935164;67311;14
fenetre;1637183472935187;67334;15
fenetre;1637183472935253;67366;16
fenetre;1637183472935363;67430;17
fenetre;1637183472935379;67445;18
fenetre;1637183472935414;67461;19
fenetre;1637183472935652;67692;20
ecn;1637183472935712;67710;0
fenetre;1637183472935916;67914;18
timeout;1637183473936692;67942;0
fenetre;1637183473936960;68209;9
fenetre;1637183473937346;68258;10
fenetre;1637183473937411;68295;11
fenetre;1637183473937486;68327;12
fenetre;1637183473937586;68377;13
fenetre;1637183473937678;68436;14
fenetre;1637183473937778;68483;15
fenetre;1637183473937793;68497;16
fenetre;1637183473937832;68533;17
fenetre;1637183473938043;68743;18
fenetre;1637183473938183;68768;19
ecn;1637183473938246;68792;0
fenetre;1637183473938458;69004;17
fenetre;1637183473938468;69014;18
fenetre;1637183473938478;69023;19
fenetre;1637183473938484;69029;20
fenetre;1637183473938490;69035;21
fenetre;1637183473938517;69058;22
fenetre;1637183473938566;69091;23
fenetre;1637183473938616;69122;24
fenetre;1637183473938712;69153;25
fenetre;1637183473938755;69178;26
fenetre;1637183473938791;69197;27
fenetre;1637183473938847;69213;28
fenetre;1637183473938894;69242;29
fenetre;1637183473939301;69265;30
fenetre;1637183473939332;69283;31
fenetre;1637183473939360;69301;32
fenetre;1637183473939399;69322;33
fenetre;1637183473939767;69690;34
fenetre;1637183473939775;69698;35
timeout;1637183474944529;69782;0
fenetre;1637183474944975;70227;17
fenetre;1637183474945162;70267;18
fenetre;1637183474945230;70307;19
fenetre;1637183474945372;70359;20
fenetre;1637183474945421;70400;21
fenetre;1637183474945504;70443;22
fenetre;1637183474945631;70483;23
fenetre;1637183474945762;70514;24
fenetre;1637183474945776;70528;25
fenetre;1637183474945807;70546;26
fenetre;1637183474945844;70578;27
timeout;1637183475949254;70611;0
fenetre;1637183475949599;70945;13
fenetre;1637183475949924;71011;14
fenetre;1637183475949948;71034;15
fenetre;1637183475950026;71065;16
fenetre;1637183475950184;71129;17
fenetre;1637183475950211;71152;18
fenetre;1637183475950281;71189;19
fenetre;1637183475950348;71231;20
fenetre;1637183475950402;71248;21
fenetre;1637183475950463;71275;22
fenetre;1637183475950561;71302;23
timeout;1637183476952267;71333;0
fenetre;1637183476952547;71612;11
fenetre;1637183476952941;71669;12
fenetre;1637183476952967;71695;13
fenetre;1637183476953060;71742;14
fenetre;1637183476953129;71776;15
fenetre;1637183476953255;71819;16
fenetre;1637183476953279;71843;17
fenetre;1637183476953413;71889;18
fenetre;1637183476953555;71937;19
fenetre;1637183476953573;71955;20
fenetre;1637183476953619;71983;21
ecn;1637183476953633;71997;0
fenetre;1637183476953826;72190;18
timeout;1637183477958002;72210;0
fenetre;1637183477958222;72431;9
timeout;1637183478963246;72463;0
fenetre;1637183478963405;72621;4
fenetre;1637183478963914;72665;5
fenetre;1637183478963962;72698;6
fenetre;1637183478964025;72724;7
fenetre;1637183478964212;72898;8
fenetre;1637183478964695;72950;9
fenetre;1637183478964756;72972;10
fenetre;1637183478964802;73001;11
fenetre;1637183478964831;73025;12
fenetre;1637183478964840;73034;13
fenetre;1637183478964935;73056;14
ecn;1637183478964949;73070;0
fenetre;1637183478965084;73203;12
fenetre;1637183478965093;73212;13
fenetre;1637183478965285;73230;14
fenetre;1637183478965357;73255;15
fenetre;1637183478965481;73280;16
fenetre;1637183478965512;73303;17
fenetre;1637183478965545;73324;18
timeout;1637183479968518;73350;0
fenetre;1637183479968761;73591;9
fenetre;1637183479969035;73624;10
fenetre;1637183479969096;73649;11
fenetre;1637183479969180;73672;12
fenetre;1637183479969306;73717;13
fenetre;1637183479969329;73740;14
fenetre;1637183479969425;73789;15
fenetre;1637183479969447;73810;16
fenetre;1637183479969503;73844;17
fenetre;1637183479969823;74158;18
fenetre;1637183479969916;74180;19
ecn;1637183479969945;74199;0
fenetre;1637183479970144;74397;17
fenetre;1637183479970153;74406;18
fenetre;1637183479970160;74413;19
fenetre;1637183479970166;74419;20
fenetre;1637183479970696;74446;21
fenetre;1637183479970711;74461;22
fenetre;1637183479970749;74476;23
fenetre;1637183479970791;74493;24
timeout;1637183480974748;74520;0
fenetre;1637183480975029;74800;12
fenetre;1637183480975449;74847;13
fenetre;1637183480975515;74889;14
fenetre;1637183480975640;74932;15
fenetre;1637183480975702;74984;16
fenetre;1637183480975784;75017;17
fenetre;1637183480975885;75064;18
fenetre;1637183480975909;75088;19
fenetre;1637183480976010;75118;20
fenetre;1637183480976024;75131;21
fenetre;1637183480976067;75154;22
fenetre;1637183480976080;75167;23
timeout;1637183481979719;75194;0
fenetre;1637183481980009;75483;11
fenetre;1637183481980248;75521;12
fenetre;1637183481980328;75553;13
fenetre;1637183481980457;75601;14
fenetre;1637183481980552;75653;15
fenetre;1637183481980615;75709;16
fenetre;1637183481980638;75733;17
fenetre;1637183481980792;75775;18
fenetre;1637183481980853;75816;19
fenetre;1637183481980973;75853;20
fenetre;1637183481980985;75865;21
timeout;1637183482986073;75895;0
fenetre;1637183482986416;76237;10
fenetre;1637183482986751;76291;11
fenetre;1637183482986844;76343;12
fenetre;1637183482986930;76401;13
fenetre;1637183482987030;76461;14
fenetre;1637183482987136;76532;15
fenetre;1637183482987188;76565;16
fenetre;1637183482987226;76586;17
fenetre;1637183482987256;76606;18
fenetre;1637183482987336;76625;19
fin;1637183482987703;76738;0
