type;temps;clock;fen
debut;1637180961351203;1804;0
fenetre;1637180961352093;1923;1
fenetre;1637180961352271;1965;2
fenetre;1637180961352492;1985;3
fenetre;1637180961352535;2028;4
fenetre;1637180961352667;2045;5
fenetre;1637180961352676;2054;6
fenetre;1637180961352745;2064;7
fenetre;1637180961352805;2124;8
fenetre;1637180961352900;2133;9
fenetre;1637180961352938;2149;10
fenetre;1637180961352963;2163;11
fenetre;1637180961352988;2173;12
fenetre;1637180961353016;2181;13
fenetre;1637180961353059;2199;14
fenetre;1637180961353068;2208;15
fenetre;1637180961353190;2323;16
fenetre;1637180961353221;2335;17
fenetre;1637180961353248;2345;18
fenetre;1637180961353280;2354;19
fenetre;1637180961353306;2363;20
fenetre;1637180961353340;2375;21
fenetre;1637180961353363;2387;22
fenetre;1637180961353391;2395;23
fenetre;1637180961353420;2404;24
fenetre;1637180961353446;2413;25
fenetre;1637180961353476;2421;26
fenetre;1637180961353505;2430;27
fenetre;1637180961353531;2438;28
fenetre;1637180961353561;2446;29
fenetre;1637180961353579;2455;30
fenetre;1637180961353594;2463;31
fenetre;1637180961353833;2693;32
fenetre;1637180961353840;2699;33
fenetre;1637180961353846;2706;34
fenetre;1637180961353850;2709;35
fenetre;1637180961353854;2714;36
fenetre;1637180961353858;2717;37
fenetre;1637180961353882;2724;38
fenetre;1637180961353911;2734;39
fenetre;1637180961353940;2744;40
fenetre;1637180961353966;2752;41
fenetre;1637180961353998;2762;42
fenetre;1637180961354025;2771;43
fenetre;1637180961354051;2780;44
fenetre;1637180961354082;2788;45
fenetre;1637180961354109;2796;46
fenetre;1637180961354139;2805;47
fenetre;1637180961354166;2813;48
fenetre;1637180961354196;2822;49
fenetre;1637180961354225;2829;50
fenetre;1637180961354254;2837;51
fenetre;1637180961354282;2846;52
fenetre;1637180961354313;2855;53
fenetre;1637180961354339;2863;54
fenetre;1637180961354370;2872;55
fenetre;1637180961354397;2880;56
fenetre;1637180961354426;2888;57
fenetre;1637180961354456;2896;58
fenetre;1637180961354484;2903;59
fenetre;1637180961354513;2912;60
fenetre;1637180961354541;2921;61
fenetre;1637180961354574;2934;62
fenetre;1637180961354592;2942;63
fenetre;1637180961355087;3430;64
fenetre;1637180961355094;3437;65
fenetre;1637180961355098;3441;66
fenetre;1637180961355102;3444;67
fenetre;1637180961355105;3449;68
fenetre;1637180961355109;3452;69
fenetre;1637180961355113;3456;70
fenetre;1637180961355118;3461;71
fenetre;1637180961355121;3464;72
fenetre;1637180961355125;3468;73
fenetre;1637180961355128;3471;74
fenetre;1637180961355132;3475;75
fenetre;1637180961355136;3479;76
fenetre;1637180961355139;3482;77
fenetre;1637180961355144;3488;78
fenetre;1637180961355148;3492;79
fenetre;1637180961355180;3500;80
fenetre;1637180961355207;3510;81
fenetre;1637180961355233;3520;82
fenetre;1637180961355262;3528;83
fenetre;1637180961355297;3538;84
fenetre;1637180961355321;3546;85
fenetre;1637180961355352;3555;86
fenetre;1637180961355377;3563;87
fenetre;1637180961355411;3571;88
fenetre;1637180961355435;3582;89
fenetre;1637180961355461;3595;90
fenetre;1637180961355488;3602;91
fenetre;1637180961355522;3611;92
fenetre;1637180961355557;3628;93
fenetre;1637180961355575;3641;94
fenetre;1637180961355634;3663;95
fenetre;1637180961355649;3675;96
fenetre;1637180961355671;3688;97
fenetre;1637180961355714;3705;98
fenetre;1637180961355734;3717;99
fenetre;1637180961355767;3728;100
fenetre;1637180961355792;3737;101
fenetre;1637180961355821;3748;102
fenetre;1637180961355851;3757;103
fenetre;1637180961355877;3765;104
fenetre;1637180961355906;3774;105
fenetre;1637180961355933;3782;106
fenetre;1637180961355959;3791;107
fenetre;1637180961355989;3799;108
fenetre;1637180961356018;3808;109
fenetre;1637180961356051;3817;110
fenetre;1637180961356077;3826;111
fenetre;1637180961356118;3837;112
fenetre;1637180961356126;3845;113
fenetre;1637180961356157;3854;114
fenetre;1637180961356183;3864;115
fenetre;1637180961356213;3872;116
fenetre;1637180961356243;3883;117
fenetre;1637180961356268;3892;118
fenetre;1637180961356297;3902;119
fenetre;1637180961356325;3910;120
fenetre;1637180961356351;3918;121
fenetre;1637180961356380;3927;122
fenetre;1637180961356407;3935;123
fenetre;1637180961356450;3979;124
fenetre;1637180961356462;3986;125
fenetre;1637180961356492;3995;126
fenetre;1637180961356508;4002;127
fenetre;1637180961357411;4898;128
fenetre;1637180961357418;4904;129
fenetre;1637180961357422;4909;130
fenetre;1637180961357426;4912;131
fenetre;1637180961357430;4916;132
fenetre;1637180961357434;4921;133
fenetre;1637180961357438;4924;134
fenetre;1637180961357441;4927;135
fenetre;1637180961357445;4931;136
fenetre;1637180961357449;4935;137
fenetre;1637180961357452;4938;138
fenetre;1637180961357456;4942;139
fenetre;1637180961357461;4947;140
fenetre;1637180961357465;4951;141
fenetre;1637180961357468;4954;142
fenetre;1637180961357472;4959;143
fenetre;1637180961357476;4962;144
fenetre;1637180961357480;4966;145
fenetre;1637180961357483;4970;146
fenetre;1637180961357489;4975;147
fenetre;1637180961357493;4979;148
fenetre;1637180961357497;4982;149
fenetre;1637180961357500;4986;150
fenetre;1637180961357504;4990;151
fenetre;1637180961357508;4993;152
fenetre;1637180961357511;4998;153
fenetre;1637180961357517;5003;154
fenetre;1637180961357520;5006;155
fenetre;1637180961357524;5010;156
fenetre;1637180961357528;5014;157
fenetre;1637180961357531;5017;158
fenetre;1637180961357536;5022;159
fenetre;1637180961357553;5030;160
fenetre;1637180961357576;5038;161
fenetre;1637180961357606;5048;162
fenetre;1637180961357633;5058;163
fenetre;1637180961357658;5067;164
fenetre;1637180961357688;5074;165
fenetre;1637180961357713;5083;166
fenetre;1637180961357742;5090;167
fenetre;1637180961357770;5099;168
fenetre;1637180961357795;5107;169
fenetre;1637180961357825;5115;170
fenetre;1637180961357850;5124;171
fenetre;1637180961357879;5132;172
fenetre;1637180961357905;5140;173
fenetre;1637180961357933;5148;174
fenetre;1637180961357960;5157;175
fenetre;1637180961357988;5164;176
fenetre;1637180961358014;5173;177
fenetre;1637180961358043;5180;178
fenetre;1637180961358069;5188;179
fenetre;1637180961358096;5195;180
fenetre;1637180961358123;5204;181
fenetre;1637180961358150;5212;182
fenetre;1637180961358179;5220;183
fenetre;1637180961358204;5228;184
fenetre;1637180961358232;5235;185
fenetre;1637180961358258;5244;186
fenetre;1637180961358287;5253;187
fenetre;1637180961358313;5260;188
fenetre;1637180961358340;5267;189
fenetre;1637180961358368;5275;190
fenetre;1637180961358395;5284;191
fenetre;1637180961358421;5292;192
fenetre;1637180961358450;5300;193
fenetre;1637180961358477;5307;194
fenetre;1637180961358505;5315;195
fenetre;1637180961358531;5324;196
fenetre;1637180961358559;5332;197
fenetre;1637180961358584;5340;198
fenetre;1637180961358613;5347;199
fenetre;1637180961358640;5356;200
fenetre;1637180961358667;5365;201
fenetre;1637180961358696;5373;202
fenetre;1637180961358721;5381;203
fenetre;1637180961358750;5389;204
fenetre;1637180961358777;5398;205
fenetre;1637180961358804;5405;206
fenetre;1637180961358833;5414;207
fenetre;1637180961358859;5421;208
fenetre;1637180961358888;5430;209
fenetre;1637180961358914;5438;210
fenetre;1637180961358943;5446;211
fenetre;1637180961358969;5454;212
fenetre;1637180961358998;5463;213
fenetre;1637180961359038;5470;214
fenetre;1637180961359066;5479;215
fenetre;1637180961359090;5487;216
fenetre;1637180961359118;5494;217
fenetre;1637180961359144;5501;218
fenetre;1637180961359170;5508;219
fenetre;1637180961359197;5517;220
fenetre;1637180961359222;5524;221
fenetre;1637180961359250;5532;222
fenetre;1637180961359275;5540;223
fenetre;1637180961359302;5548;224
fenetre;1637180961359329;5556;225
fenetre;1637180961359354;5564;226
fenetre;1637180961359381;5572;227
fenetre;1637180961359407;5579;228
fenetre;1637180961359433;5587;229
fenetre;1637180961359461;5595;230
fenetre;1637180961359487;5602;231
fenetre;1637180961359513;5609;232
fenetre;1637180961359540;5616;233
fenetre;1637180961359568;5625;234
fenetre;1637180961359593;5632;235
fenetre;1637180961359620;5638;236
fenetre;1637180961359647;5646;237
fenetre;1637180961359672;5653;238
fenetre;1637180961359700;5661;239
fenetre;1637180961359726;5668;240
fenetre;1637180961359753;5675;241
fenetre;1637180961359779;5682;242
fenetre;1637180961359806;5690;243
fenetre;1637180961359845;5729;244
fenetre;1637180961359861;5737;245
fenetre;1637180961359885;5746;246
fenetre;1637180961359913;5753;247
fenetre;1637180961359941;5762;248
fenetre;1637180961359966;5769;249
fenetre;1637180961359994;5777;250
fenetre;1637180961360019;5785;251
fenetre;1637180961360047;5794;252
fenetre;1637180961360073;5801;253
fenetre;1637180961360100;5809;254
fenetre;1637180961360117;5817;255
fenetre;1637180961361834;7523;255
fenetre;1637180961361841;7530;255
fenetre;1637180961361846;7535;255
fenetre;1637180961361849;7538;255
fenetre;1637180961361853;7542;255
fenetre;1637180961361857;7545;255
fenetre;1637180961361860;7549;255
fenetre;1637180961361864;7553;255
fenetre;1637180961361868;7557;255
fenetre;1637180961361871;7560;255
fenetre;1637180961361875;7564;255
fenetre;1637180961361879;7568;255
fenetre;1637180961361883;7572;255
fenetre;1637180961361886;7575;255
fenetre;1637180961361890;7579;255
fenetre;1637180961361893;7582;255
fenetre;1637180961361897;7586;255
fenetre;1637180961361900;7589;255
fenetre;1637180961361904;7593;255
fenetre;1637180961361908;7597;255
fenetre;1637180961361912;7601;255
fenetre;1637180961361916;7604;255
fenetre;1637180961361919;7608;255
fenetre;1637180961361923;7612;255
fenetre;1637180961361926;7615;255
fenetre;1637180961361929;7619;255
fenetre;1637180961361933;7622;255
fenetre;1637180961361937;7625;255
fenetre;1637180961361940;7629;255
fenetre;1637180961361943;7632;255
fenetre;1637180961361947;7636;255
fenetre;1637180961361950;7639;255
fenetre;1637180961361954;7642;255
fenetre;1637180961361957;7646;255
fenetre;1637180961361961;7650;255
fenetre;1637180961361964;7653;255
fenetre;1637180961361968;7656;255
fenetre;1637180961361972;7660;255
fenetre;1637180961361976;7666;255
fenetre;1637180961361982;7670;255
fenetre;1637180961361985;7674;255
fenetre;1637180961361989;7677;255
fenetre;1637180961361992;7681;255
fenetre;1637180961361996;7685;255
fenetre;1637180961361999;7688;255
fenetre;1637180961362003;7692;255
fenetre;1637180961362007;7696;255
fenetre;1637180961362011;7699;255
fenetre;1637180961362014;7703;255
fenetre;1637180961362017;7707;255
fenetre;1637180961362021;7710;255
fenetre;1637180961362025;7713;255
fenetre;1637180961362028;7716;255
fenetre;1637180961362033;7723;255
fenetre;1637180961362037;7726;255
fenetre;1637180961362041;7729;255
fenetre;1637180961362044;7732;255
fenetre;1637180961362047;7737;255
fenetre;1637180961362051;7740;255
fenetre;1637180961362054;7743;255
fenetre;1637180961362058;7746;255
fenetre;1637180961362061;7751;255
fenetre;1637180961362074;7760;255
fenetre;1637180961362097;7767;255
fenetre;1637180961362116;7774;255
fenetre;1637180961362145;7784;255
fenetre;1637180961362171;7797;255
fenetre;1637180961362197;7807;255
fenetre;1637180961362221;7815;255
fenetre;1637180961362248;7822;255
fenetre;1637180961362278;7831;255
fenetre;1637180961362304;7840;255
fenetre;1637180961362330;7850;255
fenetre;1637180961362359;7859;255
fenetre;1637180961362388;7870;255
fenetre;1637180961362421;7879;255
fenetre;1637180961362440;7887;255
fenetre;1637180961362471;7899;255
fenetre;1637180961362495;7912;255
fenetre;1637180961362528;7926;255
fenetre;1637180961362550;7937;255
fenetre;1637180961362574;7945;255
fenetre;1637180961362606;7956;255
fenetre;1637180961362629;7965;255
fenetre;1637180961362656;7974;255
fenetre;1637180961362680;7982;255
fenetre;1637180961362709;7989;255
fenetre;1637180961362735;7998;255
fenetre;1637180961362760;8005;255
fenetre;1637180961362790;8014;255
fenetre;1637180961362815;8022;255
fenetre;1637180961362840;8030;255
fenetre;1637180961362868;8038;255
fenetre;1637180961362894;8045;255
fenetre;1637180961362919;8052;255
fenetre;1637180961362946;8060;255
fenetre;1637180961362970;8068;255
fenetre;1637180961362998;8076;255
fenetre;1637180961363024;8083;255
fenetre;1637180961363050;8091;255
fenetre;1637180961363074;8099;255
fenetre;1637180961363102;8107;255
fenetre;1637180961363127;8114;255
fenetre;1637180961363155;8121;255
fenetre;1637180961363181;8130;255
fenetre;1637180961363205;8137;255
fenetre;1637180961363234;8146;255
fenetre;1637180961363258;8153;255
fenetre;1637180961363287;8162;255
fenetre;1637180961363325;8200;255
fenetre;1637180961363343;8208;255
fenetre;1637180961363366;8216;255
fenetre;1637180961363393;8223;255
fenetre;1637180961363419;8232;255
fenetre;1637180961363443;8241;255
fenetre;1637180961363472;8248;255
fenetre;1637180961363497;8255;255
fenetre;1637180961363530;8263;255
fenetre;1637180961363552;8272;255
fenetre;1637180961363589;8280;255
fenetre;1637180961363610;8289;255
fenetre;1637180961363635;8298;255
fenetre;1637180961363664;8307;255
fenetre;1637180961363693;8321;255
fenetre;1637180961363713;8334;255
fenetre;1637180961363737;8342;255
fenetre;1637180961363767;8351;255
fenetre;1637180961363792;8359;255
fenetre;1637180961363816;8368;255
fenetre;1637180961363845;8376;255
fenetre;1637180961363871;8383;255
fenetre;1637180961363895;8392;255
fenetre;1637180961363924;8399;255
fenetre;1637180961363950;8408;255
fenetre;1637180961363975;8415;255
fenetre;1637180961364004;8423;255
fenetre;1637180961364029;8432;255
fenetre;1637180961364056;8439;255
fenetre;1637180961364081;8447;255
fenetre;1637180961364106;8455;255
fenetre;1637180961364140;8466;255
fenetre;1637180961364162;8477;255
fenetre;1637180961364187;8484;255
fenetre;1637180961364217;8493;255
fenetre;1637180961364243;8501;255
fenetre;1637180961364267;8509;255
fenetre;1637180961364296;8517;255
fenetre;1637180961364321;8524;255
fenetre;1637180961364347;8533;255
fenetre;1637180961364372;8540;255
fenetre;1637180961364401;8549;255
fenetre;1637180961364428;8556;255
fenetre;1637180961364452;8565;255
fenetre;1637180961364480;8573;255
fenetre;1637180961364505;8581;255
fenetre;1637180961364533;8589;255
fenetre;1637180961364559;8597;255
fenetre;1637180961364584;8604;255
fenetre;1637180961364613;8612;255
fenetre;1637180961364639;8620;255
fenetre;1637180961364663;8628;255
fenetre;1637180961364691;8636;255
fenetre;1637180961364717;8644;255
fenetre;1637180961364742;8652;255
fenetre;1637180961364771;8660;255
fenetre;1637180961364795;8668;255
fenetre;1637180961364823;8675;255
fenetre;1637180961364851;8683;255
fenetre;1637180961364875;8691;255
fenetre;1637180961364904;8699;255
fenetre;1637180961364930;8706;255
fenetre;1637180961364957;8715;255
fenetre;1637180961364981;8722;255
fenetre;1637180961365010;8730;255
fenetre;1637180961365035;8738;255
fenetre;1637180961365062;8744;255
fenetre;1637180961365088;8753;255
fenetre;1637180961365112;8760;255
fenetre;1637180961365141;8769;255
fenetre;1637180961365167;8777;255
fenetre;1637180961365192;8785;255
fenetre;1637180961365220;8792;255
fenetre;1637180961365247;8800;255
fenetre;1637180961365273;8808;255
fenetre;1637180961365298;8816;255
fenetre;1637180961365323;8824;255
fenetre;1637180961365351;8831;255
fenetre;1637180961365376;8838;255
fenetre;1637180961365403;8846;255
fenetre;1637180961365429;8854;255
fenetre;1637180961365454;8862;255
fenetre;1637180961365479;8869;255
fenetre;1637180961365508;8877;255
fenetre;1637180961365533;8886;255
fenetre;1637180961365558;8893;255
fenetre;1637180961365586;8901;255
fenetre;1637180961365613;8909;255
fenetre;1637180961365638;8917;255
fenetre;1637180961365666;8925;255
fenetre;1637180961365693;8933;255
fenetre;1637180961365717;8941;255
fenetre;1637180961365746;8949;255
fenetre;1637180961365772;8956;255
fenetre;1637180961365799;8964;255
fenetre;1637180961365823;8972;255
fenetre;1637180961365851;8979;255
fenetre;1637180961365877;8988;255
fenetre;1637180961365902;8995;255
fenetre;1637180961365931;9004;255
fenetre;1637180961365958;9011;255
fenetre;1637180961365984;9020;255
fenetre;1637180961366011;9027;255
fenetre;1637180961366038;9034;255
fenetre;1637180961366063;9043;255
fenetre;1637180961366091;9050;255
fenetre;1637180961366117;9058;255
fenetre;1637180961366143;9066;255
fenetre;1637180961366170;9074;255
fenetre;1637180961366196;9083;255
fenetre;1637180961366220;9090;255
fenetre;1637180961366248;9097;255
fenetre;1637180961366274;9106;255
fenetre;1637180961366298;9113;255
fenetre;1637180961366326;9122;255
fenetre;1637180961366353;9129;255
fenetre;1637180961366377;9137;255
fenetre;1637180961366405;9145;255
fenetre;1637180961366431;9152;255
fenetre;1637180961366456;9161;255
fenetre;1637180961366494;9199;255
fenetre;1637180961366513;9208;255
fenetre;1637180961366538;9217;255
fenetre;1637180961366565;9226;255
fenetre;1637180961366590;9235;255
fenetre;1637180961366618;9244;255
fenetre;1637180961366645;9253;255
fenetre;1637180961366672;9261;255
fenetre;1637180961366698;9270;255
fenetre;1637180961366728;9279;255
fenetre;1637180961366756;9290;255
fenetre;1637180961366789;9305;255
fenetre;1637180961366805;9316;255
fenetre;1637180961366833;9324;255
fenetre;1637180961366863;9331;255
fenetre;1637180961366905;9341;255
fenetre;1637180961366930;9354;255
fenetre;1637180961366976;9377;255
fenetre;1637180961367003;9395;255
fenetre;1637180961367031;9408;255
fenetre;1637180961367062;9421;255
fenetre;1637180961367089;9431;255
fenetre;1637180961367114;9441;255
fenetre;1637180961367136;9448;255
fenetre;1637180961367153;9456;255
fenetre;1637180961367169;9463;255
fenetre;1637180961369323;11559;255
fenetre;1637180961369335;11571;255
fenetre;1637180961369340;11576;255
fenetre;1637180961369343;11579;255
fenetre;1637180961369347;11583;255
fenetre;1637180961369351;11587;255
fenetre;1637180961369354;11590;255
fenetre;1637180961369358;11594;255
fenetre;1637180961369362;11597;255
fenetre;1637180961369365;11602;255
fenetre;1637180961369370;11606;255
fenetre;1637180961369373;11609;255
fenetre;1637180961369377;11614;255
fenetre;1637180961369381;11617;255
fenetre;1637180961369385;11621;255
fenetre;1637180961369388;11624;255
fenetre;1637180961369392;11628;255
fenetre;1637180961369399;11635;255
fenetre;1637180961369402;11638;255
fenetre;1637180961369406;11642;255
fenetre;1637180961369410;11646;255
fenetre;1637180961369413;11649;255
fenetre;1637180961369417;11653;255
fenetre;1637180961369420;11656;255
fenetre;1637180961369424;11660;255
fenetre;1637180961369429;11665;255
fenetre;1637180961369433;11669;255
fenetre;1637180961369436;11672;255
fenetre;1637180961369440;11676;255
fenetre;1637180961369443;11679;255
fenetre;1637180961369447;11683;255
fenetre;1637180961369450;11687;255
fenetre;1637180961369454;11690;255
fenetre;1637180961369458;11694;255
fenetre;1637180961369461;11697;255
fenetre;1637180961369469;11706;255
fenetre;1637180961369473;11709;255
fenetre;1637180961369476;11712;255
fenetre;1637180961369480;11716;255
fenetre;1637180961369483;11720;255
fenetre;1637180961369487;11723;255
fenetre;1637180961369491;11727;255
fenetre;1637180961369496;11732;255
fenetre;1637180961369500;11736;255
fenetre;1637180961369503;11740;255
fenetre;1637180961369507;11743;255
fenetre;1637180961369511;11747;255
fenetre;1637180961369514;11750;255
fenetre;1637180961369518;11754;255
fenetre;1637180961369521;11757;255
fenetre;1637180961369525;11761;255
fenetre;1637180961369528;11765;255
fenetre;1637180961369532;11768;255
fenetre;1637180961369535;11771;255
fenetre;1637180961369539;11775;255
fenetre;1637180961369543;11779;255
fenetre;1637180961369546;11782;255
fenetre;1637180961369551;11787;255
fenetre;1637180961369555;11791;255
fenetre;1637180961369558;11795;255
fenetre;1637180961369562;11798;255
fenetre;1637180961369565;11801;255
fenetre;1637180961369569;11806;255
fenetre;1637180961369573;11809;255
fenetre;1637180961369577;11813;255
fenetre;1637180961369581;11817;255
fenetre;1637180961369585;11821;255
fenetre;1637180961369614;11831;255
fenetre;1637180961369640;11844;255
fenetre;1637180961369672;11860;255
fenetre;1637180961369694;11869;255
fenetre;1637180961369729;11882;255
fenetre;1637180961369748;11894;255
fenetre;1637180961369779;11903;255
fenetre;1637180961369804;11913;255
fenetre;1637180961369838;11922;255
fenetre;1637180961369872;11933;255
fenetre;1637180961369895;11942;255
fenetre;1637180961369923;11952;255
fenetre;1637180961369946;11960;255
fenetre;1637180961369978;11970;255
fenetre;1637180961370006;11979;255
fenetre;1637180961370038;11987;255
fenetre;1637180961370062;11996;255
fenetre;1637180961370095;12005;255
fenetre;1637180961370122;12012;255
fenetre;1637180961370169;12023;255
fenetre;1637180961370203;12033;255
fenetre;1637180961370228;12041;255
fenetre;1637180961370256;12048;255
fenetre;1637180961370287;12059;255
fenetre;1637180961370314;12070;255
fenetre;1637180961370360;12116;255
fenetre;1637180961370382;12131;255
fenetre;1637180961370434;12145;255
fenetre;1637180961370461;12157;255
fenetre;1637180961370481;12166;255
fenetre;1637180961370504;12175;255
fenetre;1637180961370530;12181;255
fenetre;1637180961370567;12190;255
fenetre;1637180961370584;12197;255
fenetre;1637180961370618;12205;255
fenetre;1637180961370634;12212;255
fenetre;1637180961370664;12221;255
fenetre;1637180961370699;12231;255
fenetre;1637180961370744;12241;255
fenetre;1637180961370817;12260;255
fenetre;1637180961370824;12267;255
fenetre;1637180961370846;12280;255
fenetre;1637180961370882;12293;255
fenetre;1637180961370901;12302;255
fenetre;1637180961370926;12311;255
fenetre;1637180961370952;12318;255
fenetre;1637180961370982;12326;255
fenetre;1637180961371015;12334;255
fenetre;1637180961371033;12341;255
fenetre;1637180961371072;12349;255
fenetre;1637180961371093;12361;255
fenetre;1637180961371115;12370;255
fenetre;1637180961371153;12379;255
fenetre;1637180961371172;12389;255
fenetre;1637180961371195;12398;255
fenetre;1637180961371223;12407;255
fenetre;1637180961371257;12415;255
fenetre;1637180961371277;12423;255
fenetre;1637180961371310;12434;255
fenetre;1637180961371335;12446;255
fenetre;1637180961371360;12453;255
fenetre;1637180961371388;12462;255
fenetre;1637180961371414;12471;255
fenetre;1637180961371442;12478;255
fenetre;1637180961371469;12486;255
fenetre;1637180961371495;12495;255
fenetre;1637180961371525;12504;255
fenetre;1637180961371550;12511;255
fenetre;1637180961371578;12520;255
fenetre;1637180961371604;12527;255
fenetre;1637180961371632;12536;255
fenetre;1637180961371657;12544;255
fenetre;1637180961371686;12552;255
fenetre;1637180961371711;12560;255
fenetre;1637180961371739;12568;255
fenetre;1637180961371764;12576;255
fenetre;1637180961371793;12583;255
fenetre;1637180961371818;12592;255
fenetre;1637180961371847;12600;255
fenetre;1637180961371874;12608;255
fenetre;1637180961371904;12617;255
fenetre;1637180961371929;12625;255
fenetre;1637180961371956;12633;255
fenetre;1637180961371984;12642;255
fenetre;1637180961372008;12650;255
fenetre;1637180961372034;12658;255
fenetre;1637180961372061;12668;255
fenetre;1637180961372086;12677;255
fenetre;1637180961372114;12685;255
fenetre;1637180961372140;12693;255
fenetre;1637180961372167;12702;255
fenetre;1637180961372193;12710;255
fenetre;1637180961372220;12718;255
fenetre;1637180961372246;12726;255
fenetre;1637180961372274;12735;255
fenetre;1637180961372299;12742;255
fenetre;1637180961372327;12750;255
fenetre;1637180961372352;12758;255
fenetre;1637180961372380;12766;255
fenetre;1637180961372408;12774;255
fenetre;1637180961372432;12782;255
fenetre;1637180961372461;12791;255
fenetre;1637180961372486;12798;255
fenetre;1637180961372515;12806;255
fenetre;1637180961372540;12814;255
fenetre;1637180961372568;12823;255
fenetre;1637180961372593;12830;255
fenetre;1637180961372620;12838;255
fenetre;1637180961372647;12846;255
fenetre;1637180961372672;12854;255
fenetre;1637180961372700;12862;255
fenetre;1637180961372727;12870;255
fenetre;1637180961372752;12878;255
fenetre;1637180961372780;12885;255
fenetre;1637180961372807;12894;255
fenetre;1637180961372832;12902;255
fenetre;1637180961372860;12910;255
fenetre;1637180961372887;12918;255
fenetre;1637180961372912;12926;255
fenetre;1637180961372941;12934;255
fenetre;1637180961372966;12942;255
fenetre;1637180961373009;12964;255
fenetre;1637180961373033;12973;255
fenetre;1637180961373060;12980;255
fenetre;1637180961373088;12988;255
fenetre;1637180961373112;12996;255
fenetre;1637180961373139;13003;255
fenetre;1637180961373165;13011;255
fenetre;1637180961373190;13019;255
fenetre;1637180961373218;13026;255
fenetre;1637180961373242;13034;255
fenetre;1637180961373270;13042;255
fenetre;1637180961373294;13050;255
fenetre;1637180961373322;13058;255
fenetre;1637180961373345;13066;255
fenetre;1637180961373373;13073;255
fenetre;1637180961373399;13080;255
fenetre;1637180961373423;13089;255
fenetre;1637180961373451;13096;255
fenetre;1637180961373475;13104;255
fenetre;1637180961373503;13111;255
fenetre;1637180961373527;13119;255
fenetre;1637180961373562;13154;255
fenetre;1637180961373581;13162;255
fenetre;1637180961373610;13171;255
fenetre;1637180961373632;13178;255
fenetre;1637180961373659;13185;255
fenetre;1637180961373685;13194;255
fenetre;1637180961373711;13202;255
fenetre;1637180961373737;13210;255
fenetre;1637180961373762;13217;255
fenetre;1637180961373789;13225;255
fenetre;1637180961373815;13233;255
fenetre;1637180961373839;13240;255
fenetre;1637180961373867;13249;255
fenetre;1637180961373892;13256;255
fenetre;1637180961373919;13264;255
fenetre;1637180961373944;13272;255
fenetre;1637180961373971;13280;255
fenetre;1637180961373995;13287;255
fenetre;1637180961374022;13295;255
fenetre;1637180961374046;13303;255
fenetre;1637180961374074;13311;255
fenetre;1637180961374098;13318;255
fenetre;1637180961374125;13326;255
fenetre;1637180961374151;13334;255
fenetre;1637180961374178;13342;255
fenetre;1637180961374202;13349;255
fenetre;1637180961374229;13357;255
fenetre;1637180961374254;13364;255
fenetre;1637180961374281;13372;255
fenetre;1637180961374307;13380;255
fenetre;1637180961374331;13388;255
fenetre;1637180961374359;13396;255
fenetre;1637180961374384;13403;255
fenetre;1637180961374409;13409;255
fenetre;1637180961374434;13416;255
fenetre;1637180961374460;13422;255
fenetre;1637180961374486;13429;255
fenetre;1637180961374512;13436;255
fenetre;1637180961374536;13445;255
fenetre;1637180961374565;13452;255
fenetre;1637180961374590;13460;255
fenetre;1637180961374616;13468;255
fenetre;1637180961374642;13476;255
fenetre;1637180961374667;13483;255
fenetre;1637180961374685;13492;255
fenetre;1637180961374699;13498;255
fenetre;1637180961376341;15133;255
fenetre;1637180961376346;15139;255
fenetre;1637180961376350;15142;255
fenetre;1637180961376354;15146;255
fenetre;1637180961376357;15150;255
fenetre;1637180961376361;15153;255
fenetre;1637180961376364;15156;255
fenetre;1637180961376367;15159;255
fenetre;1637180961376372;15164;255
fenetre;1637180961376377;15169;255
fenetre;1637180961376382;15174;255
fenetre;1637180961376386;15178;255
fenetre;1637180961376389;15182;255
fenetre;1637180961376393;15185;255
fenetre;1637180961376396;15189;255
fenetre;1637180961376400;15192;255
fenetre;1637180961376403;15195;255
fenetre;1637180961376407;15199;255
fenetre;1637180961376410;15202;255
fenetre;1637180961376414;15206;255
fenetre;1637180961376417;15209;255
fenetre;1637180961376420;15213;255
fenetre;1637180961376425;15217;255
fenetre;1637180961376428;15220;255
fenetre;1637180961376432;15223;255
fenetre;1637180961376435;15227;255
fenetre;1637180961376438;15231;255
fenetre;1637180961376442;15234;255
fenetre;1637180961376453;15242;255
fenetre;1637180961376459;15247;255
fenetre;1637180961376462;15252;255
fenetre;1637180961376466;15255;255
fenetre;1637180961376469;15258;255
fenetre;1637180961376473;15261;255
fenetre;1637180961376476;15266;255
fenetre;1637180961376482;15271;255
fenetre;1637180961376485;15274;255
fenetre;1637180961376489;15278;255
fenetre;1637180961376493;15281;255
fenetre;1637180961376496;15286;255
fenetre;1637180961376499;15289;255
fenetre;1637180961376503;15292;255
fenetre;1637180961376506;15295;255
fenetre;1637180961376513;15302;255
fenetre;1637180961376516;15306;255
fenetre;1637180961376520;15309;255
fenetre;1637180961376523;15312;255
fenetre;1637180961376529;15318;255
fenetre;1637180961376533;15323;255
fenetre;1637180961376536;15326;255
fenetre;1637180961376540;15329;255
fenetre;1637180961376543;15332;255
fenetre;1637180961376547;15336;255
fenetre;1637180961376550;15340;255
fenetre;1637180961376554;15343;255
fenetre;1637180961376557;15346;255
fenetre;1637180961376563;15352;255
fenetre;1637180961376567;15355;255
fenetre;1637180961376570;15359;255
fenetre;1637180961376573;15363;255
fenetre;1637180961376577;15366;255
fenetre;1637180961376581;15369;255
fenetre;1637180961376609;15376;255
fenetre;1637180961376634;15385;255
fenetre;1637180961376657;15394;255
fenetre;1637180961376685;15403;255
fenetre;1637180961376709;15415;255
fenetre;1637180961376734;15422;255
fenetre;1637180961376759;15429;255
fenetre;1637180961376785;15436;255
fenetre;1637180961376808;15445;255
fenetre;1637180961376841;15477;255
fenetre;1637180961376863;15485;255
fenetre;1637180961376885;15494;255
fenetre;1637180961376913;15502;255
fenetre;1637180961376938;15510;255
fenetre;1637180961376963;15518;255
fenetre;1637180961376987;15526;255
fenetre;1637180961377014;15534;255
fenetre;1637180961377040;15542;255
fenetre;1637180961377063;15549;255
fenetre;1637180961377090;15557;255
fenetre;1637180961377115;15565;255
fenetre;1637180961377139;15572;255
fenetre;1637180961377166;15580;255
fenetre;1637180961377191;15588;255
fenetre;1637180961377215;15595;255
fenetre;1637180961377241;15602;255
fenetre;1637180961377269;15610;255
fenetre;1637180961377292;15618;255
fenetre;1637180961377319;15626;255
fenetre;1637180961377342;15633;255
fenetre;1637180961377371;15641;255
fenetre;1637180961377395;15648;255
fenetre;1637180961377420;15656;255
fenetre;1637180961377444;15663;255
fenetre;1637180961377471;15672;255
fenetre;1637180961377495;15679;255
fenetre;1637180961377522;15686;255
fenetre;1637180961377547;15694;255
fenetre;1637180961377571;15701;255
fenetre;1637180961377598;15709;255
fenetre;1637180961377623;15717;255
fenetre;1637180961377647;15724;255
fenetre;1637180961377673;15731;255
fenetre;1637180961377699;15738;255
fenetre;1637180961377726;15746;255
fenetre;1637180961377750;15753;255
fenetre;1637180961377777;15761;255
fenetre;1637180961377802;15769;255
fenetre;1637180961377825;15776;255
fenetre;1637180961377853;15784;255
fenetre;1637180961377878;15792;255
fenetre;1637180961377901;15799;255
fenetre;1637180961377927;15806;255
fenetre;1637180961377954;15815;255
fenetre;1637180961377977;15822;255
fenetre;1637180961378004;15829;255
fenetre;1637180961378029;15836;255
fenetre;1637180961378054;15844;255
fenetre;1637180961378078;15852;255
fenetre;1637180961378105;15860;255
fenetre;1637180961378128;15867;255
fenetre;1637180961378155;15874;255
fenetre;1637180961378181;15883;255
fenetre;1637180961378205;15890;255
fenetre;1637180961378230;15897;255
fenetre;1637180961378256;15904;255
fenetre;1637180961378282;15913;255
fenetre;1637180961378308;15920;255
fenetre;1637180961378333;15929;255
fenetre;1637180961378359;15937;255
fenetre;1637180961378384;15944;255
fenetre;1637180961378409;15951;255
fenetre;1637180961378433;15959;255
fenetre;1637180961378458;15966;255
fenetre;1637180961378485;15973;255
fenetre;1637180961378508;15982;255
fenetre;1637180961378535;15989;255
fenetre;1637180961378559;15996;255
fenetre;1637180961378584;16003;255
fenetre;1637180961378610;16011;255
fenetre;1637180961378632;16019;255
fenetre;1637180961378660;16027;255
fenetre;1637180961378685;16034;255
fenetre;1637180961378709;16042;255
fenetre;1637180961378736;16050;255
fenetre;1637180961378760;16057;255
fenetre;1637180961378786;16064;255
fenetre;1637180961378811;16071;255
fenetre;1637180961378835;16079;255
fenetre;1637180961378861;16087;255
fenetre;1637180961378886;16094;255
fenetre;1637180961378911;16100;255
fenetre;1637180961378936;16108;255
fenetre;1637180961378960;16116;255
fenetre;1637180961378987;16123;255
fenetre;1637180961379010;16130;255
fenetre;1637180961379037;16139;255
fenetre;1637180961379062;16146;255
fenetre;1637180961379086;16153;255
fenetre;1637180961379113;16162;255
fenetre;1637180961379137;16169;255
fenetre;1637180961379163;16176;255
fenetre;1637180961379187;16183;255
fenetre;1637180961379215;16192;255
fenetre;1637180961379238;16199;255
fenetre;1637180961379265;16207;255
fenetre;1637180961379291;16215;255
fenetre;1637180961379315;16221;255
fenetre;1637180961379340;16227;255
fenetre;1637180961379366;16236;255
fenetre;1637180961379390;16244;255
fenetre;1637180961379417;16251;255
fenetre;1637180961379443;16260;255
fenetre;1637180961379468;16267;255
fenetre;1637180961379494;16274;255
fenetre;1637180961379519;16282;255
fenetre;1637180961379543;16290;255
fenetre;1637180961379569;16297;255
fenetre;1637180961379594;16304;255
fenetre;1637180961379619;16311;255
fenetre;1637180961379644;16318;255
fenetre;1637180961379668;16326;255
fenetre;1637180961379695;16334;255
fenetre;1637180961379720;16341;255
fenetre;1637180961379744;16349;255
fenetre;1637180961379771;16357;255
fenetre;1637180961379803;16389;255
fenetre;1637180961379823;16397;255
fenetre;1637180961379847;16404;255
fenetre;1637180961379872;16413;255
fenetre;1637180961379897;16420;255
fenetre;1637180961379921;16427;255
fenetre;1637180961379947;16435;255
fenetre;1637180961379971;16442;255
fenetre;1637180961379998;16451;255
fenetre;1637180961380023;16458;255
fenetre;1637180961380047;16465;255
fenetre;1637180961380072;16472;255
fenetre;1637180961380096;16479;255
fenetre;1637180961380124;16487;255
fenetre;1637180961380146;16495;255
fenetre;1637180961380174;16503;255
fenetre;1637180961380198;16510;255
fenetre;1637180961380226;16519;255
fenetre;1637180961380251;16526;255
fenetre;1637180961380278;16534;255
fenetre;1637180961380301;16541;255
fenetre;1637180961380326;16547;255
fenetre;1637180961380352;16554;255
fenetre;1637180961380377;16562;255
fenetre;1637180961380401;16570;255
fenetre;1637180961380428;16577;255
fenetre;1637180961380453;16584;255
fenetre;1637180961380478;16591;255
fenetre;1637180961380501;16599;255
fenetre;1637180961380528;16607;255
fenetre;1637180961380554;16614;255
fenetre;1637180961380579;16622;255
fenetre;1637180961380602;16629;255
fenetre;1637180961380629;16637;255
fenetre;1637180961380655;16645;255
fenetre;1637180961380680;16652;255
fenetre;1637180961380703;16659;255
fenetre;1637180961380730;16668;255
fenetre;1637180961380756;16675;255
fenetre;1637180961380779;16682;255
fenetre;1637180961380822;16691;255
fenetre;1637180961380843;16698;255
fenetre;1637180961380868;16706;255
fenetre;1637180961380892;16713;255
fenetre;1637180961380917;16721;255
fenetre;1637180961380941;16728;255
ecn;1637180961380958;16735;0
fenetre;1637180961382349;18126;229
timeout;1637180962384139;18146;0
fenetre;1637180962385904;19907;114
fenetre;1637180962385926;19928;115
fenetre;1637180962385934;19936;116
fenetre;1637180962385940;19942;117
fenetre;1637180962385946;19948;118
fenetre;1637180962385952;19953;119
fenetre;1637180962385959;19960;120
fenetre;1637180962385965;19967;121
fenetre;1637180962385971;19973;122
fenetre;1637180962385977;19979;123
fenetre;1637180962385983;19985;124
fenetre;1637180962385997;19998;125
fenetre;1637180962386003;20005;126
fenetre;1637180962386009;20011;127
fenetre;1637180962386015;20016;128
fenetre;1637180962386021;20023;129
fenetre;1637180962386027;20029;130
fenetre;1637180962386033;20035;131
fenetre;1637180962386043;20045;132
fenetre;1637180962386049;20051;133
fenetre;1637180962386055;20056;134
fenetre;1637180962386061;20062;135
fenetre;1637180962386101;20082;136
fenetre;1637180962386132;20101;137
fenetre;1637180962386189;20121;138
fenetre;1637180962386231;20140;139
fenetre;1637180962386302;20164;140
fenetre;1637180962386351;20197;141
fenetre;1637180962386365;20211;142
fenetre;1637180962386418;20227;143
fenetre;1637180962386460;20252;144
fenetre;1637180962386507;20282;145
fenetre;1637180962386574;20310;146
fenetre;1637180962386588;20324;147
fenetre;1637180962386635;20343;148
fenetre;1637180962386662;20360;149
fenetre;1637180962386713;20374;150
fenetre;1637180962386769;20390;151
fenetre;1637180962386822;20417;152
fenetre;1637180962386899;20452;153
fenetre;1637180962386942;20484;154
fenetre;1637180962386954;20495;155
fenetre;1637180962386983;20510;156
fenetre;1637180962387041;20547;157
fenetre;1637180962387085;20577;158
fenetre;1637180962387153;20603;159
fenetre;1637180962387182;20626;160
fenetre;1637180962387206;20639;161
fenetre;1637180962387246;20652;162
fenetre;1637180962387344;20680;163
fenetre;1637180962387359;20693;164
fenetre;1637180962387389;20708;165
fenetre;1637180962387436;20721;166
fenetre;1637180962387489;20736;167
fenetre;1637180962387531;20750;168
fenetre;1637180962387574;20762;169
fenetre;1637180962387628;20778;170
fenetre;1637180962387684;20803;171
fenetre;1637180962387719;20823;172
fenetre;1637180962387761;20836;173
fenetre;1637180962387812;20851;174
fenetre;1637180962387854;20864;175
fenetre;1637180962387922;20894;176
fenetre;1637180962387958;20904;177
fenetre;1637180962387996;20915;178
fenetre;1637180962388030;20925;179
fenetre;1637180962388067;20937;180
fenetre;1637180962388101;20947;181
fenetre;1637180962388171;21017;182
fenetre;1637180962388177;21023;183
fenetre;1637180962388215;21033;184
fenetre;1637180962388245;21044;185
fenetre;1637180962388285;21056;186
fenetre;1637180962388322;21068;187
fenetre;1637180962388355;21079;188
fenetre;1637180962388395;21090;189
fenetre;1637180962388428;21101;190
fenetre;1637180962388467;21111;191
fenetre;1637180962388501;21122;192
fenetre;1637180962388538;21133;193
fenetre;1637180962388572;21144;194
fenetre;1637180962388612;21154;195
fenetre;1637180962388646;21165;196
fenetre;1637180962388682;21175;197
fenetre;1637180962388716;21186;198
fenetre;1637180962388754;21197;199
fenetre;1637180962388788;21208;200
fenetre;1637180962388826;21218;201
fenetre;1637180962388860;21228;202
fenetre;1637180962388897;21239;203
fenetre;1637180962388931;21250;204
fenetre;1637180962388970;21260;205
fenetre;1637180962389004;21270;206
fenetre;1637180962389041;21281;207
fenetre;1637180962389075;21291;208
fenetre;1637180962389130;21304;209
fenetre;1637180962389179;21328;210
fenetre;1637180962389280;21343;211
fenetre;1637180962389347;21361;212
fenetre;1637180962389427;21374;213
fenetre;1637180962389532;21402;214
fenetre;1637180962389548;21417;215
fenetre;1637180962389585;21434;216
fenetre;1637180962389646;21451;217
fenetre;1637180962389704;21465;218
fenetre;1637180962389729;21476;219
fenetre;1637180962389777;21488;220
fenetre;1637180962389813;21500;221
fenetre;1637180962389854;21517;222
fenetre;1637180962389885;21531;223
fenetre;1637180962389926;21544;224
fenetre;1637180962389956;21560;225
fenetre;1637180962389981;21583;226
fenetre;1637180962389992;21594;227
fin;1637180962390295;21692;0
