type;temps;clock;fen
debut;1637177362799587;2208;0
fenetre;1637177362800865;2390;1
fenetre;1637177362801084;2425;2
fenetre;1637177362801287;2441;3
fenetre;1637177362801326;2481;4
fenetre;1637177362801481;2499;5
fenetre;1637177362801490;2508;6
fenetre;1637177362801530;2523;7
fenetre;1637177362801635;2629;8
fenetre;1637177362801765;2650;9
fenetre;1637177362801781;2663;10
fenetre;1637177362801807;2676;11
fenetre;1637177362801825;2688;12
fenetre;1637177362801840;2698;13
fenetre;1637177362801855;2704;14
fenetre;1637177362801887;2717;15
fenetre;1637177362801998;2829;16
fenetre;1637177362802163;2852;17
fenetre;1637177362802173;2862;18
fenetre;1637177362802196;2878;19
fenetre;1637177362802216;2889;20
fenetre;1637177362802241;2901;21
fenetre;1637177362802278;2922;22
fenetre;1637177362802321;2940;23
fenetre;1637177362802355;2961;24
fenetre;1637177362802423;2991;25
fenetre;1637177362802484;3009;26
fenetre;1637177362802519;3029;27
fenetre;1637177362802529;3038;28
fenetre;1637177362802547;3047;29
fenetre;1637177362802562;3055;30
fenetre;1637177362802588;3065;31
fenetre;1637177362803039;3446;32
fenetre;1637177362803050;3456;33
fenetre;1637177362803054;3461;34
fenetre;1637177362803059;3465;35
fenetre;1637177362803063;3470;36
fenetre;1637177362803069;3476;37
fenetre;1637177362803073;3479;38
fenetre;1637177362803090;3493;39
fenetre;1637177362803119;3509;40
fenetre;1637177362803153;3524;41
fenetre;1637177362803176;3536;42
fenetre;1637177362803215;3554;43
fenetre;1637177362803245;3567;44
fenetre;1637177362803280;3575;45
fenetre;1637177362803322;3583;46
fenetre;1637177362803327;3588;47
fenetre;1637177362803365;3596;48
fenetre;1637177362803397;3606;49
fenetre;1637177362803426;3616;50
fenetre;1637177362803453;3626;51
fenetre;1637177362803492;3644;52
fenetre;1637177362803519;3658;53
fenetre;1637177362803552;3668;54
fenetre;1637177362803580;3678;55
fenetre;1637177362803645;3687;56
fenetre;1637177362803651;3693;57
fenetre;1637177362803669;3707;58
fenetre;1637177362803707;3721;59
fenetre;1637177362803730;3730;60
fenetre;1637177362803758;3740;61
fenetre;1637177362803775;3749;62
fenetre;1637177362803796;3760;63
fenetre;1637177362804301;4259;64
fenetre;1637177362804307;4264;65
fenetre;1637177362804311;4269;66
fenetre;1637177362804315;4273;67
fenetre;1637177362804319;4276;68
fenetre;1637177362804323;4280;69
fenetre;1637177362804327;4284;70
fenetre;1637177362804331;4287;71
fenetre;1637177362804334;4292;72
fenetre;1637177362804338;4295;73
fenetre;1637177362804342;4299;74
fenetre;1637177362804347;4304;75
fenetre;1637177362804351;4308;76
fenetre;1637177362804363;4316;77
fenetre;1637177362804415;4324;78
fenetre;1637177362804441;4334;79
fenetre;1637177362804510;4343;80
fenetre;1637177362804516;4349;81
fenetre;1637177362804533;4362;82
fenetre;1637177362804568;4374;83
fenetre;1637177362804590;4385;84
fenetre;1637177362804617;4395;85
fenetre;1637177362804655;4402;86
fenetre;1637177362804677;4410;87
fenetre;1637177362804711;4420;88
fenetre;1637177362804743;4429;89
fenetre;1637177362804767;4438;90
fenetre;1637177362804808;4447;91
fenetre;1637177362804836;4455;92
fenetre;1637177362804860;4464;93
fenetre;1637177362804892;4473;94
fenetre;1637177362804933;4488;95
fenetre;1637177362804951;4501;96
fenetre;1637177362804981;4512;97
fenetre;1637177362805013;4521;98
fenetre;1637177362805043;4530;99
fenetre;1637177362805070;4539;100
fenetre;1637177362805098;4549;101
fenetre;1637177362805129;4558;102
fenetre;1637177362805158;4567;103
fenetre;1637177362805190;4576;104
fenetre;1637177362805218;4585;105
fenetre;1637177362805249;4595;106
fenetre;1637177362805276;4604;107
fenetre;1637177362805310;4614;108
fenetre;1637177362805343;4630;109
fenetre;1637177362805371;4639;110
fenetre;1637177362805400;4647;111
fenetre;1637177362805430;4656;112
fenetre;1637177362805458;4666;113
fenetre;1637177362805490;4675;114
fenetre;1637177362805518;4683;115
fenetre;1637177362805548;4692;116
fenetre;1637177362805576;4700;117
fenetre;1637177362805607;4709;118
fenetre;1637177362805635;4717;119
fenetre;1637177362805666;4726;120
fenetre;1637177362805694;4735;121
fenetre;1637177362805725;4744;122
fenetre;1637177362805753;4753;123
fenetre;1637177362805798;4798;124
fenetre;1637177362805803;4803;125
fenetre;1637177362805821;4811;126
fenetre;1637177362805836;4819;127
fenetre;1637177362806769;5742;128
fenetre;1637177362806777;5751;129
fenetre;1637177362806782;5755;130
fenetre;1637177362806785;5758;131
fenetre;1637177362806789;5763;132
fenetre;1637177362806793;5766;133
fenetre;1637177362806797;5770;134
fenetre;1637177362806800;5774;135
fenetre;1637177362806804;5777;136
fenetre;1637177362806810;5783;137
fenetre;1637177362806814;5787;138
fenetre;1637177362806817;5791;139
fenetre;1637177362806821;5795;140
fenetre;1637177362806825;5798;141
fenetre;1637177362806828;5802;142
fenetre;1637177362806832;5806;143
fenetre;1637177362806838;5811;144
fenetre;1637177362806842;5815;145
fenetre;1637177362806845;5819;146
fenetre;1637177362806849;5822;147
fenetre;1637177362806853;5826;148
fenetre;1637177362806857;5830;149
fenetre;1637177362806861;5834;150
fenetre;1637177362806866;5839;151
fenetre;1637177362806870;5844;152
fenetre;1637177362806874;5847;153
fenetre;1637177362806877;5850;154
fenetre;1637177362806881;5855;155
fenetre;1637177362806885;5859;156
fenetre;1637177362806889;5862;157
fenetre;1637177362806900;5870;158
fenetre;1637177362806932;5879;159
fenetre;1637177362806955;5890;160
fenetre;1637177362806987;5899;161
fenetre;1637177362807013;5908;162
fenetre;1637177362807043;5918;163
fenetre;1637177362807069;5926;164
fenetre;1637177362807100;5934;165
fenetre;1637177362807128;5943;166
fenetre;1637177362807156;5951;167
fenetre;1637177362807186;5960;168
fenetre;1637177362807213;5969;169
fenetre;1637177362807242;5977;170
fenetre;1637177362807270;5985;171
fenetre;1637177362807299;5994;172
fenetre;1637177362807325;6001;173
fenetre;1637177362807356;6010;174
fenetre;1637177362807383;6019;175
fenetre;1637177362807413;6026;176
fenetre;1637177362807439;6035;177
fenetre;1637177362807469;6043;178
fenetre;1637177362807497;6052;179
fenetre;1637177362807524;6060;180
fenetre;1637177362807555;6068;181
fenetre;1637177362807584;6077;182
fenetre;1637177362807610;6086;183
fenetre;1637177362807640;6093;184
fenetre;1637177362807670;6102;185
fenetre;1637177362807696;6109;186
fenetre;1637177362807726;6118;187
fenetre;1637177362807753;6127;188
fenetre;1637177362807784;6135;189
fenetre;1637177362807812;6144;190
fenetre;1637177362807838;6151;191
fenetre;1637177362807868;6160;192
fenetre;1637177362807897;6168;193
fenetre;1637177362807924;6176;194
fenetre;1637177362807953;6184;195
fenetre;1637177362807982;6193;196
fenetre;1637177362808008;6202;197
fenetre;1637177362808039;6210;198
fenetre;1637177362808065;6218;199
fenetre;1637177362808095;6226;200
fenetre;1637177362808123;6235;201
fenetre;1637177362808152;6244;202
fenetre;1637177362808181;6251;203
fenetre;1637177362808210;6261;204
fenetre;1637177362808236;6271;205
fenetre;1637177362808268;6280;206
fenetre;1637177362808296;6289;207
fenetre;1637177362808323;6297;208
fenetre;1637177362808352;6306;209
fenetre;1637177362808381;6314;210
fenetre;1637177362808407;6322;211
fenetre;1637177362808437;6330;212
fenetre;1637177362808466;6339;213
fenetre;1637177362808492;6348;214
fenetre;1637177362808524;6356;215
fenetre;1637177362808552;6364;216
fenetre;1637177362808579;6372;217
fenetre;1637177362808610;6381;218
fenetre;1637177362808639;6389;219
fenetre;1637177362808665;6397;220
fenetre;1637177362808696;6405;221
fenetre;1637177362808725;6415;222
fenetre;1637177362808752;6424;223
fenetre;1637177362808783;6432;224
fenetre;1637177362808810;6440;225
fenetre;1637177362808840;6449;226
fenetre;1637177362808866;6457;227
fenetre;1637177362808898;6466;228
fenetre;1637177362808925;6474;229
fenetre;1637177362808955;6482;230
fenetre;1637177362808984;6491;231
fenetre;1637177362809010;6499;232
fenetre;1637177362809040;6508;233
fenetre;1637177362809067;6516;234
fenetre;1637177362809096;6524;235
fenetre;1637177362809123;6532;236
fenetre;1637177362809153;6540;237
fenetre;1637177362809181;6549;238
fenetre;1637177362809209;6557;239
fenetre;1637177362809236;6566;240
fenetre;1637177362809266;6575;241
fenetre;1637177362809292;6583;242
fenetre;1637177362809321;6591;243
fenetre;1637177362809354;6623;244
fenetre;1637177362809379;6631;245
fenetre;1637177362809405;6640;246
fenetre;1637177362809436;6649;247
fenetre;1637177362809464;6659;248
fenetre;1637177362809491;6666;249
fenetre;1637177362809522;6675;250
fenetre;1637177362809549;6684;251
fenetre;1637177362809578;6692;252
fenetre;1637177362809619;6709;253
fenetre;1637177362809649;6719;254
fenetre;1637177362809657;6727;255
fenetre;1637177362811448;8505;255
fenetre;1637177362811454;8511;255
fenetre;1637177362811458;8516;255
fenetre;1637177362811462;8519;255
fenetre;1637177362811466;8523;255
fenetre;1637177362811469;8526;255
fenetre;1637177362811473;8530;255
fenetre;1637177362811476;8534;255
fenetre;1637177362811480;8537;255
fenetre;1637177362811485;8543;255
fenetre;1637177362811489;8546;255
fenetre;1637177362811493;8550;255
fenetre;1637177362811496;8554;255
fenetre;1637177362811500;8557;255
fenetre;1637177362811504;8561;255
fenetre;1637177362811508;8566;255
fenetre;1637177362811513;8571;255
fenetre;1637177362811517;8574;255
fenetre;1637177362811521;8578;255
fenetre;1637177362811524;8581;255
fenetre;1637177362811528;8585;255
fenetre;1637177362811531;8589;255
fenetre;1637177362811535;8592;255
fenetre;1637177362811539;8596;255
fenetre;1637177362811544;8600;255
fenetre;1637177362811547;8605;255
fenetre;1637177362811551;8608;255
fenetre;1637177362811555;8612;255
fenetre;1637177362811558;8616;255
fenetre;1637177362811562;8620;255
fenetre;1637177362811566;8623;255
fenetre;1637177362811571;8629;255
fenetre;1637177362811575;8632;255
fenetre;1637177362811579;8636;255
fenetre;1637177362811582;8640;255
fenetre;1637177362811586;8643;255
fenetre;1637177362811590;8647;255
fenetre;1637177362811593;8650;255
fenetre;1637177362811599;8657;255
fenetre;1637177362811603;8660;255
fenetre;1637177362811606;8663;255
fenetre;1637177362811610;8668;255
fenetre;1637177362811614;8671;255
fenetre;1637177362811617;8674;255
fenetre;1637177362811621;8679;255
fenetre;1637177362811626;8684;255
fenetre;1637177362811630;8687;255
fenetre;1637177362811633;8690;255
fenetre;1637177362811637;8695;255
fenetre;1637177362811640;8698;255
fenetre;1637177362811644;8701;255
fenetre;1637177362811648;8705;255
fenetre;1637177362811651;8709;255
fenetre;1637177362811655;8712;255
fenetre;1637177362811659;8717;255
fenetre;1637177362811663;8720;255
fenetre;1637177362811666;8723;255
fenetre;1637177362811670;8728;255
fenetre;1637177362811674;8731;255
fenetre;1637177362811688;8738;255
fenetre;1637177362811715;8745;255
fenetre;1637177362811743;8752;255
fenetre;1637177362811773;8762;255
fenetre;1637177362811802;8776;255
fenetre;1637177362811827;8786;255
fenetre;1637177362811853;8794;255
fenetre;1637177362811880;8804;255
fenetre;1637177362811910;8813;255
fenetre;1637177362811936;8821;255
fenetre;1637177362811965;8829;255
fenetre;1637177362811991;8837;255
fenetre;1637177362812020;8845;255
fenetre;1637177362812046;8854;255
fenetre;1637177362812075;8862;255
fenetre;1637177362812103;8869;255
fenetre;1637177362812132;8876;255
fenetre;1637177362812161;8884;255
fenetre;1637177362812187;8892;255
fenetre;1637177362812217;8901;255
fenetre;1637177362812243;8908;255
fenetre;1637177362812274;8916;255
fenetre;1637177362812301;8925;255
fenetre;1637177362812327;8933;255
fenetre;1637177362812357;8941;255
fenetre;1637177362812385;8950;255
fenetre;1637177362812412;8957;255
fenetre;1637177362812440;8965;255
fenetre;1637177362812466;8973;255
fenetre;1637177362812496;8981;255
fenetre;1637177362812523;8989;255
fenetre;1637177362812552;8997;255
fenetre;1637177362812579;9006;255
fenetre;1637177362812606;9014;255
fenetre;1637177362812635;9022;255
fenetre;1637177362812663;9030;255
fenetre;1637177362812688;9038;255
fenetre;1637177362812718;9046;255
fenetre;1637177362812745;9055;255
fenetre;1637177362812771;9062;255
fenetre;1637177362812800;9070;255
fenetre;1637177362812827;9078;255
fenetre;1637177362812853;9087;255
fenetre;1637177362812882;9095;255
fenetre;1637177362812908;9103;255
fenetre;1637177362812937;9111;255
fenetre;1637177362812964;9119;255
fenetre;1637177362812995;9128;255
fenetre;1637177362813020;9135;255
fenetre;1637177362813051;9144;255
fenetre;1637177362813099;9192;255
fenetre;1637177362813122;9199;255
fenetre;1637177362813151;9208;255
fenetre;1637177362813177;9215;255
fenetre;1637177362813209;9224;255
fenetre;1637177362813237;9237;255
fenetre;1637177362813268;9248;255
fenetre;1637177362813292;9255;255
fenetre;1637177362813318;9262;255
fenetre;1637177362813344;9270;255
fenetre;1637177362813373;9281;255
fenetre;1637177362813399;9290;255
fenetre;1637177362813425;9299;255
fenetre;1637177362813453;9307;255
fenetre;1637177362813478;9315;255
fenetre;1637177362813509;9322;255
fenetre;1637177362813533;9331;255
fenetre;1637177362813560;9338;255
fenetre;1637177362813586;9347;255
fenetre;1637177362813614;9355;255
fenetre;1637177362813639;9363;255
fenetre;1637177362813667;9370;255
fenetre;1637177362813694;9378;255
fenetre;1637177362813721;9387;255
fenetre;1637177362813748;9394;255
fenetre;1637177362813775;9402;255
fenetre;1637177362813800;9410;255
fenetre;1637177362813828;9418;255
fenetre;1637177362813854;9425;255
fenetre;1637177362813881;9432;255
fenetre;1637177362813906;9440;255
fenetre;1637177362813935;9448;255
fenetre;1637177362813961;9456;255
fenetre;1637177362813989;9463;255
fenetre;1637177362814014;9472;255
fenetre;1637177362814042;9479;255
fenetre;1637177362814069;9487;255
fenetre;1637177362814094;9495;255
fenetre;1637177362814122;9502;255
fenetre;1637177362814147;9510;255
fenetre;1637177362814175;9518;255
fenetre;1637177362814224;9529;255
fenetre;1637177362814311;9544;255
fenetre;1637177362814393;9555;255
fenetre;1637177362814399;9562;255
fenetre;1637177362814436;9570;255
fenetre;1637177362814452;9581;255
fenetre;1637177362814486;9590;255
fenetre;1637177362814505;9598;255
fenetre;1637177362814531;9606;255
fenetre;1637177362814559;9615;255
fenetre;1637177362814586;9622;255
fenetre;1637177362814619;9629;255
fenetre;1637177362814650;9638;255
fenetre;1637177362814685;9652;255
fenetre;1637177362814711;9666;255
fenetre;1637177362814741;9680;255
fenetre;1637177362814787;9700;255
fenetre;1637177362814849;9717;255
fenetre;1637177362814919;9738;255
fenetre;1637177362814954;9755;255
fenetre;1637177362815018;9765;255
fenetre;1637177362815074;9784;255
fenetre;1637177362815112;9805;255
fenetre;1637177362815135;9819;255
fenetre;1637177362815180;9832;255
fenetre;1637177362815208;9845;255
fenetre;1637177362815262;9862;255
fenetre;1637177362815286;9872;255
fenetre;1637177362815321;9885;255
fenetre;1637177362815361;9902;255
fenetre;1637177362815413;9915;255
fenetre;1637177362815454;9929;255
fenetre;1637177362815492;9949;255
fenetre;1637177362815570;9964;255
fenetre;1637177362815617;9988;255
fenetre;1637177362815661;10008;255
fenetre;1637177362815705;10030;255
fenetre;1637177362815738;10045;255
fenetre;1637177362815773;10060;255
fenetre;1637177362815799;10071;255
fenetre;1637177362815847;10089;255
fenetre;1637177362815883;10099;255
fenetre;1637177362815921;10112;255
fenetre;1637177362815982;10137;255
fenetre;1637177362816010;10153;255
fenetre;1637177362816044;10166;255
fenetre;1637177362816111;10180;255
fenetre;1637177362816140;10193;255
fenetre;1637177362816177;10206;255
fenetre;1637177362816212;10217;255
fenetre;1637177362816240;10227;255
fenetre;1637177362816267;10237;255
fenetre;1637177362816295;10246;255
fenetre;1637177362816325;10255;255
fenetre;1637177362816353;10266;255
fenetre;1637177362816389;10278;255
fenetre;1637177362816416;10292;255
fenetre;1637177362816456;10308;255
fenetre;1637177362816496;10322;255
fenetre;1637177362816528;10335;255
fenetre;1637177362816565;10348;255
fenetre;1637177362816594;10366;255
fenetre;1637177362816621;10377;255
fenetre;1637177362816649;10387;255
fenetre;1637177362816672;10396;255
fenetre;1637177362816707;10405;255
fenetre;1637177362816730;10412;255
fenetre;1637177362816757;10421;255
fenetre;1637177362816789;10430;255
fenetre;1637177362816817;10443;255
fenetre;1637177362816841;10453;255
fenetre;1637177362816869;10463;255
fenetre;1637177362816895;10470;255
fenetre;1637177362816921;10478;255
fenetre;1637177362816949;10485;255
fenetre;1637177362816974;10494;255
fenetre;1637177362817006;10503;255
fenetre;1637177362817030;10510;255
fenetre;1637177362817096;10577;255
fenetre;1637177362817101;10581;255
fenetre;1637177362817118;10590;255
fenetre;1637177362817142;10598;255
fenetre;1637177362817171;10606;255
fenetre;1637177362817198;10615;255
fenetre;1637177362817223;10624;255
fenetre;1637177362817250;10631;255
fenetre;1637177362817277;10640;255
fenetre;1637177362817302;10647;255
fenetre;1637177362817330;10656;255
fenetre;1637177362817355;10663;255
fenetre;1637177362817381;10671;255
fenetre;1637177362817409;10679;255
fenetre;1637177362817439;10686;255
fenetre;1637177362817465;10694;255
fenetre;1637177362817490;10702;255
fenetre;1637177362817520;10711;255
fenetre;1637177362817545;10718;255
fenetre;1637177362817573;10727;255
fenetre;1637177362817598;10734;255
fenetre;1637177362817626;10743;255
fenetre;1637177362817651;10751;255
fenetre;1637177362817678;10759;255
fenetre;1637177362817705;10766;255
fenetre;1637177362817722;10774;255
fenetre;1637177362817736;10781;255
fenetre;1637177362819498;12533;255
fenetre;1637177362819507;12541;255
fenetre;1637177362819511;12546;255
fenetre;1637177362819515;12549;255
fenetre;1637177362819519;12552;255
fenetre;1637177362819522;12557;255
fenetre;1637177362819526;12560;255
fenetre;1637177362819531;12564;255
fenetre;1637177362819534;12568;255
fenetre;1637177362819538;12572;255
fenetre;1637177362819541;12575;255
fenetre;1637177362819545;12579;255
fenetre;1637177362819548;12582;255
fenetre;1637177362819552;12586;255
fenetre;1637177362819557;12591;255
fenetre;1637177362819561;12595;255
fenetre;1637177362819564;12598;255
fenetre;1637177362819568;12602;255
fenetre;1637177362819571;12606;255
fenetre;1637177362819575;12609;255
fenetre;1637177362819579;12612;255
fenetre;1637177362819584;12618;255
fenetre;1637177362819587;12621;255
fenetre;1637177362819591;12625;255
fenetre;1637177362819594;12628;255
fenetre;1637177362819598;12632;255
fenetre;1637177362819601;12636;255
fenetre;1637177362819605;12639;255
fenetre;1637177362819610;12644;255
fenetre;1637177362819614;12648;255
fenetre;1637177362819617;12651;255
fenetre;1637177362819620;12654;255
fenetre;1637177362819624;12658;255
fenetre;1637177362819627;12662;255
fenetre;1637177362819631;12665;255
fenetre;1637177362819634;12668;255
fenetre;1637177362819638;12672;255
fenetre;1637177362819641;12675;255
fenetre;1637177362819645;12679;255
fenetre;1637177362819648;12683;255
fenetre;1637177362819652;12686;255
fenetre;1637177362819656;12689;255
fenetre;1637177362819659;12694;255
fenetre;1637177362819664;12698;255
fenetre;1637177362819668;12702;255
fenetre;1637177362819671;12705;255
fenetre;1637177362819675;12709;255
fenetre;1637177362819678;12712;255
fenetre;1637177362819682;12716;255
fenetre;1637177362819685;12719;255
fenetre;1637177362819689;12723;255
fenetre;1637177362819692;12727;255
fenetre;1637177362819696;12730;255
fenetre;1637177362819699;12733;255
fenetre;1637177362819703;12737;255
fenetre;1637177362819706;12740;255
fenetre;1637177362819710;12744;255
fenetre;1637177362819713;12747;255
fenetre;1637177362819717;12751;255
fenetre;1637177362819720;12755;255
fenetre;1637177362819724;12758;255
fenetre;1637177362819727;12761;255
fenetre;1637177362819731;12765;255
fenetre;1637177362819735;12769;255
fenetre;1637177362819755;12778;255
fenetre;1637177362819782;12790;255
fenetre;1637177362819806;12801;255
fenetre;1637177362819832;12809;255
fenetre;1637177362819858;12817;255
fenetre;1637177362819884;12826;255
fenetre;1637177362819912;12835;255
fenetre;1637177362819938;12843;255
fenetre;1637177362819965;12851;255
fenetre;1637177362819990;12859;255
fenetre;1637177362820019;12866;255
fenetre;1637177362820046;12875;255
fenetre;1637177362820072;12882;255
fenetre;1637177362820099;12891;255
fenetre;1637177362820126;12898;255
fenetre;1637177362820151;12906;255
fenetre;1637177362820179;12914;255
fenetre;1637177362820206;12923;255
fenetre;1637177362820235;12930;255
fenetre;1637177362820259;12939;255
fenetre;1637177362820287;12946;255
fenetre;1637177362820312;12954;255
fenetre;1637177362820340;12961;255
fenetre;1637177362820365;12970;255
fenetre;1637177362820394;12977;255
fenetre;1637177362820419;12985;255
fenetre;1637177362820459;13025;255
fenetre;1637177362820476;13033;255
fenetre;1637177362820502;13042;255
fenetre;1637177362820529;13050;255
fenetre;1637177362820557;13059;255
fenetre;1637177362820582;13066;255
fenetre;1637177362820610;13075;255
fenetre;1637177362820635;13082;255
fenetre;1637177362820664;13091;255
fenetre;1637177362820689;13098;255
fenetre;1637177362820718;13106;255
fenetre;1637177362820744;13114;255
fenetre;1637177362820769;13123;255
fenetre;1637177362820798;13130;255
fenetre;1637177362820824;13138;255
fenetre;1637177362820852;13146;255
fenetre;1637177362820879;13155;255
fenetre;1637177362820905;13162;255
fenetre;1637177362820931;13170;255
fenetre;1637177362820959;13178;255
fenetre;1637177362820985;13186;255
fenetre;1637177362821013;13193;255
fenetre;1637177362821038;13202;255
fenetre;1637177362821067;13209;255
fenetre;1637177362821092;13217;255
fenetre;1637177362821120;13224;255
fenetre;1637177362821146;13233;255
fenetre;1637177362821173;13241;255
fenetre;1637177362821199;13249;255
fenetre;1637177362821226;13256;255
fenetre;1637177362821252;13264;255
fenetre;1637177362821279;13272;255
fenetre;1637177362821305;13280;255
fenetre;1637177362821333;13287;255
fenetre;1637177362821358;13296;255
fenetre;1637177362821385;13303;255
fenetre;1637177362821410;13310;255
fenetre;1637177362821438;13319;255
fenetre;1637177362821462;13326;255
fenetre;1637177362821492;13334;255
fenetre;1637177362821517;13342;255
fenetre;1637177362821544;13350;255
fenetre;1637177362821569;13357;255
fenetre;1637177362821597;13366;255
fenetre;1637177362821622;13373;255
fenetre;1637177362821650;13380;255
fenetre;1637177362821677;13389;255
fenetre;1637177362821702;13397;255
fenetre;1637177362821730;13404;255
fenetre;1637177362821756;13412;255
fenetre;1637177362821783;13420;255
fenetre;1637177362821809;13429;255
fenetre;1637177362821836;13437;255
fenetre;1637177362821861;13445;255
fenetre;1637177362821890;13452;255
fenetre;1637177362821915;13460;255
fenetre;1637177362821944;13468;255
fenetre;1637177362821972;13477;255
fenetre;1637177362821997;13484;255
fenetre;1637177362822023;13493;255
fenetre;1637177362822050;13500;255
fenetre;1637177362822078;13508;255
fenetre;1637177362822103;13516;255
fenetre;1637177362822134;13524;255
fenetre;1637177362822158;13533;255
fenetre;1637177362822185;13540;255
fenetre;1637177362822209;13548;255
fenetre;1637177362822238;13556;255
fenetre;1637177362822263;13564;255
fenetre;1637177362822292;13572;255
fenetre;1637177362822318;13581;255
fenetre;1637177362822345;13588;255
fenetre;1637177362822370;13596;255
fenetre;1637177362822398;13604;255
fenetre;1637177362822422;13612;255
fenetre;1637177362822450;13619;255
fenetre;1637177362822475;13627;255
fenetre;1637177362822503;13635;255
fenetre;1637177362822529;13643;255
fenetre;1637177362822556;13651;255
fenetre;1637177362822581;13659;255
fenetre;1637177362822609;13666;255
fenetre;1637177362822635;13675;255
fenetre;1637177362822662;13682;255
fenetre;1637177362822688;13691;255
fenetre;1637177362822716;13698;255
fenetre;1637177362822742;13706;255
fenetre;1637177362822769;13714;255
fenetre;1637177362822795;13722;255
fenetre;1637177362822822;13730;255
fenetre;1637177362822847;13738;255
fenetre;1637177362822875;13745;255
fenetre;1637177362822901;13753;255
fenetre;1637177362822926;13761;255
fenetre;1637177362822955;13769;255
fenetre;1637177362822981;13777;255
fenetre;1637177362823008;13784;255
fenetre;1637177362823034;13793;255
fenetre;1637177362823061;13801;255
fenetre;1637177362823086;13809;255
fenetre;1637177362823114;13816;255
fenetre;1637177362823139;13824;255
fenetre;1637177362823168;13832;255
fenetre;1637177362823192;13840;255
fenetre;1637177362823220;13847;255
fenetre;1637177362823245;13855;255
fenetre;1637177362823272;13863;255
fenetre;1637177362823299;13870;255
fenetre;1637177362823325;13879;255
fenetre;1637177362823353;13886;255
fenetre;1637177362823378;13894;255
fenetre;1637177362823405;13901;255
fenetre;1637177362823431;13910;255
fenetre;1637177362823459;13917;255
fenetre;1637177362823484;13925;255
fenetre;1637177362823512;13933;255
fenetre;1637177362823540;13942;255
fenetre;1637177362823574;13975;255
fenetre;1637177362823593;13983;255
fenetre;1637177362823619;13991;255
fenetre;1637177362823650;13999;255
fenetre;1637177362823673;14006;255
fenetre;1637177362823701;14015;255
fenetre;1637177362823727;14022;255
fenetre;1637177362823754;14031;255
fenetre;1637177362823778;14038;255
fenetre;1637177362823807;14046;255
fenetre;1637177362823832;14053;255
fenetre;1637177362823861;14062;255
fenetre;1637177362823886;14069;255
fenetre;1637177362823914;14077;255
fenetre;1637177362823940;14085;255
fenetre;1637177362823968;14093;255
fenetre;1637177362823996;14101;255
fenetre;1637177362824023;14108;255
fenetre;1637177362824050;14117;255
fenetre;1637177362824076;14124;255
fenetre;1637177362824104;14133;255
fenetre;1637177362824129;14140;255
fenetre;1637177362824157;14148;255
fenetre;1637177362824182;14156;255
fenetre;1637177362824210;14164;255
fenetre;1637177362824235;14171;255
fenetre;1637177362824263;14179;255
fenetre;1637177362824288;14187;255
fenetre;1637177362824316;14195;255
fenetre;1637177362824341;14203;255
fenetre;1637177362824369;14211;255
fenetre;1637177362824393;14218;255
fenetre;1637177362824421;14227;255
fenetre;1637177362824446;14234;255
fenetre;1637177362824475;14242;255
fenetre;1637177362824500;14249;255
fenetre;1637177362824528;14258;255
fenetre;1637177362824553;14265;255
fenetre;1637177362824581;14274;255
fenetre;1637177362824605;14281;255
fenetre;1637177362824634;14289;255
fenetre;1637177362824660;14297;255
fenetre;1637177362824688;14305;255
fenetre;1637177362824713;14312;255
fenetre;1637177362824741;14320;255
fenetre;1637177362824768;14329;255
fenetre;1637177362824793;14336;255
fenetre;1637177362824812;14344;255
fenetre;1637177362826490;16016;255
fenetre;1637177362826496;16022;255
fenetre;1637177362826500;16026;255
fenetre;1637177362826504;16029;255
fenetre;1637177362826508;16033;255
fenetre;1637177362826512;16038;255
fenetre;1637177362826516;16041;255
fenetre;1637177362826520;16045;255
fenetre;1637177362826523;16049;255
fenetre;1637177362826527;16052;255
fenetre;1637177362826530;16055;255
fenetre;1637177362826533;16058;255
fenetre;1637177362826537;16063;255
fenetre;1637177362826540;16066;255
fenetre;1637177362826544;16069;255
fenetre;1637177362826547;16072;255
fenetre;1637177362826550;16076;255
fenetre;1637177362826554;16080;255
fenetre;1637177362826557;16083;255
fenetre;1637177362826561;16086;255
fenetre;1637177362826564;16090;255
fenetre;1637177362826568;16093;255
fenetre;1637177362826571;16097;255
fenetre;1637177362826575;16100;255
fenetre;1637177362826581;16107;255
fenetre;1637177362826586;16111;255
fenetre;1637177362826589;16114;255
fenetre;1637177362826593;16118;255
fenetre;1637177362826597;16122;255
fenetre;1637177362826600;16126;255
fenetre;1637177362826604;16129;255
fenetre;1637177362826610;16135;255
fenetre;1637177362826613;16139;255
fenetre;1637177362826617;16142;255
fenetre;1637177362826620;16145;255
fenetre;1637177362826624;16150;255
fenetre;1637177362826627;16153;255
fenetre;1637177362826631;16156;255
fenetre;1637177362826634;16159;255
fenetre;1637177362826639;16165;255
fenetre;1637177362826642;16168;255
fenetre;1637177362826646;16171;255
fenetre;1637177362826649;16174;255
fenetre;1637177362826653;16178;255
fenetre;1637177362826656;16182;255
fenetre;1637177362826659;16185;255
fenetre;1637177362826663;16188;255
fenetre;1637177362826666;16192;255
fenetre;1637177362826670;16195;255
fenetre;1637177362826673;16199;255
fenetre;1637177362826677;16202;255
fenetre;1637177362826680;16206;255
fenetre;1637177362826684;16209;255
fenetre;1637177362826687;16212;255
fenetre;1637177362826691;16216;255
fenetre;1637177362826695;16220;255
fenetre;1637177362826699;16225;255
fenetre;1637177362826703;16228;255
fenetre;1637177362826707;16232;255
fenetre;1637177362826712;16238;255
fenetre;1637177362826715;16241;255
fenetre;1637177362826744;16249;255
fenetre;1637177362826769;16258;255
fenetre;1637177362826799;16266;255
fenetre;1637177362826828;16275;255
fenetre;1637177362826849;16283;255
fenetre;1637177362826875;16290;255
fenetre;1637177362826906;16301;255
fenetre;1637177362826930;16311;255
fenetre;1637177362826962;16345;255
fenetre;1637177362826981;16353;255
fenetre;1637177362827008;16363;255
fenetre;1637177362827044;16370;255
fenetre;1637177362827064;16379;255
fenetre;1637177362827098;16388;255
fenetre;1637177362827116;16396;255
fenetre;1637177362827142;16403;255
fenetre;1637177362827176;16420;255
fenetre;1637177362827203;16431;255
fenetre;1637177362827221;16439;255
fenetre;1637177362827254;16447;255
fenetre;1637177362827275;16455;255
fenetre;1637177362827315;16463;255
fenetre;1637177362827330;16470;255
fenetre;1637177362827354;16478;255
fenetre;1637177362827382;16486;255
fenetre;1637177362827414;16494;255
fenetre;1637177362827439;16502;255
fenetre;1637177362827463;16511;255
fenetre;1637177362827491;16523;255
fenetre;1637177362827517;16533;255
fenetre;1637177362827546;16544;255
fenetre;1637177362827573;16553;255
fenetre;1637177362827597;16560;255
fenetre;1637177362827625;16569;255
fenetre;1637177362827650;16576;255
fenetre;1637177362827678;16585;255
fenetre;1637177362827704;16592;255
fenetre;1637177362827731;16600;255
fenetre;1637177362827755;16608;255
fenetre;1637177362827783;16615;255
fenetre;1637177362827810;16624;255
fenetre;1637177362827834;16632;255
fenetre;1637177362827863;16640;255
fenetre;1637177362827887;16648;255
fenetre;1637177362827916;16656;255
fenetre;1637177362827940;16663;255
fenetre;1637177362827968;16672;255
fenetre;1637177362827993;16680;255
fenetre;1637177362828022;16688;255
fenetre;1637177362828047;16696;255
fenetre;1637177362828075;16703;255
fenetre;1637177362828101;16712;255
fenetre;1637177362828126;16720;255
fenetre;1637177362828153;16727;255
fenetre;1637177362828180;16735;255
fenetre;1637177362828204;16743;255
fenetre;1637177362828233;16751;255
fenetre;1637177362828260;16759;255
fenetre;1637177362828284;16767;255
fenetre;1637177362828312;16774;255
fenetre;1637177362828339;16782;255
fenetre;1637177362828366;16789;255
fenetre;1637177362828391;16798;255
fenetre;1637177362828420;16806;255
fenetre;1637177362828447;16814;255
fenetre;1637177362828474;16823;255
fenetre;1637177362828498;16831;255
fenetre;1637177362828527;16839;255
fenetre;1637177362828556;16847;255
fenetre;1637177362828582;16858;255
fenetre;1637177362828608;16868;255
fenetre;1637177362828635;16883;255
fenetre;1637177362828663;16891;255
fenetre;1637177362828690;16898;255
fenetre;1637177362828715;16907;255
fenetre;1637177362828742;16917;255
fenetre;1637177362828768;16927;255
fenetre;1637177362828794;16934;255
fenetre;1637177362828820;16941;255
fenetre;1637177362828846;16950;255
fenetre;1637177362828874;16958;255
fenetre;1637177362828900;16965;255
fenetre;1637177362828925;16974;255
fenetre;1637177362828953;16981;255
fenetre;1637177362828979;16988;255
fenetre;1637177362829006;16996;255
fenetre;1637177362829031;17004;255
fenetre;1637177362829060;17012;255
fenetre;1637177362829102;17020;255
fenetre;1637177362829126;17027;255
fenetre;1637177362829154;17036;255
fenetre;1637177362829178;17043;255
fenetre;1637177362829207;17051;255
fenetre;1637177362829231;17058;255
fenetre;1637177362829257;17067;255
fenetre;1637177362829282;17074;255
fenetre;1637177362829308;17081;255
fenetre;1637177362829335;17088;255
fenetre;1637177362829360;17096;255
fenetre;1637177362829387;17104;255
fenetre;1637177362829413;17111;255
fenetre;1637177362829437;17119;255
fenetre;1637177362829464;17127;255
fenetre;1637177362829491;17134;255
fenetre;1637177362829517;17141;255
fenetre;1637177362829541;17150;255
fenetre;1637177362829568;17157;255
fenetre;1637177362829593;17164;255
fenetre;1637177362829618;17171;255
fenetre;1637177362829644;17180;255
fenetre;1637177362829670;17186;255
fenetre;1637177362829695;17193;255
fenetre;1637177362829721;17200;255
fenetre;1637177362829746;17209;255
fenetre;1637177362829772;17216;255
fenetre;1637177362829798;17224;255
fenetre;1637177362829822;17232;255
fenetre;1637177362829851;17239;255
fenetre;1637177362829877;17247;255
fenetre;1637177362829901;17254;255
fenetre;1637177362829927;17261;255
fenetre;1637177362829953;17270;255
fenetre;1637177362829979;17277;255
fenetre;1637177362830005;17286;255
fenetre;1637177362830030;17295;255
fenetre;1637177362830059;17323;255
fenetre;1637177362830085;17330;255
fenetre;1637177362830114;17343;255
fenetre;1637177362830134;17353;255
fenetre;1637177362830165;17365;255
fenetre;1637177362830189;17375;255
fenetre;1637177362830212;17384;255
fenetre;1637177362830241;17391;255
fenetre;1637177362830267;17400;255
fenetre;1637177362830299;17412;255
fenetre;1637177362830323;17423;255
fenetre;1637177362830349;17432;255
fenetre;1637177362830374;17440;255
fenetre;1637177362830404;17451;255
fenetre;1637177362830426;17459;255
fenetre;1637177362830455;17466;255
fenetre;1637177362830485;17476;255
fenetre;1637177362830507;17487;255
fenetre;1637177362830531;17494;255
fenetre;1637177362830567;17508;255
fenetre;1637177362830588;17520;255
fenetre;1637177362830615;17529;255
fenetre;1637177362830640;17539;255
fenetre;1637177362830670;17553;255
fenetre;1637177362830685;17565;255
fenetre;1637177362830713;17572;255
fenetre;1637177362830741;17582;255
fenetre;1637177362830768;17592;255
fenetre;1637177362830809;17610;255
fenetre;1637177362830821;17621;255
fenetre;1637177362830861;17635;255
fenetre;1637177362830936;17654;255
fenetre;1637177362830979;17668;255
fenetre;1637177362831005;17680;255
fenetre;1637177362831048;17695;255
fenetre;1637177362831071;17712;255
fenetre;1637177362831107;17725;255
fenetre;1637177362831154;17740;255
fenetre;1637177362831178;17753;255
fenetre;1637177362831201;17765;255
fenetre;1637177362831238;17774;255
fenetre;1637177362831252;17781;255
fenetre;1637177362831287;17790;255
fenetre;1637177362831317;17800;255
fenetre;1637177362831340;17809;255
fenetre;1637177362831385;17828;255
fenetre;1637177362831409;17843;255
fenetre;1637177362831431;17855;255
ecn;1637177362831464;17867;0
fenetre;1637177362832919;19320;229
fenetre;1637177362832927;19328;230
fenetre;1637177362832932;19333;231
fenetre;1637177362832935;19336;232
fenetre;1637177362832939;19340;233
fenetre;1637177362832943;19344;234
fenetre;1637177362832946;19347;235
fenetre;1637177362832950;19350;236
fenetre;1637177362832953;19354;237
fenetre;1637177362832957;19357;238
fenetre;1637177362832960;19361;239
fenetre;1637177362832964;19365;240
fenetre;1637177362832967;19368;241
fenetre;1637177362832971;19371;242
fenetre;1637177362832974;19375;243
fenetre;1637177362832978;19379;244
timeout;1637177363835569;19391;0
fin;1637177364839967;19686;0
