type;temps;clock;fen
debut;1637177370677755;1789;0
fenetre;1637177370678616;1908;1
fenetre;1637177370678806;1948;2
fenetre;1637177370678911;1961;3
fenetre;1637177370678987;1997;4
fenetre;1637177370679104;2011;5
fenetre;1637177370679156;2028;6
fenetre;1637177370679181;2039;7
fenetre;1637177370679263;2108;8
fenetre;1637177370679346;2118;9
fenetre;1637177370679370;2133;10
fenetre;1637177370679394;2145;11
fenetre;1637177370679428;2159;12
fenetre;1637177370679449;2170;13
fenetre;1637177370679467;2183;14
fenetre;1637177370679476;2191;15
fenetre;1637177370679599;2304;16
fenetre;1637177370679613;2315;17
fenetre;1637177370679642;2322;18
fenetre;1637177370679669;2330;19
fenetre;1637177370679695;2337;20
fenetre;1637177370679721;2344;21
fenetre;1637177370679750;2354;22
fenetre;1637177370679777;2364;23
fenetre;1637177370679805;2372;24
fenetre;1637177370679829;2381;25
fenetre;1637177370679857;2390;26
fenetre;1637177370679882;2398;27
fenetre;1637177370679911;2406;28
fenetre;1637177370679937;2413;29
fenetre;1637177370679971;2425;30
fenetre;1637177370679977;2431;31
fenetre;1637177370680231;2671;32
fenetre;1637177370680237;2677;33
fenetre;1637177370680240;2681;34
fenetre;1637177370680244;2685;35
fenetre;1637177370680249;2690;36
fenetre;1637177370680253;2693;37
fenetre;1637177370680257;2697;38
fenetre;1637177370680283;2705;39
fenetre;1637177370680310;2716;40
fenetre;1637177370680338;2724;41
fenetre;1637177370680364;2732;42
fenetre;1637177370680397;2743;43
fenetre;1637177370680426;2759;44
fenetre;1637177370680452;2768;45
fenetre;1637177370680478;2777;46
fenetre;1637177370680506;2788;47
fenetre;1637177370680534;2802;48
fenetre;1637177370680561;2812;49
fenetre;1637177370680589;2821;50
fenetre;1637177370680616;2831;51
fenetre;1637177370680645;2840;52
fenetre;1637177370680672;2848;53
fenetre;1637177370680699;2855;54
fenetre;1637177370680726;2862;55
fenetre;1637177370680753;2869;56
fenetre;1637177370680779;2878;57
fenetre;1637177370680809;2887;58
fenetre;1637177370680845;2895;59
fenetre;1637177370680871;2904;60
fenetre;1637177370680896;2912;61
fenetre;1637177370680928;2926;62
fenetre;1637177370680944;2933;63
fenetre;1637177370681430;3407;64
fenetre;1637177370681437;3415;65
fenetre;1637177370681441;3418;66
fenetre;1637177370681445;3422;67
fenetre;1637177370681449;3426;68
fenetre;1637177370681454;3431;69
fenetre;1637177370681458;3434;70
fenetre;1637177370681461;3438;71
fenetre;1637177370681465;3442;72
fenetre;1637177370681468;3445;73
fenetre;1637177370681472;3449;74
fenetre;1637177370681475;3452;75
fenetre;1637177370681486;3459;76
fenetre;1637177370681516;3470;77
fenetre;1637177370681542;3482;78
fenetre;1637177370681566;3492;79
fenetre;1637177370681592;3499;80
fenetre;1637177370681619;3508;81
fenetre;1637177370681647;3517;82
fenetre;1637177370681672;3525;83
fenetre;1637177370681702;3533;84
fenetre;1637177370681727;3541;85
fenetre;1637177370681755;3548;86
fenetre;1637177370681781;3557;87
fenetre;1637177370681809;3565;88
fenetre;1637177370681836;3573;89
fenetre;1637177370681864;3581;90
fenetre;1637177370681890;3589;91
fenetre;1637177370681918;3597;92
fenetre;1637177370681943;3604;93
fenetre;1637177370681972;3613;94
fenetre;1637177370682000;3621;95
fenetre;1637177370682026;3629;96
fenetre;1637177370682053;3636;97
fenetre;1637177370682079;3644;98
fenetre;1637177370682107;3652;99
fenetre;1637177370682134;3661;100
fenetre;1637177370682162;3668;101
fenetre;1637177370682189;3677;102
fenetre;1637177370682214;3685;103
fenetre;1637177370682243;3693;104
fenetre;1637177370682269;3701;105
fenetre;1637177370682296;3708;106
fenetre;1637177370682324;3716;107
fenetre;1637177370682351;3724;108
fenetre;1637177370682377;3732;109
fenetre;1637177370682404;3740;110
fenetre;1637177370682432;3748;111
fenetre;1637177370682458;3756;112
fenetre;1637177370682486;3763;113
fenetre;1637177370682511;3772;114
fenetre;1637177370682540;3780;115
fenetre;1637177370682567;3788;116
fenetre;1637177370682594;3796;117
fenetre;1637177370682620;3804;118
fenetre;1637177370682648;3812;119
fenetre;1637177370682674;3819;120
fenetre;1637177370682702;3828;121
fenetre;1637177370682728;3835;122
fenetre;1637177370682756;3844;123
fenetre;1637177370682809;3897;124
fenetre;1637177370682814;3901;125
fenetre;1637177370682817;3905;126
fenetre;1637177370682835;3912;127
fenetre;1637177370683697;4770;128
fenetre;1637177370683705;4779;129
fenetre;1637177370683709;4783;130
fenetre;1637177370683713;4786;131
fenetre;1637177370683717;4790;132
fenetre;1637177370683720;4793;133
fenetre;1637177370683724;4797;134
fenetre;1637177370683727;4800;135
fenetre;1637177370683731;4805;136
fenetre;1637177370683735;4808;137
fenetre;1637177370683739;4812;138
fenetre;1637177370683742;4816;139
fenetre;1637177370683746;4819;140
fenetre;1637177370683749;4823;141
fenetre;1637177370683753;4826;142
fenetre;1637177370683757;4830;143
fenetre;1637177370683762;4835;144
fenetre;1637177370683765;4839;145
fenetre;1637177370683769;4842;146
fenetre;1637177370683772;4846;147
fenetre;1637177370683776;4849;148
fenetre;1637177370683780;4853;149
fenetre;1637177370683783;4856;150
fenetre;1637177370683787;4861;151
fenetre;1637177370683791;4865;152
fenetre;1637177370683795;4868;153
fenetre;1637177370683798;4872;154
fenetre;1637177370683802;4875;155
fenetre;1637177370683806;4879;156
fenetre;1637177370683809;4882;157
fenetre;1637177370683822;4890;158
fenetre;1637177370683851;4897;159
fenetre;1637177370683880;4907;160
fenetre;1637177370683906;4917;161
fenetre;1637177370683932;4925;162
fenetre;1637177370683960;4934;163
fenetre;1637177370683987;4941;164
fenetre;1637177370684015;4950;165
fenetre;1637177370684041;4957;166
fenetre;1637177370684069;4965;167
fenetre;1637177370684096;4974;168
fenetre;1637177370684124;4981;169
fenetre;1637177370684151;4989;170
fenetre;1637177370684177;4997;171
fenetre;1637177370684205;5005;172
fenetre;1637177370684232;5013;173
fenetre;1637177370684259;5021;174
fenetre;1637177370684287;5029;175
fenetre;1637177370684313;5036;176
fenetre;1637177370684341;5044;177
fenetre;1637177370684368;5053;178
fenetre;1637177370684396;5060;179
fenetre;1637177370684422;5069;180
fenetre;1637177370684450;5076;181
fenetre;1637177370684478;5085;182
fenetre;1637177370684505;5092;183
fenetre;1637177370684546;5100;184
fenetre;1637177370684574;5107;185
fenetre;1637177370684600;5116;186
fenetre;1637177370684626;5123;187
fenetre;1637177370684652;5130;188
fenetre;1637177370684679;5139;189
fenetre;1637177370684706;5146;190
fenetre;1637177370684732;5153;191
fenetre;1637177370684760;5161;192
fenetre;1637177370684786;5169;193
fenetre;1637177370684812;5177;194
fenetre;1637177370684836;5184;195
fenetre;1637177370684864;5192;196
fenetre;1637177370684890;5200;197
fenetre;1637177370684916;5208;198
fenetre;1637177370684942;5215;199
fenetre;1637177370684968;5223;200
fenetre;1637177370684994;5231;201
fenetre;1637177370685021;5239;202
fenetre;1637177370685047;5246;203
fenetre;1637177370685074;5254;204
fenetre;1637177370685100;5262;205
fenetre;1637177370685126;5269;206
fenetre;1637177370685152;5277;207
fenetre;1637177370685179;5284;208
fenetre;1637177370685205;5293;209
fenetre;1637177370685233;5300;210
fenetre;1637177370685258;5308;211
fenetre;1637177370685285;5315;212
fenetre;1637177370685311;5323;213
fenetre;1637177370685340;5331;214
fenetre;1637177370685363;5338;215
fenetre;1637177370685390;5347;216
fenetre;1637177370685417;5354;217
fenetre;1637177370685443;5361;218
fenetre;1637177370685469;5369;219
fenetre;1637177370685496;5376;220
fenetre;1637177370685522;5385;221
fenetre;1637177370685549;5392;222
fenetre;1637177370685574;5400;223
fenetre;1637177370685603;5407;224
fenetre;1637177370685628;5415;225
fenetre;1637177370685666;5427;226
fenetre;1637177370685692;5440;227
fenetre;1637177370685714;5451;228
fenetre;1637177370685745;5460;229
fenetre;1637177370685768;5468;230
fenetre;1637177370685796;5476;231
fenetre;1637177370685820;5484;232
fenetre;1637177370685848;5491;233
fenetre;1637177370685874;5500;234
fenetre;1637177370685905;5507;235
fenetre;1637177370685938;5521;236
fenetre;1637177370685965;5533;237
fenetre;1637177370685985;5541;238
fenetre;1637177370686010;5549;239
fenetre;1637177370686043;5557;240
fenetre;1637177370686075;5570;241
fenetre;1637177370686096;5581;242
fenetre;1637177370686121;5590;243
fenetre;1637177370686154;5623;244
fenetre;1637177370686179;5630;245
fenetre;1637177370686203;5639;246
fenetre;1637177370686234;5646;247
fenetre;1637177370686258;5652;248
fenetre;1637177370686284;5660;249
fenetre;1637177370686314;5672;250
fenetre;1637177370686337;5683;251
fenetre;1637177370686362;5691;252
fenetre;1637177370686391;5699;253
fenetre;1637177370686418;5707;254
fenetre;1637177370686434;5715;255
fenetre;1637177370688099;7371;255
fenetre;1637177370688106;7377;255
fenetre;1637177370688111;7383;255
fenetre;1637177370688114;7386;255
fenetre;1637177370688118;7390;255
fenetre;1637177370688121;7393;255
fenetre;1637177370688125;7397;255
fenetre;1637177370688128;7401;255
fenetre;1637177370688132;7404;255
fenetre;1637177370688137;7409;255
fenetre;1637177370688141;7413;255
fenetre;1637177370688145;7417;255
fenetre;1637177370688148;7420;255
fenetre;1637177370688152;7424;255
fenetre;1637177370688155;7427;255
fenetre;1637177370688159;7431;255
fenetre;1637177370688162;7434;255
fenetre;1637177370688166;7438;255
fenetre;1637177370688169;7441;255
fenetre;1637177370688173;7445;255
fenetre;1637177370688176;7449;255
fenetre;1637177370688180;7452;255
fenetre;1637177370688183;7455;255
fenetre;1637177370688187;7458;255
fenetre;1637177370688192;7464;255
fenetre;1637177370688196;7468;255
fenetre;1637177370688199;7471;255
fenetre;1637177370688202;7474;255
fenetre;1637177370688206;7478;255
fenetre;1637177370688209;7482;255
fenetre;1637177370688213;7485;255
fenetre;1637177370688218;7490;255
fenetre;1637177370688222;7494;255
fenetre;1637177370688225;7497;255
fenetre;1637177370688228;7500;255
fenetre;1637177370688232;7504;255
fenetre;1637177370688235;7507;255
fenetre;1637177370688239;7511;255
fenetre;1637177370688244;7516;255
fenetre;1637177370688248;7520;255
fenetre;1637177370688251;7523;255
fenetre;1637177370688254;7526;255
fenetre;1637177370688258;7530;255
fenetre;1637177370688262;7534;255
fenetre;1637177370688265;7537;255
fenetre;1637177370688270;7542;255
fenetre;1637177370688273;7546;255
fenetre;1637177370688277;7549;255
fenetre;1637177370688280;7552;255
fenetre;1637177370688284;7556;255
fenetre;1637177370688287;7559;255
fenetre;1637177370688291;7563;255
fenetre;1637177370688294;7567;255
fenetre;1637177370688298;7570;255
fenetre;1637177370688302;7574;255
fenetre;1637177370688305;7578;255
fenetre;1637177370688309;7581;255
fenetre;1637177370688312;7584;255
fenetre;1637177370688316;7588;255
fenetre;1637177370688319;7591;255
fenetre;1637177370688324;7596;255
fenetre;1637177370688327;7599;255
fenetre;1637177370688354;7606;255
fenetre;1637177370688381;7616;255
fenetre;1637177370688405;7629;255
fenetre;1637177370688430;7638;255
fenetre;1637177370688458;7646;255
fenetre;1637177370688482;7654;255
fenetre;1637177370688512;7664;255
fenetre;1637177370688537;7673;255
fenetre;1637177370688563;7682;255
fenetre;1637177370688591;7689;255
fenetre;1637177370688615;7698;255
fenetre;1637177370688642;7705;255
fenetre;1637177370688667;7713;255
fenetre;1637177370688695;7721;255
fenetre;1637177370688721;7729;255
fenetre;1637177370688745;7737;255
fenetre;1637177370688773;7745;255
fenetre;1637177370688798;7752;255
fenetre;1637177370688825;7759;255
fenetre;1637177370688850;7766;255
fenetre;1637177370688880;7776;255
fenetre;1637177370688903;7783;255
fenetre;1637177370688933;7791;255
fenetre;1637177370688957;7799;255
fenetre;1637177370688981;7806;255
fenetre;1637177370689010;7816;255
fenetre;1637177370689035;7825;255
fenetre;1637177370689061;7833;255
fenetre;1637177370689085;7840;255
fenetre;1637177370689111;7848;255
fenetre;1637177370689137;7856;255
fenetre;1637177370689169;7864;255
fenetre;1637177370689198;7874;255
fenetre;1637177370689228;7886;255
fenetre;1637177370689255;7898;255
fenetre;1637177370689277;7908;255
fenetre;1637177370689304;7915;255
fenetre;1637177370689330;7922;255
fenetre;1637177370689356;7931;255
fenetre;1637177370689382;7942;255
fenetre;1637177370689407;7951;255
fenetre;1637177370689432;7959;255
fenetre;1637177370689459;7967;255
fenetre;1637177370689484;7974;255
fenetre;1637177370689512;7982;255
fenetre;1637177370689537;7990;255
fenetre;1637177370689563;7997;255
fenetre;1637177370689592;8027;255
fenetre;1637177370689618;8035;255
fenetre;1637177370689641;8042;255
fenetre;1637177370689667;8050;255
fenetre;1637177370689692;8058;255
fenetre;1637177370689719;8066;255
fenetre;1637177370689744;8073;255
fenetre;1637177370689771;8082;255
fenetre;1637177370689796;8089;255
fenetre;1637177370689822;8097;255
fenetre;1637177370689847;8104;255
fenetre;1637177370689874;8112;255
fenetre;1637177370689898;8119;255
fenetre;1637177370689926;8128;255
fenetre;1637177370689952;8135;255
fenetre;1637177370689976;8143;255
fenetre;1637177370690003;8150;255
fenetre;1637177370690028;8158;255
fenetre;1637177370690055;8166;255
fenetre;1637177370690080;8174;255
fenetre;1637177370690106;8181;255
fenetre;1637177370690131;8189;255
fenetre;1637177370690159;8196;255
fenetre;1637177370690184;8204;255
fenetre;1637177370690209;8210;255
fenetre;1637177370690237;8218;255
fenetre;1637177370690262;8226;255
fenetre;1637177370690289;8233;255
fenetre;1637177370690318;8242;255
fenetre;1637177370690340;8250;255
fenetre;1637177370690368;8257;255
fenetre;1637177370690399;8264;255
fenetre;1637177370690426;8276;255
fenetre;1637177370690448;8287;255
fenetre;1637177370690474;8296;255
fenetre;1637177370690501;8306;255
fenetre;1637177370690531;8316;255
fenetre;1637177370690557;8326;255
fenetre;1637177370690582;8333;255
fenetre;1637177370690611;8342;255
fenetre;1637177370690640;8353;255
fenetre;1637177370690668;8363;255
fenetre;1637177370690692;8373;255
fenetre;1637177370690717;8381;255
fenetre;1637177370690745;8390;255
fenetre;1637177370690769;8397;255
fenetre;1637177370690798;8408;255
fenetre;1637177370690823;8418;255
fenetre;1637177370690858;8433;255
fenetre;1637177370690883;8447;255
fenetre;1637177370690908;8460;255
fenetre;1637177370690929;8470;255
fenetre;1637177370690964;8480;255
fenetre;1637177370690989;8491;255
fenetre;1637177370691026;8509;255
fenetre;1637177370691078;8523;255
fenetre;1637177370691101;8531;255
fenetre;1637177370691130;8541;255
fenetre;1637177370691156;8550;255
fenetre;1637177370691187;8560;255
fenetre;1637177370691225;8577;255
fenetre;1637177370691248;8590;255
fenetre;1637177370691267;8598;255
fenetre;1637177370691305;8606;255
fenetre;1637177370691332;8617;255
fenetre;1637177370691359;8627;255
fenetre;1637177370691384;8636;255
fenetre;1637177370691430;8655;255
fenetre;1637177370691441;8667;255
fenetre;1637177370691473;8680;255
fenetre;1637177370691496;8689;255
fenetre;1637177370691529;8700;255
fenetre;1637177370691556;8711;255
fenetre;1637177370691580;8723;255
fenetre;1637177370691611;8733;255
fenetre;1637177370691638;8742;255
fenetre;1637177370691665;8752;255
fenetre;1637177370691692;8761;255
fenetre;1637177370691717;8769;255
fenetre;1637177370691749;8777;255
fenetre;1637177370691773;8784;255
fenetre;1637177370691807;8796;255
fenetre;1637177370691843;8808;255
fenetre;1637177370691868;8815;255
fenetre;1637177370691897;8824;255
fenetre;1637177370691919;8832;255
fenetre;1637177370691950;8841;255
fenetre;1637177370691974;8850;255
fenetre;1637177370692001;8858;255
fenetre;1637177370692029;8867;255
fenetre;1637177370692064;8881;255
fenetre;1637177370692083;8889;255
fenetre;1637177370692114;8898;255
fenetre;1637177370692137;8906;255
fenetre;1637177370692165;8915;255
fenetre;1637177370692192;8925;255
fenetre;1637177370692219;8936;255
fenetre;1637177370692242;8945;255
fenetre;1637177370692268;8953;255
fenetre;1637177370692293;8961;255
fenetre;1637177370692320;8970;255
fenetre;1637177370692345;8978;255
fenetre;1637177370692371;8984;255
fenetre;1637177370692399;8992;255
fenetre;1637177370692424;9000;255
fenetre;1637177370692452;9007;255
fenetre;1637177370692478;9016;255
fenetre;1637177370692504;9023;255
fenetre;1637177370692532;9031;255
fenetre;1637177370692558;9039;255
fenetre;1637177370692583;9046;255
fenetre;1637177370692611;9055;255
fenetre;1637177370692636;9062;255
fenetre;1637177370692663;9070;255
fenetre;1637177370692690;9078;255
fenetre;1637177370692717;9086;255
fenetre;1637177370692742;9095;255
fenetre;1637177370692771;9102;255
fenetre;1637177370692795;9110;255
fenetre;1637177370692822;9118;255
fenetre;1637177370692874;9168;255
fenetre;1637177370692878;9172;255
fenetre;1637177370692901;9180;255
fenetre;1637177370692926;9188;255
fenetre;1637177370692957;9195;255
fenetre;1637177370692984;9205;255
fenetre;1637177370693012;9214;255
fenetre;1637177370693036;9221;255
fenetre;1637177370693063;9231;255
fenetre;1637177370693089;9240;255
fenetre;1637177370693129;9253;255
fenetre;1637177370693162;9263;255
fenetre;1637177370693200;9273;255
fenetre;1637177370693225;9281;255
fenetre;1637177370693252;9290;255
fenetre;1637177370693281;9300;255
fenetre;1637177370693304;9308;255
fenetre;1637177370693335;9316;255
fenetre;1637177370693359;9324;255
fenetre;1637177370693387;9332;255
fenetre;1637177370693413;9340;255
fenetre;1637177370693442;9350;255
fenetre;1637177370693456;9358;255
fenetre;1637177370693471;9366;255
fenetre;1637177370693486;9373;255
fenetre;1637177370693501;9379;255
fenetre;1637177370695143;11013;255
fenetre;1637177370695150;11019;255
fenetre;1637177370695155;11025;255
fenetre;1637177370695159;11029;255
fenetre;1637177370695162;11032;255
fenetre;1637177370695166;11035;255
fenetre;1637177370695169;11040;255
fenetre;1637177370695173;11043;255
fenetre;1637177370695177;11047;255
fenetre;1637177370695184;11054;255
fenetre;1637177370695187;11058;255
fenetre;1637177370695191;11061;255
fenetre;1637177370695194;11064;255
fenetre;1637177370695198;11067;255
fenetre;1637177370695201;11071;255
fenetre;1637177370695204;11075;255
fenetre;1637177370695209;11079;255
fenetre;1637177370695212;11082;255
fenetre;1637177370695216;11085;255
fenetre;1637177370695219;11090;255
fenetre;1637177370695223;11093;255
fenetre;1637177370695226;11096;255
fenetre;1637177370695229;11099;255
fenetre;1637177370695234;11105;255
fenetre;1637177370695238;11108;255
fenetre;1637177370695241;11111;255
fenetre;1637177370695244;11114;255
fenetre;1637177370695248;11118;255
fenetre;1637177370695251;11122;255
fenetre;1637177370695255;11125;255
fenetre;1637177370695258;11128;255
fenetre;1637177370695262;11132;255
fenetre;1637177370695265;11136;255
fenetre;1637177370695269;11139;255
fenetre;1637177370695272;11142;255
fenetre;1637177370695276;11145;255
fenetre;1637177370695279;11150;255
fenetre;1637177370695282;11153;255
fenetre;1637177370695288;11158;255
fenetre;1637177370695292;11161;255
fenetre;1637177370695295;11165;255
fenetre;1637177370695298;11169;255
fenetre;1637177370695302;11172;255
fenetre;1637177370695305;11175;255
fenetre;1637177370695309;11178;255
fenetre;1637177370695312;11183;255
fenetre;1637177370695317;11187;255
fenetre;1637177370695321;11191;255
fenetre;1637177370695324;11194;255
fenetre;1637177370695327;11198;255
fenetre;1637177370695331;11201;255
fenetre;1637177370695334;11204;255
fenetre;1637177370695337;11207;255
fenetre;1637177370695341;11211;255
fenetre;1637177370695345;11215;255
fenetre;1637177370695349;11219;255
fenetre;1637177370695352;11222;255
fenetre;1637177370695355;11225;255
fenetre;1637177370695359;11229;255
fenetre;1637177370695380;11240;255
fenetre;1637177370695405;11253;255
fenetre;1637177370695429;11263;255
fenetre;1637177370695457;11271;255
fenetre;1637177370695484;11280;255
fenetre;1637177370695509;11290;255
fenetre;1637177370695541;11298;255
fenetre;1637177370695565;11306;255
fenetre;1637177370695591;11315;255
fenetre;1637177370695619;11325;255
fenetre;1637177370695644;11335;255
fenetre;1637177370695669;11344;255
fenetre;1637177370695698;11355;255
fenetre;1637177370695723;11364;255
fenetre;1637177370695746;11373;255
fenetre;1637177370695777;11382;255
fenetre;1637177370695803;11394;255
fenetre;1637177370695828;11401;255
fenetre;1637177370695854;11408;255
fenetre;1637177370695884;11417;255
fenetre;1637177370695908;11425;255
fenetre;1637177370695937;11433;255
fenetre;1637177370695964;11442;255
fenetre;1637177370695988;11450;255
fenetre;1637177370696016;11458;255
fenetre;1637177370696042;11467;255
fenetre;1637177370696067;11475;255
fenetre;1637177370696095;11482;255
fenetre;1637177370696120;11490;255
fenetre;1637177370696150;11500;255
fenetre;1637177370696178;11510;255
fenetre;1637177370696200;11518;255
fenetre;1637177370696232;11529;255
fenetre;1637177370696279;11575;255
fenetre;1637177370696283;11580;255
fenetre;1637177370696309;11587;255
fenetre;1637177370696337;11594;255
fenetre;1637177370696363;11602;255
fenetre;1637177370696393;11610;255
fenetre;1637177370696416;11617;255
fenetre;1637177370696443;11624;255
fenetre;1637177370696471;11637;255
fenetre;1637177370696496;11646;255
fenetre;1637177370696524;11653;255
fenetre;1637177370696549;11662;255
fenetre;1637177370696576;11671;255
fenetre;1637177370696603;11679;255
fenetre;1637177370696629;11687;255
fenetre;1637177370696660;11696;255
fenetre;1637177370696685;11704;255
fenetre;1637177370696712;11712;255
fenetre;1637177370696744;11721;255
fenetre;1637177370696768;11728;255
fenetre;1637177370696796;11735;255
fenetre;1637177370696822;11744;255
fenetre;1637177370696846;11753;255
fenetre;1637177370696874;11760;255
fenetre;1637177370696899;11769;255
fenetre;1637177370696931;11776;255
fenetre;1637177370696955;11785;255
fenetre;1637177370696982;11792;255
fenetre;1637177370697007;11800;255
fenetre;1637177370697034;11808;255
fenetre;1637177370697060;11816;255
fenetre;1637177370697087;11825;255
fenetre;1637177370697114;11832;255
fenetre;1637177370697141;11841;255
fenetre;1637177370697166;11849;255
fenetre;1637177370697195;11856;255
fenetre;1637177370697221;11865;255
fenetre;1637177370697250;11873;255
fenetre;1637177370697284;11886;255
fenetre;1637177370697316;11905;255
fenetre;1637177370697353;11922;255
fenetre;1637177370697378;11934;255
fenetre;1637177370697403;11945;255
fenetre;1637177370697434;11953;255
fenetre;1637177370697460;11962;255
fenetre;1637177370697484;11969;255
fenetre;1637177370697511;11977;255
fenetre;1637177370697539;11989;255
fenetre;1637177370697566;11998;255
fenetre;1637177370697592;12006;255
fenetre;1637177370697617;12015;255
fenetre;1637177370697642;12022;255
fenetre;1637177370697670;12030;255
fenetre;1637177370697695;12037;255
fenetre;1637177370697723;12046;255
fenetre;1637177370697748;12053;255
fenetre;1637177370697776;12062;255
fenetre;1637177370697800;12070;255
fenetre;1637177370697830;12077;255
fenetre;1637177370697853;12085;255
fenetre;1637177370697882;12093;255
fenetre;1637177370697905;12101;255
fenetre;1637177370697934;12108;255
fenetre;1637177370697957;12116;255
fenetre;1637177370697984;12123;255
fenetre;1637177370698009;12132;255
fenetre;1637177370698037;12139;255
fenetre;1637177370698063;12148;255
fenetre;1637177370698090;12156;255
fenetre;1637177370698114;12163;255
fenetre;1637177370698142;12171;255
fenetre;1637177370698166;12178;255
fenetre;1637177370698194;12186;255
fenetre;1637177370698218;12193;255
fenetre;1637177370698245;12201;255
fenetre;1637177370698270;12209;255
fenetre;1637177370698297;12217;255
fenetre;1637177370698322;12225;255
fenetre;1637177370698350;12232;255
fenetre;1637177370698374;12240;255
fenetre;1637177370698401;12247;255
fenetre;1637177370698426;12255;255
fenetre;1637177370698453;12263;255
fenetre;1637177370698478;12271;255
fenetre;1637177370698505;12279;255
fenetre;1637177370698530;12286;255
fenetre;1637177370698556;12295;255
fenetre;1637177370698581;12302;255
fenetre;1637177370698608;12310;255
fenetre;1637177370698633;12317;255
fenetre;1637177370698663;12326;255
fenetre;1637177370698687;12333;255
fenetre;1637177370698714;12341;255
fenetre;1637177370698739;12349;255
fenetre;1637177370698765;12357;255
fenetre;1637177370698790;12365;255
fenetre;1637177370698817;12372;255
fenetre;1637177370698843;12380;255
fenetre;1637177370698870;12388;255
fenetre;1637177370698894;12395;255
fenetre;1637177370698922;12403;255
fenetre;1637177370698947;12410;255
fenetre;1637177370698974;12418;255
fenetre;1637177370698999;12425;255
fenetre;1637177370699026;12434;255
fenetre;1637177370699051;12442;255
fenetre;1637177370699077;12449;255
fenetre;1637177370699104;12458;255
fenetre;1637177370699130;12465;255
fenetre;1637177370699155;12473;255
fenetre;1637177370699187;12482;255
fenetre;1637177370699211;12489;255
fenetre;1637177370699238;12497;255
fenetre;1637177370699263;12504;255
fenetre;1637177370699290;12513;255
fenetre;1637177370699315;12519;255
fenetre;1637177370699342;12528;255
fenetre;1637177370699376;12562;255
fenetre;1637177370699398;12570;255
fenetre;1637177370699421;12578;255
fenetre;1637177370699447;12586;255
fenetre;1637177370699475;12595;255
fenetre;1637177370699499;12602;255
fenetre;1637177370699528;12610;255
fenetre;1637177370699553;12617;255
fenetre;1637177370699580;12625;255
fenetre;1637177370699604;12632;255
fenetre;1637177370699632;12641;255
fenetre;1637177370699657;12649;255
fenetre;1637177370699685;12656;255
fenetre;1637177370699709;12665;255
fenetre;1637177370699737;12672;255
fenetre;1637177370699761;12680;255
fenetre;1637177370699789;12687;255
fenetre;1637177370699813;12695;255
fenetre;1637177370699841;12703;255
fenetre;1637177370699865;12711;255
fenetre;1637177370699893;12719;255
fenetre;1637177370699918;12726;255
fenetre;1637177370699944;12734;255
fenetre;1637177370699970;12742;255
fenetre;1637177370699997;12750;255
fenetre;1637177370700024;12757;255
fenetre;1637177370700051;12766;255
fenetre;1637177370700078;12774;255
fenetre;1637177370700103;12783;255
fenetre;1637177370700130;12790;255
fenetre;1637177370700155;12798;255
fenetre;1637177370700181;12805;255
fenetre;1637177370700209;12812;255
fenetre;1637177370700234;12820;255
fenetre;1637177370700261;12827;255
fenetre;1637177370700286;12835;255
fenetre;1637177370700313;12843;255
fenetre;1637177370700338;12851;255
fenetre;1637177370700366;12859;255
fenetre;1637177370700390;12866;255
fenetre;1637177370700418;12875;255
fenetre;1637177370700442;12882;255
fenetre;1637177370700470;12890;255
fenetre;1637177370700495;12897;255
fenetre;1637177370700522;12905;255
fenetre;1637177370700539;12912;255
fenetre;1637177370702148;14514;255
fenetre;1637177370702154;14520;255
fenetre;1637177370702160;14525;255
fenetre;1637177370702163;14529;255
fenetre;1637177370702166;14532;255
fenetre;1637177370702170;14535;255
fenetre;1637177370702173;14539;255
fenetre;1637177370702176;14542;255
fenetre;1637177370702179;14545;255
fenetre;1637177370702183;14548;255
fenetre;1637177370702186;14552;255
fenetre;1637177370702190;14555;255
fenetre;1637177370702193;14559;255
fenetre;1637177370702196;14562;255
fenetre;1637177370702199;14565;255
fenetre;1637177370702203;14569;255
fenetre;1637177370702207;14572;255
fenetre;1637177370702211;14576;255
fenetre;1637177370702215;14581;255
fenetre;1637177370702218;14584;255
fenetre;1637177370702221;14587;255
fenetre;1637177370702224;14590;255
fenetre;1637177370702227;14593;255
fenetre;1637177370702231;14596;255
fenetre;1637177370702236;14602;255
fenetre;1637177370702239;14605;255
fenetre;1637177370702242;14608;255
fenetre;1637177370702246;14611;255
fenetre;1637177370702249;14614;255
fenetre;1637177370702252;14618;255
fenetre;1637177370702256;14622;255
fenetre;1637177370702261;14626;255
fenetre;1637177370702264;14630;255
fenetre;1637177370702267;14633;255
fenetre;1637177370702270;14636;255
fenetre;1637177370702274;14640;255
fenetre;1637177370702277;14643;255
fenetre;1637177370702280;14646;255
fenetre;1637177370702285;14651;255
fenetre;1637177370702289;14654;255
fenetre;1637177370702292;14657;255
fenetre;1637177370702295;14660;255
fenetre;1637177370702298;14664;255
fenetre;1637177370702302;14667;255
fenetre;1637177370702305;14670;255
fenetre;1637177370702308;14673;255
fenetre;1637177370702312;14677;255
fenetre;1637177370702315;14681;255
fenetre;1637177370702318;14684;255
fenetre;1637177370702321;14687;255
fenetre;1637177370702325;14690;255
fenetre;1637177370702328;14693;255
fenetre;1637177370702331;14696;255
fenetre;1637177370702336;14702;255
fenetre;1637177370702339;14705;255
fenetre;1637177370702342;14708;255
fenetre;1637177370702345;14711;255
fenetre;1637177370702349;14714;255
fenetre;1637177370702352;14717;255
fenetre;1637177370702355;14720;255
fenetre;1637177370702359;14724;255
fenetre;1637177370702362;14728;255
fenetre;1637177370702442;14737;255
fenetre;1637177370702448;14742;255
fenetre;1637177370702498;14748;255
fenetre;1637177370702522;14757;255
fenetre;1637177370702552;14765;255
fenetre;1637177370702568;14771;255
fenetre;1637177370702643;14780;255
fenetre;1637177370702649;14785;255
fenetre;1637177370702653;14790;255
fenetre;1637177370702678;14815;255
fenetre;1637177370702689;14820;255
fenetre;1637177370702713;14827;255
fenetre;1637177370702733;14834;255
fenetre;1637177370702759;14841;255
fenetre;1637177370702825;14848;255
fenetre;1637177370702829;14853;255
fenetre;1637177370702833;14856;255
fenetre;1637177370702850;14861;255
fenetre;1637177370702881;14870;255
fenetre;1637177370702900;14877;255
fenetre;1637177370702933;14884;255
fenetre;1637177370702960;14897;255
fenetre;1637177370702977;14908;255
fenetre;1637177370702999;14915;255
fenetre;1637177370703021;14922;255
fenetre;1637177370703056;14936;255
fenetre;1637177370703080;14946;255
fenetre;1637177370703096;14953;255
fenetre;1637177370703123;14960;255
fenetre;1637177370703189;14966;255
fenetre;1637177370703193;14971;255
fenetre;1637177370703196;14974;255
fenetre;1637177370703214;14980;255
fenetre;1637177370703243;14988;255
fenetre;1637177370703264;14995;255
fenetre;1637177370703294;15003;255
fenetre;1637177370703310;15009;255
fenetre;1637177370703339;15016;255
fenetre;1637177370703361;15024;255
fenetre;1637177370703428;15031;255
fenetre;1637177370703435;15036;255
fenetre;1637177370703439;15041;255
fenetre;1637177370703447;15046;255
fenetre;1637177370703492;15053;255
fenetre;1637177370703513;15060;255
fenetre;1637177370703546;15072;255
fenetre;1637177370703563;15082;255
fenetre;1637177370703637;15090;255
fenetre;1637177370703641;15095;255
fenetre;1637177370703645;15099;255
fenetre;1637177370703648;15102;255
fenetre;1637177370703672;15107;255
fenetre;1637177370703695;15113;255
fenetre;1637177370703722;15120;255
fenetre;1637177370703744;15126;255
fenetre;1637177370703768;15133;255
fenetre;1637177370703791;15139;255
fenetre;1637177370703814;15145;255
fenetre;1637177370703837;15151;255
fenetre;1637177370703864;15159;255
fenetre;1637177370703887;15170;255
fenetre;1637177370703908;15177;255
fenetre;1637177370703933;15184;255
fenetre;1637177370703956;15190;255
fenetre;1637177370703979;15198;255
fenetre;1637177370704004;15206;255
fenetre;1637177370704026;15212;255
fenetre;1637177370704051;15219;255
fenetre;1637177370704075;15227;255
fenetre;1637177370704099;15234;255
fenetre;1637177370704121;15240;255
fenetre;1637177370704146;15247;255
fenetre;1637177370704168;15255;255
fenetre;1637177370704193;15260;255
fenetre;1637177370704216;15268;255
fenetre;1637177370704238;15275;255
fenetre;1637177370704263;15281;255
fenetre;1637177370704286;15288;255
fenetre;1637177370704310;15296;255
fenetre;1637177370704333;15302;255
fenetre;1637177370704358;15309;255
fenetre;1637177370704382;15316;255
fenetre;1637177370704404;15323;255
fenetre;1637177370704429;15329;255
fenetre;1637177370704451;15337;255
fenetre;1637177370704476;15343;255
fenetre;1637177370704498;15350;255
fenetre;1637177370704522;15357;255
fenetre;1637177370704544;15364;255
fenetre;1637177370704569;15371;255
fenetre;1637177370704591;15377;255
fenetre;1637177370704616;15384;255
fenetre;1637177370704639;15390;255
fenetre;1637177370704663;15398;255
fenetre;1637177370704700;15419;255
fenetre;1637177370704723;15425;255
fenetre;1637177370704745;15432;255
fenetre;1637177370704769;15438;255
fenetre;1637177370704792;15445;255
fenetre;1637177370704813;15452;255
fenetre;1637177370704838;15459;255
fenetre;1637177370704860;15465;255
fenetre;1637177370704884;15472;255
fenetre;1637177370704905;15478;255
fenetre;1637177370704929;15485;255
fenetre;1637177370704951;15492;255
fenetre;1637177370704974;15499;255
fenetre;1637177370704996;15505;255
fenetre;1637177370705021;15511;255
fenetre;1637177370705043;15518;255
fenetre;1637177370705067;15525;255
fenetre;1637177370705089;15531;255
fenetre;1637177370705111;15538;255
fenetre;1637177370705136;15545;255
fenetre;1637177370705158;15552;255
fenetre;1637177370705182;15559;255
fenetre;1637177370705205;15565;255
fenetre;1637177370705227;15572;255
fenetre;1637177370705252;15578;255
fenetre;1637177370705274;15584;255
fenetre;1637177370705297;15592;255
fenetre;1637177370705319;15598;255
fenetre;1637177370705343;15605;255
fenetre;1637177370705366;15611;255
fenetre;1637177370705387;15618;255
fenetre;1637177370705411;15624;255
fenetre;1637177370705439;15652;255
fenetre;1637177370705460;15659;255
fenetre;1637177370705480;15666;255
fenetre;1637177370705503;15672;255
fenetre;1637177370705524;15679;255
fenetre;1637177370705548;15687;255
fenetre;1637177370705569;15693;255
fenetre;1637177370705593;15700;255
fenetre;1637177370705616;15706;255
fenetre;1637177370705639;15713;255
fenetre;1637177370705661;15719;255
fenetre;1637177370705685;15727;255
fenetre;1637177370705706;15733;255
fenetre;1637177370705730;15740;255
fenetre;1637177370705752;15746;255
fenetre;1637177370705776;15753;255
fenetre;1637177370705797;15759;255
fenetre;1637177370705835;15780;255
fenetre;1637177370705858;15787;255
fenetre;1637177370705881;15794;255
fenetre;1637177370705902;15800;255
fenetre;1637177370705925;15806;255
fenetre;1637177370705947;15813;255
fenetre;1637177370705970;15819;255
fenetre;1637177370705991;15825;255
fenetre;1637177370706015;15833;255
fenetre;1637177370706037;15839;255
fenetre;1637177370706059;15846;255
fenetre;1637177370706081;15852;255
fenetre;1637177370706102;15858;255
fenetre;1637177370706126;15865;255
fenetre;1637177370706147;15871;255
fenetre;1637177370706172;15878;255
fenetre;1637177370706193;15884;255
fenetre;1637177370706220;15891;255
fenetre;1637177370706241;15898;255
fenetre;1637177370706262;15904;255
fenetre;1637177370706285;15910;255
fenetre;1637177370706308;15917;255
fenetre;1637177370706329;15923;255
fenetre;1637177370706357;15929;255
fenetre;1637177370706417;15964;255
fenetre;1637177370706441;15973;255
fenetre;1637177370706532;16032;255
fenetre;1637177370706546;16041;255
fenetre;1637177370706586;16049;255
timeout;1637177371710934;16059;0
fenetre;1637177371711897;17018;127
fenetre;1637177371711907;17028;128
fenetre;1637177371711911;17032;129
fenetre;1637177371711915;17035;130
fenetre;1637177371711919;17040;131
fenetre;1637177371711923;17043;132
fenetre;1637177371711926;17047;133
fenetre;1637177371711930;17050;134
fenetre;1637177371711934;17055;135
fenetre;1637177371711937;17058;136
fenetre;1637177371711941;17062;137
fenetre;1637177371711945;17065;138
fenetre;1637177371711949;17070;139
fenetre;1637177371711953;17073;140
fenetre;1637177371711956;17076;141
fenetre;1637177371711960;17080;142
fenetre;1637177371711963;17084;143
fenetre;1637177371711967;17087;144
fenetre;1637177371711970;17090;145
fenetre;1637177371711976;17097;146
fenetre;1637177371711979;17100;147
fenetre;1637177371711983;17103;148
fenetre;1637177371711986;17106;149
fenetre;1637177371711990;17111;150
fenetre;1637177371711993;17114;151
fenetre;1637177371711997;17117;152
fenetre;1637177371712002;17122;153
fenetre;1637177371712006;17127;154
fenetre;1637177371712009;17130;155
fenetre;1637177371712031;17137;156
fenetre;1637177371712066;17149;157
fenetre;1637177371712095;17166;158
fenetre;1637177371712118;17181;159
fenetre;1637177371712145;17195;160
fenetre;1637177371712170;17210;161
fenetre;1637177371712195;17221;162
fenetre;1637177371712219;17230;163
fenetre;1637177371712248;17238;164
fenetre;1637177371712275;17246;165
fenetre;1637177371712304;17256;166
fenetre;1637177371712330;17268;167
fenetre;1637177371712356;17276;168
fenetre;1637177371712383;17286;169
fenetre;1637177371712408;17294;170
fenetre;1637177371712439;17302;171
fenetre;1637177371712470;17316;172
fenetre;1637177371712497;17328;173
fenetre;1637177371712516;17336;174
fenetre;1637177371712550;17351;175
fenetre;1637177371712578;17363;176
fenetre;1637177371712596;17372;177
fenetre;1637177371712628;17380;178
fenetre;1637177371712677;17392;179
fenetre;1637177371712713;17401;180
fenetre;1637177371712764;17420;181
fenetre;1637177371712772;17428;182
fenetre;1637177371712810;17439;183
fenetre;1637177371712846;17457;184
fenetre;1637177371712863;17466;185
fenetre;1637177371712891;17475;186
fenetre;1637177371712942;17485;187
fenetre;1637177371712948;17490;188
fenetre;1637177371712977;17496;189
fenetre;1637177371713003;17503;190
fenetre;1637177371713034;17512;191
fenetre;1637177371713072;17524;192
fenetre;1637177371713094;17537;193
fenetre;1637177371713122;17546;194
fenetre;1637177371713151;17559;195
fenetre;1637177371713171;17568;196
fenetre;1637177371713226;17623;197
fenetre;1637177371713231;17628;198
fenetre;1637177371713265;17638;199
fenetre;1637177371713289;17649;200
fenetre;1637177371713316;17656;201
fenetre;1637177371713343;17664;202
fenetre;1637177371713375;17675;203
fenetre;1637177371713400;17685;204
fenetre;1637177371713428;17692;205
fenetre;1637177371713460;17701;206
fenetre;1637177371713484;17710;207
fenetre;1637177371713512;17719;208
fenetre;1637177371713551;17745;209
fenetre;1637177371713575;17756;210
fenetre;1637177371713602;17768;211
fenetre;1637177371713629;17778;212
fenetre;1637177371713655;17787;213
fenetre;1637177371713684;17794;214
fenetre;1637177371713714;17802;215
fenetre;1637177371713743;17812;216
fenetre;1637177371713767;17821;217
fenetre;1637177371713798;17832;218
fenetre;1637177371713826;17843;219
fenetre;1637177371713849;17852;220
fenetre;1637177371713877;17860;221
fenetre;1637177371713904;17867;222
fenetre;1637177371713934;17877;223
fenetre;1637177371713959;17884;224
fenetre;1637177371713992;17896;225
fenetre;1637177371714017;17907;226
fenetre;1637177371714043;17914;227
fenetre;1637177371714073;17923;228
fenetre;1637177371714099;17931;229
fenetre;1637177371714127;17939;230
fenetre;1637177371714153;17947;231
fenetre;1637177371714182;17956;232
fenetre;1637177371714209;17964;233
fenetre;1637177371714241;17973;234
fenetre;1637177371714275;17984;235
fenetre;1637177371714294;17993;236
fenetre;1637177371714332;18008;237
fenetre;1637177371714350;18023;238
fenetre;1637177371714375;18036;239
fenetre;1637177371714410;18048;240
fenetre;1637177371714432;18057;241
fenetre;1637177371714457;18064;242
fenetre;1637177371714487;18072;243
fenetre;1637177371714524;18083;244
fenetre;1637177371714554;18093;245
fenetre;1637177371714572;18102;246
fenetre;1637177371714605;18112;247
fenetre;1637177371714631;18122;248
fenetre;1637177371714667;18131;249
fenetre;1637177371714704;18148;250
fenetre;1637177371714712;18157;251
fenetre;1637177371714729;18168;252
fenetre;1637177371714745;18182;253
fin;1637177371714927;18258;0
