type;temps;clock;fen
debut;1637182884887756;1904;0
fenetre;1637182884888568;2032;1
fenetre;1637182884888770;2066;2
fenetre;1637182884888916;2080;3
fenetre;1637182884888965;2119;4
fenetre;1637182884889076;2130;5
fenetre;1637182884889102;2142;6
fenetre;1637182884889131;2156;7
fenetre;1637182884889205;2223;8
fenetre;1637182884889290;2233;9
fenetre;1637182884889329;2253;10
fenetre;1637182884889373;2269;11
fenetre;1637182884889412;2287;12
fenetre;1637182884889441;2305;13
fenetre;1637182884889460;2321;14
fenetre;1637182884889476;2331;15
fenetre;1637182884889598;2445;16
timeout;1637182885892854;2468;0
fenetre;1637182885893092;2705;8
fenetre;1637182885893487;2733;9
fenetre;1637182885893503;2750;10
fenetre;1637182885893579;2772;11
fenetre;1637182885893594;2786;12
fenetre;1637182885893657;2817;13
fenetre;1637182885893705;2856;14
fenetre;1637182885893716;2867;15
fenetre;1637182885893928;3080;16
fenetre;1637182885894127;3101;17
fenetre;1637182885894140;3115;18
timeout;1637182886897810;3143;0
fenetre;1637182886898071;3404;9
fenetre;1637182886898551;3453;10
fenetre;1637182886898615;3506;11
fenetre;1637182886898640;3531;12
fenetre;1637182886898767;3572;13
fenetre;1637182886898829;3629;14
fenetre;1637182886898865;3658;15
fenetre;1637182886898879;3672;16
fenetre;1637182886898905;3688;17
fenetre;1637182886899122;3895;18
fenetre;1637182886899225;3926;19
fenetre;1637182886899265;3955;20
fenetre;1637182886899315;3986;21
timeout;1637182887902340;4004;0
fenetre;1637182887902450;4114;10
fenetre;1637182887902725;4130;11
fenetre;1637182887902734;4139;12
fenetre;1637182887902738;4143;13
fenetre;1637182887902770;4158;14
fenetre;1637182887902785;4174;15
fenetre;1637182887902793;4182;16
fenetre;1637182887902799;4186;17
fenetre;1637182887902829;4198;18
fenetre;1637182887902865;4220;19
fenetre;1637182887903030;4385;20
fenetre;1637182887903086;4397;21
timeout;1637182888907817;4421;0
fenetre;1637182888908049;4652;10
fenetre;1637182888908462;4688;11
fenetre;1637182888908555;4734;12
fenetre;1637182888908584;4762;13
fenetre;1637182888908722;4808;14
fenetre;1637182888908785;4861;15
fenetre;1637182888908864;4940;16
fenetre;1637182888908877;4952;17
fenetre;1637182888908884;4960;18
fenetre;1637182888909006;4999;19
fenetre;1637182888909236;5229;20
fenetre;1637182888909437;5255;21
fenetre;1637182888909451;5268;22
fenetre;1637182888909458;5275;23
fenetre;1637182888909497;5292;24
fenetre;1637182888909525;5309;25
timeout;1637182889910792;5359;0
fenetre;1637182889910956;5523;12
fenetre;1637182889911122;5551;13
fenetre;1637182889911155;5571;14
fenetre;1637182889911176;5583;15
fenetre;1637182889911225;5606;16
fenetre;1637182889911271;5628;17
fenetre;1637182889911284;5642;18
fenetre;1637182889911347;5660;19
fenetre;1637182889911384;5679;20
fenetre;1637182889911426;5701;21
fenetre;1637182889911438;5712;22
fenetre;1637182889911512;5727;23
fenetre;1637182889911734;5942;24
fenetre;1637182889911763;5958;25
timeout;1637182890914033;5984;0
fenetre;1637182890914312;6263;12
fenetre;1637182890914673;6297;13
fenetre;1637182890914834;6354;14
fenetre;1637182890914858;6378;15
fenetre;1637182890914916;6417;16
fenetre;1637182890915014;6469;17
fenetre;1637182890915117;6516;18
fenetre;1637182890915180;6560;19
fenetre;1637182890915275;6605;20
fenetre;1637182890915289;6619;21
fenetre;1637182890915381;6638;22
timeout;1637182891920465;6667;0
fenetre;1637182891920727;6928;11
fenetre;1637182891921060;6964;12
fenetre;1637182891921139;7019;13
fenetre;1637182891921205;7072;14
fenetre;1637182891921345;7130;15
fenetre;1637182891921533;7175;16
fenetre;1637182891921551;7192;17
fenetre;1637182891921634;7222;18
fenetre;1637182891921668;7247;19
fenetre;1637182891921741;7266;20
fenetre;1637182891921752;7277;21
timeout;1637182892922746;7303;0
fenetre;1637182892923000;7555;10
fenetre;1637182892923341;7605;11
fenetre;1637182892923366;7630;12
fenetre;1637182892923464;7658;13
fenetre;1637182892923590;7707;14
fenetre;1637182892923787;7753;15
fenetre;1637182892923882;7796;16
fenetre;1637182892923973;7861;17
fenetre;1637182892924066;7894;18
fenetre;1637182892924098;7922;19
fenetre;1637182892924326;8141;20
timeout;1637182893926412;8173;0
fenetre;1637182893926844;8604;10
fenetre;1637182893927260;8645;11
fenetre;1637182893927318;8686;12
fenetre;1637182893927383;8734;13
fenetre;1637182893927397;8748;14
fenetre;1637182893927477;8789;15
fenetre;1637182893927500;8811;16
fenetre;1637182893927544;8827;17
fenetre;1637182893927582;8855;18
fenetre;1637182893927625;8884;19
fenetre;1637182893927835;9095;20
timeout;1637182894932553;9132;0
fenetre;1637182894932799;9375;10
fenetre;1637182894933302;9416;11
fenetre;1637182894933328;9443;12
fenetre;1637182894933397;9465;13
fenetre;1637182894933505;9501;14
fenetre;1637182894933774;9563;15
fenetre;1637182894933789;9578;16
fenetre;1637182894933826;9601;17
fenetre;1637182894933858;9619;18
fenetre;1637182894933894;9650;19
fenetre;1637182894934121;9877;20
fenetre;1637182894934329;9895;21
timeout;1637182895939434;9929;0
fenetre;1637182895939679;10173;10
fenetre;1637182895940025;10224;11
fenetre;1637182895940077;10263;12
fenetre;1637182895940179;10295;13
fenetre;1637182895940342;10350;14
fenetre;1637182895940367;10374;15
fenetre;1637182895940435;10422;16
fenetre;1637182895940452;10439;17
fenetre;1637182895940538;10459;18
fenetre;1637182895940549;10471;19
fenetre;1637182895940849;10695;20
fenetre;1637182895940931;10723;21
fenetre;1637182895940959;10742;22
timeout;1637182896944147;10771;0
fenetre;1637182896944423;11046;11
fenetre;1637182896944721;11097;12
fenetre;1637182896944814;11148;13
fenetre;1637182896944874;11200;14
fenetre;1637182896944956;11259;15
fenetre;1637182896945038;11317;16
fenetre;1637182896945140;11361;17
fenetre;1637182896945178;11399;18
fenetre;1637182896945241;11416;19
fenetre;1637182896945276;11437;20
fenetre;1637182896945322;11472;21
fenetre;1637182896945610;11719;22
timeout;1637182897950668;11750;0
fenetre;1637182897950930;12011;11
fenetre;1637182897951299;12059;12
fenetre;1637182897951420;12112;13
fenetre;1637182897951528;12167;14
fenetre;1637182897951557;12195;15
fenetre;1637182897951637;12222;16
fenetre;1637182897951712;12248;17
fenetre;1637182897951843;12280;18
fenetre;1637182897951878;12303;19
fenetre;1637182897951902;12322;20
fenetre;1637182897951931;12341;21
fenetre;1637182897952229;12610;22
fenetre;1637182897952278;12640;23
fenetre;1637182897952384;12667;24
fenetre;1637182897952398;12680;25
fenetre;1637182897952439;12699;26
fenetre;1637182897952470;12717;27
fenetre;1637182897952537;12742;28
fenetre;1637182897952552;12757;29
timeout;1637182898957570;12785;0
fenetre;1637182898957892;13106;14
fenetre;1637182898958208;13152;15
fenetre;1637182898958268;13186;16
fenetre;1637182898958441;13233;17
fenetre;1637182898958466;13258;18
fenetre;1637182898958605;13313;19
fenetre;1637182898958732;13370;20
fenetre;1637182898958785;13397;21
fenetre;1637182898958833;13415;22
fenetre;1637182898958900;13439;23
fenetre;1637182898958932;13463;24
timeout;1637182899962495;13491;0
fenetre;1637182899962780;13775;12
fenetre;1637182899963079;13831;13
fenetre;1637182899963131;13872;14
fenetre;1637182899963211;13901;15
fenetre;1637182899963277;13948;16
fenetre;1637182899963350;13984;17
fenetre;1637182899963436;14046;18
fenetre;1637182899963550;14089;19
fenetre;1637182899963624;14134;20
fenetre;1637182899963708;14168;21
fenetre;1637182899963722;14182;22
fenetre;1637182899963772;14199;23
timeout;1637182900967098;14230;0
fenetre;1637182900967402;14532;11
fenetre;1637182900967711;14581;12
fenetre;1637182900967737;14608;13
fenetre;1637182900967910;14637;14
fenetre;1637182900967925;14652;15
fenetre;1637182900968038;14679;16
fenetre;1637182900968145;14720;17
fenetre;1637182900968235;14758;18
fenetre;1637182900968353;14797;19
fenetre;1637182900968367;14811;20
fenetre;1637182900968374;14818;21
fenetre;1637182900968680;15053;22
fenetre;1637182900968792;15076;23
fenetre;1637182900968859;15102;24
fenetre;1637182900968876;15118;25
timeout;1637182901973475;15140;0
fenetre;1637182901973744;15408;12
fenetre;1637182901974148;15457;13
fenetre;1637182901974234;15502;14
fenetre;1637182901974330;15561;15
fenetre;1637182901974407;15608;16
fenetre;1637182901974519;15662;17
fenetre;1637182901974605;15715;18
fenetre;1637182901974657;15739;19
fenetre;1637182901974719;15801;20
fenetre;1637182901974754;15829;21
fenetre;1637182901974769;15843;22
fenetre;1637182901974803;15857;23
timeout;1637182902977213;15883;0
fenetre;1637182902977493;16162;11
fenetre;1637182902977808;16202;12
fenetre;1637182902977874;16252;13
fenetre;1637182902977936;16288;14
fenetre;1637182902978098;16356;15
fenetre;1637182902978184;16415;16
fenetre;1637182902978300;16477;17
fenetre;1637182902978389;16501;18
fenetre;1637182902978430;16528;19
fenetre;1637182902978478;16570;20
fenetre;1637182902978493;16584;21
fenetre;1637182902978735;16819;22
fenetre;1637182902978864;16850;23
fenetre;1637182902978901;16881;24
fenetre;1637182902978938;16901;25
fenetre;1637182902978997;16925;26
timeout;1637182903983438;16959;0
fenetre;1637182903983748;17267;13
fenetre;1637182903984126;17314;14
fenetre;1637182903984189;17355;15
fenetre;1637182903984231;17379;16
fenetre;1637182903984356;17427;17
fenetre;1637182903984425;17475;18
fenetre;1637182903984527;17514;19
fenetre;1637182903984575;17543;20
fenetre;1637182903984588;17557;21
fenetre;1637182903984670;17581;22
fenetre;1637182903984684;17595;23
fenetre;1637182903984719;17610;24
fenetre;1637182903984728;17618;25
timeout;1637182904989808;17645;0
fenetre;1637182904990099;17934;12
fenetre;1637182904990344;17973;13
fenetre;1637182904990420;18026;14
fenetre;1637182904990469;18062;15
fenetre;1637182904990553;18090;16
fenetre;1637182904990692;18145;17
fenetre;1637182904990736;18181;18
fenetre;1637182904990884;18231;19
fenetre;1637182904990910;18256;20
fenetre;1637182904991018;18312;21
fenetre;1637182904991034;18328;22
fenetre;1637182904991106;18351;23
fenetre;1637182904991375;18619;24
timeout;1637182905996162;18649;0
fenetre;1637182905996460;18946;12
fenetre;1637182905996724;18998;13
fenetre;1637182905996803;19050;14
fenetre;1637182905996866;19092;15
fenetre;1637182905996992;19150;16
fenetre;1637182905997062;19202;17
fenetre;1637182905997148;19255;18
fenetre;1637182905997223;19325;19
fenetre;1637182905997344;19349;20
fenetre;1637182905997495;19377;21
fenetre;1637182905997507;19389;22
fenetre;1637182905997514;19396;23
fenetre;1637182905997870;19667;24
fenetre;1637182905997883;19680;25
timeout;1637182907002912;19708;0
fenetre;1637182907003212;20007;12
fenetre;1637182907003465;20055;13
fenetre;1637182907003578;20098;14
fenetre;1637182907003656;20149;15
fenetre;1637182907003723;20202;16
fenetre;1637182907003915;20285;17
fenetre;1637182907003933;20302;18
fenetre;1637182907003979;20327;19
fenetre;1637182907004130;20365;20
fenetre;1637182907004146;20381;21
fenetre;1637182907004169;20400;22
fenetre;1637182907004178;20408;23
fenetre;1637182907004574;20739;24
timeout;1637182908009283;20760;0
fenetre;1637182908009387;20864;12
fenetre;1637182908009470;20877;13
fenetre;1637182908009508;20889;14
fenetre;1637182908009545;20903;15
fenetre;1637182908009584;20913;16
fenetre;1637182908009603;20922;17
fenetre;1637182908009641;20940;18
fenetre;1637182908009680;20960;19
fenetre;1637182908009711;20977;20
fenetre;1637182908009751;20994;21
fenetre;1637182908009762;21005;22
timeout;1637182909013550;21024;0
fenetre;1637182909013898;21356;11
fenetre;1637182909014077;21399;12
fenetre;1637182909014150;21444;13
fenetre;1637182909014229;21487;14
fenetre;1637182909014338;21543;15
fenetre;1637182909014361;21566;16
fenetre;1637182909014477;21599;17
fenetre;1637182909014614;21651;18
fenetre;1637182909014696;21726;19
fenetre;1637182909014707;21740;20
fenetre;1637182909014744;21770;21
fenetre;1637182909015021;22035;22
timeout;1637182910020083;22068;0
fenetre;1637182910020391;22375;11
fenetre;1637182910020619;22423;12
fenetre;1637182910020744;22477;13
fenetre;1637182910020835;22512;14
fenetre;1637182910020852;22528;15
fenetre;1637182910020937;22565;16
fenetre;1637182910021042;22616;17
fenetre;1637182910021164;22658;18
fenetre;1637182910021203;22690;19
fenetre;1637182910021217;22705;20
fenetre;1637182910021267;22724;21
timeout;1637182911025141;22750;0
fenetre;1637182911025378;22985;10
fenetre;1637182911025784;23038;11
fenetre;1637182911025809;23062;12
fenetre;1637182911025957;23108;13
fenetre;1637182911025981;23133;14
fenetre;1637182911026174;23312;15
fenetre;1637182911026195;23332;16
fenetre;1637182911026204;23340;17
fenetre;1637182911026271;23370;18
fenetre;1637182911026285;23384;19
fenetre;1637182911026507;23606;20
fenetre;1637182911026696;23631;21
fenetre;1637182911026710;23645;22
fenetre;1637182911026757;23668;23
fenetre;1637182911026801;23687;24
timeout;1637182912029069;23712;0
fenetre;1637182912029342;23984;12
fenetre;1637182912029705;24020;13
fenetre;1637182912029814;24069;14
fenetre;1637182912029875;24108;15
fenetre;1637182912029942;24153;16
fenetre;1637182912030014;24200;17
fenetre;1637182912030123;24244;18
fenetre;1637182912030277;24274;19
fenetre;1637182912030291;24287;20
fenetre;1637182912030348;24315;21
fenetre;1637182912030387;24334;22
fenetre;1637182912030410;24348;23
fenetre;1637182912030681;24611;24
fenetre;1637182912030732;24640;25
fenetre;1637182912030823;24671;26
fenetre;1637182912030837;24685;27
timeout;1637182913035623;24714;0
fenetre;1637182913035938;25028;13
fenetre;1637182913036212;25064;14
fenetre;1637182913036277;25113;15
fenetre;1637182913036304;25140;16
fenetre;1637182913036481;25179;17
fenetre;1637182913036512;25210;18
fenetre;1637182913036585;25255;19
fenetre;1637182913036681;25319;20
fenetre;1637182913036829;25413;21
fenetre;1637182913036848;25433;22
fenetre;1637182913036899;25454;23
timeout;1637182914040822;25505;0
fenetre;1637182914041102;25784;11
fenetre;1637182914041426;25842;12
fenetre;1637182914041451;25867;13
fenetre;1637182914041556;25911;14
fenetre;1637182914041645;25968;15
fenetre;1637182914041675;25998;16
fenetre;1637182914041747;26025;17
fenetre;1637182914041860;26061;18
fenetre;1637182914041972;26106;19
fenetre;1637182914041996;26130;20
fenetre;1637182914042071;26155;21
fenetre;1637182914042309;26392;22
timeout;1637182915047386;26426;0
fenetre;1637182915047667;26706;11
fenetre;1637182915047960;26742;12
fenetre;1637182915048029;26792;13
fenetre;1637182915048053;26816;14
fenetre;1637182915048183;26854;15
fenetre;1637182915048238;26900;16
fenetre;1637182915048426;26976;17
fenetre;1637182915048452;27002;18
fenetre;1637182915048553;27046;19
fenetre;1637182915048590;27083;20
fenetre;1637182915048620;27102;21
fenetre;1637182915048905;27370;22
timeout;1637182916052950;27403;0
fenetre;1637182916053212;27665;11
fenetre;1637182916053638;27711;12
fenetre;1637182916053767;27761;13
fenetre;1637182916053796;27789;14
fenetre;1637182916053908;27827;15
fenetre;1637182916054055;27864;16
fenetre;1637182916054070;27880;17
fenetre;1637182916054096;27894;18
fenetre;1637182916054116;27905;19
fenetre;1637182916054148;27920;20
fenetre;1637182916054195;27947;21
fenetre;1637182916054449;28200;22
fenetre;1637182916054508;28226;23
fenetre;1637182916054614;28247;24
fenetre;1637182916054624;28257;25
fenetre;1637182916054661;28271;26
fenetre;1637182916054695;28286;27
fenetre;1637182916054742;28304;28
fenetre;1637182916054782;28321;29
fenetre;1637182916054837;28345;30
timeout;1637182917057698;28379;0
fenetre;1637182917058022;28701;15
fenetre;1637182917058284;28725;16
fenetre;1637182917058299;28739;17
fenetre;1637182917058306;28747;18
fenetre;1637182917058400;28773;19
fenetre;1637182917058453;28813;20
fenetre;1637182917058470;28829;21
fenetre;1637182917058546;28865;22
fenetre;1637182917058562;28880;23
fenetre;1637182917058637;28919;24
fenetre;1637182917058672;28946;25
fenetre;1637182917058723;28981;26
fenetre;1637182917058739;28996;27
timeout;1637182918059712;29021;0
fenetre;1637182918060064;29372;13
fenetre;1637182918060368;29427;14
fenetre;1637182918060403;29462;15
fenetre;1637182918060539;29511;16
fenetre;1637182918060625;29568;17
fenetre;1637182918060757;29633;18
fenetre;1637182918060820;29679;19
fenetre;1637182918060891;29712;20
fenetre;1637182918060978;29744;21
fenetre;1637182918061037;29777;22
fenetre;1637182918061105;29818;23
fenetre;1637182918061118;29832;24
fenetre;1637182918061149;29856;25
fenetre;1637182918061456;30163;26
fenetre;1637182918061471;30177;27
fenetre;1637182918061589;30203;28
fenetre;1637182918061621;30229;29
timeout;1637182919065995;30261;0
fenetre;1637182919066313;30578;14
fenetre;1637182919066711;30620;15
fenetre;1637182919066834;30744;16
fenetre;1637182919066926;30806;17
fenetre;1637182919066979;30858;18
fenetre;1637182919067037;30884;19
fenetre;1637182919067158;30914;20
fenetre;1637182919067207;30944;21
fenetre;1637182919067251;30962;22
fenetre;1637182919067302;30990;23
fenetre;1637182919067316;31004;24
timeout;1637182920071098;31028;0
fenetre;1637182920071385;31313;12
fenetre;1637182920071766;31360;13
fenetre;1637182920071902;31419;14
fenetre;1637182920071927;31443;15
fenetre;1637182920072082;31510;16
fenetre;1637182920072110;31538;17
fenetre;1637182920072272;31589;18
fenetre;1637182920072291;31608;19
fenetre;1637182920072299;31616;20
fenetre;1637182920072331;31632;21
fenetre;1637182920072457;31658;22
fenetre;1637182920072470;31671;23
fenetre;1637182920072727;31928;24
fenetre;1637182920072798;31952;25
timeout;1637182921078264;31986;0
fenetre;1637182921078533;32254;12
fenetre;1637182921079050;32291;13
fenetre;1637182921079078;32318;14
fenetre;1637182921079192;32359;15
fenetre;1637182921079253;32395;16
fenetre;1637182921079358;32429;17
fenetre;1637182921079451;32484;18
fenetre;1637182921079491;32514;19
fenetre;1637182921079523;32538;20
fenetre;1637182921079546;32552;21
fenetre;1637182921079597;32575;22
fenetre;1637182921079612;32590;23
fenetre;1637182921079905;32867;24
fenetre;1637182921080043;32890;25
fenetre;1637182921080056;32903;26
fenetre;1637182921080097;32929;27
fenetre;1637182921080179;32954;28
fenetre;1637182921080192;32967;29
fenetre;1637182921080199;32975;30
fenetre;1637182921080278;32990;31
fenetre;1637182921080317;33007;32
fenetre;1637182921080342;33021;33
fenetre;1637182921080376;33033;34
timeout;1637182922085256;33053;0
fenetre;1637182922085621;33408;17
fenetre;1637182922085688;33435;18
fenetre;1637182922085726;33454;19
fenetre;1637182922085784;33471;20
fenetre;1637182922085843;33502;21
fenetre;1637182922085908;33526;22
fenetre;1637182922086075;33584;23
fenetre;1637182922086100;33610;24
fenetre;1637182922086111;33620;25
fenetre;1637182922086168;33643;26
fenetre;1637182922086209;33663;27
fenetre;1637182922086267;33680;28
fenetre;1637182922086308;33701;29
fenetre;1637182922086335;33719;30
fenetre;1637182922086409;33748;31
timeout;1637182923090091;33768;0
fenetre;1637182923090230;33907;15
fenetre;1637182923090336;33924;16
fenetre;1637182923090381;33940;17
fenetre;1637182923090400;33952;18
fenetre;1637182923090465;33972;19
fenetre;1637182923090474;33982;20
fenetre;1637182923090503;33993;21
fenetre;1637182923090545;34022;22
fenetre;1637182923090554;34031;23
fenetre;1637182923090617;34064;24
fenetre;1637182923090652;34089;25
fenetre;1637182923090661;34097;26
fenetre;1637182923090692;34108;27
fenetre;1637182923090710;34119;28
fenetre;1637182923090737;34132;29
fenetre;1637182923090981;34374;30
fenetre;1637182923090992;34385;31
timeout;1637182924095851;34413;0
fenetre;1637182924096199;34759;15
fenetre;1637182924096580;34807;16
fenetre;1637182924096604;34830;17
fenetre;1637182924096753;34880;18
fenetre;1637182924096789;34915;19
fenetre;1637182924096805;34932;20
fenetre;1637182924096905;34979;21
fenetre;1637182924096971;35018;22
fenetre;1637182924097006;35039;23
fenetre;1637182924097114;35071;24
fenetre;1637182924097128;35085;25
timeout;1637182925102518;35106;0
fenetre;1637182925102804;35391;12
fenetre;1637182925103099;35437;13
fenetre;1637182925103124;35463;14
fenetre;1637182925103312;35509;15
fenetre;1637182925103350;35547;16
fenetre;1637182925103363;35559;17
fenetre;1637182925103465;35606;18
fenetre;1637182925103517;35661;19
fenetre;1637182925103620;35705;20
fenetre;1637182925103644;35728;21
fenetre;1637182925103696;35758;22
fenetre;1637182925103710;35771;23
timeout;1637182926105474;35798;0
fenetre;1637182926105746;36069;11
fenetre;1637182926106033;36119;12
fenetre;1637182926106107;36161;13
fenetre;1637182926106158;36191;14
fenetre;1637182926106252;36227;15
fenetre;1637182926106317;36264;16
fenetre;1637182926106419;36306;17
fenetre;1637182926106508;36343;18
fenetre;1637182926106562;36378;19
fenetre;1637182926106577;36391;20
fenetre;1637182926106636;36416;21
fenetre;1637182926106872;36652;22
fenetre;1637182926107075;36740;23
fenetre;1637182926107090;36755;24
fenetre;1637182926107146;36769;25
timeout;1637182927108486;36798;0
fenetre;1637182927108777;37088;12
fenetre;1637182927109051;37140;13
fenetre;1637182927109191;37197;14
fenetre;1637182927109215;37220;15
fenetre;1637182927109228;37234;16
fenetre;1637182927109417;37279;17
fenetre;1637182927109441;37303;18
fenetre;1637182927109541;37332;19
fenetre;1637182927109587;37359;20
fenetre;1637182927109616;37376;21
fenetre;1637182927109637;37388;22
fenetre;1637182927109671;37407;23
timeout;1637182928112226;37435;0
fenetre;1637182928112509;37717;11
fenetre;1637182928112832;37775;12
fenetre;1637182928112856;37798;13
fenetre;1637182928112946;37832;14
fenetre;1637182928113065;37899;15
fenetre;1637182928113136;37934;16
fenetre;1637182928113208;37968;17
fenetre;1637182928113356;38009;18
fenetre;1637182928113378;38030;19
fenetre;1637182928113430;38048;20
fenetre;1637182928113454;38061;21
fenetre;1637182928113723;38313;22
fenetre;1637182928113763;38334;23
fenetre;1637182928113827;38355;24
fenetre;1637182928113856;38369;25
fenetre;1637182928113913;38384;26
fenetre;1637182928113939;38403;27
timeout;1637182929119188;38435;0
fenetre;1637182929119509;38759;13
fenetre;1637182929119837;38838;14
fenetre;1637182929119929;38891;15
fenetre;1637182929119991;38941;16
fenetre;1637182929120018;38967;17
fenetre;1637182929120139;39010;18
fenetre;1637182929120236;39071;19
fenetre;1637182929120272;39094;20
fenetre;1637182929120382;39122;21
fenetre;1637182929120421;39146;22
fenetre;1637182929120447;39163;23
timeout;1637182930125502;39191;0
fenetre;1637182930125839;39527;11
fenetre;1637182930126115;39582;12
fenetre;1637182930126187;39633;13
fenetre;1637182930126251;39672;14
fenetre;1637182930126412;39748;15
fenetre;1637182930126442;39773;16
fenetre;1637182930126508;39810;17
fenetre;1637182930126658;39847;18
fenetre;1637182930126682;39871;19
fenetre;1637182930126689;39878;20
fenetre;1637182930126790;39901;21
fenetre;1637182930127049;40146;22
timeout;1637182931130606;40179;0
fenetre;1637182931130890;40463;11
fenetre;1637182931131213;40513;12
fenetre;1637182931131287;40561;13
fenetre;1637182931131345;40599;14
fenetre;1637182931131507;40648;15
fenetre;1637182931131532;40673;16
fenetre;1637182931131615;40702;17
fenetre;1637182931131707;40741;18
fenetre;1637182931131729;40763;19
fenetre;1637182931131779;40784;20
fenetre;1637182931131826;40801;21
fenetre;1637182931132092;41036;22
timeout;1637182932134858;41052;0
fenetre;1637182932134957;41152;11
timeout;1637182933140198;41180;0
fenetre;1637182933140361;41342;5
fenetre;1637182933140832;41377;6
fenetre;1637182933140900;41436;7
fenetre;1637182933140922;41457;8
fenetre;1637182933140971;41479;9
fenetre;1637182933141234;41707;10
fenetre;1637182933141604;41752;11
fenetre;1637182933141626;41774;12
fenetre;1637182933141717;41811;13
fenetre;1637182933141812;41853;14
fenetre;1637182933141876;41896;15
fenetre;1637182933141947;41943;16
fenetre;1637182933141969;41964;17
fenetre;1637182933142006;41985;18
fenetre;1637182933142037;42004;19
timeout;1637182934145680;42028;0
fenetre;1637182934145922;42268;9
fenetre;1637182934146392;42305;10
fenetre;1637182934146417;42329;11
fenetre;1637182934146489;42354;12
fenetre;1637182934146536;42375;13
fenetre;1637182934146600;42403;14
fenetre;1637182934146656;42445;15
fenetre;1637182934146747;42489;16
fenetre;1637182934146764;42505;17
fenetre;1637182934147002;42729;18
fenetre;1637182934147091;42759;19
timeout;1637182935152360;42793;0
fenetre;1637182935152609;43042;9
fenetre;1637182935152933;43090;10
fenetre;1637182935153016;43140;11
fenetre;1637182935153107;43179;12
fenetre;1637182935153170;43227;13
fenetre;1637182935153264;43275;14
fenetre;1637182935153349;43343;15
fenetre;1637182935153366;43360;16
fenetre;1637182935153512;43396;17
fenetre;1637182935153705;43590;18
fenetre;1637182935153854;43607;19
fenetre;1637182935153911;43638;20
timeout;1637182936155033;43668;0
fenetre;1637182936155279;43913;10
fenetre;1637182936155668;43965;11
fenetre;1637182936155731;44008;12
fenetre;1637182936155802;44036;13
fenetre;1637182936155875;44075;14
fenetre;1637182936155997;44198;15
fenetre;1637182936156057;44238;16
fenetre;1637182936156144;44292;17
fenetre;1637182936156159;44306;18
fenetre;1637182936156241;44346;19
fenetre;1637182936156476;44581;20
timeout;1637182937159442;44619;0
fenetre;1637182937159672;44849;10
fenetre;1637182937160103;44891;11
fenetre;1637182937160194;44932;12
fenetre;1637182937160273;44984;13
fenetre;1637182937160371;45039;14
fenetre;1637182937160389;45057;15
fenetre;1637182937160465;45114;16
fenetre;1637182937160505;45149;17
fenetre;1637182937160515;45159;18
fenetre;1637182937160571;45191;19
fenetre;1637182937160818;45438;20
fenetre;1637182937160845;45460;21
timeout;1637182938163623;45490;0
fenetre;1637182938163888;45753;10
fenetre;1637182938164287;45779;11
fenetre;1637182938164302;45794;12
fenetre;1637182938164390;45823;13
fenetre;1637182938164460;45858;14
fenetre;1637182938164564;45887;15
fenetre;1637182938164579;45901;16
fenetre;1637182938164585;45907;17
fenetre;1637182938164592;45913;18
fenetre;1637182938164621;45927;19
fenetre;1637182938164846;46151;20
fenetre;1637182938164980;46186;21
fenetre;1637182938165003;46209;22
fenetre;1637182938165044;46225;23
fenetre;1637182938165109;46253;24
fenetre;1637182938165137;46276;25
timeout;1637182939169614;46294;0
fenetre;1637182939169825;46505;12
fenetre;1637182939169968;46528;13
fenetre;1637182939169999;46548;14
fenetre;1637182939170088;46581;15
fenetre;1637182939170107;46600;16
fenetre;1637182939170114;46607;17
fenetre;1637182939170149;46620;18
fenetre;1637182939170175;46635;19
fenetre;1637182939170278;46673;20
fenetre;1637182939170293;46688;21
fenetre;1637182939170302;46696;22
fenetre;1637182939170325;46717;23
fenetre;1637182939170569;46948;24
timeout;1637182940171205;46976;0
fenetre;1637182940171399;47169;12
fenetre;1637182940171677;47202;13
fenetre;1637182940171746;47221;14
fenetre;1637182940171792;47235;15
fenetre;1637182940171843;47255;16
fenetre;1637182940171867;47272;17
fenetre;1637182940171900;47285;18
fenetre;1637182940171939;47297;19
fenetre;1637182940171972;47309;20
fenetre;1637182940172008;47319;21
fenetre;1637182940172044;47329;22
fenetre;1637182940172065;47339;23
fenetre;1637182940172264;47531;24
timeout;1637182941176010;47559;0
fenetre;1637182941176334;47882;12
fenetre;1637182941176652;47927;13
fenetre;1637182941176680;47955;14
fenetre;1637182941176773;48001;15
fenetre;1637182941176920;48058;16
fenetre;1637182941177003;48100;17
fenetre;1637182941177166;48148;18
fenetre;1637182941177240;48180;19
fenetre;1637182941177282;48200;20
fenetre;1637182941177343;48224;21
fenetre;1637182941177358;48238;22
fenetre;1637182941177386;48256;23
timeout;1637182942179977;48291;0
fenetre;1637182942180300;48614;11
fenetre;1637182942180764;48667;12
fenetre;1637182942180793;48696;13
fenetre;1637182942180886;48740;14
fenetre;1637182942180988;48783;15
fenetre;1637182942181068;48833;16
fenetre;1637182942181251;48870;17
fenetre;1637182942181383;48912;18
fenetre;1637182942181409;48938;19
fenetre;1637182942181418;48947;20
fenetre;1637182942181426;48955;21
fenetre;1637182942181705;49212;22
fenetre;1637182942181846;49230;23
fenetre;1637182942181901;49264;24
fenetre;1637182942181961;49295;25
timeout;1637182943186963;49324;0
fenetre;1637182943187278;49639;12
fenetre;1637182943187580;49715;13
fenetre;1637182943187606;49740;14
fenetre;1637182943187852;49788;15
fenetre;1637182943188069;49831;16
fenetre;1637182943188088;49850;17
fenetre;1637182943188181;49880;18
fenetre;1637182943188270;49914;19
fenetre;1637182943188284;49928;20
fenetre;1637182943188314;49950;21
fenetre;1637182943188323;49960;22
fenetre;1637182943188347;49971;23
timeout;1637182944188965;49989;0
fenetre;1637182944189155;50178;11
fenetre;1637182944189391;50205;12
fenetre;1637182944189435;50224;13
fenetre;1637182944189472;50237;14
fenetre;1637182944189528;50257;15
fenetre;1637182944189569;50277;16
fenetre;1637182944189684;50319;17
fenetre;1637182944189705;50340;18
fenetre;1637182944189718;50352;19
fenetre;1637182944189725;50360;20
fenetre;1637182944189750;50372;21
fenetre;1637182944189999;50613;22
timeout;1637182945191671;50640;0
fenetre;1637182945191976;50944;11
fenetre;1637182945192300;51088;12
fenetre;1637182945192369;51127;13
fenetre;1637182945192453;51169;14
fenetre;1637182945192582;51222;15
fenetre;1637182945192674;51291;16
fenetre;1637182945192852;51354;17
fenetre;1637182945192908;51383;18
fenetre;1637182945192940;51404;19
fenetre;1637182945192968;51424;20
fenetre;1637182945192993;51440;21
timeout;1637182946195128;51466;0
fenetre;1637182946195412;51750;10
fenetre;1637182946195757;51799;11
fenetre;1637182946195860;51859;12
fenetre;1637182946195978;51924;13
fenetre;1637182946196225;51978;14
fenetre;1637182946196400;52003;15
fenetre;1637182946196534;52033;16
fenetre;1637182946196548;52047;17
fenetre;1637182946196556;52055;18
fenetre;1637182946196676;52080;19
fenetre;1637182946197043;52386;20
fenetre;1637182946197100;52405;21
fenetre;1637182946197214;52423;22
fenetre;1637182946197340;52446;23
fenetre;1637182946197409;52465;24
fenetre;1637182946197470;52486;25
fenetre;1637182946197510;52510;26
timeout;1637182947197625;52532;0
fenetre;1637182947198288;53089;13
timeout;1637182948203281;53117;0
fenetre;1637182948203452;53272;6
fenetre;1637182948203722;53307;7
fenetre;1637182948203777;53332;8
fenetre;1637182948203864;53371;9
fenetre;1637182948203899;53396;10
fenetre;1637182948203922;53411;11
fenetre;1637182948204115;53583;12
fenetre;1637182948204387;53619;13
fenetre;1637182948204433;53647;14
fenetre;1637182948204461;53664;15
fenetre;1637182948204500;53683;16
fenetre;1637182948204562;53715;17
fenetre;1637182948204604;53744;18
timeout;1637182949205583;53768;0
fenetre;1637182949205738;53922;9
fenetre;1637182949205924;53949;10
fenetre;1637182949206009;53976;11
fenetre;1637182949206054;53997;12
fenetre;1637182949206152;54023;13
fenetre;1637182949206171;54042;14
fenetre;1637182949206194;54058;15
fenetre;1637182949206211;54075;16
fenetre;1637182949206218;54083;17
fenetre;1637182949206526;54331;18
fenetre;1637182949206615;54355;19
fenetre;1637182949206674;54374;20
fenetre;1637182949206705;54394;21
timeout;1637182950211283;54425;0
fenetre;1637182950211570;54712;10
fenetre;1637182950211989;54769;11
fenetre;1637182950212018;54797;12
fenetre;1637182950212245;54876;13
fenetre;1637182950212304;54898;14
fenetre;1637182950212348;54916;15
fenetre;1637182950212410;54933;16
fenetre;1637182950212445;54965;17
fenetre;1637182950212473;54979;18
fenetre;1637182950212517;55004;19
fenetre;1637182950212739;55224;20
fenetre;1637182950212852;55245;21
fenetre;1637182950212923;55274;22
fenetre;1637182950212939;55290;23
fenetre;1637182950212995;55313;24
fenetre;1637182950213054;55344;25
fenetre;1637182950213069;55358;26
timeout;1637182951213913;55386;0
fenetre;1637182951214216;55688;13
fenetre;1637182951214486;55737;14
fenetre;1637182951214524;55772;15
fenetre;1637182951214541;55788;16
fenetre;1637182951214584;55807;17
fenetre;1637182951214671;55833;18
fenetre;1637182951214684;55845;19
fenetre;1637182951214736;55871;20
fenetre;1637182951214778;55891;21
fenetre;1637182951214861;55925;22
fenetre;1637182951214886;55942;23
fenetre;1637182951214896;55951;24
fenetre;1637182951214933;55967;25
fenetre;1637182951215400;56408;26
timeout;1637182952220564;56442;0
fenetre;1637182952220898;56776;13
fenetre;1637182952221199;56836;14
fenetre;1637182952221240;56875;15
fenetre;1637182952221363;56925;16
fenetre;1637182952221428;56960;17
fenetre;1637182952221520;57002;18
fenetre;1637182952221629;57058;19
fenetre;1637182952221652;57080;20
fenetre;1637182952221745;57110;21
fenetre;1637182952221833;57164;22
fenetre;1637182952221857;57188;23
timeout;1637182953225383;57201;0
fenetre;1637182953225571;57388;11
fenetre;1637182953225838;57400;12
fenetre;1637182953225884;57409;13
fenetre;1637182953226102;57458;14
fenetre;1637182953226110;57465;15
fenetre;1637182953226115;57471;16
fenetre;1637182953226207;57489;17
fenetre;1637182953226279;57524;18
fenetre;1637182953226299;57542;19
fenetre;1637182953226319;57561;20
fenetre;1637182953226392;57613;21
fenetre;1637182953226769;57914;22
timeout;1637182954227234;57936;0
fenetre;1637182954227528;58230;11
timeout;1637182955228344;58256;0
fenetre;1637182955228521;58434;5
fenetre;1637182955228820;58457;6
fenetre;1637182955228891;58527;7
fenetre;1637182955228918;58541;8
fenetre;1637182955228955;58568;9
fenetre;1637182955229135;58727;10
fenetre;1637182955229252;58750;11
fenetre;1637182955229326;58773;12
fenetre;1637182955229380;58806;13
fenetre;1637182955229428;58833;14
fenetre;1637182955229454;58855;15
fenetre;1637182955229494;58879;16
fenetre;1637182955229535;58901;17
fenetre;1637182955229565;58927;18
timeout;1637182956233273;58962;0
fenetre;1637182956233601;59272;9
fenetre;1637182956233787;59307;10
fenetre;1637182956233848;59331;11
fenetre;1637182956233980;59359;12
fenetre;1637182956233993;59372;13
fenetre;1637182956234000;59378;14
fenetre;1637182956234033;59400;15
fenetre;1637182956234165;59427;16
fenetre;1637182956234177;59439;17
fenetre;1637182956234447;59681;18
fenetre;1637182956234461;59695;19
fenetre;1637182956234555;59719;20
fenetre;1637182956234567;59731;21
fenetre;1637182956234612;59752;22
timeout;1637182957237341;59786;0
fenetre;1637182957237571;60015;11
fenetre;1637182957237758;60043;12
fenetre;1637182957237826;60070;13
fenetre;1637182957237949;60107;14
fenetre;1637182957237965;60122;15
fenetre;1637182957238036;60155;16
fenetre;1637182957238105;60194;17
fenetre;1637182957238168;60237;18
fenetre;1637182957238206;60264;19
fenetre;1637182957238231;60283;20
fenetre;1637182957238258;60298;21
timeout;1637182958238374;60324;0
fenetre;1637182958238638;60586;10
fenetre;1637182958239070;60643;11
fenetre;1637182958239123;60679;12
fenetre;1637182958239271;60733;13
fenetre;1637182958239339;60786;14
fenetre;1637182958239415;60825;15
fenetre;1637182958239496;60868;16
fenetre;1637182958239587;60904;17
fenetre;1637182958239662;60946;18
fenetre;1637182958239846;60981;19
fenetre;1637182958240064;61200;20
fenetre;1637182958240292;61231;21
fenetre;1637182958240357;61267;22
fenetre;1637182958240445;61303;23
fenetre;1637182958240498;61341;24
fenetre;1637182958240539;61370;25
fenetre;1637182958240584;61394;26
fenetre;1637182958240626;61418;27
fenetre;1637182958240678;61449;28
fenetre;1637182958240705;61468;29
fenetre;1637182958240740;61492;30
timeout;1637182959243219;61522;0
fenetre;1637182959243548;61850;15
fenetre;1637182959243841;61931;16
fenetre;1637182959243904;61971;17
fenetre;1637182959244008;62014;18
fenetre;1637182959244033;62038;19
fenetre;1637182959244262;62112;20
fenetre;1637182959244281;62131;21
fenetre;1637182959244321;62151;22
fenetre;1637182959244371;62174;23
fenetre;1637182959244439;62208;24
fenetre;1637182959244453;62222;25
fenetre;1637182959244502;62237;26
fenetre;1637182959244546;62262;27
fenetre;1637182959244578;62281;28
fenetre;1637182959244587;62291;29
fenetre;1637182959244934;62631;30
fenetre;1637182959244944;62641;31
timeout;1637182960245168;62668;0
fenetre;1637182960245510;63009;15
timeout;1637182961245611;63043;0
fenetre;1637182961245874;63295;7
fenetre;1637182961246273;63330;8
fenetre;1637182961246355;63363;9
fenetre;1637182961246414;63391;10
fenetre;1637182961246540;63419;11
fenetre;1637182961246602;63453;12
fenetre;1637182961246640;63477;13
fenetre;1637182961246950;63762;14
fenetre;1637182961246966;63777;15
fenetre;1637182961246999;63799;16
fenetre;1637182961247070;63820;17
fenetre;1637182961247117;63840;18
fenetre;1637182961247199;63859;19
fenetre;1637182961247294;63887;20
fenetre;1637182961247356;63914;21
timeout;1637182962252215;63940;0
fenetre;1637182962252462;64186;10
fenetre;1637182962252789;64215;11
fenetre;1637182962252831;64235;12
fenetre;1637182962252894;64254;13
fenetre;1637182962252970;64273;14
fenetre;1637182962253018;64300;15
fenetre;1637182962253059;64326;16
fenetre;1637182962253073;64340;17
fenetre;1637182962253113;64356;18
fenetre;1637182962253122;64365;19
fenetre;1637182962253359;64594;20
fenetre;1637182962253510;64619;21
fenetre;1637182962253563;64640;22
timeout;1637182963255918;64658;0
fenetre;1637182963256112;64852;11
fenetre;1637182963256307;64880;12
fenetre;1637182963256375;64910;13
fenetre;1637182963256390;64924;14
fenetre;1637182963256433;64941;15
fenetre;1637182963256502;64956;16
fenetre;1637182963256527;64970;17
fenetre;1637182963256609;64996;18
fenetre;1637182963256652;65025;19
fenetre;1637182963256731;65102;20
fenetre;1637182963256738;65110;21
fenetre;1637182963257054;65344;22
fenetre;1637182963257186;65375;23
fenetre;1637182963257282;65414;24
fenetre;1637182963257321;65444;25
fenetre;1637182963257366;65482;26
fenetre;1637182963257420;65515;27
fenetre;1637182963257459;65541;28
fenetre;1637182963257508;65561;29
fenetre;1637182963257553;65583;30
fenetre;1637182963257617;65614;31
fenetre;1637182963257762;65644;32
fenetre;1637182963257776;65658;33
fenetre;1637182963257809;65676;34
timeout;1637182964260331;65705;0
fenetre;1637182964260814;66187;17
fenetre;1637182964260962;66228;18
fenetre;1637182964261044;66275;19
fenetre;1637182964261152;66325;20
fenetre;1637182964261179;66351;21
fenetre;1637182964261275;66382;22
fenetre;1637182964261372;66438;23
fenetre;1637182964261458;66494;24
fenetre;1637182964261488;66519;25
fenetre;1637182964261565;66570;26
fenetre;1637182964261637;66603;27
timeout;1637182965265956;66664;0
fenetre;1637182965266401;67093;13
fenetre;1637182965266584;67138;14
fenetre;1637182965266661;67179;15
fenetre;1637182965266789;67227;16
fenetre;1637182965266837;67264;17
fenetre;1637182965266938;67305;18
fenetre;1637182965266980;67341;19
fenetre;1637182965267092;67373;20
fenetre;1637182965267146;67399;21
fenetre;1637182965267282;67424;22
fenetre;1637182965267297;67439;23
timeout;1637182966269885;67465;0
fenetre;1637182966270156;67736;11
fenetre;1637182966270524;67798;12
fenetre;1637182966270551;67825;13
fenetre;1637182966270776;67869;14
fenetre;1637182966270915;67952;15
fenetre;1637182966270986;67984;16
fenetre;1637182966271041;68013;17
fenetre;1637182966271129;68056;18
fenetre;1637182966271228;68086;19
fenetre;1637182966271244;68102;20
fenetre;1637182966271252;68109;21
fenetre;1637182966271508;68363;22
timeout;1637182967271694;68393;0
fenetre;1637182967271995;68693;11
fenetre;1637182967272439;68736;12
fenetre;1637182967272517;68769;13
fenetre;1637182967272723;68826;14
fenetre;1637182967272855;68894;15
fenetre;1637182967272871;68909;16
fenetre;1637182967272993;68935;17
fenetre;1637182967273073;68972;18
fenetre;1637182967273124;69010;19
fenetre;1637182967273141;69027;20
fenetre;1637182967273272;69056;21
fenetre;1637182967273556;69340;22
fenetre;1637182967273807;69384;23
timeout;1637182968278859;69414;0
fenetre;1637182968279245;69790;11
fenetre;1637182968279395;69839;12
fenetre;1637182968279446;69853;13
fenetre;1637182968279547;69874;14
fenetre;1637182968279592;69902;15
fenetre;1637182968279691;69943;16
fenetre;1637182968279798;69975;17
fenetre;1637182968279825;69994;18
fenetre;1637182968279851;70006;19
fenetre;1637182968279883;70022;20
fenetre;1637182968279921;70045;21
fin;1637182968280182;70155;0
