type;temps;clock;fen
debut;1637182987599684;2078;0
fenetre;1637182987600730;2225;1
fenetre;1637182987600895;2267;2
fenetre;1637182987601069;2288;3
fenetre;1637182987601117;2337;4
fenetre;1637182987601245;2348;5
fenetre;1637182987601262;2358;6
fenetre;1637182987601281;2366;7
fenetre;1637182987601349;2425;8
fenetre;1637182987601458;2444;9
fenetre;1637182987601468;2453;10
fenetre;1637182987601499;2462;11
timeout;1637182988606571;2484;0
fenetre;1637182988606756;2668;5
fenetre;1637182988607163;2702;6
fenetre;1637182988607239;2741;7
fenetre;1637182988607254;2757;8
fenetre;1637182988607291;2776;9
fenetre;1637182988607554;3004;10
fenetre;1637182988607913;3057;11
fenetre;1637182988607973;3090;12
fenetre;1637182988608133;3128;13
fenetre;1637182988608155;3150;14
fenetre;1637182988608250;3188;15
fenetre;1637182988608272;3209;16
fenetre;1637182988608336;3233;17
fenetre;1637182988608411;3284;18
timeout;1637182989612869;3311;0
fenetre;1637182989612973;3414;9
fenetre;1637182989613255;3433;10
fenetre;1637182989613369;3453;11
fenetre;1637182989613436;3468;12
fenetre;1637182989613472;3482;13
fenetre;1637182989613528;3495;14
fenetre;1637182989613560;3512;15
fenetre;1637182989613608;3534;16
fenetre;1637182989613618;3545;17
fenetre;1637182989613860;3735;18
fenetre;1637182989614011;3772;19
fenetre;1637182989614031;3788;20
fenetre;1637182989614063;3803;21
fenetre;1637182989614097;3824;22
fenetre;1637182989614148;3844;23
fenetre;1637182989614269;3885;24
fenetre;1637182989614281;3896;25
timeout;1637182990615647;3925;0
fenetre;1637182990615984;4261;12
fenetre;1637182990616555;4319;13
fenetre;1637182990616630;4367;14
fenetre;1637182990616755;4407;15
fenetre;1637182990616825;4439;16
fenetre;1637182990616902;4476;17
fenetre;1637182990616956;4508;18
fenetre;1637182990617048;4530;19
fenetre;1637182990617145;4562;20
fenetre;1637182990617160;4577;21
fenetre;1637182990617168;4585;22
fenetre;1637182990617174;4591;23
fenetre;1637182990617582;4908;24
fenetre;1637182990617597;4923;25
fenetre;1637182990617641;4937;26
fenetre;1637182990617720;4966;27
fenetre;1637182990617734;4980;28
fenetre;1637182990617782;5006;29
fenetre;1637182990617819;5025;30
fenetre;1637182990617927;5052;31
fenetre;1637182990617941;5066;32
fenetre;1637182990617964;5083;33
fenetre;1637182990618002;5103;34
timeout;1637182991620036;5130;0
fenetre;1637182991620401;5495;17
fenetre;1637182991620677;5546;18
fenetre;1637182991620699;5569;19
fenetre;1637182991620775;5608;20
fenetre;1637182991620822;5641;21
fenetre;1637182991620985;5671;22
fenetre;1637182991621026;5700;23
fenetre;1637182991621131;5731;24
fenetre;1637182991621263;5765;25
fenetre;1637182991621277;5778;26
fenetre;1637182991621301;5796;27
timeout;1637182992621436;5815;0
fenetre;1637182992621583;5963;13
fenetre;1637182992621819;5987;14
fenetre;1637182992621830;5997;15
fenetre;1637182992621864;6015;16
fenetre;1637182992621888;6033;17
fenetre;1637182992621923;6048;18
fenetre;1637182992621995;6069;19
fenetre;1637182992622090;6098;20
fenetre;1637182992622147;6115;21
fenetre;1637182992622170;6131;22
fenetre;1637182992622191;6144;23
fenetre;1637182992622267;6163;24
fenetre;1637182992622276;6172;25
fenetre;1637182992622487;6383;26
fenetre;1637182992622552;6403;27
fenetre;1637182992622594;6420;28
timeout;1637182993622810;6439;0
fenetre;1637182993623007;6635;14
fenetre;1637182993623299;6659;15
fenetre;1637182993623312;6672;16
fenetre;1637182993623318;6679;17
fenetre;1637182993623397;6696;18
fenetre;1637182993623408;6707;19
fenetre;1637182993623510;6729;20
fenetre;1637182993623522;6741;21
fenetre;1637182993623570;6762;22
fenetre;1637182993623613;6780;23
fenetre;1637182993623646;6795;24
fenetre;1637182993623696;6814;25
fenetre;1637182993623707;6826;26
fenetre;1637182993623737;6839;27
fenetre;1637182993623984;7087;28
timeout;1637182994625961;7110;0
fenetre;1637182994626274;7423;14
fenetre;1637182994626581;7474;15
fenetre;1637182994626614;7506;16
fenetre;1637182994626794;7548;17
fenetre;1637182994626860;7588;18
fenetre;1637182994626883;7611;19
fenetre;1637182994627016;7659;20
fenetre;1637182994627075;7689;21
fenetre;1637182994627157;7712;22
fenetre;1637182994627286;7752;23
fenetre;1637182994627387;7853;24
fenetre;1637182994627395;7861;25
fenetre;1637182994627403;7869;26
timeout;1637182995632316;7887;0
fenetre;1637182995632506;8078;13
fenetre;1637182995632692;8103;14
fenetre;1637182995632704;8114;15
fenetre;1637182995632830;8160;16
fenetre;1637182995632852;8181;17
fenetre;1637182995632860;8187;18
fenetre;1637182995632892;8207;19
fenetre;1637182995632974;8233;20
fenetre;1637182995633085;8255;21
fenetre;1637182995633097;8265;22
fenetre;1637182995633137;8286;23
fenetre;1637182995633219;8308;24
fenetre;1637182995633234;8323;25
fenetre;1637182995633448;8537;26
fenetre;1637182995633524;8557;27
fenetre;1637182995633553;8573;28
fenetre;1637182995633674;8593;29
timeout;1637182996636708;8619;0
fenetre;1637182996637146;9057;14
fenetre;1637182996637318;9103;15
fenetre;1637182996637397;9134;16
fenetre;1637182996637514;9192;17
fenetre;1637182996637544;9221;18
fenetre;1637182996637717;9274;19
fenetre;1637182996637778;9304;20
fenetre;1637182996637832;9336;21
fenetre;1637182996637871;9360;22
fenetre;1637182996637921;9383;23
fenetre;1637182996638011;9415;24
fenetre;1637182996638025;9430;25
fenetre;1637182996638033;9437;26
fenetre;1637182996638095;9460;27
timeout;1637182997642795;9491;0
fenetre;1637182997643119;9814;13
fenetre;1637182997643486;9864;14
fenetre;1637182997643602;9917;15
fenetre;1637182997643627;9941;16
fenetre;1637182997643728;9974;17
fenetre;1637182997643822;10027;18
fenetre;1637182997643870;10065;19
fenetre;1637182997644004;10089;20
fenetre;1637182997644030;10107;21
fenetre;1637182997644088;10124;22
fenetre;1637182997644120;10146;23
timeout;1637182998647563;10177;0
fenetre;1637182998647844;10457;11
fenetre;1637182998648162;10495;12
fenetre;1637182998648229;10527;13
fenetre;1637182998648398;10577;14
fenetre;1637182998648424;10601;15
fenetre;1637182998648570;10657;16
fenetre;1637182998648586;10673;17
fenetre;1637182998648640;10708;18
fenetre;1637182998648655;10723;19
fenetre;1637182998648688;10738;20
fenetre;1637182998648718;10758;21
timeout;1637182999651912;10776;0
fenetre;1637182999652132;10985;10
fenetre;1637182999652184;11007;11
fenetre;1637182999652208;11019;12
fenetre;1637182999652273;11035;13
fenetre;1637182999652283;11043;14
fenetre;1637182999652352;11056;15
fenetre;1637182999652394;11072;16
fenetre;1637182999652479;11092;17
fenetre;1637182999652530;11108;18
fenetre;1637182999652562;11122;19
fenetre;1637182999652845;11339;20
fenetre;1637182999652855;11349;21
fenetre;1637182999652859;11354;22
timeout;1637183000654100;11376;0
fenetre;1637183000654607;11833;11
fenetre;1637183000654738;11869;12
fenetre;1637183000654849;11904;13
fenetre;1637183000654869;11924;14
fenetre;1637183000654896;11944;15
fenetre;1637183000655090;11972;16
fenetre;1637183000655246;12001;17
fenetre;1637183000655325;12026;18
fenetre;1637183000655423;12049;19
fenetre;1637183000655435;12060;20
fenetre;1637183000655444;12069;21
fenetre;1637183000655671;12264;22
timeout;1637183001657053;12297;0
fenetre;1637183001657245;12489;11
timeout;1637183002658849;12519;0
fenetre;1637183002659052;12721;5
fenetre;1637183002659531;12762;6
fenetre;1637183002659802;12823;7
fenetre;1637183002659838;12858;8
fenetre;1637183002659851;12871;9
fenetre;1637183002660204;13126;10
fenetre;1637183002660494;13161;11
fenetre;1637183002660557;13194;12
fenetre;1637183002660592;13213;13
fenetre;1637183002660664;13234;14
fenetre;1637183002660679;13249;15
fenetre;1637183002660864;13275;16
fenetre;1637183002660883;13294;17
fenetre;1637183002660996;13320;18
timeout;1637183003664035;13354;0
fenetre;1637183003664479;13774;9
fenetre;1637183003664699;13819;10
fenetre;1637183003664716;13834;11
fenetre;1637183003664818;13867;12
fenetre;1637183003664833;13883;13
fenetre;1637183003664896;13911;14
fenetre;1637183003664954;13935;15
fenetre;1637183003665000;13959;16
fenetre;1637183003665151;13987;17
fenetre;1637183003665339;14175;18
fenetre;1637183003665493;14192;19
timeout;1637183004669791;14218;0
fenetre;1637183004669964;14390;9
fenetre;1637183004670294;14439;10
fenetre;1637183004670313;14458;11
fenetre;1637183004670390;14495;12
fenetre;1637183004670433;14531;13
fenetre;1637183004670530;14627;14
fenetre;1637183004670540;14638;15
fenetre;1637183004670549;14647;16
fenetre;1637183004670560;14658;17
fenetre;1637183004670898;14942;18
fenetre;1637183004671034;14981;19
timeout;1637183005674710;15008;0
fenetre;1637183005675004;15302;9
fenetre;1637183005675406;15347;10
fenetre;1637183005675561;15405;11
fenetre;1637183005675587;15431;12
fenetre;1637183005675651;15467;13
fenetre;1637183005675724;15524;14
fenetre;1637183005675769;15553;15
fenetre;1637183005675813;15592;16
fenetre;1637183005675827;15606;17
fenetre;1637183005676018;15798;18
fenetre;1637183005676165;15822;19
timeout;1637183006676665;15855;0
fenetre;1637183006677034;16214;9
fenetre;1637183006677323;16268;10
fenetre;1637183006677563;16310;11
fenetre;1637183006677687;16357;12
fenetre;1637183006677846;16441;13
fenetre;1637183006677970;16474;14
fenetre;1637183006678007;16498;15
fenetre;1637183006678099;16529;16
fenetre;1637183006678151;16559;17
fenetre;1637183006678456;16832;18
fenetre;1637183006678492;16851;19
fenetre;1637183006678614;16878;20
timeout;1637183007679910;16911;0
fenetre;1637183007680215;17215;10
fenetre;1637183007680604;17266;11
fenetre;1637183007680668;17307;12
fenetre;1637183007680753;17339;13
fenetre;1637183007680833;17386;14
fenetre;1637183007680990;17460;15
fenetre;1637183007681011;17479;16
fenetre;1637183007681022;17491;17
fenetre;1637183007681052;17505;18
fenetre;1637183007681098;17537;19
fenetre;1637183007681324;17763;20
fenetre;1637183007681493;17789;21
fenetre;1637183007681547;17821;22
fenetre;1637183007681576;17846;23
fenetre;1637183007681624;17866;24
fenetre;1637183007681738;17894;25
fenetre;1637183007681753;17909;26
fenetre;1637183007681760;17916;27
fenetre;1637183007681799;17929;28
fenetre;1637183007681821;17940;29
timeout;1637183008685861;17959;0
fenetre;1637183008686088;18185;14
fenetre;1637183008686273;18206;15
fenetre;1637183008686414;18234;16
fenetre;1637183008686506;18259;17
fenetre;1637183008686650;18286;18
fenetre;1637183008686750;18314;19
fenetre;1637183008686764;18328;20
fenetre;1637183008686930;18352;21
fenetre;1637183008686944;18366;22
fenetre;1637183008686970;18379;23
fenetre;1637183008687014;18408;24
fenetre;1637183008687035;18421;25
fenetre;1637183008687074;18436;26
timeout;1637183009687854;18456;0
fenetre;1637183009688241;18820;13
fenetre;1637183009688453;18873;14
fenetre;1637183009688512;18905;15
fenetre;1637183009688605;18938;16
fenetre;1637183009688675;18969;17
fenetre;1637183009688853;19042;18
fenetre;1637183009688885;19073;19
fenetre;1637183009688940;19111;20
fenetre;1637183009689013;19163;21
fenetre;1637183009689084;19211;22
fenetre;1637183009689126;19245;23
fenetre;1637183009689136;19255;24
fenetre;1637183009689170;19268;25
fenetre;1637183009689460;19545;26
fenetre;1637183009689554;19568;27
timeout;1637183010693355;19594;0
fenetre;1637183010693763;19950;13
fenetre;1637183010693880;19998;14
fenetre;1637183010693985;20036;15
fenetre;1637183010694070;20071;16
fenetre;1637183010694198;20112;17
fenetre;1637183010694344;20153;18
fenetre;1637183010694362;20170;19
fenetre;1637183010694492;20204;20
fenetre;1637183010694511;20222;21
fenetre;1637183010694643;20247;22
fenetre;1637183010694683;20279;23
fenetre;1637183010694734;20317;24
fenetre;1637183010694751;20334;25
fenetre;1637183010695201;20725;26
fenetre;1637183010695219;20743;27
timeout;1637183011696327;20763;0
fenetre;1637183011696578;20998;13
fenetre;1637183011696681;21027;14
fenetre;1637183011696725;21057;15
fenetre;1637183011696811;21083;16
fenetre;1637183011696823;21095;17
fenetre;1637183011696862;21116;18
fenetre;1637183011696876;21129;19
fenetre;1637183011696953;21152;20
fenetre;1637183011697071;21222;21
fenetre;1637183011697100;21251;22
fenetre;1637183011697216;21281;23
fenetre;1637183011697310;21312;24
timeout;1637183012701628;21343;0
fenetre;1637183012702244;21873;12
fenetre;1637183012702549;21929;13
fenetre;1637183012702682;22012;14
fenetre;1637183012702783;22049;15
fenetre;1637183012702823;22075;16
fenetre;1637183012702884;22108;17
fenetre;1637183012702982;22141;18
fenetre;1637183012703140;22177;19
fenetre;1637183012703154;22191;20
fenetre;1637183012703236;22272;21
fenetre;1637183012703244;22280;22
timeout;1637183013705964;22307;0
fenetre;1637183013706160;22502;11
fenetre;1637183013706321;22523;12
fenetre;1637183013706425;22553;13
fenetre;1637183013706439;22567;14
fenetre;1637183013706481;22592;15
fenetre;1637183013706529;22612;16
fenetre;1637183013706584;22649;17
fenetre;1637183013706605;22670;18
fenetre;1637183013706669;22685;19
fenetre;1637183013706709;22704;20
fenetre;1637183013706717;22712;21
fenetre;1637183013706979;22949;22
fenetre;1637183013707102;22978;23
timeout;1637183014710978;23013;0
fenetre;1637183014711238;23270;11
fenetre;1637183014711592;23321;12
fenetre;1637183014711659;23363;13
fenetre;1637183014711732;23389;14
fenetre;1637183014711839;23436;15
fenetre;1637183014711939;23497;16
fenetre;1637183014711963;23522;17
fenetre;1637183014712092;23562;18
fenetre;1637183014712138;23602;19
fenetre;1637183014712157;23622;20
fenetre;1637183014712165;23629;21
fenetre;1637183014712432;23879;22
fenetre;1637183014712464;23895;23
fenetre;1637183014712564;23914;24
timeout;1637183015713936;23948;0
fenetre;1637183015714221;24232;12
fenetre;1637183015714550;24284;13
fenetre;1637183015714627;24334;14
fenetre;1637183015714689;24373;15
fenetre;1637183015714760;24405;16
fenetre;1637183015714874;24439;17
fenetre;1637183015714962;24508;18
fenetre;1637183015714997;24524;19
fenetre;1637183015715108;24558;20
fenetre;1637183015715123;24572;21
fenetre;1637183015715130;24579;22
timeout;1637183016719028;24592;0
fenetre;1637183016719255;24801;11
fenetre;1637183016719391;24820;12
fenetre;1637183016719411;24838;13
fenetre;1637183016719416;24843;14
fenetre;1637183016719420;24846;15
fenetre;1637183016719495;24855;16
fenetre;1637183016719582;24872;17
fenetre;1637183016719592;24882;18
fenetre;1637183016719609;24892;19
fenetre;1637183016719626;24902;20
fenetre;1637183016719648;24916;21
fenetre;1637183016719787;25053;22
fenetre;1637183016719830;25065;23
timeout;1637183017722612;25078;0
fenetre;1637183017722727;25193;11
fenetre;1637183017722912;25217;12
fenetre;1637183017722983;25234;13
fenetre;1637183017723022;25253;14
fenetre;1637183017723064;25278;15
fenetre;1637183017723087;25290;16
fenetre;1637183017723122;25304;17
fenetre;1637183017723163;25322;18
fenetre;1637183017723204;25336;19
fenetre;1637183017723228;25356;20
fenetre;1637183017723251;25368;21
fenetre;1637183017723416;25533;22
fenetre;1637183017723464;25547;23
timeout;1637183018724796;25606;0
fenetre;1637183018725009;25818;11
fenetre;1637183018725201;25844;12
fenetre;1637183018725245;25869;13
fenetre;1637183018725426;25903;14
fenetre;1637183018725441;25918;15
fenetre;1637183018725507;25948;16
fenetre;1637183018725517;25958;17
fenetre;1637183018725586;25982;18
fenetre;1637183018725642;26010;19
fenetre;1637183018725679;26040;20
fenetre;1637183018725694;26054;21
fenetre;1637183018725988;26314;22
fenetre;1637183018726160;26341;23
fenetre;1637183018726212;26359;24
fenetre;1637183018726245;26370;25
fenetre;1637183018726274;26382;26
fenetre;1637183018726311;26393;27
fenetre;1637183018726343;26405;28
timeout;1637183019728993;26428;0
fenetre;1637183019729303;26737;14
fenetre;1637183019729654;26784;15
fenetre;1637183019729678;26808;16
fenetre;1637183019729800;26855;17
fenetre;1637183019729824;26878;18
fenetre;1637183019729873;26912;19
fenetre;1637183019730010;26977;20
fenetre;1637183019730082;27010;21
fenetre;1637183019730143;27044;22
fenetre;1637183019730157;27058;23
fenetre;1637183019730225;27088;24
timeout;1637183020734473;27120;0
fenetre;1637183020734779;27425;12
fenetre;1637183020735121;27463;13
fenetre;1637183020735383;27524;14
fenetre;1637183020735412;27552;15
fenetre;1637183020735605;27587;16
fenetre;1637183020735718;27625;17
fenetre;1637183020735828;27648;18
fenetre;1637183020735870;27677;19
fenetre;1637183020735922;27696;20
fenetre;1637183020736000;27728;21
fenetre;1637183020736014;27742;22
fenetre;1637183020736059;27761;23
fenetre;1637183020736315;28017;24
fenetre;1637183020736430;28044;25
timeout;1637183021736655;28092;0
fenetre;1637183021736984;28418;12
fenetre;1637183021737363;28465;13
fenetre;1637183021737503;28569;14
fenetre;1637183021737604;28597;15
fenetre;1637183021737618;28611;16
fenetre;1637183021737674;28639;17
fenetre;1637183021737713;28663;18
fenetre;1637183021737798;28689;19
fenetre;1637183021737826;28711;20
fenetre;1637183021737864;28737;21
fenetre;1637183021737876;28749;22
fenetre;1637183021737944;28775;23
timeout;1637183022742991;28807;0
fenetre;1637183022743291;29107;11
fenetre;1637183022743585;29153;12
fenetre;1637183022743613;29180;13
fenetre;1637183022743789;29221;14
fenetre;1637183022743926;29300;15
fenetre;1637183022744132;29341;16
fenetre;1637183022744254;29373;17
fenetre;1637183022744276;29394;18
fenetre;1637183022744287;29405;19
fenetre;1637183022744294;29411;20
fenetre;1637183022744328;29437;21
timeout;1637183023745087;29468;0
fenetre;1637183023745373;29752;10
fenetre;1637183023745854;29791;11
fenetre;1637183023745987;29850;12
fenetre;1637183023746150;29928;13
fenetre;1637183023746183;29960;14
fenetre;1637183023746249;30005;15
fenetre;1637183023746334;30056;16
fenetre;1637183023746400;30100;17
fenetre;1637183023746456;30131;18
fenetre;1637183023746488;30158;19
fenetre;1637183023746797;30459;20
timeout;1637183024749304;30498;0
fenetre;1637183024749833;31012;10
fenetre;1637183024750132;31090;11
fenetre;1637183024750206;31123;12
fenetre;1637183024750271;31143;13
fenetre;1637183024750363;31174;14
fenetre;1637183024750458;31215;15
fenetre;1637183024750496;31247;16
fenetre;1637183024750568;31270;17
fenetre;1637183024750706;31307;18
fenetre;1637183024750727;31328;19
fenetre;1637183024751243;31759;20
fenetre;1637183024751295;31798;21
fenetre;1637183024752359;31848;22
fenetre;1637183024752390;31878;23
fenetre;1637183024752398;31888;24
fenetre;1637183024752579;31928;25
fenetre;1637183024752681;31962;26
fenetre;1637183024752854;31997;27
fenetre;1637183024752877;32020;28
timeout;1637183025753305;32043;0
fenetre;1637183025753526;32263;14
fenetre;1637183025753685;32289;15
fenetre;1637183025753744;32314;16
fenetre;1637183025753776;32340;17
fenetre;1637183025753813;32361;18
fenetre;1637183025753951;32407;19
fenetre;1637183025753973;32429;20
fenetre;1637183025753982;32438;21
fenetre;1637183025753989;32445;22
fenetre;1637183025754070;32471;23
fenetre;1637183025754084;32485;24
timeout;1637183026759132;32512;0
fenetre;1637183026759519;32898;12
fenetre;1637183026759919;32952;13
fenetre;1637183026759981;32992;14
fenetre;1637183026760055;33022;15
fenetre;1637183026760213;33067;16
fenetre;1637183026760248;33098;17
fenetre;1637183026760416;33138;18
fenetre;1637183026760431;33152;19
fenetre;1637183026760474;33177;20
fenetre;1637183026760507;33200;21
fenetre;1637183026760560;33228;22
fenetre;1637183026760615;33256;23
fenetre;1637183026760870;33511;24
fenetre;1637183026760973;33527;25
fenetre;1637183026761039;33552;26
fenetre;1637183026761080;33581;27
fenetre;1637183026761120;33610;28
timeout;1637183027761421;33638;0
fenetre;1637183027761583;33799;14
timeout;1637183028766640;33829;0
fenetre;1637183028766856;34044;7
fenetre;1637183028767405;34091;8
fenetre;1637183028767430;34116;9
fenetre;1637183028767442;34128;10
fenetre;1637183028767634;34197;11
fenetre;1637183028767664;34226;12
fenetre;1637183028767676;34239;13
fenetre;1637183028767925;34489;14
fenetre;1637183028768109;34508;15
fenetre;1637183028768122;34522;16
fenetre;1637183028768202;34545;17
fenetre;1637183028768216;34560;18
timeout;1637183029769033;34587;0
fenetre;1637183029769280;34833;9
fenetre;1637183029769776;34891;10
fenetre;1637183029769860;34950;11
fenetre;1637183029769886;34977;12
fenetre;1637183029769972;35003;13
fenetre;1637183029770136;35063;14
fenetre;1637183029770179;35099;15
fenetre;1637183029770231;35133;16
fenetre;1637183029770267;35164;17
fenetre;1637183029770477;35374;18
fenetre;1637183029770581;35394;19
fenetre;1637183029770607;35411;20
timeout;1637183030773152;35428;0
fenetre;1637183030773288;35564;10
fenetre;1637183030773596;35594;11
fenetre;1637183030773609;35606;12
fenetre;1637183030773615;35613;13
fenetre;1637183030773621;35619;14
fenetre;1637183030773710;35641;15
fenetre;1637183030773723;35653;16
fenetre;1637183030773728;35659;17
fenetre;1637183030773824;35723;18
fenetre;1637183030773844;35736;19
fenetre;1637183030774054;35916;20
fenetre;1637183030774134;35931;21
fenetre;1637183030774170;35953;22
fenetre;1637183030774241;36001;23
fenetre;1637183030774252;36011;24
fenetre;1637183030774296;36029;25
timeout;1637183031775327;36050;0
fenetre;1637183031775573;36295;12
fenetre;1637183031775781;36329;13
fenetre;1637183031775828;36372;14
fenetre;1637183031775845;36388;15
fenetre;1637183031775920;36417;16
fenetre;1637183031776061;36457;17
fenetre;1637183031776234;36486;18
fenetre;1637183031776396;36522;19
fenetre;1637183031776409;36535;20
fenetre;1637183031776559;36552;21
fenetre;1637183031776568;36561;22
fenetre;1637183031776573;36566;23
fenetre;1637183031776922;36808;24
timeout;1637183032780762;36823;0
fenetre;1637183032780891;36952;12
fenetre;1637183032781138;36973;13
fenetre;1637183032781150;36985;14
fenetre;1637183032781155;36990;15
fenetre;1637183032781190;37001;16
fenetre;1637183032781221;37015;17
fenetre;1637183032781265;37042;18
fenetre;1637183032781276;37052;19
fenetre;1637183032781298;37066;20
fenetre;1637183032781340;37088;21
fenetre;1637183032781350;37099;22
fenetre;1637183032781374;37114;23
timeout;1637183033783393;37135;0
fenetre;1637183033783566;37308;11
fenetre;1637183033783993;37340;12
fenetre;1637183033784008;37354;13
fenetre;1637183033784016;37362;14
fenetre;1637183033784093;37387;15
fenetre;1637183033784149;37422;16
fenetre;1637183033784195;37458;17
fenetre;1637183033784252;37484;18
fenetre;1637183033784264;37496;19
fenetre;1637183033784307;37518;20
fenetre;1637183033784338;37544;21
fenetre;1637183033784579;37785;22
timeout;1637183034784902;37810;0
fenetre;1637183034785123;38031;11
timeout;1637183035786532;38060;0
fenetre;1637183035786738;38265;5
fenetre;1637183035787078;38293;6
fenetre;1637183035787164;38329;7
fenetre;1637183035787284;38357;8
fenetre;1637183035787295;38369;9
fenetre;1637183035787387;38460;10
fenetre;1637183035787613;38489;11
fenetre;1637183035787678;38519;12
fenetre;1637183035787720;38542;13
fenetre;1637183035787741;38559;14
fenetre;1637183035787773;38582;15
timeout;1637183036792502;38611;0
fenetre;1637183036792773;38881;7
fenetre;1637183036793162;38920;8
fenetre;1637183036793306;38980;9
fenetre;1637183036793332;39005;10
fenetre;1637183036793430;39051;11
fenetre;1637183036793459;39079;12
fenetre;1637183036793505;39096;13
fenetre;1637183036793722;39278;14
fenetre;1637183036793907;39302;15
fenetre;1637183036793965;39331;16
fenetre;1637183036794006;39363;17
fenetre;1637183036794050;39393;18
timeout;1637183037797380;39414;0
fenetre;1637183037797478;39511;9
fenetre;1637183037797697;39529;10
fenetre;1637183037797733;39548;11
fenetre;1637183037797745;39559;12
fenetre;1637183037797749;39564;13
fenetre;1637183037797763;39571;14
fenetre;1637183037797775;39579;15
fenetre;1637183037797835;39594;16
fenetre;1637183037797846;39604;17
fenetre;1637183037797978;39737;18
fenetre;1637183037798042;39749;19
fenetre;1637183037798065;39763;20
fenetre;1637183037798097;39779;21
fenetre;1637183037798116;39795;22
timeout;1637183038800135;39821;0
fenetre;1637183038800400;40085;11
fenetre;1637183038800724;40131;12
fenetre;1637183038800786;40184;13
fenetre;1637183038800839;40220;14
fenetre;1637183038800920;40265;15
fenetre;1637183038801089;40332;16
fenetre;1637183038801127;40370;17
fenetre;1637183038801141;40384;18
fenetre;1637183038801258;40418;19
fenetre;1637183038801312;40444;20
fenetre;1637183038801322;40454;21
fenetre;1637183038801562;40693;22
fenetre;1637183038801657;40721;23
fenetre;1637183038801749;40754;24
timeout;1637183039801810;40777;0
fenetre;1637183039801982;40949;12
fenetre;1637183039802269;40971;13
fenetre;1637183039802359;40997;14
fenetre;1637183039802401;41017;15
fenetre;1637183039802462;41033;16
fenetre;1637183039802506;41049;17
fenetre;1637183039802615;41079;18
fenetre;1637183039802689;41121;19
fenetre;1637183039802703;41135;20
fenetre;1637183039802754;41168;21
fenetre;1637183039802777;41190;22
fenetre;1637183039802814;41206;23
timeout;1637183040803575;41233;0
fenetre;1637183040803852;41508;11
fenetre;1637183040804213;41560;12
fenetre;1637183040804341;41688;13
fenetre;1637183040804355;41702;14
fenetre;1637183040804486;41751;15
fenetre;1637183040804517;41782;16
fenetre;1637183040804598;41808;17
fenetre;1637183040804644;41829;18
fenetre;1637183040804684;41850;19
fenetre;1637183040804770;41895;20
fenetre;1637183040804794;41911;21
fenetre;1637183040805047;42152;22
timeout;1637183041808402;42183;0
fenetre;1637183041808669;42450;11
fenetre;1637183041808972;42499;12
fenetre;1637183041809178;42546;13
fenetre;1637183041809255;42591;14
fenetre;1637183041809481;42649;15
fenetre;1637183041809526;42683;16
fenetre;1637183041809568;42706;17
fenetre;1637183041809622;42734;18
fenetre;1637183041809669;42767;19
fenetre;1637183041809683;42781;20
fenetre;1637183041809718;42794;21
fenetre;1637183041809965;43033;22
timeout;1637183042814965;43046;0
fenetre;1637183042815068;43148;11
fenetre;1637183042815255;43168;12
fenetre;1637183042815266;43179;13
fenetre;1637183042815288;43187;14
fenetre;1637183042815319;43197;15
fenetre;1637183042815349;43211;16
fenetre;1637183042815381;43224;17
fenetre;1637183042815419;43241;18
fenetre;1637183042815434;43251;19
fenetre;1637183042815449;43261;20
fenetre;1637183042815468;43273;21
timeout;1637183043817807;43298;0
fenetre;1637183043818161;43642;10
fenetre;1637183043818641;43707;11
fenetre;1637183043818869;43780;12
fenetre;1637183043819019;43817;13
fenetre;1637183043819090;43844;14
fenetre;1637183043819168;43870;15
fenetre;1637183043819255;43901;16
fenetre;1637183043819357;43927;17
fenetre;1637183043819411;43956;18
fenetre;1637183043819425;43970;19
fenetre;1637183043819668;44196;20
timeout;1637183044821525;44217;0
fenetre;1637183044821811;44501;10
fenetre;1637183044822154;44552;11
fenetre;1637183044822206;44594;12
fenetre;1637183044822268;44630;13
fenetre;1637183044822342;44673;14
fenetre;1637183044822436;44725;15
fenetre;1637183044822455;44744;16
fenetre;1637183044822518;44769;17
fenetre;1637183044822624;44795;18
fenetre;1637183044822782;44827;19
fenetre;1637183044823013;45058;20
timeout;1637183045825098;45078;0
fenetre;1637183045825237;45216;10
fenetre;1637183045825514;45245;11
fenetre;1637183045825527;45257;12
fenetre;1637183045825563;45269;13
fenetre;1637183045825586;45284;14
fenetre;1637183045825667;45306;15
fenetre;1637183045825724;45324;16
fenetre;1637183045825746;45339;17
fenetre;1637183045825855;45365;18
fenetre;1637183045825888;45381;19
fenetre;1637183045826081;45558;20
fenetre;1637183045826254;45579;21
fenetre;1637183045826264;45590;22
timeout;1637183046829916;45615;0
fenetre;1637183046830120;45818;11
fenetre;1637183046830374;45839;12
fenetre;1637183046830435;45869;13
fenetre;1637183046830479;45898;14
fenetre;1637183046830528;45932;15
fenetre;1637183046830571;45957;16
fenetre;1637183046830611;45982;17
fenetre;1637183046830623;45994;18
fenetre;1637183046830668;46020;19
fenetre;1637183046830682;46034;20
fenetre;1637183046830716;46048;21
timeout;1637183047833414;46076;0
fenetre;1637183047833723;46384;10
fenetre;1637183047833999;46425;11
fenetre;1637183047834040;46452;12
fenetre;1637183047834141;46496;13
fenetre;1637183047834159;46515;14
fenetre;1637183047834209;46555;15
fenetre;1637183047834220;46566;16
fenetre;1637183047834282;46591;17
fenetre;1637183047834298;46607;18
fenetre;1637183047834332;46628;19
fenetre;1637183047834653;46858;20
timeout;1637183048838688;46886;0
fenetre;1637183048838943;47141;10
fenetre;1637183048839394;47196;11
fenetre;1637183048839419;47220;12
fenetre;1637183048839550;47271;13
fenetre;1637183048839576;47296;14
fenetre;1637183048839684;47344;15
fenetre;1637183048839748;47398;16
fenetre;1637183048839803;47421;17
fenetre;1637183048839851;47446;18
fenetre;1637183048839865;47460;19
fenetre;1637183048840127;47688;20
fenetre;1637183048840225;47716;21
fenetre;1637183048840290;47738;22
fenetre;1637183048840318;47753;23
fenetre;1637183048840403;47778;24
fenetre;1637183048840467;47810;25
fenetre;1637183048840481;47824;26
fenetre;1637183048840489;47833;27
fenetre;1637183048840615;47848;28
timeout;1637183049843518;47870;0
fenetre;1637183049843748;48096;14
fenetre;1637183049843901;48118;15
fenetre;1637183049843930;48134;16
fenetre;1637183049844003;48208;17
fenetre;1637183049844009;48212;18
fenetre;1637183049844026;48221;19
fenetre;1637183049844065;48234;20
fenetre;1637183049844084;48249;21
fenetre;1637183049844126;48268;22
fenetre;1637183049844169;48292;23
fenetre;1637183049844185;48307;24
fenetre;1637183049844194;48315;25
timeout;1637183050844283;48331;0
fenetre;1637183050844517;48560;12
fenetre;1637183050844613;48584;13
fenetre;1637183050844674;48606;14
fenetre;1637183050844789;48636;15
fenetre;1637183050844865;48656;16
fenetre;1637183050844946;48681;17
fenetre;1637183050844988;48705;18
fenetre;1637183050845093;48726;19
fenetre;1637183050845164;48749;20
fenetre;1637183050845204;48769;21
fenetre;1637183050845235;48789;22
fenetre;1637183050845263;48807;23
fenetre;1637183050845643;49146;24
fenetre;1637183050845655;49158;25
timeout;1637183051848343;49181;0
fenetre;1637183051848667;49505;12
fenetre;1637183051849070;49554;13
fenetre;1637183051849134;49588;14
fenetre;1637183051849219;49618;15
fenetre;1637183051849315;49692;16
fenetre;1637183051849393;49719;17
fenetre;1637183051849466;49751;18
fenetre;1637183051849527;49791;19
fenetre;1637183051849574;49819;20
fenetre;1637183051849645;49851;21
fenetre;1637183051849681;49876;22
fenetre;1637183051849693;49889;23
timeout;1637183052852716;49906;0
fenetre;1637183052852912;50101;11
fenetre;1637183052853144;50128;12
fenetre;1637183052853219;50148;13
fenetre;1637183052853290;50171;14
fenetre;1637183052853334;50199;15
fenetre;1637183052853432;50237;16
fenetre;1637183052853553;50288;17
fenetre;1637183052853605;50311;18
fenetre;1637183052853659;50326;19
fenetre;1637183052853703;50338;20
fenetre;1637183052853733;50352;21
fenetre;1637183052853994;50596;22
fenetre;1637183052854202;50624;23
fenetre;1637183052854261;50645;24
fenetre;1637183052854315;50668;25
fenetre;1637183052854397;50690;26
timeout;1637183053854501;50710;0
fenetre;1637183053854693;50902;13
timeout;1637183054859443;50927;0
fenetre;1637183054859621;51104;6
fenetre;1637183054860034;51146;7
fenetre;1637183054860088;51176;8
fenetre;1637183054860130;51197;9
fenetre;1637183054860174;51217;10
fenetre;1637183054860235;51242;11
fenetre;1637183054860499;51492;12
fenetre;1637183054860707;51517;13
fenetre;1637183054860775;51543;14
fenetre;1637183054860810;51568;15
fenetre;1637183054860845;51586;16
fenetre;1637183054860894;51610;17
timeout;1637183055865648;51644;0
fenetre;1637183055865881;51877;8
fenetre;1637183055866243;51912;9
fenetre;1637183055866385;51972;10
fenetre;1637183055866409;51996;11
fenetre;1637183055866492;52026;12
fenetre;1637183055866561;52085;13
fenetre;1637183055866650;52135;14
fenetre;1637183055866691;52176;15
fenetre;1637183055867065;52532;16
fenetre;1637183055867081;52548;17
fenetre;1637183055867126;52565;18
timeout;1637183056869897;52594;0
fenetre;1637183056870160;52857;9
fenetre;1637183056870503;52900;10
fenetre;1637183056870663;52937;11
fenetre;1637183056870788;53007;12
fenetre;1637183056870887;53072;13
fenetre;1637183056870909;53094;14
fenetre;1637183056870945;53117;15
fenetre;1637183056871085;53141;16
fenetre;1637183056871141;53167;17
fenetre;1637183056871372;53379;18
fenetre;1637183056871598;53401;19
fenetre;1637183056871672;53432;20
timeout;1637183057873172;53493;0
fenetre;1637183057873346;53666;10
fenetre;1637183057873606;53688;11
fenetre;1637183057873652;53718;12
fenetre;1637183057873709;53755;13
fenetre;1637183057873725;53771;14
fenetre;1637183057873780;53786;15
fenetre;1637183057873833;53815;16
fenetre;1637183057873881;53857;17
fenetre;1637183057873893;53869;18
fenetre;1637183057873900;53876;19
fenetre;1637183057874133;54097;20
fenetre;1637183057874317;54127;21
timeout;1637183058874769;54147;0
fenetre;1637183058874963;54317;10
fenetre;1637183058875035;54346;11
fenetre;1637183058875082;54368;12
fenetre;1637183058875126;54389;13
fenetre;1637183058875166;54402;14
fenetre;1637183058875209;54414;15
fenetre;1637183058875285;54430;16
fenetre;1637183058875315;54452;17
fenetre;1637183058875375;54467;18
fenetre;1637183058875406;54487;19
fenetre;1637183058875609;54675;20
fenetre;1637183058875622;54688;21
fenetre;1637183058875649;54701;22
fenetre;1637183058875695;54747;23
fenetre;1637183058875700;54752;24
timeout;1637183059875756;54771;0
fenetre;1637183059876023;55037;12
fenetre;1637183059876471;55084;13
fenetre;1637183059876539;55133;14
fenetre;1637183059876718;55181;15
fenetre;1637183059876742;55205;16
fenetre;1637183059876811;55243;17
fenetre;1637183059876958;55306;18
fenetre;1637183059876974;55323;19
fenetre;1637183059876983;55332;20
fenetre;1637183059877070;55358;21
fenetre;1637183059877083;55371;22
fenetre;1637183059877147;55394;23
timeout;1637183060878174;55425;0
fenetre;1637183060878449;55699;11
fenetre;1637183060878716;55746;12
fenetre;1637183060878935;55803;13
fenetre;1637183060878964;55831;14
fenetre;1637183060878976;55843;15
fenetre;1637183060879111;55884;16
fenetre;1637183060879142;55915;17
fenetre;1637183060879215;55953;18
fenetre;1637183060879287;56003;19
fenetre;1637183060879354;56060;20
fenetre;1637183060879382;56078;21
fenetre;1637183060879635;56326;22
fenetre;1637183060879717;56354;23
fenetre;1637183060879757;56379;24
timeout;1637183061884339;56404;0
fenetre;1637183061884634;56698;12
fenetre;1637183061884952;56737;13
fenetre;1637183061884977;56761;14
fenetre;1637183061885059;56801;15
fenetre;1637183061885158;56842;16
fenetre;1637183061885277;56895;17
fenetre;1637183061885357;56939;18
fenetre;1637183061885445;56978;19
fenetre;1637183061885539;57018;20
fenetre;1637183061885554;57032;21
fenetre;1637183061885614;57059;22
fenetre;1637183061885628;57073;23
fenetre;1637183061885889;57326;24
fenetre;1637183061885963;57355;25
fenetre;1637183061886007;57377;26
fenetre;1637183061886063;57411;27
fenetre;1637183061886120;57443;28
fenetre;1637183061886134;57457;29
timeout;1637183062886257;57481;0
fenetre;1637183062886593;57818;14
fenetre;1637183062887053;57871;15
fenetre;1637183062887116;57923;16
fenetre;1637183062887180;57958;17
fenetre;1637183062887318;58010;18
fenetre;1637183062887342;58034;19
fenetre;1637183062887531;58071;20
fenetre;1637183062887631;58113;21
fenetre;1637183062887644;58126;22
fenetre;1637183062887702;58143;23
fenetre;1637183062887763;58168;24
fenetre;1637183062887795;58192;25
timeout;1637183063892402;58222;0
fenetre;1637183063892675;58494;12
fenetre;1637183063893194;58542;13
fenetre;1637183063893307;58619;14
fenetre;1637183063893326;58639;15
fenetre;1637183063893399;58664;16
fenetre;1637183063893548;58703;17
fenetre;1637183063893584;58740;18
fenetre;1637183063893694;58766;19
fenetre;1637183063893708;58780;20
fenetre;1637183063893715;58786;21
fenetre;1637183063893721;58793;22
timeout;1637183064893977;58817;0
fenetre;1637183064894251;59090;11
fenetre;1637183064894634;59134;12
fenetre;1637183064894709;59175;13
fenetre;1637183064894809;59236;14
fenetre;1637183064894884;59289;15
fenetre;1637183064894978;59330;16
fenetre;1637183064895022;59361;17
fenetre;1637183064895120;59393;18
fenetre;1637183064895134;59407;19
fenetre;1637183064895141;59414;20
fenetre;1637183064895181;59433;21
fenetre;1637183064895413;59665;22
fenetre;1637183064895525;59690;23
fenetre;1637183064895575;59713;24
fenetre;1637183064895620;59732;25
fenetre;1637183064895696;59764;26
fenetre;1637183064895711;59779;27
timeout;1637183065898720;59803;0
fenetre;1637183065899016;60098;13
fenetre;1637183065899450;60142;14
fenetre;1637183065899538;60184;15
fenetre;1637183065899629;60221;16
fenetre;1637183065899678;60245;17
fenetre;1637183065899805;60286;18
fenetre;1637183065899860;60336;19
fenetre;1637183065899957;60392;20
fenetre;1637183065900039;60440;21
fenetre;1637183065900057;60459;22
fenetre;1637183065900092;60476;23
fenetre;1637183065900146;60510;24
fenetre;1637183065900160;60524;25
timeout;1637183066903954;60546;0
fenetre;1637183066904231;60823;12
fenetre;1637183066904548;60873;13
fenetre;1637183066904638;60926;14
fenetre;1637183066904664;60953;15
fenetre;1637183066904839;61009;16
fenetre;1637183066904907;61064;17
fenetre;1637183066904924;61081;18
fenetre;1637183066905024;61104;19
fenetre;1637183066905080;61131;20
fenetre;1637183066905115;61151;21
fenetre;1637183066905149;61179;22
fenetre;1637183066905158;61188;23
fenetre;1637183066905436;61456;24
fenetre;1637183066905447;61467;25
fenetre;1637183066905520;61539;26
fenetre;1637183066905527;61546;27
timeout;1637183067910629;61577;0
fenetre;1637183067910928;61875;13
fenetre;1637183067911263;61933;14
fenetre;1637183067911289;61958;15
fenetre;1637183067911357;61997;16
fenetre;1637183067911508;62048;17
fenetre;1637183067911618;62114;18
fenetre;1637183067911633;62128;19
fenetre;1637183067911687;62157;20
fenetre;1637183067911744;62181;21
fenetre;1637183067911813;62207;22
fenetre;1637183067911828;62221;23
timeout;1637183068911881;62235;0
fenetre;1637183068912011;62366;11
fenetre;1637183068912133;62385;12
fenetre;1637183068912171;62404;13
fenetre;1637183068912181;62414;14
fenetre;1637183068912248;62432;15
fenetre;1637183068912310;62453;16
fenetre;1637183068912361;62470;17
fenetre;1637183068912405;62493;18
fenetre;1637183068912437;62509;19
fenetre;1637183068912457;62524;20
fenetre;1637183068912481;62542;21
fenetre;1637183068912668;62716;22
timeout;1637183069916732;62740;0
fenetre;1637183069917025;63033;11
fenetre;1637183069917281;63080;12
fenetre;1637183069917373;63138;13
fenetre;1637183069917468;63181;14
fenetre;1637183069917603;63244;15
fenetre;1637183069917709;63325;16
fenetre;1637183069917784;63365;17
fenetre;1637183069917848;63406;18
fenetre;1637183069917884;63425;19
fenetre;1637183069917926;63448;20
fenetre;1637183069917948;63469;21
timeout;1637183070919885;63495;0
fenetre;1637183070920174;63783;10
fenetre;1637183070920576;63838;11
fenetre;1637183070920603;63864;12
fenetre;1637183070920671;63904;13
fenetre;1637183070920782;63959;14
fenetre;1637183070920849;64014;15
fenetre;1637183070920937;64063;16
fenetre;1637183070920986;64092;17
fenetre;1637183070921017;64116;18
fenetre;1637183070921027;64126;19
fenetre;1637183070921261;64348;20
timeout;1637183071922102;64372;0
fenetre;1637183071922345;64614;10
fenetre;1637183071922806;64667;11
fenetre;1637183071922871;64719;12
fenetre;1637183071922958;64759;13
fenetre;1637183071923090;64815;14
fenetre;1637183071923190;64881;15
fenetre;1637183071923210;64901;16
fenetre;1637183071923373;64945;17
fenetre;1637183071923446;64996;18
fenetre;1637183071923466;65016;19
fenetre;1637183071923698;65247;20
fenetre;1637183071923806;65273;21
fenetre;1637183071923849;65291;22
timeout;1637183072927610;65314;0
fenetre;1637183072927873;65577;11
fenetre;1637183072928244;65616;12
fenetre;1637183072928291;65654;13
fenetre;1637183072928332;65675;14
fenetre;1637183072928514;65711;15
fenetre;1637183072928534;65731;16
fenetre;1637183072928543;65740;17
fenetre;1637183072928629;65767;18
fenetre;1637183072928673;65798;19
fenetre;1637183072928688;65813;20
fenetre;1637183072928711;65827;21
fenetre;1637183072928985;66084;22
fenetre;1637183072929048;66105;23
fenetre;1637183072929088;66122;24
fenetre;1637183072929179;66147;25
fenetre;1637183072929193;66161;26
timeout;1637183073933774;66195;0
fin;1637183073934489;66464;0
