type;temps;clock;fen
debut;1637183102302524;1930;0
fenetre;1637183102303340;2048;1
fenetre;1637183102303502;2078;2
fenetre;1637183102303587;2092;3
fenetre;1637183102303650;2132;4
fenetre;1637183102303750;2149;5
fenetre;1637183102303759;2158;6
fenetre;1637183102303781;2168;7
fenetre;1637183102303861;2240;8
fenetre;1637183102303904;2252;9
timeout;1637183103307972;2263;0
fenetre;1637183103308040;2331;4
fenetre;1637183103308183;2344;5
fenetre;1637183103308220;2357;6
fenetre;1637183103308240;2369;7
fenetre;1637183103308321;2434;8
fenetre;1637183103308412;2450;9
fenetre;1637183103308441;2469;10
fenetre;1637183103308505;2483;11
fenetre;1637183103308531;2498;12
fenetre;1637183103308539;2506;13
fenetre;1637183103308559;2514;14
fenetre;1637183103308571;2521;15
fenetre;1637183103308694;2636;16
fenetre;1637183103308700;2641;17
timeout;1637183104313479;2681;0
fenetre;1637183104313631;2832;8
fenetre;1637183104313933;2857;9
fenetre;1637183104313974;2883;10
fenetre;1637183104314001;2902;11
fenetre;1637183104314030;2916;12
fenetre;1637183104314150;2962;13
fenetre;1637183104314168;2979;14
fenetre;1637183104314176;2987;15
fenetre;1637183104314384;3196;16
fenetre;1637183104314505;3224;17
fenetre;1637183104314563;3254;18
fenetre;1637183104314631;3289;19
fenetre;1637183104314645;3304;20
fenetre;1637183104314733;3330;21
fenetre;1637183104314747;3344;22
fenetre;1637183104314784;3358;23
fenetre;1637183104314814;3376;24
fenetre;1637183104314863;3405;25
fenetre;1637183104314925;3427;26
timeout;1637183105315639;3459;0
fenetre;1637183105315964;3783;13
fenetre;1637183105316343;3833;14
fenetre;1637183105316369;3859;15
fenetre;1637183105316499;3893;16
fenetre;1637183105316529;3924;17
fenetre;1637183105316768;3956;18
fenetre;1637183105316931;3991;19
fenetre;1637183105316989;4020;20
fenetre;1637183105317033;4049;21
fenetre;1637183105317095;4081;22
fenetre;1637183105317127;4108;23
fenetre;1637183105317138;4118;24
fenetre;1637183105317185;4133;25
fenetre;1637183105317474;4411;26
fenetre;1637183105317559;4445;27
fenetre;1637183105317573;4459;28
fenetre;1637183105317617;4476;29
timeout;1637183106322183;4513;0
fenetre;1637183106322492;4821;14
fenetre;1637183106322823;4867;15
fenetre;1637183106322886;4909;16
fenetre;1637183106322931;4934;17
fenetre;1637183106323040;4958;18
fenetre;1637183106323123;5008;19
fenetre;1637183106323195;5044;20
fenetre;1637183106323364;5122;21
fenetre;1637183106323398;5150;22
fenetre;1637183106323455;5169;23
fenetre;1637183106323505;5194;24
fenetre;1637183106323534;5215;25
fenetre;1637183106323563;5233;26
fenetre;1637183106323584;5246;27
fenetre;1637183106323911;5556;28
fenetre;1637183106323923;5567;29
fenetre;1637183106324032;5589;30
fenetre;1637183106324084;5621;31
timeout;1637183107326848;5652;0
fenetre;1637183107327193;5995;15
fenetre;1637183107327464;6033;16
fenetre;1637183107327566;6072;17
fenetre;1637183107327646;6122;18
fenetre;1637183107327674;6151;19
fenetre;1637183107327776;6179;20
fenetre;1637183107327848;6203;21
fenetre;1637183107327971;6229;22
fenetre;1637183107328048;6249;23
fenetre;1637183107328059;6260;24
fenetre;1637183107328102;6282;25
fenetre;1637183107328142;6312;26
timeout;1637183108331498;6344;0
fenetre;1637183108331819;6665;13
fenetre;1637183108332103;6705;14
fenetre;1637183108332225;6760;15
fenetre;1637183108332299;6809;16
fenetre;1637183108332372;6848;17
fenetre;1637183108332459;6899;18
fenetre;1637183108332545;6939;19
fenetre;1637183108332579;6966;20
fenetre;1637183108332621;6993;21
fenetre;1637183108332663;7020;22
fenetre;1637183108332699;7042;23
timeout;1637183109337799;7071;0
fenetre;1637183109338085;7355;11
fenetre;1637183109338442;7418;12
fenetre;1637183109338467;7442;13
fenetre;1637183109338546;7476;14
fenetre;1637183109338630;7524;15
fenetre;1637183109338696;7559;16
fenetre;1637183109338804;7603;17
fenetre;1637183109338886;7649;18
fenetre;1637183109338973;7716;19
fenetre;1637183109339014;7746;20
fenetre;1637183109339028;7759;21
timeout;1637183110339566;7784;0
fenetre;1637183110339805;8022;10
fenetre;1637183110340139;8054;11
fenetre;1637183110340292;8106;12
fenetre;1637183110340314;8129;13
fenetre;1637183110340387;8165;14
fenetre;1637183110340571;8349;15
fenetre;1637183110340580;8358;16
fenetre;1637183110340628;8374;17
fenetre;1637183110340691;8410;18
fenetre;1637183110340705;8424;19
fenetre;1637183110340929;8636;20
timeout;1637183111345797;8652;0
fenetre;1637183111345898;8753;10
fenetre;1637183111346155;8773;11
fenetre;1637183111346165;8783;12
fenetre;1637183111346170;8787;13
fenetre;1637183111346185;8797;14
fenetre;1637183111346190;8802;15
fenetre;1637183111346236;8817;16
fenetre;1637183111346250;8830;17
fenetre;1637183111346257;8837;18
fenetre;1637183111346309;8856;19
fenetre;1637183111346445;8991;20
fenetre;1637183111346518;9012;21
timeout;1637183112351191;9043;0
fenetre;1637183112351439;9289;10
fenetre;1637183112351754;9342;11
fenetre;1637183112351819;9390;12
fenetre;1637183112351899;9439;13
fenetre;1637183112351995;9485;14
fenetre;1637183112352117;9566;15
fenetre;1637183112352165;9606;16
fenetre;1637183112352225;9636;17
fenetre;1637183112352284;9663;18
fenetre;1637183112352347;9690;19
fenetre;1637183112352593;9905;20
fenetre;1637183112352765;9935;21
fenetre;1637183112352807;9968;22
fenetre;1637183112352946;9998;23
fenetre;1637183112352960;10011;24
fenetre;1637183112352997;10038;25
fenetre;1637183112353042;10057;26
timeout;1637183113357208;10086;0
fenetre;1637183113357532;10413;13
fenetre;1637183113357892;10480;14
fenetre;1637183113357919;10507;15
fenetre;1637183113358017;10537;16
fenetre;1637183113358191;10580;17
fenetre;1637183113358295;10622;18
fenetre;1637183113358394;10691;19
fenetre;1637183113358439;10711;20
fenetre;1637183113358481;10732;21
fenetre;1637183113358528;10751;22
fenetre;1637183113358606;10780;23
fenetre;1637183113358621;10795;24
fenetre;1637183113358653;10817;25
timeout;1637183114363044;10849;0
fenetre;1637183114363347;11152;12
fenetre;1637183114363649;11200;13
fenetre;1637183114363739;11255;14
fenetre;1637183114363819;11296;15
fenetre;1637183114363890;11345;16
fenetre;1637183114363988;11399;17
fenetre;1637183114364038;11449;18
fenetre;1637183114364114;11476;19
fenetre;1637183114364220;11552;20
fenetre;1637183114364268;11574;21
fenetre;1637183114364297;11597;22
fenetre;1637183114364345;11622;23
fenetre;1637183114364606;11882;24
fenetre;1637183114364783;11900;25
fenetre;1637183114364796;11914;26
timeout;1637183115369626;11941;0
fenetre;1637183115369957;12272;13
fenetre;1637183115370324;12323;14
fenetre;1637183115370508;12378;15
fenetre;1637183115370532;12402;16
fenetre;1637183115370634;12465;17
fenetre;1637183115370705;12492;18
fenetre;1637183115370742;12515;19
fenetre;1637183115370835;12541;20
fenetre;1637183115370876;12566;21
fenetre;1637183115370905;12584;22
fenetre;1637183115370955;12615;23
fenetre;1637183115370968;12629;24
timeout;1637183116374477;12654;0
fenetre;1637183116374762;12939;12
fenetre;1637183116375081;12993;13
fenetre;1637183116375106;13018;14
fenetre;1637183116375196;13067;15
fenetre;1637183116375267;13107;16
fenetre;1637183116375324;13133;17
fenetre;1637183116375425;13162;18
fenetre;1637183116375632;13194;19
fenetre;1637183116375748;13218;20
fenetre;1637183116375811;13239;21
fenetre;1637183116375848;13259;22
fenetre;1637183116375869;13272;23
fenetre;1637183116376165;13547;24
fenetre;1637183116376255;13581;25
fenetre;1637183116376331;13614;26
fenetre;1637183116376399;13644;27
fenetre;1637183116376453;13678;28
fenetre;1637183116376466;13691;29
fenetre;1637183116376520;13706;30
fenetre;1637183116376571;13722;31
fenetre;1637183116376613;13748;32
fenetre;1637183116376646;13768;33
fenetre;1637183116376690;13793;34
fenetre;1637183116376725;13817;35
timeout;1637183117380013;13847;0
fenetre;1637183117380406;14239;17
fenetre;1637183117380587;14287;18
fenetre;1637183117380671;14339;19
fenetre;1637183117380786;14382;20
fenetre;1637183117380809;14405;21
fenetre;1637183117380914;14441;22
fenetre;1637183117381051;14508;23
fenetre;1637183117381088;14536;24
fenetre;1637183117381186;14567;25
fenetre;1637183117381201;14581;26
fenetre;1637183117381329;14603;27
fenetre;1637183117381389;14627;28
fenetre;1637183117381450;14659;29
fenetre;1637183117381466;14674;30
fenetre;1637183117381541;14694;31
fenetre;1637183117381592;14726;32
fenetre;1637183117381675;14808;33
fenetre;1637183117382050;15184;34
fenetre;1637183117382060;15193;35
timeout;1637183118382173;15211;0
fenetre;1637183118382495;15533;17
fenetre;1637183118382780;15588;18
fenetre;1637183118382989;15629;19
fenetre;1637183118383128;15662;20
fenetre;1637183118383173;15687;21
fenetre;1637183118383239;15725;22
fenetre;1637183118383281;15754;23
fenetre;1637183118383340;15790;24
fenetre;1637183118383354;15803;25
fenetre;1637183118383412;15819;26
fenetre;1637183118383463;15846;27
fenetre;1637183118383493;15873;28
timeout;1637183119387478;15903;0
fenetre;1637183119387794;16218;14
fenetre;1637183119388090;16260;15
fenetre;1637183119388113;16283;16
fenetre;1637183119388207;16323;17
fenetre;1637183119388304;16376;18
fenetre;1637183119388381;16426;19
fenetre;1637183119388498;16470;20
fenetre;1637183119388588;16510;21
fenetre;1637183119388645;16531;22
fenetre;1637183119388766;16548;23
fenetre;1637183119388779;16561;24
timeout;1637183120393869;16587;0
fenetre;1637183120394185;16902;12
fenetre;1637183120394422;16941;13
fenetre;1637183120394528;16993;14
fenetre;1637183120394655;17044;15
fenetre;1637183120394712;17096;16
fenetre;1637183120394840;17161;17
fenetre;1637183120394864;17184;18
fenetre;1637183120394952;17209;19
fenetre;1637183120394994;17239;20
fenetre;1637183120395046;17259;21
fenetre;1637183120395078;17277;22
fenetre;1637183120395109;17303;23
fenetre;1637183120395394;17574;24
fenetre;1637183120395558;17607;25
fenetre;1637183120395572;17620;26
fenetre;1637183120395635;17637;27
fenetre;1637183120395677;17664;28
fenetre;1637183120395774;17692;29
fenetre;1637183120395802;17709;30
fenetre;1637183120395859;17724;31
fenetre;1637183120395898;17738;32
fenetre;1637183120395947;17753;33
fenetre;1637183120395992;17769;34
timeout;1637183121400355;17796;0
fenetre;1637183121400713;18152;17
fenetre;1637183121400931;18198;18
fenetre;1637183121400980;18240;19
fenetre;1637183121401042;18269;20
fenetre;1637183121401154;18299;21
fenetre;1637183121401228;18349;22
fenetre;1637183121401297;18387;23
fenetre;1637183121401534;18432;24
fenetre;1637183121401548;18447;25
fenetre;1637183121401584;18465;26
fenetre;1637183121401643;18502;27
fenetre;1637183121401680;18534;28
timeout;1637183122403269;18568;0
fenetre;1637183122403590;18889;14
fenetre;1637183122403873;18934;15
fenetre;1637183122404007;18992;16
fenetre;1637183122404032;19016;17
fenetre;1637183122404088;19061;18
fenetre;1637183122404252;19117;19
fenetre;1637183122404383;19177;20
fenetre;1637183122404413;19200;21
fenetre;1637183122404478;19219;22
fenetre;1637183122404540;19246;23
fenetre;1637183122404572;19271;24
fenetre;1637183122404609;19289;25
fenetre;1637183122404665;19313;26
fenetre;1637183122404697;19332;27
fenetre;1637183122404986;19621;28
fenetre;1637183122405126;19640;29
fenetre;1637183122405168;19672;30
fenetre;1637183122405182;19687;31
fenetre;1637183122405234;19714;32
fenetre;1637183122405363;19745;33
fenetre;1637183122405377;19758;34
fenetre;1637183122405403;19781;35
timeout;1637183123409561;19813;0
fenetre;1637183123409953;20205;17
fenetre;1637183123410163;20241;18
fenetre;1637183123410252;20288;19
fenetre;1637183123410391;20352;20
fenetre;1637183123410414;20374;21
fenetre;1637183123410511;20419;22
fenetre;1637183123410542;20451;23
fenetre;1637183123410651;20476;24
fenetre;1637183123410681;20491;25
fenetre;1637183123410773;20529;26
fenetre;1637183123410794;20549;27
fenetre;1637183123410802;20558;28
timeout;1637183124415859;20586;0
fenetre;1637183124416174;20899;14
fenetre;1637183124416506;20946;15
fenetre;1637183124416551;20982;16
fenetre;1637183124416660;21028;17
fenetre;1637183124416742;21079;18
fenetre;1637183124416811;21124;19
fenetre;1637183124416904;21153;20
fenetre;1637183124416982;21195;21
fenetre;1637183124417091;21230;22
fenetre;1637183124417128;21255;23
fenetre;1637183124417165;21274;24
fenetre;1637183124417248;21289;25
fenetre;1637183124417265;21306;26
fenetre;1637183124417272;21313;27
fenetre;1637183124417581;21614;28
fenetre;1637183124417607;21631;29
fenetre;1637183124417686;21650;30
fenetre;1637183124417720;21668;31
fenetre;1637183124417793;21741;32
fenetre;1637183124417903;21765;33
fenetre;1637183124417917;21778;34
fenetre;1637183124417950;21796;35
timeout;1637183125423012;21830;0
fenetre;1637183125423372;22189;17
fenetre;1637183125423651;22237;18
fenetre;1637183125423679;22265;19
fenetre;1637183125423842;22306;20
fenetre;1637183125423865;22330;21
fenetre;1637183125423965;22370;22
fenetre;1637183125424016;22409;23
fenetre;1637183125424146;22442;24
fenetre;1637183125424251;22482;25
fenetre;1637183125424325;22515;26
fenetre;1637183125424353;22540;27
fenetre;1637183125424405;22567;28
fenetre;1637183125424439;22598;29
fenetre;1637183125424478;22629;30
timeout;1637183126429565;22662;0
fenetre;1637183126430001;23087;15
fenetre;1637183126430149;23146;16
fenetre;1637183126430223;23187;17
fenetre;1637183126430297;23224;18
fenetre;1637183126430400;23275;19
fenetre;1637183126430491;23323;20
fenetre;1637183126430558;23363;21
fenetre;1637183126430661;23394;22
fenetre;1637183126430737;23429;23
fenetre;1637183126430752;23444;24
fenetre;1637183126430840;23467;25
timeout;1637183127435061;23496;0
fenetre;1637183127435351;23785;12
fenetre;1637183127435626;23826;13
fenetre;1637183127435737;23868;14
fenetre;1637183127435788;23899;15
fenetre;1637183127435907;23932;16
fenetre;1637183127435963;23963;17
fenetre;1637183127436108;24013;18
fenetre;1637183127436152;24035;19
fenetre;1637183127436200;24056;20
fenetre;1637183127436241;24079;21
fenetre;1637183127436273;24106;22
timeout;1637183128439969;24130;0
fenetre;1637183128440126;24287;11
fenetre;1637183128440226;24301;12
fenetre;1637183128440259;24315;13
fenetre;1637183128440295;24335;14
fenetre;1637183128440331;24349;15
fenetre;1637183128440359;24358;16
fenetre;1637183128440381;24367;17
fenetre;1637183128440418;24376;18
fenetre;1637183128440440;24387;19
fenetre;1637183128440468;24407;20
fenetre;1637183128440493;24420;21
timeout;1637183129444526;24443;0
fenetre;1637183129444778;24694;10
fenetre;1637183129445103;24737;11
fenetre;1637183129445185;24777;12
fenetre;1637183129445236;24806;13
fenetre;1637183129445360;24846;14
fenetre;1637183129445414;24889;15
fenetre;1637183129445486;24933;16
fenetre;1637183129445550;24970;17
fenetre;1637183129445593;24999;18
fenetre;1637183129445699;25065;19
fenetre;1637183129446079;25445;20
fenetre;1637183129446139;25471;21
fenetre;1637183129446303;25500;22
fenetre;1637183129446364;25530;23
timeout;1637183130451381;25562;0
fenetre;1637183130451642;25822;11
fenetre;1637183130452074;25869;12
fenetre;1637183130452099;25894;13
fenetre;1637183130452195;25940;14
fenetre;1637183130452275;25983;15
fenetre;1637183130452292;26000;16
fenetre;1637183130452441;26029;17
fenetre;1637183130452456;26044;18
fenetre;1637183130452503;26061;19
fenetre;1637183130452544;26086;20
fenetre;1637183130452554;26096;21
timeout;1637183131454774;26119;0
fenetre;1637183131455019;26363;10
fenetre;1637183131455346;26407;11
fenetre;1637183131455390;26442;12
fenetre;1637183131455506;26487;13
fenetre;1637183131455529;26509;14
fenetre;1637183131455621;26548;15
fenetre;1637183131455747;26606;16
fenetre;1637183131455771;26629;17
fenetre;1637183131455851;26660;18
fenetre;1637183131455893;26686;19
fenetre;1637183131456124;26917;20
fenetre;1637183131456248;26939;21
fenetre;1637183131456261;26952;22
timeout;1637183132457299;26979;0
fenetre;1637183132457555;27235;11
fenetre;1637183132457983;27288;12
fenetre;1637183132458138;27339;13
fenetre;1637183132458264;27393;14
fenetre;1637183132458406;27450;15
fenetre;1637183132458429;27473;16
fenetre;1637183132458548;27505;17
fenetre;1637183132458583;27534;18
fenetre;1637183132458616;27558;19
fenetre;1637183132458658;27583;20
fenetre;1637183132458685;27602;21
fenetre;1637183132458917;27835;22
timeout;1637183133463752;27850;0
fenetre;1637183133463922;28003;11
fenetre;1637183133464021;28022;12
fenetre;1637183133464158;28039;13
fenetre;1637183133464168;28049;14
fenetre;1637183133464238;28062;15
fenetre;1637183133464275;28083;16
fenetre;1637183133464337;28106;17
fenetre;1637183133464363;28126;18
fenetre;1637183133464401;28140;19
fenetre;1637183133464411;28150;20
fenetre;1637183133464435;28171;21
fenetre;1637183133464647;28382;22
fenetre;1637183133464720;28395;23
fenetre;1637183133464809;28411;24
fenetre;1637183133464856;28431;25
timeout;1637183134468367;28464;0
fenetre;1637183134468649;28745;12
fenetre;1637183134469126;28797;13
fenetre;1637183134469150;28821;14
fenetre;1637183134469236;28868;15
fenetre;1637183134469398;28903;16
fenetre;1637183134469511;28934;17
fenetre;1637183134469526;28949;18
fenetre;1637183134469649;28968;19
fenetre;1637183134469681;28990;20
fenetre;1637183134469725;29023;21
fenetre;1637183134469739;29037;22
fenetre;1637183134469763;29050;23
fenetre;1637183134470035;29314;24
fenetre;1637183134470081;29332;25
timeout;1637183135475063;29361;0
fenetre;1637183135475342;29638;12
fenetre;1637183135475658;29685;13
fenetre;1637183135475766;29739;14
fenetre;1637183135475827;29778;15
fenetre;1637183135475888;29810;16
fenetre;1637183135476016;29859;17
fenetre;1637183135476073;29906;18
fenetre;1637183135476173;29955;19
fenetre;1637183135476262;29989;20
fenetre;1637183135476276;30003;21
fenetre;1637183135476298;30016;22
fenetre;1637183135476318;30027;23
fenetre;1637183135476616;30304;24
fenetre;1637183135476687;30329;25
timeout;1637183136476733;30354;0
fenetre;1637183136476998;30618;12
fenetre;1637183136477409;30672;13
fenetre;1637183136477453;30709;14
fenetre;1637183136477555;30743;15
fenetre;1637183136477570;30758;16
fenetre;1637183136477627;30787;17
fenetre;1637183136477658;30812;18
fenetre;1637183136477696;30830;19
fenetre;1637183136477779;30866;20
fenetre;1637183136477789;30878;21
fenetre;1637183136477813;30888;22
fenetre;1637183136477869;30911;23
timeout;1637183137482928;30942;0
fenetre;1637183137483204;31217;11
fenetre;1637183137483507;31267;12
fenetre;1637183137483570;31306;13
fenetre;1637183137483645;31347;14
fenetre;1637183137483723;31393;15
fenetre;1637183137483815;31458;16
fenetre;1637183137483883;31509;17
fenetre;1637183137484003;31554;18
fenetre;1637183137484047;31593;19
fenetre;1637183137484111;31627;20
fenetre;1637183137484169;31679;21
fenetre;1637183137484393;31904;22
fenetre;1637183137484573;31930;23
fenetre;1637183137484626;31955;24
fenetre;1637183137484669;31976;25
fenetre;1637183137484702;31991;26
fenetre;1637183137484752;32015;27
fenetre;1637183137484792;32044;28
fenetre;1637183137484823;32070;29
fenetre;1637183137484848;32083;30
fenetre;1637183137484897;32098;31
timeout;1637183138489746;32110;0
fenetre;1637183138489880;32244;15
fenetre;1637183138490017;32258;16
fenetre;1637183138490026;32266;17
fenetre;1637183138490047;32274;18
fenetre;1637183138490085;32284;19
fenetre;1637183138490121;32295;20
fenetre;1637183138490139;32303;21
fenetre;1637183138490197;32322;22
fenetre;1637183138490204;32329;23
fenetre;1637183138490221;32338;24
fenetre;1637183138490264;32352;25
fenetre;1637183138490290;32368;26
timeout;1637183139492518;32383;0
fenetre;1637183139492662;32527;13
fenetre;1637183139492848;32552;14
fenetre;1637183139492861;32564;15
fenetre;1637183139492913;32589;16
fenetre;1637183139492934;32608;17
fenetre;1637183139492974;32626;18
fenetre;1637183139493006;32645;19
fenetre;1637183139493050;32664;20
fenetre;1637183139493087;32691;21
fenetre;1637183139493133;32707;22
fenetre;1637183139493162;32724;23
timeout;1637183140497036;32746;0
fenetre;1637183140497312;33020;11
fenetre;1637183140497655;33071;12
fenetre;1637183140497801;33132;13
fenetre;1637183140497825;33155;14
fenetre;1637183140497875;33186;15
fenetre;1637183140497946;33226;16
fenetre;1637183140498060;33290;17
fenetre;1637183140498124;33331;18
fenetre;1637183140498176;33369;19
fenetre;1637183140498255;33419;20
fenetre;1637183140498278;33433;21
fenetre;1637183140498560;33691;22
fenetre;1637183140498687;33725;23
fenetre;1637183140498701;33739;24
fenetre;1637183140498708;33746;25
fenetre;1637183140498750;33763;26
fenetre;1637183140498794;33791;27
fenetre;1637183140498855;33814;28
timeout;1637183141500003;33846;0
fenetre;1637183141500221;34063;14
fenetre;1637183141500367;34082;15
fenetre;1637183141500413;34105;16
fenetre;1637183141500457;34124;17
fenetre;1637183141500496;34142;18
fenetre;1637183141500525;34157;19
fenetre;1637183141500604;34182;20
fenetre;1637183141500699;34263;21
fenetre;1637183141500716;34280;22
fenetre;1637183141500786;34307;23
fenetre;1637183141500799;34319;24
fenetre;1637183141500804;34324;25
fenetre;1637183141500828;34339;26
timeout;1637183142502959;34354;0
fenetre;1637183142503112;34508;13
fenetre;1637183142503438;34546;14
fenetre;1637183142503460;34558;15
fenetre;1637183142503477;34572;16
fenetre;1637183142503497;34584;17
fenetre;1637183142503512;34591;18
fenetre;1637183142503538;34601;19
fenetre;1637183142503611;34656;20
fenetre;1637183142503645;34663;21
fenetre;1637183142503649;34668;22
fenetre;1637183142503687;34678;23
timeout;1637183143508513;34714;0
fenetre;1637183143508778;34977;11
fenetre;1637183143509171;35024;12
fenetre;1637183143509274;35068;13
fenetre;1637183143509337;35100;14
fenetre;1637183143509515;35186;15
fenetre;1637183143509541;35212;16
fenetre;1637183143509638;35244;17
fenetre;1637183143509653;35258;18
fenetre;1637183143509737;35294;19
fenetre;1637183143509754;35311;20
fenetre;1637183143509783;35324;21
fenetre;1637183143510046;35570;22
fenetre;1637183143510129;35592;23
fenetre;1637183143510195;35622;24
fenetre;1637183143510263;35649;25
fenetre;1637183143510300;35682;26
fenetre;1637183143510338;35705;27
fenetre;1637183143510409;35724;28
fenetre;1637183143510423;35738;29
fenetre;1637183143510444;35750;30
fenetre;1637183143510506;35773;31
fenetre;1637183143510534;35792;32
fenetre;1637183143510574;35805;33
timeout;1637183144514856;35828;0
fenetre;1637183144515286;36239;16
fenetre;1637183144515540;36302;17
fenetre;1637183144515571;36333;18
fenetre;1637183144515583;36345;19
fenetre;1637183144515713;36390;20
fenetre;1637183144515791;36443;21
fenetre;1637183144515868;36494;22
fenetre;1637183144515938;36525;23
fenetre;1637183144515972;36546;24
fenetre;1637183144516021;36568;25
fenetre;1637183144516064;36583;26
timeout;1637183145519801;36618;0
fenetre;1637183145520147;36961;13
fenetre;1637183145520372;37005;14
fenetre;1637183145520460;37053;15
fenetre;1637183145520540;37104;16
fenetre;1637183145520723;37147;17
fenetre;1637183145520790;37177;18
fenetre;1637183145520941;37211;19
fenetre;1637183145520969;37233;20
fenetre;1637183145521015;37252;21
fenetre;1637183145521070;37281;22
fenetre;1637183145521084;37294;23
fenetre;1637183145521113;37307;24
fenetre;1637183145521134;37320;25
fenetre;1637183145521443;37605;26
fenetre;1637183145521486;37631;27
fenetre;1637183145521550;37650;28
timeout;1637183146526340;37666;0
fenetre;1637183146526543;37854;14
fenetre;1637183146526622;37879;15
fenetre;1637183146526673;37896;16
fenetre;1637183146526702;37912;17
fenetre;1637183146526738;37927;18
fenetre;1637183146526765;37943;19
fenetre;1637183146526817;37962;20
fenetre;1637183146526846;37976;21
fenetre;1637183146526889;37989;22
fenetre;1637183146526953;38012;23
fenetre;1637183146527005;38044;24
fenetre;1637183146527060;38068;25
fenetre;1637183146527094;38098;26
fenetre;1637183146527105;38109;27
timeout;1637183147529161;38134;0
fenetre;1637183147529496;38469;13
fenetre;1637183147529822;38522;14
fenetre;1637183147529916;38558;15
fenetre;1637183147529966;38581;16
fenetre;1637183147530103;38625;17
fenetre;1637183147530227;38676;18
fenetre;1637183147530390;38744;19
fenetre;1637183147530404;38757;20
fenetre;1637183147530452;38777;21
fenetre;1637183147530481;38792;22
fenetre;1637183147530544;38816;23
timeout;1637183148534060;38843;0
fenetre;1637183148534317;39099;11
fenetre;1637183148534594;39135;12
fenetre;1637183148534740;39191;13
fenetre;1637183148534771;39221;14
fenetre;1637183148534808;39246;15
fenetre;1637183148534935;39291;16
fenetre;1637183148534996;39343;17
fenetre;1637183148535119;39380;18
fenetre;1637183148535178;39415;19
fenetre;1637183148535193;39430;20
fenetre;1637183148535227;39444;21
timeout;1637183149540293;39471;0
fenetre;1637183149540550;39727;10
fenetre;1637183149540918;39761;11
fenetre;1637183149540990;39815;12
fenetre;1637183149541015;39839;13
fenetre;1637183149541166;39888;14
fenetre;1637183149541226;39931;15
fenetre;1637183149541314;39953;16
fenetre;1637183149541347;39976;17
fenetre;1637183149541376;39995;18
fenetre;1637183149541450;40069;19
fenetre;1637183149541654;40274;20
fenetre;1637183149541770;40299;21
timeout;1637183150546730;40335;0
fenetre;1637183150547011;40615;10
fenetre;1637183150547334;40661;11
fenetre;1637183150547350;40677;12
fenetre;1637183150547390;40702;13
fenetre;1637183150547455;40741;14
fenetre;1637183150547527;40782;15
fenetre;1637183150547579;40814;16
fenetre;1637183150547612;40835;17
fenetre;1637183150547669;40872;18
fenetre;1637183150547684;40887;19
fenetre;1637183150548002;41114;20
fenetre;1637183150548144;41143;21
timeout;1637183151550680;41188;0
fenetre;1637183151550913;41420;10
fenetre;1637183151551393;41472;11
fenetre;1637183151551498;41513;12
fenetre;1637183151551605;41561;13
fenetre;1637183151551706;41613;14
fenetre;1637183151551829;41665;15
fenetre;1637183151551896;41705;16
fenetre;1637183151551947;41735;17
fenetre;1637183151551964;41750;18
fenetre;1637183151552003;41772;19
fenetre;1637183151552304;42011;20
fenetre;1637183151552317;42024;21
fenetre;1637183151552384;42050;22
timeout;1637183152556832;42153;0
fenetre;1637183152557025;42346;11
fenetre;1637183152557141;42363;12
fenetre;1637183152557180;42380;13
fenetre;1637183152557212;42397;14
fenetre;1637183152557247;42411;15
fenetre;1637183152557288;42428;16
fenetre;1637183152557344;42443;17
fenetre;1637183152557364;42456;18
fenetre;1637183152557383;42466;19
fenetre;1637183152557414;42481;20
fenetre;1637183152557426;42494;21
fenetre;1637183152557655;42695;22
timeout;1637183153561583;42721;0
fenetre;1637183153561874;43011;11
fenetre;1637183153562146;43045;12
fenetre;1637183153562162;43061;13
fenetre;1637183153562285;43098;14
fenetre;1637183153562307;43121;15
fenetre;1637183153562318;43132;16
fenetre;1637183153562386;43154;17
fenetre;1637183153562552;43183;18
fenetre;1637183153562610;43202;19
fenetre;1637183153562746;43243;20
fenetre;1637183153562817;43271;21
fenetre;1637183153563095;43528;22
timeout;1637183154567783;43560;0
fenetre;1637183154568046;43821;11
fenetre;1637183154568340;43858;12
fenetre;1637183154568454;43907;13
fenetre;1637183154568523;43948;14
fenetre;1637183154568670;44006;15
fenetre;1637183154568757;44066;16
fenetre;1637183154568896;44100;17
fenetre;1637183154568969;44127;18
fenetre;1637183154568984;44142;19
fenetre;1637183154569006;44155;20
fenetre;1637183154569060;44178;21
fenetre;1637183154569306;44424;22
fenetre;1637183154569357;44442;23
timeout;1637183155574232;44477;0
fenetre;1637183155574550;44793;11
fenetre;1637183155575007;44844;12
fenetre;1637183155575023;44860;13
fenetre;1637183155575080;44891;14
fenetre;1637183155575129;44926;15
fenetre;1637183155575191;44959;16
fenetre;1637183155575274;45001;17
fenetre;1637183155575323;45028;18
fenetre;1637183155575373;45045;19
fenetre;1637183155575400;45066;20
fenetre;1637183155575425;45082;21
fenetre;1637183155575668;45312;22
timeout;1637183156578741;45337;0
fenetre;1637183156579037;45632;11
fenetre;1637183156579447;45689;12
fenetre;1637183156579473;45715;13
fenetre;1637183156580016;45765;14
fenetre;1637183156580336;45830;15
fenetre;1637183156581141;45872;16
fenetre;1637183156581991;45900;17
fenetre;1637183156582019;45921;18
fenetre;1637183156582030;45932;19
fenetre;1637183156582486;45953;20
fenetre;1637183156582736;45998;21
fenetre;1637183156584192;46643;22
fenetre;1637183156584207;46659;23
fenetre;1637183156584286;46676;24
fenetre;1637183156584296;46686;25
fenetre;1637183156584406;46698;26
timeout;1637183157587885;46727;0
fenetre;1637183157588188;47029;13
fenetre;1637183157588456;47066;14
fenetre;1637183157588523;47116;15
fenetre;1637183157588548;47140;16
fenetre;1637183157588740;47189;17
fenetre;1637183157588767;47217;18
fenetre;1637183157588789;47238;19
fenetre;1637183157588908;47274;20
fenetre;1637183157589034;47341;21
fenetre;1637183157589115;47378;22
fenetre;1637183157589204;47411;23
fenetre;1637183157589218;47425;24
fenetre;1637183157589244;47446;25
fenetre;1637183157589529;47730;26
timeout;1637183158594627;47761;0
fenetre;1637183158594959;48092;13
fenetre;1637183158595289;48153;14
fenetre;1637183158595314;48177;15
fenetre;1637183158595383;48216;16
fenetre;1637183158595548;48286;17
fenetre;1637183158595687;48424;18
fenetre;1637183158595697;48435;19
fenetre;1637183158595717;48449;20
fenetre;1637183158595753;48464;21
fenetre;1637183158595850;48484;22
fenetre;1637183158595862;48496;23
timeout;1637183159599500;48517;0
fenetre;1637183159599786;48803;11
fenetre;1637183159600111;48846;12
fenetre;1637183159600204;48898;13
fenetre;1637183159600297;48950;14
fenetre;1637183159600405;49006;15
fenetre;1637183159600431;49032;16
fenetre;1637183159600629;49083;17
fenetre;1637183159600820;49122;18
fenetre;1637183159600835;49137;19
fenetre;1637183159600843;49144;20
fenetre;1637183159600877;49168;21
fenetre;1637183159601134;49424;22
fenetre;1637183159601192;49449;23
fenetre;1637183159601279;49481;24
timeout;1637183160606391;49518;0
fenetre;1637183160606713;49840;12
fenetre;1637183160606985;49888;13
fenetre;1637183160607046;49922;14
fenetre;1637183160607159;49951;15
fenetre;1637183160607209;49975;16
fenetre;1637183160607326;50018;17
fenetre;1637183160607430;50078;18
fenetre;1637183160607490;50119;19
fenetre;1637183160607534;50147;20
fenetre;1637183160607587;50168;21
fenetre;1637183160607618;50194;22
fenetre;1637183160607648;50208;23
fenetre;1637183160607983;50535;24
fenetre;1637183160608077;50566;25
fenetre;1637183160608110;50588;26
fenetre;1637183160608164;50617;27
fenetre;1637183160608212;50646;28
timeout;1637183161613100;50681;0
fenetre;1637183161613438;51018;14
fenetre;1637183161613700;51067;15
fenetre;1637183161613729;51097;16
fenetre;1637183161613835;51129;17
fenetre;1637183161613887;51160;18
fenetre;1637183161614013;51211;19
fenetre;1637183161614042;51240;20
fenetre;1637183161614154;51265;21
fenetre;1637183161614186;51290;22
fenetre;1637183161614270;51337;23
fenetre;1637183161614327;51354;24
timeout;1637183162617989;51381;0
fenetre;1637183162618284;51674;12
fenetre;1637183162618597;51726;13
fenetre;1637183162618665;51768;14
fenetre;1637183162618790;51819;15
fenetre;1637183162618813;51843;16
fenetre;1637183162618884;51868;17
fenetre;1637183162618998;51919;18
fenetre;1637183162619038;51958;19
fenetre;1637183162619126;51982;20
fenetre;1637183162619138;51994;21
fenetre;1637183162619145;52000;22
timeout;1637183163624181;52017;0
fenetre;1637183163624310;52145;11
fenetre;1637183163624425;52163;12
fenetre;1637183163624453;52183;13
fenetre;1637183163624493;52196;14
fenetre;1637183163624516;52211;15
fenetre;1637183163624537;52222;16
fenetre;1637183163624567;52236;17
fenetre;1637183163624607;52263;18
fenetre;1637183163624634;52283;19
fenetre;1637183163624643;52292;20
fenetre;1637183163624647;52296;21
timeout;1637183164629559;52315;0
fenetre;1637183164629843;52598;10
fenetre;1637183164630244;52654;11
fenetre;1637183164630268;52679;12
fenetre;1637183164630354;52710;13
fenetre;1637183164630516;52777;14
fenetre;1637183164630541;52801;15
fenetre;1637183164630678;52836;16
fenetre;1637183164630828;52869;17
fenetre;1637183164630842;52882;18
fenetre;1637183164630849;52890;19
fenetre;1637183164631083;53108;20
fenetre;1637183164631174;53130;21
fenetre;1637183164631199;53148;22
fenetre;1637183164631241;53161;23
timeout;1637183165633607;53188;0
fenetre;1637183165633894;53475;11
fenetre;1637183165634259;53525;12
fenetre;1637183165634283;53549;13
fenetre;1637183165634421;53595;14
fenetre;1637183165634476;53639;15
fenetre;1637183165634546;53699;16
fenetre;1637183165634613;53742;17
fenetre;1637183165634694;53768;18
fenetre;1637183165634714;53789;19
fenetre;1637183165634722;53796;20
fenetre;1637183165634757;53820;21
timeout;1637183166636949;53851;0
fenetre;1637183166637207;54108;10
fenetre;1637183166637593;54155;11
fenetre;1637183166637736;54211;12
fenetre;1637183166637759;54235;13
fenetre;1637183166637849;54278;14
fenetre;1637183166637962;54317;15
fenetre;1637183166638126;54406;16
fenetre;1637183166638140;54421;17
fenetre;1637183166638272;54444;18
fenetre;1637183166638285;54456;19
fenetre;1637183166638504;54676;20
timeout;1637183167643526;54705;0
fenetre;1637183167643772;54950;10
fenetre;1637183167644052;54993;11
fenetre;1637183167644223;55053;12
fenetre;1637183167644322;55114;13
fenetre;1637183167644395;55178;14
fenetre;1637183167644474;55220;15
fenetre;1637183167644612;55358;16
fenetre;1637183167644620;55366;17
fenetre;1637183167644658;55389;18
fenetre;1637183167644672;55403;19
fenetre;1637183167644918;55623;20
fenetre;1637183167645060;55655;21
fenetre;1637183167645074;55668;22
fenetre;1637183167645135;55689;23
fenetre;1637183167645162;55710;24
fenetre;1637183167645234;55737;25
fenetre;1637183167645248;55750;26
fenetre;1637183167645354;55777;27
fenetre;1637183167645368;55791;28
fenetre;1637183167645408;55809;29
fenetre;1637183167645421;55822;30
fenetre;1637183167645457;55834;31
fenetre;1637183167645496;55848;32
fenetre;1637183167645578;55860;33
timeout;1637183168647296;55888;0
fenetre;1637183168647680;56272;16
fenetre;1637183168647994;56323;17
fenetre;1637183168648071;56377;18
fenetre;1637183168648171;56435;19
fenetre;1637183168648333;56501;20
fenetre;1637183168648378;56528;21
fenetre;1637183168648410;56548;22
fenetre;1637183168648491;56575;23
fenetre;1637183168648540;56597;24
fenetre;1637183168648568;56611;25
fenetre;1637183168648671;56630;26
fenetre;1637183168648688;56646;27
fenetre;1637183168648696;56654;28
fenetre;1637183168648746;56676;29
fenetre;1637183168648759;56690;30
timeout;1637183169653448;56711;0
fenetre;1637183169653777;57039;15
fenetre;1637183169654030;57084;16
fenetre;1637183169654100;57116;17
fenetre;1637183169654269;57159;18
fenetre;1637183169654293;57182;19
fenetre;1637183169654431;57242;20
fenetre;1637183169654480;57291;21
fenetre;1637183169654590;57316;22
fenetre;1637183169654655;57351;23
fenetre;1637183169654701;57380;24
fenetre;1637183169654755;57410;25
fenetre;1637183169654789;57431;26
fenetre;1637183169654815;57445;27
fenetre;1637183169654834;57457;28
fenetre;1637183169654858;57469;29
fenetre;1637183169655194;57783;30
fenetre;1637183169655241;57798;31
fenetre;1637183169655316;57822;32
fenetre;1637183169655351;57852;33
timeout;1637183170659385;57885;0
fenetre;1637183170659742;58242;16
fenetre;1637183170659973;58277;17
fenetre;1637183170660061;58331;18
fenetre;1637183170660130;58366;19
fenetre;1637183170660183;58390;20
fenetre;1637183170660347;58432;21
fenetre;1637183170660411;58486;22
fenetre;1637183170660485;58518;23
fenetre;1637183170660534;58539;24
fenetre;1637183170660629;58559;25
fenetre;1637183170660669;58590;26
fenetre;1637183170660726;58609;27
fenetre;1637183170660762;58642;28
timeout;1637183171664925;58667;0
fenetre;1637183171665259;59000;14
fenetre;1637183171665480;59048;15
fenetre;1637183171665541;59081;16
fenetre;1637183171665654;59128;17
fenetre;1637183171665740;59162;18
fenetre;1637183171665781;59190;19
fenetre;1637183171665859;59218;20
fenetre;1637183171666024;59260;21
fenetre;1637183171666046;59282;22
fenetre;1637183171666153;59311;23
fenetre;1637183171666206;59339;24
timeout;1637183172668092;59357;0
fenetre;1637183172668241;59500;12
fenetre;1637183172668356;59520;13
fenetre;1637183172668374;59534;14
fenetre;1637183172668397;59546;15
fenetre;1637183172668432;59559;16
fenetre;1637183172668472;59583;17
fenetre;1637183172668480;59593;18
fenetre;1637183172668520;59606;19
fenetre;1637183172668527;59613;20
fenetre;1637183172668545;59622;21
fenetre;1637183172668573;59640;22
timeout;1637183173672896;59661;0
fenetre;1637183173673167;59932;11
fenetre;1637183173673451;59972;12
fenetre;1637183173673559;60022;13
fenetre;1637183173673680;60071;14
fenetre;1637183173673740;60127;15
fenetre;1637183173673822;60171;16
fenetre;1637183173673925;60237;17
fenetre;1637183173673978;60265;18
fenetre;1637183173674017;60294;19
fenetre;1637183173674032;60307;20
fenetre;1637183173674088;60332;21
fenetre;1637183173674326;60568;22
fenetre;1637183173674522;60593;23
fenetre;1637183173674579;60626;24
fenetre;1637183173674593;60640;25
fenetre;1637183173674640;60664;26
fenetre;1637183173674654;60677;27
fenetre;1637183173674677;60690;28
fenetre;1637183173674758;60715;29
fenetre;1637183173674794;60747;30
fenetre;1637183173674823;60766;31
timeout;1637183174679169;60795;0
fenetre;1637183174679516;61141;15
fenetre;1637183174679706;61186;16
fenetre;1637183174679857;61244;17
fenetre;1637183174679882;61267;18
fenetre;1637183174679964;61313;19
fenetre;1637183174680060;61371;20
fenetre;1637183174680224;61533;21
fenetre;1637183174680234;61543;22
fenetre;1637183174680293;61577;23
fenetre;1637183174680308;61592;24
fenetre;1637183174680410;61628;25
fenetre;1637183174680489;61656;26
fenetre;1637183174680535;61685;27
timeout;1637183175685605;61717;0
fenetre;1637183175686009;62111;13
fenetre;1637183175686280;62162;14
fenetre;1637183175686348;62198;15
fenetre;1637183175686452;62241;16
fenetre;1637183175686496;62277;17
fenetre;1637183175686592;62309;18
fenetre;1637183175686729;62377;19
fenetre;1637183175686772;62395;20
fenetre;1637183175686835;62422;21
fenetre;1637183175686903;62466;22
fenetre;1637183175686918;62482;23
fenetre;1637183175686930;62493;24
fenetre;1637183175686937;62501;25
timeout;1637183176690581;62526;0
fenetre;1637183176690952;62897;12
fenetre;1637183176691209;62937;13
fenetre;1637183176691296;62988;14
fenetre;1637183176691365;63021;15
fenetre;1637183176691571;63085;16
fenetre;1637183176691612;63126;17
fenetre;1637183176691672;63155;18
fenetre;1637183176691753;63191;19
fenetre;1637183176691863;63224;20
fenetre;1637183176691910;63243;21
fenetre;1637183176691976;63268;22
fenetre;1637183176692104;63291;23
fenetre;1637183176692374;63561;24
timeout;1637183177693075;63577;0
fenetre;1637183177693242;63744;12
fenetre;1637183177693520;63774;13
fenetre;1637183177693535;63789;14
fenetre;1637183177693609;63808;15
fenetre;1637183177693623;63822;16
fenetre;1637183177693728;63863;17
fenetre;1637183177693798;63923;18
fenetre;1637183177693812;63937;19
fenetre;1637183177693818;63942;20
fenetre;1637183177693875;63962;21
fenetre;1637183177693889;63976;22
fenetre;1637183177693965;63989;23
fenetre;1637183177694166;64190;24
fenetre;1637183177694203;64208;25
timeout;1637183178697513;64230;0
fenetre;1637183178697693;64410;12
fenetre;1637183178697981;64447;13
fenetre;1637183178698056;64484;14
fenetre;1637183178698105;64508;15
fenetre;1637183178698171;64555;16
fenetre;1637183178698187;64572;17
fenetre;1637183178698196;64579;18
fenetre;1637183178698242;64596;19
fenetre;1637183178698281;64622;20
fenetre;1637183178698296;64636;21
fenetre;1637183178698330;64654;22
timeout;1637183179703422;64681;0
fin;1637183179704121;64929;0
