type;temps;clock;fen
debut;1637181428860518;1878;0
fenetre;1637181428861345;1987;1
fenetre;1637181428861511;2015;2
fenetre;1637181428861603;2032;3
fenetre;1637181428861666;2072;4
fenetre;1637181428861745;2083;5
fenetre;1637181428861778;2095;6
fenetre;1637181428861793;2106;7
fenetre;1637181428861875;2177;8
fenetre;1637181428861934;2188;9
fenetre;1637181428861964;2197;10
fenetre;1637181428862002;2209;11
fenetre;1637181428862028;2222;12
fenetre;1637181428862059;2232;13
fenetre;1637181428862079;2241;14
fenetre;1637181428862094;2249;15
fenetre;1637181428862227;2371;16
fenetre;1637181428862241;2380;17
fenetre;1637181428862273;2391;18
fenetre;1637181428862303;2403;19
fenetre;1637181428862336;2413;20
fenetre;1637181428862363;2423;21
fenetre;1637181428862395;2434;22
fenetre;1637181428862427;2443;23
fenetre;1637181428862455;2452;24
fenetre;1637181428862488;2461;25
fenetre;1637181428862516;2470;26
fenetre;1637181428862551;2479;27
fenetre;1637181428862578;2488;28
fenetre;1637181428862610;2497;29
fenetre;1637181428862629;2506;30
fenetre;1637181428862645;2513;31
fenetre;1637181428862906;2765;32
fenetre;1637181428862913;2772;33
fenetre;1637181428862917;2776;34
fenetre;1637181428862922;2781;35
fenetre;1637181428862926;2784;36
fenetre;1637181428862930;2789;37
fenetre;1637181428862934;2793;38
fenetre;1637181428862969;2801;39
fenetre;1637181428863001;2812;40
fenetre;1637181428863032;2822;41
fenetre;1637181428863062;2832;42
fenetre;1637181428863091;2840;43
fenetre;1637181428863122;2849;44
fenetre;1637181428863151;2858;45
fenetre;1637181428863183;2866;46
fenetre;1637181428863211;2875;47
fenetre;1637181428863244;2885;48
fenetre;1637181428863273;2894;49
fenetre;1637181428863305;2903;50
fenetre;1637181428863333;2912;51
fenetre;1637181428863365;2920;52
fenetre;1637181428863393;2929;53
fenetre;1637181428863425;2938;54
fenetre;1637181428863454;2946;55
fenetre;1637181428863486;2955;56
fenetre;1637181428863516;2964;57
fenetre;1637181428863545;2973;58
fenetre;1637181428863579;2985;59
fenetre;1637181428863610;2994;60
fenetre;1637181428863641;3003;61
fenetre;1637181428863673;3017;62
fenetre;1637181428863691;3025;63
fenetre;1637181428864186;3512;64
fenetre;1637181428864192;3518;65
fenetre;1637181428864198;3524;66
fenetre;1637181428864203;3529;67
fenetre;1637181428864207;3532;68
fenetre;1637181428864211;3537;69
fenetre;1637181428864215;3540;70
fenetre;1637181428864219;3544;71
fenetre;1637181428864223;3549;72
fenetre;1637181428864229;3555;73
fenetre;1637181428864234;3559;74
fenetre;1637181428864238;3563;75
fenetre;1637181428864241;3567;76
fenetre;1637181428864245;3571;77
fenetre;1637181428864249;3575;78
fenetre;1637181428864270;3585;79
fenetre;1637181428864297;3596;80
fenetre;1637181428864329;3606;81
fenetre;1637181428864361;3616;82
fenetre;1637181428864389;3626;83
fenetre;1637181428864417;3635;84
fenetre;1637181428864451;3644;85
fenetre;1637181428864478;3653;86
fenetre;1637181428864511;3662;87
fenetre;1637181428864541;3671;88
fenetre;1637181428864569;3680;89
fenetre;1637181428864602;3690;90
fenetre;1637181428864630;3699;91
fenetre;1637181428864662;3708;92
fenetre;1637181428864690;3717;93
fenetre;1637181428864722;3727;94
fenetre;1637181428864750;3735;95
fenetre;1637181428864780;3745;96
fenetre;1637181428864807;3754;97
fenetre;1637181428864841;3763;98
fenetre;1637181428864864;3771;99
fenetre;1637181428864882;3780;100
timeout;1637181429865233;3796;0
fenetre;1637181429865892;4450;50
fenetre;1637181429865911;4468;51
fenetre;1637181429865918;4476;52
fenetre;1637181429865924;4482;53
fenetre;1637181429865930;4488;54
fenetre;1637181429865936;4494;55
fenetre;1637181429865942;4500;56
fenetre;1637181429865983;4527;57
fenetre;1637181429865998;4541;58
fenetre;1637181429866092;4570;59
fenetre;1637181429866106;4583;60
fenetre;1637181429866143;4605;61
fenetre;1637181429866209;4645;62
fenetre;1637181429866286;4671;63
fenetre;1637181429866344;4692;64
fenetre;1637181429866428;4711;65
fenetre;1637181429866441;4725;66
fenetre;1637181429866468;4738;67
fenetre;1637181429866560;4766;68
fenetre;1637181429866574;4781;69
fenetre;1637181429866621;4806;70
fenetre;1637181429866660;4836;71
fenetre;1637181429866754;4930;72
fenetre;1637181429866762;4938;73
fenetre;1637181429866770;4945;74
fenetre;1637181429866857;4971;75
fenetre;1637181429866872;4986;76
fenetre;1637181429866981;5012;77
fenetre;1637181429866995;5025;78
fenetre;1637181429867003;5033;79
fenetre;1637181429867091;5058;80
fenetre;1637181429867106;5071;81
fenetre;1637181429867156;5094;82
fenetre;1637181429867188;5118;83
fenetre;1637181429867224;5135;84
fenetre;1637181429867278;5162;85
fenetre;1637181429867342;5182;86
fenetre;1637181429867353;5193;87
fenetre;1637181429867408;5209;88
fenetre;1637181429867453;5227;89
fenetre;1637181429867528;5249;90
fenetre;1637181429867564;5268;91
fenetre;1637181429867593;5280;92
fenetre;1637181429867627;5290;93
fenetre;1637181429867663;5300;94
fenetre;1637181429867702;5313;95
fenetre;1637181429867737;5326;96
fenetre;1637181429867761;5338;97
fenetre;1637181429867779;5350;98
fenetre;1637181429867800;5360;99
fenetre;1637181429868732;6282;100
fenetre;1637181429868742;6291;101
fenetre;1637181429868747;6296;102
fenetre;1637181429868752;6301;103
fenetre;1637181429868757;6306;104
fenetre;1637181429868761;6310;105
fenetre;1637181429868766;6315;106
fenetre;1637181429868771;6321;107
fenetre;1637181429868776;6325;108
fenetre;1637181429868781;6330;109
fenetre;1637181429868785;6335;110
fenetre;1637181429868790;6340;111
fenetre;1637181429868795;6345;112
fenetre;1637181429868800;6349;113
fenetre;1637181429868807;6356;114
fenetre;1637181429868812;6361;115
fenetre;1637181429868816;6365;116
fenetre;1637181429868821;6370;117
fenetre;1637181429868826;6375;118
fenetre;1637181429868831;6381;119
fenetre;1637181429868836;6385;120
fenetre;1637181429868841;6390;121
fenetre;1637181429868846;6395;122
fenetre;1637181429868851;6400;123
fenetre;1637181429868890;6411;124
fenetre;1637181429868933;6423;125
fenetre;1637181429868976;6435;126
fenetre;1637181429869003;6447;127
fenetre;1637181429869036;6459;128
fenetre;1637181429869077;6470;129
fenetre;1637181429869121;6480;130
fenetre;1637181429869153;6490;131
fenetre;1637181429869193;6509;132
fenetre;1637181429869230;6525;133
fenetre;1637181429869264;6536;134
fenetre;1637181429869297;6547;135
fenetre;1637181429869345;6558;136
fenetre;1637181429869369;6569;137
fenetre;1637181429869414;6581;138
fenetre;1637181429869448;6593;139
fenetre;1637181429869480;6604;140
fenetre;1637181429869522;6613;141
fenetre;1637181429869554;6625;142
fenetre;1637181429869633;6638;143
fenetre;1637181429869640;6645;144
fenetre;1637181429869701;6654;145
fenetre;1637181429869756;6665;146
fenetre;1637181429869777;6676;147
fenetre;1637181429869811;6686;148
fenetre;1637181429869893;6699;149
fenetre;1637181429869900;6707;150
fenetre;1637181429869922;6724;151
fenetre;1637181429869943;6739;152
fenetre;1637181429870020;6750;153
fenetre;1637181429870027;6757;154
fenetre;1637181429870032;6762;155
timeout;1637181430872671;6783;0
fenetre;1637181430873972;8084;77
fenetre;1637181430873986;8097;78
fenetre;1637181430873993;8105;79
fenetre;1637181430873999;8111;80
fenetre;1637181430874006;8118;81
fenetre;1637181430874013;8124;82
fenetre;1637181430874019;8130;83
fenetre;1637181430874025;8137;84
fenetre;1637181430874031;8143;85
fenetre;1637181430874037;8149;86
fenetre;1637181430874044;8156;87
fenetre;1637181430874130;8182;88
fenetre;1637181430874145;8197;89
fenetre;1637181430874243;8223;90
fenetre;1637181430874257;8237;91
fenetre;1637181430874264;8243;92
fenetre;1637181430874412;8270;93
fenetre;1637181430874426;8283;94
fenetre;1637181430874433;8291;95
fenetre;1637181430874474;8313;96
fenetre;1637181430874530;8345;97
fenetre;1637181430874560;8366;98
fenetre;1637181430874611;8385;99
fenetre;1637181430874638;8406;100
fenetre;1637181430874673;8423;101
fenetre;1637181430874741;8455;102
fenetre;1637181430874773;8474;103
fenetre;1637181430874819;8503;104
fenetre;1637181430874912;8523;105
fenetre;1637181430875019;8546;106
fenetre;1637181430875033;8560;107
fenetre;1637181430875091;8583;108
fenetre;1637181430875120;8605;109
fenetre;1637181430875172;8629;110
fenetre;1637181430875226;8650;111
fenetre;1637181430875267;8681;112
fenetre;1637181430875313;8704;113
fenetre;1637181430875387;8777;114
fenetre;1637181430875395;8786;115
fenetre;1637181430875447;8803;116
fenetre;1637181430875502;8824;117
fenetre;1637181430875548;8842;118
fenetre;1637181430875581;8855;119
fenetre;1637181430875630;8869;120
fenetre;1637181430875690;8883;121
fenetre;1637181430875727;8896;122
fenetre;1637181430875777;8911;123
fenetre;1637181430875922;8943;124
fenetre;1637181430875936;8956;125
fenetre;1637181430875986;8971;126
fenetre;1637181430876017;8983;127
fenetre;1637181430876069;8997;128
fenetre;1637181430876183;9024;129
fenetre;1637181430876198;9038;130
fenetre;1637181430876205;9046;131
fenetre;1637181430876250;9060;132
fenetre;1637181430876396;9101;133
fenetre;1637181430876421;9118;134
fenetre;1637181430876471;9137;135
fenetre;1637181430876528;9165;136
fenetre;1637181430876573;9186;137
fenetre;1637181430876611;9209;138
fenetre;1637181430876644;9227;139
fenetre;1637181430876680;9244;140
fenetre;1637181430876711;9261;141
fenetre;1637181430876754;9275;142
fenetre;1637181430876786;9289;143
fenetre;1637181430876824;9304;144
fenetre;1637181430876898;9325;145
fenetre;1637181430876909;9337;146
fenetre;1637181430876940;9358;147
fenetre;1637181430876974;9377;148
fenetre;1637181430877022;9394;149
fenetre;1637181430877035;9407;150
fenetre;1637181430877064;9418;151
fenetre;1637181430877081;9429;152
fenetre;1637181430877113;9440;153
fenetre;1637181430878632;10909;154
fenetre;1637181430878654;10931;155
fenetre;1637181430878664;10941;156
fenetre;1637181430878672;10950;157
fenetre;1637181430878700;10969;158
fenetre;1637181430878707;10977;159
fenetre;1637181430878712;10982;160
fenetre;1637181430878717;10987;161
fenetre;1637181430878722;10992;162
fenetre;1637181430878727;10996;163
fenetre;1637181430878732;11001;164
fenetre;1637181430878736;11006;165
fenetre;1637181430878741;11010;166
fenetre;1637181430878746;11015;167
fenetre;1637181430878750;11020;168
fenetre;1637181430878755;11025;169
fenetre;1637181430878760;11030;170
fenetre;1637181430878765;11035;171
fenetre;1637181430878770;11040;172
fenetre;1637181430878775;11044;173
fenetre;1637181430878779;11049;174
fenetre;1637181430878784;11054;175
fenetre;1637181430878789;11059;176
fenetre;1637181430878794;11063;177
timeout;1637181431879014;11090;0
fenetre;1637181431880469;12537;88
fenetre;1637181431880486;12553;89
fenetre;1637181431880494;12561;90
fenetre;1637181431880500;12567;91
fenetre;1637181431880509;12575;92
fenetre;1637181431880516;12582;93
fenetre;1637181431880522;12589;94
fenetre;1637181431880528;12595;95
fenetre;1637181431880534;12601;96
fenetre;1637181431880540;12607;97
fenetre;1637181431880547;12614;98
fenetre;1637181431880554;12620;99
fenetre;1637181431880560;12626;100
fenetre;1637181431880566;12633;101
fenetre;1637181431880572;12639;102
fenetre;1637181431880578;12645;103
fenetre;1637181431880613;12668;104
fenetre;1637181431880671;12699;105
fenetre;1637181431880700;12721;106
fenetre;1637181431880804;12744;107
fenetre;1637181431880818;12758;108
fenetre;1637181431880874;12785;109
fenetre;1637181431880888;12798;110
fenetre;1637181431880921;12822;111
fenetre;1637181431880963;12841;112
fenetre;1637181431881052;12862;113
fenetre;1637181431881065;12875;114
fenetre;1637181431881097;12897;115
fenetre;1637181431881135;12916;116
fenetre;1637181431881227;12944;117
fenetre;1637181431881240;12956;118
fenetre;1637181431881294;12971;119
fenetre;1637181431881315;12984;120
fenetre;1637181431881377;13003;121
fenetre;1637181431881412;13022;122
fenetre;1637181431881468;13047;123
fenetre;1637181431881506;13074;124
fenetre;1637181431881539;13094;125
fenetre;1637181431881586;13109;126
fenetre;1637181431881637;13129;127
fenetre;1637181431881696;13151;128
fenetre;1637181431881720;13164;129
fenetre;1637181431881793;13196;130
fenetre;1637181431881826;13216;131
fenetre;1637181431881881;13230;132
fenetre;1637181431881983;13253;133
fenetre;1637181431881998;13267;134
fenetre;1637181431882026;13284;135
fenetre;1637181431882055;13301;136
fenetre;1637181431882112;13320;137
fenetre;1637181431882156;13333;138
fenetre;1637181431882186;13347;139
fenetre;1637181431882227;13360;140
fenetre;1637181431882277;13372;141
fenetre;1637181431882345;13440;142
fenetre;1637181431882378;13459;143
fenetre;1637181431882413;13476;144
fenetre;1637181431882456;13489;145
fenetre;1637181431882500;13501;146
fenetre;1637181431882551;13518;147
fenetre;1637181431882596;13538;148
fenetre;1637181431882642;13553;149
fenetre;1637181431882691;13567;150
fenetre;1637181431882752;13580;151
fenetre;1637181431882785;13591;152
fenetre;1637181431882823;13602;153
fenetre;1637181431882859;13612;154
fenetre;1637181431882894;13622;155
fenetre;1637181431882929;13632;156
fenetre;1637181431882965;13643;157
fenetre;1637181431882999;13654;158
fenetre;1637181431883037;13665;159
fenetre;1637181431883074;13675;160
fenetre;1637181431883107;13686;161
fenetre;1637181431883146;13696;162
fenetre;1637181431883181;13706;163
fenetre;1637181431883217;13717;164
fenetre;1637181431883250;13728;165
fenetre;1637181431883290;13740;166
fenetre;1637181431883323;13750;167
fenetre;1637181431883360;13760;168
fenetre;1637181431883396;13769;169
fenetre;1637181431883435;13780;170
fenetre;1637181431883468;13791;171
fenetre;1637181431883505;13802;172
fenetre;1637181431883530;13812;173
fenetre;1637181431883547;13823;174
fenetre;1637181431883568;13832;175
fenetre;1637181431885124;15376;176
fenetre;1637181431885132;15384;177
fenetre;1637181431885137;15389;178
fenetre;1637181431885142;15393;179
fenetre;1637181431885147;15398;180
fenetre;1637181431885151;15403;181
fenetre;1637181431885156;15407;182
fenetre;1637181431885161;15413;183
fenetre;1637181431885166;15418;184
fenetre;1637181431885170;15423;185
fenetre;1637181431885175;15427;186
fenetre;1637181431885180;15432;187
fenetre;1637181431885185;15437;188
fenetre;1637181431885189;15441;189
timeout;1637181432887925;15452;0
fenetre;1637181432888701;16219;94
fenetre;1637181432888713;16231;95
fenetre;1637181432888718;16237;96
fenetre;1637181432888722;16240;97
fenetre;1637181432888726;16245;98
fenetre;1637181432888731;16248;99
fenetre;1637181432888735;16253;100
fenetre;1637181432888739;16257;101
fenetre;1637181432888743;16262;102
fenetre;1637181432888747;16265;103
fenetre;1637181432888751;16270;104
fenetre;1637181432888755;16273;105
fenetre;1637181432888760;16277;106
fenetre;1637181432888764;16282;107
fenetre;1637181432888770;16288;108
fenetre;1637181432888774;16293;109
fenetre;1637181432888778;16296;110
fenetre;1637181432888782;16301;111
fenetre;1637181432888786;16304;112
fenetre;1637181432888790;16309;113
fenetre;1637181432888795;16313;114
fenetre;1637181432888801;16318;115
fenetre;1637181432888838;16331;116
fenetre;1637181432888876;16352;117
fenetre;1637181432888898;16367;118
fenetre;1637181432888928;16381;119
fenetre;1637181432888957;16391;120
fenetre;1637181432888990;16401;121
fenetre;1637181432889019;16410;122
fenetre;1637181432889051;16420;123
fenetre;1637181432889080;16430;124
fenetre;1637181432889114;16439;125
fenetre;1637181432889144;16448;126
fenetre;1637181432889179;16461;127
fenetre;1637181432889208;16472;128
fenetre;1637181432889237;16482;129
fenetre;1637181432889269;16491;130
fenetre;1637181432889299;16500;131
fenetre;1637181432889329;16509;132
fenetre;1637181432889357;16518;133
fenetre;1637181432889389;16526;134
fenetre;1637181432889418;16536;135
fenetre;1637181432889449;16544;136
fenetre;1637181432889477;16553;137
fenetre;1637181432889509;16562;138
fenetre;1637181432889539;16571;139
fenetre;1637181432889573;16580;140
fenetre;1637181432889599;16589;141
fenetre;1637181432889649;16607;142
fenetre;1637181432889659;16617;143
fenetre;1637181432889694;16629;144
fenetre;1637181432889735;16642;145
fenetre;1637181432889752;16655;146
fenetre;1637181432889782;16668;147
fenetre;1637181432889812;16678;148
fenetre;1637181432889843;16687;149
fenetre;1637181432889877;16699;150
fenetre;1637181432889904;16709;151
fenetre;1637181432889936;16719;152
fenetre;1637181432889965;16727;153
fenetre;1637181432889997;16736;154
fenetre;1637181432890026;16744;155
fenetre;1637181432890056;16754;156
fenetre;1637181432890084;16763;157
fenetre;1637181432890129;16781;158
fenetre;1637181432890156;16794;159
fenetre;1637181432890177;16803;160
fenetre;1637181432890215;16815;161
fenetre;1637181432890270;16871;162
fenetre;1637181432890286;16882;163
fenetre;1637181432890304;16891;164
fenetre;1637181432890341;16905;165
fenetre;1637181432890364;16916;166
fenetre;1637181432890393;16926;167
fenetre;1637181432890428;16936;168
fenetre;1637181432890460;16946;169
fenetre;1637181432890488;16955;170
fenetre;1637181432890518;16965;171
fenetre;1637181432890546;16974;172
fenetre;1637181432890577;16983;173
fenetre;1637181432890611;16992;174
fenetre;1637181432890640;17003;175
fenetre;1637181432890668;17012;176
fenetre;1637181432890719;17022;177
fenetre;1637181432890746;17031;178
fenetre;1637181432890778;17040;179
fenetre;1637181432890805;17049;180
fenetre;1637181432890834;17057;181
fenetre;1637181432890862;17065;182
fenetre;1637181432890892;17073;183
fenetre;1637181432890919;17082;184
fenetre;1637181432890940;17091;185
fenetre;1637181432890955;17099;186
fenetre;1637181432890972;17108;187
fenetre;1637181432892315;18435;188
fenetre;1637181432892325;18444;189
fenetre;1637181432892329;18449;190
fenetre;1637181432892333;18453;191
fenetre;1637181432892338;18458;192
fenetre;1637181432892342;18462;193
fenetre;1637181432892346;18465;194
fenetre;1637181432892350;18470;195
fenetre;1637181432892354;18474;196
timeout;1637181433897440;18494;0
fenetre;1637181433899023;20053;98
fenetre;1637181433899043;20073;99
fenetre;1637181433899051;20080;100
fenetre;1637181433899057;20087;101
fenetre;1637181433899063;20093;102
fenetre;1637181433899075;20104;103
fenetre;1637181433899081;20111;104
fenetre;1637181433899087;20116;105
fenetre;1637181433899094;20124;106
fenetre;1637181433899100;20129;107
fenetre;1637181433899106;20135;108
fenetre;1637181433899112;20142;109
fenetre;1637181433899122;20152;110
fenetre;1637181433899128;20158;111
fenetre;1637181433899135;20165;112
fenetre;1637181433899198;20185;113
fenetre;1637181433899238;20210;114
fenetre;1637181433899281;20242;115
fenetre;1637181433899345;20270;116
fenetre;1637181433899360;20285;117
fenetre;1637181433899432;20310;118
fenetre;1637181433899475;20334;119
fenetre;1637181433899488;20347;120
fenetre;1637181433899550;20374;121
fenetre;1637181433899612;20402;122
fenetre;1637181433899654;20431;123
fenetre;1637181433899665;20441;124
fenetre;1637181433899746;20466;125
fenetre;1637181433899791;20506;126
fenetre;1637181433899824;20531;127
fenetre;1637181433899898;20573;128
fenetre;1637181433899918;20593;129
fenetre;1637181433899938;20609;130
fenetre;1637181433899987;20626;131
fenetre;1637181433900049;20647;132
fenetre;1637181433900096;20669;133
fenetre;1637181433900132;20692;134
fenetre;1637181433900173;20718;135
fenetre;1637181433900219;20739;136
fenetre;1637181433900279;20757;137
fenetre;1637181433900313;20773;138
fenetre;1637181433900350;20788;139
fenetre;1637181433900402;20800;140
fenetre;1637181433900444;20813;141
fenetre;1637181433900491;20827;142
fenetre;1637181433900543;20851;143
fenetre;1637181433900582;20870;144
fenetre;1637181433900629;20886;145
fenetre;1637181433900689;20912;146
fenetre;1637181433900718;20931;147
fenetre;1637181433900768;20946;148
fenetre;1637181433900810;20961;149
fenetre;1637181433900860;20977;150
fenetre;1637181433900903;20990;151
fenetre;1637181433900947;21002;152
fenetre;1637181433900992;21016;153
fenetre;1637181433901035;21029;154
fenetre;1637181433901083;21043;155
fenetre;1637181433901145;21054;156
fenetre;1637181433901180;21064;157
fenetre;1637181433901216;21075;158
fenetre;1637181433901249;21087;159
fenetre;1637181433901288;21097;160
fenetre;1637181433901325;21108;161
fenetre;1637181433901358;21119;162
fenetre;1637181433901397;21130;163
fenetre;1637181433901433;21141;164
fenetre;1637181433901467;21151;165
fenetre;1637181433901506;21162;166
fenetre;1637181433901542;21172;167
fenetre;1637181433901576;21182;168
fenetre;1637181433901611;21191;169
fenetre;1637181433901648;21202;170
fenetre;1637181433901681;21212;171
fenetre;1637181433901720;21223;172
fenetre;1637181433901754;21232;173
fenetre;1637181433901790;21242;174
fenetre;1637181433901826;21253;175
fenetre;1637181433901859;21264;176
fenetre;1637181433901899;21275;177
fenetre;1637181433901934;21286;178
fenetre;1637181433901996;21348;179
fenetre;1637181433902002;21354;180
fenetre;1637181433902042;21365;181
fenetre;1637181433902076;21375;182
fenetre;1637181433902113;21385;183
fenetre;1637181433902149;21397;184
fenetre;1637181433902183;21408;185
fenetre;1637181433902224;21419;186
fenetre;1637181433902259;21430;187
fenetre;1637181433902293;21439;188
fenetre;1637181433902331;21450;189
fenetre;1637181433902361;21462;190
fenetre;1637181433902401;21473;191
fenetre;1637181433902454;21494;192
fenetre;1637181433902465;21505;193
fenetre;1637181433902486;21515;194
fenetre;1637181433902508;21525;195
fenetre;1637181433904332;23328;196
fenetre;1637181433904352;23348;197
fenetre;1637181433904361;23357;198
fenetre;1637181433904368;23363;199
fenetre;1637181433904373;23369;200
fenetre;1637181433904378;23373;201
fenetre;1637181433904383;23379;202
timeout;1637181434905678;23401;0
fenetre;1637181434907287;24985;101
timeout;1637181435912207;25024;0
fenetre;1637181435913231;26047;50
fenetre;1637181435913247;26063;51
fenetre;1637181435913255;26071;52
fenetre;1637181435913265;26081;53
fenetre;1637181435913271;26087;54
fenetre;1637181435913306;26117;55
fenetre;1637181435913327;26136;56
fenetre;1637181435913337;26147;57
fenetre;1637181435913347;26156;58
fenetre;1637181435913393;26189;59
fenetre;1637181435913464;26223;60
fenetre;1637181435913568;26255;61
fenetre;1637181435913582;26269;62
fenetre;1637181435913645;26296;63
fenetre;1637181435913659;26310;64
fenetre;1637181435913711;26324;65
fenetre;1637181435913733;26337;66
fenetre;1637181435913783;26352;67
fenetre;1637181435913846;26376;68
fenetre;1637181435913889;26406;69
fenetre;1637181435913919;26427;70
fenetre;1637181435913978;26456;71
fenetre;1637181435914031;26484;72
fenetre;1637181435914065;26511;73
fenetre;1637181435914096;26536;74
fenetre;1637181435914143;26567;75
fenetre;1637181435914201;26599;76
fenetre;1637181435914257;26633;77
fenetre;1637181435914271;26647;78
fenetre;1637181435914322;26672;79
fenetre;1637181435914386;26705;80
fenetre;1637181435914425;26738;81
fenetre;1637181435914462;26768;82
fenetre;1637181435914537;26798;83
fenetre;1637181435914550;26811;84
fenetre;1637181435914584;26826;85
fenetre;1637181435914614;26841;86
fenetre;1637181435914676;26864;87
fenetre;1637181435914721;26898;88
fenetre;1637181435914759;26924;89
fenetre;1637181435914801;26948;90
fenetre;1637181435914835;26964;91
fenetre;1637181435914896;26981;92
fenetre;1637181435914943;27007;93
fenetre;1637181435914994;27035;94
fenetre;1637181435915029;27054;95
fenetre;1637181435915061;27069;96
fenetre;1637181435915086;27087;97
fenetre;1637181435915111;27100;98
fenetre;1637181435915136;27113;99
fenetre;1637181435916242;28202;100
fenetre;1637181435916252;28212;101
fenetre;1637181435916258;28218;102
fenetre;1637181435916263;28223;103
fenetre;1637181435916268;28228;104
fenetre;1637181435916273;28233;105
fenetre;1637181435916278;28238;106
fenetre;1637181435916283;28243;107
fenetre;1637181435916290;28250;108
fenetre;1637181435916295;28255;109
fenetre;1637181435916300;28260;110
fenetre;1637181435916304;28265;111
fenetre;1637181435916309;28269;112
fenetre;1637181435916314;28274;113
fenetre;1637181435916319;28279;114
fenetre;1637181435916326;28285;115
fenetre;1637181435916331;28290;116
fenetre;1637181435916335;28295;117
fenetre;1637181435916340;28300;118
fenetre;1637181435916345;28304;119
fenetre;1637181435916350;28310;120
fenetre;1637181435916355;28315;121
fenetre;1637181435916371;28327;122
fenetre;1637181435916406;28341;123
fenetre;1637181435916448;28358;124
fenetre;1637181435916483;28371;125
fenetre;1637181435916517;28384;126
fenetre;1637181435916559;28396;127
fenetre;1637181435916592;28406;128
fenetre;1637181435916633;28419;129
fenetre;1637181435916667;28430;130
fenetre;1637181435916705;28441;131
fenetre;1637181435916739;28452;132
fenetre;1637181435916788;28462;133
fenetre;1637181435916815;28472;134
fenetre;1637181435916862;28494;135
fenetre;1637181435916886;28509;136
fenetre;1637181435916921;28520;137
fenetre;1637181435916960;28531;138
fenetre;1637181435917005;28546;139
fenetre;1637181435917048;28561;140
fenetre;1637181435917073;28573;141
fenetre;1637181435917134;28634;142
fenetre;1637181435917182;28647;143
fenetre;1637181435917242;28662;144
fenetre;1637181435917293;28676;145
fenetre;1637181435917336;28692;146
fenetre;1637181435917389;28711;147
fenetre;1637181435917413;28731;148
fenetre;1637181435917458;28747;149
fenetre;1637181435917479;28759;150
timeout;1637181436919666;28783;0
fenetre;1637181436920832;29948;75
fenetre;1637181436920846;29962;76
fenetre;1637181436920853;29969;77
fenetre;1637181436920859;29976;78
fenetre;1637181436920872;29989;79
fenetre;1637181436920879;29995;80
fenetre;1637181436920885;30001;81
fenetre;1637181436920891;30007;82
fenetre;1637181436920898;30013;83
fenetre;1637181436920908;30024;84
fenetre;1637181436920914;30030;85
fenetre;1637181436920920;30036;86
fenetre;1637181436920926;30042;87
fenetre;1637181436920932;30048;88
fenetre;1637181436920938;30055;89
fenetre;1637181436920966;30079;90
fenetre;1637181436921069;30111;91
fenetre;1637181436921083;30124;92
fenetre;1637181436921092;30133;93
fenetre;1637181436921150;30149;94
fenetre;1637181436921270;30181;95
fenetre;1637181436921284;30195;96
fenetre;1637181436921291;30201;97
fenetre;1637181436921343;30227;98
fenetre;1637181436921371;30250;99
fenetre;1637181436921555;30276;100
fenetre;1637181436921572;30293;101
fenetre;1637181436921579;30301;102
fenetre;1637181436921654;30327;103
fenetre;1637181436921688;30351;104
fenetre;1637181436921722;30372;105
fenetre;1637181436921760;30391;106
fenetre;1637181436921911;30439;107
fenetre;1637181436921938;30461;108
fenetre;1637181436921976;30492;109
fenetre;1637181436921987;30503;110
fenetre;1637181436921994;30511;111
fenetre;1637181436922036;30525;112
fenetre;1637181436922106;30543;113
fenetre;1637181436922147;30573;114
fenetre;1637181436922176;30594;115
fenetre;1637181436922226;30612;116
fenetre;1637181436922299;30640;117
fenetre;1637181436922313;30654;118
fenetre;1637181436922364;30671;119
fenetre;1637181436922425;30695;120
fenetre;1637181436922467;30728;121
fenetre;1637181436922511;30744;122
fenetre;1637181436922564;30767;123
fenetre;1637181436922589;30782;124
fenetre;1637181436922636;30798;125
fenetre;1637181436922694;30830;126
fenetre;1637181436922778;30860;127
fenetre;1637181436922786;30868;128
fenetre;1637181436922826;30878;129
fenetre;1637181436922899;30910;130
fenetre;1637181436922911;30923;131
fenetre;1637181436922926;30934;132
fenetre;1637181436922972;30945;133
fenetre;1637181436923006;30967;134
fenetre;1637181436923047;30983;135
fenetre;1637181436923085;30997;136
fenetre;1637181436923120;31008;137
fenetre;1637181436923166;31031;138
fenetre;1637181436923191;31047;139
fenetre;1637181436923236;31057;140
fenetre;1637181436923261;31067;141
fenetre;1637181436923355;31089;142
fenetre;1637181436923368;31102;143
fenetre;1637181436923375;31109;144
fenetre;1637181436923422;31127;145
fenetre;1637181436923460;31143;146
fenetre;1637181436923467;31151;147
fenetre;1637181436923518;31160;148
fenetre;1637181436923526;31168;149
fenetre;1637181436924871;32513;150
fenetre;1637181436924878;32520;151
fenetre;1637181436924883;32525;152
fenetre;1637181436924888;32530;153
fenetre;1637181436924893;32535;154
fenetre;1637181436924898;32540;155
fenetre;1637181436924903;32545;156
fenetre;1637181436924908;32550;157
fenetre;1637181436924913;32555;158
fenetre;1637181436924917;32559;159
fenetre;1637181436924922;32564;160
fenetre;1637181436924927;32570;161
fenetre;1637181436924932;32574;162
fenetre;1637181436924937;32579;163
fenetre;1637181436924942;32584;164
fenetre;1637181436924947;32589;165
fenetre;1637181436924951;32593;166
fenetre;1637181436924956;32598;167
fenetre;1637181436924961;32603;168
fenetre;1637181436924966;32607;169
fenetre;1637181436924971;32613;170
fenetre;1637181436924975;32618;171
fenetre;1637181436924980;32623;172
fenetre;1637181436924985;32627;173
fenetre;1637181436924990;32632;174
fenetre;1637181436924994;32637;175
fenetre;1637181436925000;32642;176
fenetre;1637181436925004;32646;177
timeout;1637181437929475;32658;0
fenetre;1637181437930168;33328;88
fenetre;1637181437930177;33337;89
fenetre;1637181437930181;33341;90
fenetre;1637181437930184;33344;91
fenetre;1637181437930234;33394;92
fenetre;1637181437930240;33400;93
fenetre;1637181437930244;33404;94
fenetre;1637181437930249;33408;95
fenetre;1637181437930252;33413;96
fenetre;1637181437930256;33416;97
fenetre;1637181437930259;33419;98
fenetre;1637181437930263;33422;99
fenetre;1637181437930266;33427;100
fenetre;1637181437930269;33430;101
fenetre;1637181437930273;33433;102
fenetre;1637181437930277;33437;103
fenetre;1637181437930280;33441;104
fenetre;1637181437930284;33444;105
fenetre;1637181437930316;33454;106
fenetre;1637181437930347;33478;107
fenetre;1637181437930367;33488;108
fenetre;1637181437930399;33501;109
fenetre;1637181437930427;33518;110
fenetre;1637181437930451;33531;111
fenetre;1637181437930476;33543;112
fenetre;1637181437930505;33554;113
fenetre;1637181437930554;33575;114
fenetre;1637181437930569;33588;115
fenetre;1637181437930580;33598;116
fenetre;1637181437930634;33615;117
fenetre;1637181437930639;33621;118
fenetre;1637181437930671;33633;119
fenetre;1637181437930706;33651;120
fenetre;1637181437930714;33659;121
fenetre;1637181437930744;33668;122
fenetre;1637181437930791;33686;123
fenetre;1637181437930797;33691;124
fenetre;1637181437930810;33698;125
fenetre;1637181437930840;33710;126
fenetre;1637181437930861;33723;127
fenetre;1637181437930892;33739;128
fenetre;1637181437930939;33758;129
fenetre;1637181437930972;33780;130
fenetre;1637181437930997;33799;131
fenetre;1637181437931002;33804;132
fenetre;1637181437931019;33811;133
fenetre;1637181437931051;33821;134
fenetre;1637181437931068;33833;135
fenetre;1637181437931136;33848;136
fenetre;1637181437931144;33856;137
fenetre;1637181437931156;33865;138
fenetre;1637181437931186;33878;139
fenetre;1637181437931196;33888;140
fenetre;1637181437931226;33896;141
fenetre;1637181437931254;33911;142
fenetre;1637181437931277;33924;143
fenetre;1637181437931304;33939;144
fenetre;1637181437931337;33953;145
fenetre;1637181437931353;33967;146
fenetre;1637181437931389;33983;147
fenetre;1637181437931430;33997;148
fenetre;1637181437931438;34006;149
fenetre;1637181437931494;34022;150
fenetre;1637181437931513;34040;151
fenetre;1637181437931518;34046;152
fenetre;1637181437931544;34055;153
fenetre;1637181437931568;34064;154
fenetre;1637181437931596;34075;155
fenetre;1637181437931626;34084;156
fenetre;1637181437931653;34092;157
fenetre;1637181437931672;34098;158
fenetre;1637181437931700;34109;159
fenetre;1637181437931727;34119;160
fenetre;1637181437931752;34128;161
fenetre;1637181437931779;34135;162
fenetre;1637181437931809;34146;163
fenetre;1637181437931830;34157;164
fenetre;1637181437931863;34168;165
fenetre;1637181437931954;34186;166
fenetre;1637181437931962;34195;167
fenetre;1637181437931967;34199;168
fenetre;1637181437931970;34202;169
fenetre;1637181437931986;34211;170
fenetre;1637181437932059;34221;171
fenetre;1637181437932064;34226;172
fenetre;1637181437932069;34230;173
fenetre;1637181437932072;34235;174
fenetre;1637181437932076;34238;175
fenetre;1637181437933189;35341;176
fenetre;1637181437933197;35348;177
fenetre;1637181437933201;35352;178
fenetre;1637181437933205;35357;179
fenetre;1637181437933208;35360;180
fenetre;1637181437933211;35363;181
fenetre;1637181437933215;35366;182
fenetre;1637181437933218;35370;183
fenetre;1637181437933222;35374;184
fenetre;1637181437933225;35377;185
fenetre;1637181437933229;35380;186
fenetre;1637181437933232;35383;187
fenetre;1637181437933236;35388;188
fenetre;1637181437933239;35391;189
fenetre;1637181437933243;35394;190
fenetre;1637181437933246;35397;191
fenetre;1637181437933250;35402;192
fenetre;1637181437933253;35405;193
fenetre;1637181437933257;35408;194
fenetre;1637181437933260;35412;195
fenetre;1637181437933264;35415;196
timeout;1637181438934785;35440;0
fenetre;1637181438936328;36963;98
timeout;1637181439939581;36992;0
fenetre;1637181439940501;37912;49
fenetre;1637181439940531;37941;50
fenetre;1637181439940543;37953;51
fenetre;1637181439940626;37999;52
fenetre;1637181439940644;38018;53
fenetre;1637181439940766;38047;54
fenetre;1637181439940780;38061;55
fenetre;1637181439940819;38093;56
fenetre;1637181439940859;38121;57
fenetre;1637181439940898;38143;58
fenetre;1637181439941004;38250;59
fenetre;1637181439941012;38257;60
fenetre;1637181439941041;38277;61
fenetre;1637181439941110;38308;62
fenetre;1637181439941196;38332;63
fenetre;1637181439941223;38350;64
fenetre;1637181439941291;38377;65
fenetre;1637181439941334;38401;66
fenetre;1637181439941373;38436;67
fenetre;1637181439941465;38462;68
fenetre;1637181439941479;38474;69
fenetre;1637181439941510;38499;70
fenetre;1637181439941621;38531;71
fenetre;1637181439941635;38544;72
fenetre;1637181439941642;38552;73
fenetre;1637181439941700;38578;74
fenetre;1637181439941725;38597;75
fenetre;1637181439941769;38612;76
fenetre;1637181439941815;38627;77
fenetre;1637181439941857;38642;78
fenetre;1637181439941955;38664;79
fenetre;1637181439941968;38677;80
fenetre;1637181439942004;38690;81
fenetre;1637181439942068;38717;82
fenetre;1637181439942106;38744;83
fenetre;1637181439942153;38766;84
fenetre;1637181439942217;38798;85
fenetre;1637181439942231;38811;86
fenetre;1637181439942294;38827;87
fenetre;1637181439942348;38845;88
fenetre;1637181439942390;38866;89
fenetre;1637181439942427;38882;90
fenetre;1637181439942484;38905;91
fenetre;1637181439942537;38927;92
fenetre;1637181439942548;38938;93
fenetre;1637181439942585;38961;94
fenetre;1637181439942599;38974;95
fenetre;1637181439942628;38987;96
fenetre;1637181439942652;38999;97
fenetre;1637181439943682;40014;98
fenetre;1637181439943690;40022;99
fenetre;1637181439943695;40027;100
fenetre;1637181439943700;40033;101
fenetre;1637181439943705;40037;102
fenetre;1637181439943711;40043;103
fenetre;1637181439943716;40048;104
fenetre;1637181439943721;40053;105
fenetre;1637181439943726;40058;106
fenetre;1637181439943732;40064;107
fenetre;1637181439943737;40069;108
fenetre;1637181439943744;40075;109
fenetre;1637181439943749;40081;110
fenetre;1637181439943754;40086;111
fenetre;1637181439943758;40090;112
fenetre;1637181439943763;40095;113
fenetre;1637181439943768;40100;114
fenetre;1637181439943773;40105;115
fenetre;1637181439943780;40112;116
fenetre;1637181439943785;40117;117
fenetre;1637181439943790;40122;118
fenetre;1637181439943795;40127;119
fenetre;1637181439943800;40132;120
fenetre;1637181439943805;40136;121
fenetre;1637181439943825;40149;122
fenetre;1637181439943857;40159;123
fenetre;1637181439943900;40171;124
fenetre;1637181439943933;40182;125
fenetre;1637181439943976;40198;126
fenetre;1637181439944006;40212;127
fenetre;1637181439944044;40224;128
fenetre;1637181439944077;40234;129
fenetre;1637181439944117;40245;130
fenetre;1637181439944153;40257;131
fenetre;1637181439944188;40268;132
fenetre;1637181439944227;40278;133
fenetre;1637181439944262;40290;134
fenetre;1637181439944297;40300;135
fenetre;1637181439944337;40312;136
fenetre;1637181439944371;40322;137
fenetre;1637181439944410;40333;138
fenetre;1637181439944454;40345;139
fenetre;1637181439944505;40358;140
fenetre;1637181439944548;40375;141
fenetre;1637181439944584;40394;142
fenetre;1637181439944629;40413;143
fenetre;1637181439944669;40425;144
fenetre;1637181439944729;40448;145
fenetre;1637181439944761;40468;146
fenetre;1637181439944796;40486;147
fenetre;1637181439944840;40501;148
fenetre;1637181439944882;40519;149
fenetre;1637181439944909;40534;150
fenetre;1637181439944942;40547;151
fenetre;1637181439944966;40558;152
fenetre;1637181439944994;40571;153
timeout;1637181440945807;40598;0
fin;1637181440946573;40855;0
