type;temps;clock;fen
debut;1637181399102775;1791;0
fenetre;1637181399103689;1906;1
fenetre;1637181399103911;1937;2
fenetre;1637181399104137;1958;3
fenetre;1637181399104184;2005;4
fenetre;1637181399104370;2025;5
fenetre;1637181399104400;2039;6
fenetre;1637181399104406;2045;7
fenetre;1637181399104519;2144;8
fenetre;1637181399104604;2160;9
fenetre;1637181399104623;2172;10
fenetre;1637181399104657;2184;11
fenetre;1637181399104699;2208;12
fenetre;1637181399104709;2218;13
fenetre;1637181399104718;2227;14
fenetre;1637181399104752;2242;15
fenetre;1637181399104891;2381;16
fenetre;1637181399104898;2387;17
fenetre;1637181399104917;2395;18
fenetre;1637181399104947;2405;19
fenetre;1637181399104980;2416;20
fenetre;1637181399105007;2426;21
fenetre;1637181399105040;2434;22
fenetre;1637181399105071;2442;23
fenetre;1637181399105104;2451;24
fenetre;1637181399105132;2460;25
fenetre;1637181399105172;2476;26
fenetre;1637181399105195;2489;27
fenetre;1637181399105224;2498;28
fenetre;1637181399105258;2508;29
fenetre;1637181399105276;2518;30
fenetre;1637181399105293;2526;31
fenetre;1637181399105551;2776;32
fenetre;1637181399105560;2784;33
fenetre;1637181399105566;2790;34
fenetre;1637181399105570;2794;35
fenetre;1637181399105574;2798;36
fenetre;1637181399105578;2802;37
fenetre;1637181399105604;2811;38
fenetre;1637181399105631;2821;39
fenetre;1637181399105662;2830;40
fenetre;1637181399105692;2839;41
fenetre;1637181399105725;2849;42
fenetre;1637181399105754;2860;43
fenetre;1637181399105782;2869;44
fenetre;1637181399105816;2878;45
fenetre;1637181399105845;2889;46
fenetre;1637181399105873;2898;47
fenetre;1637181399105906;2907;48
fenetre;1637181399105934;2916;49
fenetre;1637181399105966;2924;50
fenetre;1637181399105996;2934;51
fenetre;1637181399106024;2943;52
fenetre;1637181399106056;2952;53
fenetre;1637181399106086;2961;54
fenetre;1637181399106115;2971;55
fenetre;1637181399106146;2980;56
fenetre;1637181399106173;2988;57
fenetre;1637181399106208;2997;58
fenetre;1637181399106235;3006;59
fenetre;1637181399106267;3014;60
fenetre;1637181399106296;3024;61
fenetre;1637181399106328;3038;62
fenetre;1637181399106346;3047;63
fenetre;1637181399106852;3544;64
fenetre;1637181399106861;3553;65
fenetre;1637181399106865;3558;66
fenetre;1637181399106870;3562;67
fenetre;1637181399106874;3567;68
fenetre;1637181399106878;3570;69
fenetre;1637181399106882;3575;70
fenetre;1637181399106889;3581;71
fenetre;1637181399106893;3585;72
fenetre;1637181399106897;3590;73
fenetre;1637181399106901;3593;74
fenetre;1637181399106905;3598;75
fenetre;1637181399106909;3601;76
fenetre;1637181399106913;3606;77
fenetre;1637181399106919;3611;78
fenetre;1637181399106923;3616;79
fenetre;1637181399106954;3624;80
fenetre;1637181399106984;3634;81
fenetre;1637181399107013;3644;82
fenetre;1637181399107043;3654;83
fenetre;1637181399107075;3663;84
fenetre;1637181399107105;3673;85
fenetre;1637181399107134;3682;86
fenetre;1637181399107166;3692;87
fenetre;1637181399107196;3701;88
fenetre;1637181399107230;3710;89
fenetre;1637181399107259;3719;90
fenetre;1637181399107289;3728;91
fenetre;1637181399107320;3736;92
fenetre;1637181399107348;3745;93
fenetre;1637181399107381;3755;94
fenetre;1637181399107410;3764;95
fenetre;1637181399107442;3773;96
fenetre;1637181399107471;3781;97
fenetre;1637181399107505;3789;98
fenetre;1637181399107536;3798;99
fenetre;1637181399107565;3808;100
fenetre;1637181399107597;3817;101
fenetre;1637181399107626;3825;102
fenetre;1637181399107657;3835;103
fenetre;1637181399107687;3844;104
fenetre;1637181399107718;3854;105
fenetre;1637181399107747;3863;106
fenetre;1637181399107778;3873;107
fenetre;1637181399107807;3882;108
fenetre;1637181399107839;3891;109
fenetre;1637181399107868;3900;110
fenetre;1637181399107892;3909;111
fenetre;1637181399107920;3918;112
timeout;1637181400108493;3938;0
fenetre;1637181400109751;5172;56
fenetre;1637181400109770;5190;57
fenetre;1637181400109778;5199;58
fenetre;1637181400109786;5206;59
fenetre;1637181400109824;5239;60
fenetre;1637181400109836;5251;61
fenetre;1637181400109890;5279;62
fenetre;1637181400110044;5313;63
fenetre;1637181400110059;5329;64
fenetre;1637181400110067;5336;65
fenetre;1637181400110155;5425;66
fenetre;1637181400110221;5455;67
fenetre;1637181400110280;5499;68
fenetre;1637181400110294;5513;69
fenetre;1637181400110346;5546;70
fenetre;1637181400110388;5582;71
fenetre;1637181400110432;5612;72
fenetre;1637181400110444;5624;73
fenetre;1637181400110522;5648;74
fenetre;1637181400110562;5673;75
fenetre;1637181400110598;5692;76
fenetre;1637181400110646;5712;77
fenetre;1637181400110695;5728;78
fenetre;1637181400110797;5771;79
fenetre;1637181400110812;5784;80
fenetre;1637181400110842;5802;81
fenetre;1637181400110880;5822;82
fenetre;1637181400110953;5871;83
fenetre;1637181400111032;5902;84
fenetre;1637181400111073;5935;85
fenetre;1637181400111114;5961;86
fenetre;1637181400111179;5992;87
fenetre;1637181400111259;6024;88
fenetre;1637181400111365;6052;89
fenetre;1637181400111423;6080;90
fenetre;1637181400111477;6107;91
fenetre;1637181400111509;6122;92
fenetre;1637181400111580;6140;93
fenetre;1637181400111608;6157;94
fenetre;1637181400111664;6174;95
fenetre;1637181400111749;6209;96
fenetre;1637181400111890;6238;97
fenetre;1637181400111947;6278;98
fenetre;1637181400112026;6304;99
fenetre;1637181400112121;6325;100
fenetre;1637181400112164;6341;101
fenetre;1637181400112214;6356;102
fenetre;1637181400112286;6375;103
fenetre;1637181400112296;6385;104
fenetre;1637181400112321;6405;105
fenetre;1637181400112362;6428;106
fenetre;1637181400112388;6447;107
fenetre;1637181400112425;6465;108
fenetre;1637181400112464;6487;109
fenetre;1637181400112475;6499;110
fenetre;1637181400112494;6509;111
fenetre;1637181400113521;7523;112
fenetre;1637181400113532;7533;113
fenetre;1637181400113538;7539;114
fenetre;1637181400113544;7546;115
fenetre;1637181400113549;7550;116
fenetre;1637181400113554;7555;117
fenetre;1637181400113559;7561;118
fenetre;1637181400113564;7565;119
fenetre;1637181400113569;7570;120
fenetre;1637181400113574;7575;121
fenetre;1637181400113579;7581;122
fenetre;1637181400113584;7585;123
fenetre;1637181400113588;7590;124
fenetre;1637181400113593;7595;125
fenetre;1637181400113598;7599;126
fenetre;1637181400113603;7604;127
fenetre;1637181400113607;7609;128
fenetre;1637181400113612;7613;129
fenetre;1637181400113617;7618;130
fenetre;1637181400113624;7625;131
fenetre;1637181400113673;7644;132
fenetre;1637181400113706;7660;133
fenetre;1637181400113748;7676;134
fenetre;1637181400113785;7698;135
fenetre;1637181400113811;7716;136
fenetre;1637181400113855;7738;137
fenetre;1637181400113891;7760;138
fenetre;1637181400113919;7780;139
fenetre;1637181400113976;7803;140
fenetre;1637181400114021;7842;141
fenetre;1637181400114046;7858;142
fenetre;1637181400114081;7876;143
fenetre;1637181400114117;7898;144
fenetre;1637181400114144;7913;145
fenetre;1637181400114177;7926;146
fenetre;1637181400114213;7947;147
fenetre;1637181400114241;7962;148
fenetre;1637181400114285;7978;149
fenetre;1637181400114329;7999;150
fenetre;1637181400114337;8007;151
fenetre;1637181400114374;8018;152
fenetre;1637181400114410;8039;153
fenetre;1637181400114447;8057;154
fenetre;1637181400114467;8071;155
fenetre;1637181400114526;8083;156
fenetre;1637181400114535;8093;157
fenetre;1637181400114568;8106;158
fenetre;1637181400114598;8122;159
fenetre;1637181400114619;8136;160
fenetre;1637181400114660;8156;161
fenetre;1637181400114705;8176;162
fenetre;1637181400114715;8185;163
fenetre;1637181400114751;8200;164
fenetre;1637181400114798;8222;165
fenetre;1637181400114827;8239;166
fenetre;1637181400114838;8250;167
fenetre;1637181400114873;8263;168
fenetre;1637181400114898;8283;169
fenetre;1637181400114921;8303;170
timeout;1637181401116313;8333;0
fenetre;1637181401117870;9844;85
fenetre;1637181401117887;9861;86
fenetre;1637181401117895;9869;87
fenetre;1637181401117909;9883;88
fenetre;1637181401117915;9889;89
fenetre;1637181401117922;9896;90
fenetre;1637181401117928;9902;91
fenetre;1637181401117934;9907;92
fenetre;1637181401117940;9913;93
fenetre;1637181401117946;9920;94
fenetre;1637181401117952;9926;95
fenetre;1637181401117959;9933;96
fenetre;1637181401117965;9939;97
fenetre;1637181401117971;9945;98
fenetre;1637181401117977;9951;99
fenetre;1637181401117983;9957;100
fenetre;1637181401118069;10043;101
fenetre;1637181401118077;10051;102
fenetre;1637181401118083;10057;103
fenetre;1637181401118121;10080;104
fenetre;1637181401118179;10118;105
fenetre;1637181401118325;10157;106
fenetre;1637181401118428;10191;107
fenetre;1637181401118503;10224;108
fenetre;1637181401118597;10251;109
fenetre;1637181401118688;10294;110
fenetre;1637181401118702;10309;111
fenetre;1637181401118737;10327;112
fenetre;1637181401118805;10356;113
fenetre;1637181401118921;10383;114
fenetre;1637181401119024;10406;115
fenetre;1637181401119108;10443;116
fenetre;1637181401119161;10470;117
fenetre;1637181401119256;10510;118
fenetre;1637181401119275;10529;119
fenetre;1637181401119339;10563;120
fenetre;1637181401119359;10582;121
fenetre;1637181401119438;10601;122
fenetre;1637181401119449;10612;123
fenetre;1637181401119485;10642;124
fenetre;1637181401119583;10662;125
fenetre;1637181401119628;10695;126
fenetre;1637181401119654;10714;127
fenetre;1637181401119708;10732;128
fenetre;1637181401119753;10768;129
fenetre;1637181401119828;10805;130
fenetre;1637181401119902;10836;131
fenetre;1637181401119960;10878;132
fenetre;1637181401120013;10898;133
fenetre;1637181401120043;10915;134
fenetre;1637181401120088;10943;135
fenetre;1637181401120124;10964;136
fenetre;1637181401120166;10988;137
fenetre;1637181401120192;11008;138
fenetre;1637181401120255;11034;139
fenetre;1637181401120288;11057;140
fenetre;1637181401120344;11087;141
fenetre;1637181401120355;11097;142
fenetre;1637181401120389;11111;143
fenetre;1637181401120429;11123;144
fenetre;1637181401120480;11144;145
fenetre;1637181401120491;11154;146
fenetre;1637181401120535;11169;147
fenetre;1637181401120559;11185;148
fenetre;1637181401120600;11197;149
fenetre;1637181401120637;11213;150
fenetre;1637181401120671;11235;151
fenetre;1637181401120709;11248;152
fenetre;1637181401120748;11264;153
fenetre;1637181401120776;11274;154
fenetre;1637181401120829;11286;155
fenetre;1637181401120875;11320;156
fenetre;1637181401120884;11328;157
fenetre;1637181401120922;11341;158
fenetre;1637181401120973;11356;159
fenetre;1637181401121012;11382;160
fenetre;1637181401121047;11401;161
fenetre;1637181401121073;11415;162
fenetre;1637181401121148;11445;163
fenetre;1637181401121177;11463;164
fenetre;1637181401121218;11483;165
fenetre;1637181401121320;11502;166
fenetre;1637181401121329;11511;167
fenetre;1637181401121414;11535;168
fenetre;1637181401121426;11547;169
fenetre;1637181401123110;13186;170
fenetre;1637181401123123;13199;171
fenetre;1637181401123129;13204;172
fenetre;1637181401123134;13210;173
fenetre;1637181401123139;13214;174
fenetre;1637181401123144;13220;175
fenetre;1637181401123149;13225;176
fenetre;1637181401123154;13230;177
fenetre;1637181401123159;13235;178
fenetre;1637181401123164;13240;179
fenetre;1637181401123169;13245;180
fenetre;1637181401123174;13250;181
fenetre;1637181401123179;13255;182
fenetre;1637181401123184;13260;183
fenetre;1637181401123189;13265;184
fenetre;1637181401123194;13270;185
timeout;1637181402123372;13282;0
fenetre;1637181402124116;14017;92
fenetre;1637181402124127;14028;93
fenetre;1637181402124131;14032;94
fenetre;1637181402124135;14037;95
fenetre;1637181402124139;14040;96
fenetre;1637181402124144;14045;97
fenetre;1637181402124148;14049;98
fenetre;1637181402124151;14053;99
fenetre;1637181402124155;14056;100
fenetre;1637181402124159;14060;101
fenetre;1637181402124163;14064;102
fenetre;1637181402124166;14068;103
fenetre;1637181402124170;14071;104
fenetre;1637181402124174;14074;105
fenetre;1637181402124177;14079;106
fenetre;1637181402124181;14082;107
fenetre;1637181402124185;14086;108
fenetre;1637181402124189;14090;109
fenetre;1637181402124192;14094;110
fenetre;1637181402124216;14106;111
fenetre;1637181402124256;14120;112
fenetre;1637181402124272;14133;113
fenetre;1637181402124292;14141;114
fenetre;1637181402124319;14152;115
fenetre;1637181402124346;14165;116
fenetre;1637181402124373;14178;117
fenetre;1637181402124403;14188;118
fenetre;1637181402124430;14198;119
fenetre;1637181402124455;14207;120
fenetre;1637181402124482;14214;121
fenetre;1637181402124512;14224;122
fenetre;1637181402124553;14266;123
fenetre;1637181402124559;14271;124
fenetre;1637181402124592;14280;125
fenetre;1637181402124616;14289;126
fenetre;1637181402124642;14298;127
fenetre;1637181402124668;14308;128
fenetre;1637181402124693;14315;129
fenetre;1637181402124723;14324;130
fenetre;1637181402124748;14332;131
fenetre;1637181402124775;14341;132
fenetre;1637181402124800;14348;133
fenetre;1637181402124832;14357;134
fenetre;1637181402124857;14364;135
fenetre;1637181402124886;14373;136
fenetre;1637181402124911;14380;137
fenetre;1637181402124948;14388;138
fenetre;1637181402124964;14396;139
fenetre;1637181402124988;14403;140
fenetre;1637181402125020;14412;141
fenetre;1637181402125044;14420;142
fenetre;1637181402125070;14428;143
fenetre;1637181402125102;14438;144
fenetre;1637181402125127;14449;145
fenetre;1637181402125154;14458;146
fenetre;1637181402125181;14466;147
fenetre;1637181402125211;14478;148
fenetre;1637181402125238;14490;149
fenetre;1637181402125266;14500;150
fenetre;1637181402125292;14509;151
fenetre;1637181402125312;14517;152
fenetre;1637181402125343;14525;153
fenetre;1637181402125371;14534;154
fenetre;1637181402125414;14550;155
fenetre;1637181402125425;14560;156
fenetre;1637181402125453;14571;157
fenetre;1637181402125479;14584;158
fenetre;1637181402125501;14593;159
fenetre;1637181402125531;14602;160
fenetre;1637181402125558;14614;161
fenetre;1637181402125582;14621;162
fenetre;1637181402125608;14629;163
fenetre;1637181402125636;14636;164
fenetre;1637181402125661;14642;165
fenetre;1637181402125692;14652;166
fenetre;1637181402125718;14662;167
fenetre;1637181402125742;14670;168
fenetre;1637181402125771;14678;169
fenetre;1637181402125795;14686;170
fenetre;1637181402125823;14694;171
fenetre;1637181402125848;14702;172
fenetre;1637181402125879;14713;173
fenetre;1637181402125901;14723;174
fenetre;1637181402125927;14732;175
fenetre;1637181402125955;14741;176
fenetre;1637181402125983;14748;177
fenetre;1637181402126018;14760;178
fenetre;1637181402126036;14769;179
fenetre;1637181402126054;14779;180
fenetre;1637181402126063;14789;181
fenetre;1637181402126083;14798;182
fenetre;1637181402126096;14808;183
fenetre;1637181402127244;15949;184
fenetre;1637181402127250;15955;185
fenetre;1637181402127254;15958;186
fenetre;1637181402127258;15962;187
fenetre;1637181402127261;15966;188
fenetre;1637181402127265;15970;189
fenetre;1637181402127268;15973;190
fenetre;1637181402127272;15976;191
fenetre;1637181402127275;15980;192
fenetre;1637181402127279;15984;193
fenetre;1637181402127282;15987;194
timeout;1637181403129741;16001;0
fenetre;1637181403130764;17023;97
fenetre;1637181403130778;17037;98
fenetre;1637181403130783;17042;99
fenetre;1637181403130787;17047;100
fenetre;1637181403130791;17051;101
fenetre;1637181403130796;17055;102
fenetre;1637181403130800;17060;103
fenetre;1637181403130804;17064;104
fenetre;1637181403130808;17068;105
fenetre;1637181403130813;17072;106
fenetre;1637181403130817;17076;107
fenetre;1637181403130821;17080;108
fenetre;1637181403130825;17084;109
fenetre;1637181403130830;17089;110
fenetre;1637181403130834;17093;111
fenetre;1637181403130838;17098;112
fenetre;1637181403130842;17101;113
fenetre;1637181403130846;17106;114
fenetre;1637181403130850;17110;115
fenetre;1637181403130855;17114;116
fenetre;1637181403130859;17118;117
fenetre;1637181403130879;17127;118
fenetre;1637181403130901;17139;119
fenetre;1637181403130933;17158;120
fenetre;1637181403130963;17170;121
fenetre;1637181403130992;17180;122
fenetre;1637181403131025;17191;123
fenetre;1637181403131054;17202;124
fenetre;1637181403131086;17212;125
fenetre;1637181403131127;17224;126
fenetre;1637181403131149;17233;127
fenetre;1637181403131179;17243;128
fenetre;1637181403131207;17252;129
fenetre;1637181403131253;17263;130
fenetre;1637181403131271;17272;131
fenetre;1637181403131308;17283;132
fenetre;1637181403131339;17295;133
fenetre;1637181403131377;17306;134
fenetre;1637181403131400;17315;135
fenetre;1637181403131437;17328;136
fenetre;1637181403131466;17341;137
fenetre;1637181403131495;17351;138
fenetre;1637181403131528;17361;139
fenetre;1637181403131561;17372;140
fenetre;1637181403131633;17444;141
fenetre;1637181403131638;17449;142
fenetre;1637181403131661;17459;143
fenetre;1637181403131691;17469;144
fenetre;1637181403131722;17478;145
fenetre;1637181403131753;17486;146
fenetre;1637181403131808;17496;147
fenetre;1637181403131837;17504;148
fenetre;1637181403131876;17520;149
fenetre;1637181403131900;17533;150
fenetre;1637181403131928;17541;151
fenetre;1637181403131962;17551;152
fenetre;1637181403131996;17564;153
fenetre;1637181403132025;17575;154
fenetre;1637181403132056;17586;155
fenetre;1637181403132093;17594;156
fenetre;1637181403132120;17604;157
fenetre;1637181403132148;17614;158
fenetre;1637181403132183;17624;159
fenetre;1637181403132210;17635;160
fenetre;1637181403132242;17645;161
fenetre;1637181403132271;17654;162
fenetre;1637181403132299;17662;163
fenetre;1637181403132330;17672;164
fenetre;1637181403132361;17682;165
fenetre;1637181403132390;17690;166
fenetre;1637181403132421;17699;167
fenetre;1637181403132451;17708;168
fenetre;1637181403132483;17717;169
fenetre;1637181403132512;17725;170
fenetre;1637181403132540;17734;171
fenetre;1637181403132573;17744;172
fenetre;1637181403132602;17753;173
fenetre;1637181403132634;17762;174
fenetre;1637181403132664;17770;175
fenetre;1637181403132693;17779;176
fenetre;1637181403132724;17788;177
fenetre;1637181403132755;17798;178
fenetre;1637181403132786;17807;179
fenetre;1637181403132815;17815;180
fenetre;1637181403132843;17823;181
fenetre;1637181403132875;17832;182
fenetre;1637181403132905;17841;183
fenetre;1637181403132934;17849;184
fenetre;1637181403132963;17858;185
fenetre;1637181403132996;17868;186
fenetre;1637181403133022;17877;187
fenetre;1637181403133054;17885;188
fenetre;1637181403133084;17893;189
fenetre;1637181403133114;17902;190
fenetre;1637181403133142;17911;191
fenetre;1637181403133163;17919;192
fenetre;1637181403133179;17927;193
fenetre;1637181403134623;19363;194
fenetre;1637181403134634;19375;195
fenetre;1637181403134641;19381;196
fenetre;1637181403134648;19387;197
fenetre;1637181403134653;19393;198
timeout;1637181404134796;19409;0
fenetre;1637181404136217;20815;99
fenetre;1637181404136233;20832;100
fenetre;1637181404136239;20837;101
fenetre;1637181404136244;20843;102
fenetre;1637181404136250;20848;103
fenetre;1637181404136254;20853;104
fenetre;1637181404136263;20862;105
fenetre;1637181404136268;20866;106
fenetre;1637181404136273;20871;107
fenetre;1637181404136278;20876;108
fenetre;1637181404136283;20882;109
fenetre;1637181404136287;20886;110
fenetre;1637181404136292;20890;111
fenetre;1637181404136297;20896;112
fenetre;1637181404136302;20900;113
fenetre;1637181404136306;20905;114
fenetre;1637181404136311;20910;115
fenetre;1637181404136319;20917;116
fenetre;1637181404136326;20925;117
fenetre;1637181404136332;20930;118
fenetre;1637181404136336;20936;119
fenetre;1637181404136342;20940;120
fenetre;1637181404136346;20945;121
fenetre;1637181404136388;20968;122
fenetre;1637181404136431;20984;123
fenetre;1637181404136455;20995;124
fenetre;1637181404136527;21017;125
fenetre;1637181404136567;21046;126
fenetre;1637181404136578;21056;127
fenetre;1637181404136625;21068;128
fenetre;1637181404136631;21074;129
fenetre;1637181404136701;21092;130
fenetre;1637181404136742;21118;131
fenetre;1637181404136753;21128;132
fenetre;1637181404136808;21150;133
fenetre;1637181404136820;21162;134
fenetre;1637181404136856;21181;135
fenetre;1637181404136891;21201;136
fenetre;1637181404136917;21218;137
fenetre;1637181404136947;21230;138
fenetre;1637181404136984;21241;139
fenetre;1637181404137037;21253;140
fenetre;1637181404137056;21263;141
fenetre;1637181404137089;21272;142
fenetre;1637181404137137;21285;143
fenetre;1637181404137167;21295;144
fenetre;1637181404137209;21309;145
fenetre;1637181404137243;21324;146
fenetre;1637181404137279;21334;147
fenetre;1637181404137322;21347;148
fenetre;1637181404137351;21359;149
fenetre;1637181404137386;21368;150
fenetre;1637181404137428;21380;151
fenetre;1637181404137465;21395;152
fenetre;1637181404137499;21408;153
fenetre;1637181404137532;21420;154
fenetre;1637181404137569;21435;155
fenetre;1637181404137607;21451;156
fenetre;1637181404137644;21463;157
fenetre;1637181404137703;21521;158
fenetre;1637181404137709;21527;159
fenetre;1637181404137749;21537;160
fenetre;1637181404137787;21550;161
fenetre;1637181404137827;21563;162
fenetre;1637181404137860;21574;163
fenetre;1637181404137901;21584;164
fenetre;1637181404137935;21596;165
fenetre;1637181404137972;21608;166
fenetre;1637181404138006;21618;167
fenetre;1637181404138044;21629;168
fenetre;1637181404138077;21640;169
fenetre;1637181404138116;21650;170
fenetre;1637181404138149;21662;171
fenetre;1637181404138187;21673;172
fenetre;1637181404138222;21683;173
fenetre;1637181404138256;21694;174
fenetre;1637181404138294;21704;175
fenetre;1637181404138330;21716;176
fenetre;1637181404138363;21726;177
fenetre;1637181404138401;21736;178
fenetre;1637181404138437;21747;179
fenetre;1637181404138469;21758;180
fenetre;1637181404138508;21768;181
fenetre;1637181404138542;21777;182
fenetre;1637181404138578;21787;183
fenetre;1637181404138612;21796;184
fenetre;1637181404138649;21807;185
fenetre;1637181404138682;21818;186
fenetre;1637181404138721;21829;187
fenetre;1637181404138754;21840;188
fenetre;1637181404138792;21850;189
fenetre;1637181404138827;21861;190
fenetre;1637181404138860;21872;191
fenetre;1637181404138898;21882;192
fenetre;1637181404138934;21894;193
fenetre;1637181404138967;21904;194
fenetre;1637181404138993;21914;195
fenetre;1637181404139012;21925;196
fenetre;1637181404139032;21935;197
fenetre;1637181404140686;23578;198
fenetre;1637181404140696;23588;199
fenetre;1637181404140700;23591;200
fenetre;1637181404140704;23596;201
fenetre;1637181404140708;23600;202
fenetre;1637181404140713;23604;203
fenetre;1637181404140717;23609;204
fenetre;1637181404140722;23613;205
fenetre;1637181404140726;23618;206
fenetre;1637181404140730;23621;207
timeout;1637181405142086;23655;0
fenetre;1637181405143341;24910;103
fenetre;1637181405143357;24925;104
fenetre;1637181405143365;24934;105
fenetre;1637181405143373;24942;106
fenetre;1637181405143379;24948;107
fenetre;1637181405143385;24954;108
fenetre;1637181405143391;24961;109
fenetre;1637181405143398;24967;110
fenetre;1637181405143404;24973;111
fenetre;1637181405143411;24980;112
fenetre;1637181405143417;24985;113
fenetre;1637181405143423;24993;114
fenetre;1637181405143430;24999;115
fenetre;1637181405143435;25005;116
fenetre;1637181405143441;25010;117
fenetre;1637181405143447;25016;118
fenetre;1637181405143537;25043;119
fenetre;1637181405143551;25057;120
fenetre;1637181405143604;25085;121
fenetre;1637181405143619;25099;122
fenetre;1637181405143672;25123;123
fenetre;1637181405143712;25157;124
fenetre;1637181405143763;25188;125
fenetre;1637181405143799;25210;126
fenetre;1637181405143851;25238;127
fenetre;1637181405143881;25263;128
fenetre;1637181405143975;25287;129
fenetre;1637181405143989;25300;130
fenetre;1637181405144047;25325;131
fenetre;1637181405144060;25338;132
fenetre;1637181405144092;25365;133
fenetre;1637181405144131;25385;134
fenetre;1637181405144164;25399;135
fenetre;1637181405144251;25426;136
fenetre;1637181405144265;25439;137
fenetre;1637181405144311;25457;138
fenetre;1637181405144354;25478;139
fenetre;1637181405144496;25516;140
fenetre;1637181405144532;25545;141
fenetre;1637181405144570;25565;142
fenetre;1637181405144613;25590;143
fenetre;1637181405144681;25627;144
fenetre;1637181405144706;25638;145
fenetre;1637181405144756;25658;146
fenetre;1637181405144778;25672;147
fenetre;1637181405144820;25686;148
fenetre;1637181405144858;25705;149
fenetre;1637181405144894;25715;150
fenetre;1637181405144936;25728;151
fenetre;1637181405144970;25739;152
fenetre;1637181405145010;25750;153
fenetre;1637181405145044;25760;154
fenetre;1637181405145083;25771;155
fenetre;1637181405145121;25782;156
fenetre;1637181405145155;25792;157
fenetre;1637181405145204;25813;158
fenetre;1637181405145232;25828;159
fenetre;1637181405145266;25838;160
fenetre;1637181405145306;25851;161
fenetre;1637181405145342;25862;162
fenetre;1637181405145375;25873;163
fenetre;1637181405145416;25884;164
fenetre;1637181405145451;25894;165
fenetre;1637181405145494;25906;166
fenetre;1637181405145527;25917;167
fenetre;1637181405145565;25927;168
fenetre;1637181405145625;25987;169
fenetre;1637181405145639;25997;170
fenetre;1637181405145672;26008;171
fenetre;1637181405145714;26019;172
fenetre;1637181405145750;26030;173
fenetre;1637181405145784;26042;174
fenetre;1637181405145824;26052;175
fenetre;1637181405145860;26063;176
fenetre;1637181405145894;26073;177
fenetre;1637181405145934;26084;178
fenetre;1637181405145970;26096;179
fenetre;1637181405146004;26106;180
fenetre;1637181405146043;26118;181
fenetre;1637181405146077;26128;182
fenetre;1637181405146116;26139;183
fenetre;1637181405146150;26150;184
fenetre;1637181405146189;26161;185
fenetre;1637181405146226;26172;186
fenetre;1637181405146261;26183;187
fenetre;1637181405146300;26194;188
fenetre;1637181405146335;26204;189
fenetre;1637181405146373;26215;190
fenetre;1637181405146408;26225;191
fenetre;1637181405146445;26235;192
fenetre;1637181405146480;26246;193
fenetre;1637181405146519;26257;194
fenetre;1637181405146556;26268;195
fenetre;1637181405146597;26281;196
fenetre;1637181405146640;26300;197
fenetre;1637181405146670;26314;198
fenetre;1637181405146721;26336;199
fenetre;1637181405146731;26345;200
fenetre;1637181405146770;26355;201
fenetre;1637181405146792;26365;202
fenetre;1637181405146813;26374;203
fenetre;1637181405146834;26383;204
timeout;1637181406148585;26409;0
fenetre;1637181406150267;28091;102
fenetre;1637181406150283;28106;103
fenetre;1637181406150290;28113;104
fenetre;1637181406150296;28119;105
fenetre;1637181406150302;28125;106
fenetre;1637181406150308;28131;107
fenetre;1637181406150314;28137;108
fenetre;1637181406150320;28144;109
fenetre;1637181406150326;28150;110
fenetre;1637181406150332;28156;111
fenetre;1637181406150339;28162;112
fenetre;1637181406150347;28170;113
fenetre;1637181406150353;28176;114
fenetre;1637181406150360;28183;115
fenetre;1637181406150366;28190;116
fenetre;1637181406150372;28196;117
fenetre;1637181406150378;28201;118
fenetre;1637181406150384;28207;119
fenetre;1637181406150390;28213;120
fenetre;1637181406150396;28219;121
fenetre;1637181406150402;28225;122
fenetre;1637181406150434;28253;123
fenetre;1637181406150469;28279;124
fenetre;1637181406150506;28297;125
fenetre;1637181406150568;28324;126
fenetre;1637181406150635;28357;127
fenetre;1637181406150666;28383;128
fenetre;1637181406150696;28407;129
fenetre;1637181406150731;28425;130
fenetre;1637181406150813;28451;131
fenetre;1637181406150828;28467;132
fenetre;1637181406150921;28493;133
fenetre;1637181406150935;28507;134
fenetre;1637181406150984;28534;135
fenetre;1637181406151014;28560;136
fenetre;1637181406151050;28578;137
fenetre;1637181406151110;28612;138
fenetre;1637181406151150;28631;139
fenetre;1637181406151234;28652;140
fenetre;1637181406151245;28663;141
fenetre;1637181406151312;28688;142
fenetre;1637181406151326;28702;143
fenetre;1637181406151369;28717;144
fenetre;1637181406151421;28746;145
fenetre;1637181406151457;28767;146
fenetre;1637181406151519;28786;147
fenetre;1637181406151571;28815;148
fenetre;1637181406151585;28829;149
fenetre;1637181406151696;28848;150
fenetre;1637181406151707;28859;151
fenetre;1637181406151740;28871;152
fenetre;1637181406151774;28886;153
fenetre;1637181406151825;28901;154
fenetre;1637181406151871;28915;155
fenetre;1637181406151910;28928;156
fenetre;1637181406151969;28947;157
fenetre;1637181406152006;28966;158
fenetre;1637181406152052;28978;159
fenetre;1637181406152102;28993;160
fenetre;1637181406152148;29009;161
fenetre;1637181406152193;29025;162
fenetre;1637181406152235;29040;163
fenetre;1637181406152302;29071;164
fenetre;1637181406152350;29108;165
fenetre;1637181406152391;29119;166
fenetre;1637181406152435;29135;167
fenetre;1637181406152463;29149;168
fenetre;1637181406152497;29160;169
fenetre;1637181406152535;29173;170
fenetre;1637181406152569;29186;171
fenetre;1637181406152604;29197;172
fenetre;1637181406152640;29207;173
fenetre;1637181406152674;29217;174
fenetre;1637181406152710;29228;175
fenetre;1637181406152745;29241;176
fenetre;1637181406152785;29253;177
fenetre;1637181406152819;29263;178
fenetre;1637181406152858;29275;179
fenetre;1637181406152892;29286;180
fenetre;1637181406152930;29297;181
fenetre;1637181406152989;29356;182
fenetre;1637181406153003;29366;183
fenetre;1637181406153037;29377;184
fenetre;1637181406153077;29388;185
fenetre;1637181406153112;29400;186
fenetre;1637181406153150;29410;187
fenetre;1637181406153183;29422;188
fenetre;1637181406153223;29433;189
fenetre;1637181406153258;29443;190
fenetre;1637181406153296;29454;191
fenetre;1637181406153330;29465;192
fenetre;1637181406153370;29475;193
fenetre;1637181406153406;29487;194
fenetre;1637181406153441;29498;195
fenetre;1637181406153483;29510;196
fenetre;1637181406153529;29530;197
fenetre;1637181406153556;29545;198
fenetre;1637181406153594;29558;199
fenetre;1637181406153629;29570;200
fenetre;1637181406153666;29582;201
fenetre;1637181406153673;29588;202
fenetre;1637181406153698;29599;203
fenetre;1637181406155487;31378;204
fenetre;1637181406155500;31391;205
timeout;1637181407156038;31409;0
fenetre;1637181407157537;32888;102
fenetre;1637181407157555;32906;103
fenetre;1637181407157571;32921;104
fenetre;1637181407157578;32929;105
fenetre;1637181407157584;32935;106
fenetre;1637181407157590;32940;107
fenetre;1637181407157596;32946;108
fenetre;1637181407157602;32952;109
fenetre;1637181407157608;32958;110
fenetre;1637181407157618;32969;111
fenetre;1637181407157624;32975;112
fenetre;1637181407157630;32980;113
fenetre;1637181407157636;32986;114
fenetre;1637181407157642;32992;115
fenetre;1637181407157648;32998;116
fenetre;1637181407157654;33004;117
fenetre;1637181407157748;33032;118
fenetre;1637181407157763;33046;119
fenetre;1637181407157770;33053;120
fenetre;1637181407157800;33070;121
fenetre;1637181407157837;33089;122
fenetre;1637181407157874;33108;123
fenetre;1637181407157965;33134;124
fenetre;1637181407157981;33150;125
fenetre;1637181407158033;33174;126
fenetre;1637181407158063;33195;127
fenetre;1637181407158104;33212;128
fenetre;1637181407158177;33231;129
fenetre;1637181407158191;33245;130
fenetre;1637181407158350;33270;131
fenetre;1637181407158387;33290;132
fenetre;1637181407158417;33317;133
fenetre;1637181407158458;33347;134
fenetre;1637181407158526;33383;135
fenetre;1637181407158542;33397;136
fenetre;1637181407158661;33423;137
fenetre;1637181407158717;33455;138
fenetre;1637181407158773;33480;139
fenetre;1637181407158827;33507;140
fenetre;1637181407158856;33528;141
fenetre;1637181407158902;33542;142
fenetre;1637181407158961;33562;143
fenetre;1637181407158999;33580;144
fenetre;1637181407159069;33605;145
fenetre;1637181407159103;33624;146
fenetre;1637181407159139;33648;147
fenetre;1637181407159195;33671;148
fenetre;1637181407159269;33687;149
fenetre;1637181407159280;33698;150
fenetre;1637181407159351;33720;151
fenetre;1637181407159362;33730;152
fenetre;1637181407159412;33742;153
fenetre;1637181407159441;33756;154
fenetre;1637181407159468;33771;155
fenetre;1637181407159516;33791;156
fenetre;1637181407159546;33810;157
fenetre;1637181407159587;33829;158
fenetre;1637181407159629;33847;159
fenetre;1637181407159657;33859;160
fenetre;1637181407159698;33873;161
fenetre;1637181407159740;33891;162
fenetre;1637181407159781;33916;163
fenetre;1637181407159817;33948;164
fenetre;1637181407159890;33962;165
fenetre;1637181407159899;33971;166
fenetre;1637181407159905;33977;167
fenetre;1637181407159931;33993;168
fenetre;1637181407159959;34007;169
fenetre;1637181407159985;34019;170
fenetre;1637181407160017;34029;171
fenetre;1637181407160058;34041;172
fenetre;1637181407160074;34052;173
fenetre;1637181407160107;34063;174
fenetre;1637181407160134;34074;175
fenetre;1637181407160164;34083;176
fenetre;1637181407160200;34093;177
fenetre;1637181407160225;34105;178
fenetre;1637181407160260;34119;179
fenetre;1637181407160284;34133;180
fenetre;1637181407160334;34145;181
fenetre;1637181407160340;34152;182
fenetre;1637181407160368;34158;183
fenetre;1637181407160418;34168;184
fenetre;1637181407160423;34173;185
fenetre;1637181407160453;34184;186
fenetre;1637181407160481;34194;187
fenetre;1637181407160517;34203;188
fenetre;1637181407160547;34212;189
fenetre;1637181407160577;34219;190
fenetre;1637181407160604;34228;191
fenetre;1637181407160637;34241;192
fenetre;1637181407160667;34253;193
fenetre;1637181407160728;34315;194
fenetre;1637181407160733;34320;195
fenetre;1637181407160753;34331;196
fenetre;1637181407160781;34341;197
fenetre;1637181407160821;34351;198
fenetre;1637181407160841;34360;199
fenetre;1637181407160864;34372;200
fenetre;1637181407160885;34392;201
fenetre;1637181407160902;34407;202
fenetre;1637181407160909;34413;203
fenetre;1637181407162381;35862;204
fenetre;1637181407162395;35875;205
fenetre;1637181407162402;35882;206
timeout;1637181408165536;35892;0
fenetre;1637181408166464;36772;103
fenetre;1637181408166473;36780;104
fenetre;1637181408166478;36784;105
fenetre;1637181408166481;36789;106
fenetre;1637181408166485;36792;107
fenetre;1637181408166489;36796;108
fenetre;1637181408166493;36800;109
fenetre;1637181408166496;36803;110
fenetre;1637181408166500;36807;111
fenetre;1637181408166507;36814;112
fenetre;1637181408166511;36819;113
fenetre;1637181408166516;36824;114
fenetre;1637181408166520;36827;115
fenetre;1637181408166524;36831;116
fenetre;1637181408166528;36835;117
fenetre;1637181408166532;36839;118
fenetre;1637181408166535;36842;119
fenetre;1637181408166539;36847;120
fenetre;1637181408166543;36850;121
fenetre;1637181408166547;36854;122
fenetre;1637181408166563;36862;123
fenetre;1637181408166589;36873;124
fenetre;1637181408166647;36897;125
fenetre;1637181408166664;36912;126
fenetre;1637181408166675;36922;127
fenetre;1637181408166703;36933;128
fenetre;1637181408166761;36947;129
fenetre;1637181408166768;36955;130
fenetre;1637181408166806;36974;131
fenetre;1637181408166831;36986;132
fenetre;1637181408166903;37004;133
fenetre;1637181408166913;37013;134
fenetre;1637181408166917;37018;135
fenetre;1637181408166940;37025;136
fenetre;1637181408166976;37037;137
fenetre;1637181408167021;37050;138
fenetre;1637181408167048;37067;139
fenetre;1637181408167064;37074;140
fenetre;1637181408167125;37091;141
fenetre;1637181408167133;37098;142
fenetre;1637181408167158;37107;143
fenetre;1637181408167178;37116;144
fenetre;1637181408167265;37141;145
fenetre;1637181408167274;37150;146
fenetre;1637181408167278;37155;147
fenetre;1637181408167304;37165;148
fenetre;1637181408167350;37180;149
fenetre;1637181408167370;37197;150
fenetre;1637181408167403;37208;151
fenetre;1637181408167434;37228;152
fenetre;1637181408167471;37239;153
fenetre;1637181408167526;37265;154
fenetre;1637181408167541;37276;155
fenetre;1637181408167563;37284;156
fenetre;1637181408167588;37293;157
fenetre;1637181408167622;37308;158
fenetre;1637181408167662;37321;159
fenetre;1637181408167682;37333;160
fenetre;1637181408167717;37351;161
fenetre;1637181408167740;37364;162
fenetre;1637181408167766;37374;163
fenetre;1637181408167813;37385;164
fenetre;1637181408167831;37395;165
fenetre;1637181408167858;37404;166
fenetre;1637181408167937;37415;167
fenetre;1637181408167943;37421;168
fenetre;1637181408167947;37424;169
fenetre;1637181408167992;37433;170
fenetre;1637181408168016;37444;171
fenetre;1637181408168045;37452;172
fenetre;1637181408168077;37462;173
fenetre;1637181408168104;37475;174
fenetre;1637181408168137;37488;175
fenetre;1637181408168167;37498;176
fenetre;1637181408168198;37509;177
fenetre;1637181408168224;37516;178
fenetre;1637181408168257;37526;179
fenetre;1637181408168284;37535;180
fenetre;1637181408168315;37544;181
fenetre;1637181408168343;37554;182
fenetre;1637181408168377;37564;183
fenetre;1637181408168405;37574;184
fenetre;1637181408168436;37585;185
fenetre;1637181408168466;37595;186
fenetre;1637181408168496;37605;187
fenetre;1637181408168528;37615;188
fenetre;1637181408168554;37625;189
fenetre;1637181408168589;37634;190
fenetre;1637181408168616;37643;191
fenetre;1637181408168646;37651;192
fenetre;1637181408168676;37662;193
fenetre;1637181408168720;37676;194
fenetre;1637181408168786;37691;195
fenetre;1637181408168850;37709;196
fenetre;1637181408168871;37726;197
fenetre;1637181408168923;37737;198
fenetre;1637181408168982;37749;199
fenetre;1637181408169018;37765;200
fenetre;1637181408169058;37782;201
fenetre;1637181408169100;37799;202
fenetre;1637181408169138;37810;203
fenetre;1637181408169157;37818;204
fenetre;1637181408169184;37831;205
fin;1637181408169429;37957;0
