type;temps;clock;fen
debut;1637177528402993;1867;0
fenetre;1637177528403710;1977;1
fenetre;1637177528403842;2005;2
fenetre;1637177528403947;2018;3
fenetre;1637177528404004;2055;4
fenetre;1637177528404119;2068;5
fenetre;1637177528404137;2084;6
fenetre;1637177528404145;2092;7
fenetre;1637177528404220;2151;8
fenetre;1637177528404294;2166;9
fenetre;1637177528404318;2180;10
fenetre;1637177528404339;2189;11
fenetre;1637177528404369;2201;12
fenetre;1637177528404393;2210;13
fenetre;1637177528404406;2219;14
fenetre;1637177528404421;2226;15
fenetre;1637177528404533;2331;16
fenetre;1637177528404590;2346;17
fenetre;1637177528404613;2359;18
fenetre;1637177528404640;2371;19
fenetre;1637177528404669;2381;20
fenetre;1637177528404700;2390;21
fenetre;1637177528404724;2399;22
fenetre;1637177528404752;2408;23
fenetre;1637177528404777;2418;24
fenetre;1637177528404810;2426;25
fenetre;1637177528404831;2436;26
fenetre;1637177528404856;2445;27
fenetre;1637177528404887;2456;28
fenetre;1637177528404902;2466;29
fenetre;1637177528404916;2475;30
fenetre;1637177528404931;2482;31
fenetre;1637177528405165;2703;32
fenetre;1637177528405172;2710;33
fenetre;1637177528405176;2714;34
fenetre;1637177528405179;2717;35
fenetre;1637177528405183;2721;36
fenetre;1637177528405201;2731;37
fenetre;1637177528405227;2744;38
fenetre;1637177528405252;2754;39
fenetre;1637177528405274;2762;40
fenetre;1637177528405301;2770;41
fenetre;1637177528405329;2777;42
fenetre;1637177528405369;2794;43
fenetre;1637177528405390;2808;44
fenetre;1637177528405417;2820;45
fenetre;1637177528405434;2829;46
fenetre;1637177528405463;2837;47
fenetre;1637177528405489;2847;48
fenetre;1637177528405513;2855;49
fenetre;1637177528405547;2864;50
fenetre;1637177528405570;2875;51
fenetre;1637177528405592;2884;52
fenetre;1637177528405624;2897;53
fenetre;1637177528405658;2908;54
fenetre;1637177528405699;2917;55
fenetre;1637177528405727;2926;56
fenetre;1637177528405762;2938;57
fenetre;1637177528405801;2959;58
fenetre;1637177528405817;2972;59
fenetre;1637177528405857;2989;60
fenetre;1637177528405886;3005;61
fenetre;1637177528405897;3015;62
fenetre;1637177528405911;3023;63
fenetre;1637177528406378;3480;64
fenetre;1637177528406385;3486;65
fenetre;1637177528406391;3491;66
fenetre;1637177528406395;3496;67
fenetre;1637177528406398;3500;68
fenetre;1637177528406402;3503;69
fenetre;1637177528406405;3506;70
fenetre;1637177528406409;3510;71
fenetre;1637177528406412;3514;72
fenetre;1637177528406416;3517;73
fenetre;1637177528406422;3523;74
fenetre;1637177528406425;3527;75
fenetre;1637177528406429;3531;76
fenetre;1637177528406432;3534;77
fenetre;1637177528406473;3554;78
fenetre;1637177528406481;3562;79
fenetre;1637177528406507;3571;80
fenetre;1637177528406530;3579;81
fenetre;1637177528406560;3589;82
fenetre;1637177528406587;3602;83
fenetre;1637177528406610;3612;84
fenetre;1637177528406633;3620;85
fenetre;1637177528406664;3629;86
fenetre;1637177528406691;3641;87
fenetre;1637177528406720;3654;88
fenetre;1637177528406741;3664;89
fenetre;1637177528406770;3674;90
fenetre;1637177528406795;3685;91
fenetre;1637177528406820;3696;92
fenetre;1637177528406849;3708;93
fenetre;1637177528406880;3723;94
fenetre;1637177528406905;3737;95
fenetre;1637177528406930;3756;96
fenetre;1637177528406948;3767;97
fenetre;1637177528406975;3776;98
fenetre;1637177528406998;3784;99
fenetre;1637177528407025;3793;100
fenetre;1637177528407051;3801;101
fenetre;1637177528407079;3809;102
fenetre;1637177528407117;3826;103
fenetre;1637177528407140;3838;104
fenetre;1637177528407165;3849;105
fenetre;1637177528407183;3860;106
fenetre;1637177528407208;3867;107
fenetre;1637177528407239;3877;108
fenetre;1637177528407265;3887;109
fenetre;1637177528407287;3896;110
fenetre;1637177528407311;3903;111
fenetre;1637177528407340;3911;112
fenetre;1637177528407367;3918;113
fenetre;1637177528407396;3926;114
fenetre;1637177528407424;3939;115
fenetre;1637177528407448;3948;116
fenetre;1637177528407470;3955;117
fenetre;1637177528407495;3962;118
fenetre;1637177528407522;3969;119
fenetre;1637177528407555;3979;120
fenetre;1637177528407579;3988;121
fenetre;1637177528407602;3997;122
fenetre;1637177528407625;4003;123
fenetre;1637177528407685;4064;124
fenetre;1637177528407690;4068;125
fenetre;1637177528407693;4071;126
fenetre;1637177528407720;4089;127
fenetre;1637177528408591;4959;128
fenetre;1637177528408597;4965;129
fenetre;1637177528408600;4968;130
fenetre;1637177528408604;4972;131
fenetre;1637177528408608;4976;132
fenetre;1637177528408611;4979;133
fenetre;1637177528408615;4983;134
fenetre;1637177528408618;4986;135
fenetre;1637177528408624;4993;136
fenetre;1637177528408628;4996;137
fenetre;1637177528408631;4999;138
fenetre;1637177528408635;5003;139
fenetre;1637177528408638;5007;140
fenetre;1637177528408642;5010;141
fenetre;1637177528408646;5015;142
fenetre;1637177528408650;5018;143
fenetre;1637177528408653;5021;144
fenetre;1637177528408657;5025;145
fenetre;1637177528408660;5029;146
fenetre;1637177528408664;5032;147
fenetre;1637177528408669;5037;148
fenetre;1637177528408673;5040;149
fenetre;1637177528408676;5045;150
fenetre;1637177528408680;5048;151
fenetre;1637177528408683;5051;152
fenetre;1637177528408687;5055;153
fenetre;1637177528408691;5059;154
fenetre;1637177528408695;5063;155
fenetre;1637177528408699;5067;156
fenetre;1637177528408702;5070;157
fenetre;1637177528408706;5074;158
fenetre;1637177528408729;5081;159
fenetre;1637177528408758;5091;160
fenetre;1637177528408788;5100;161
fenetre;1637177528408821;5109;162
fenetre;1637177528408839;5117;163
fenetre;1637177528408867;5125;164
fenetre;1637177528408907;5137;165
fenetre;1637177528408926;5149;166
fenetre;1637177528408950;5156;167
fenetre;1637177528408980;5170;168
fenetre;1637177528409012;5181;169
fenetre;1637177528409035;5196;170
fenetre;1637177528409064;5208;171
fenetre;1637177528409090;5222;172
fenetre;1637177528409103;5233;173
fenetre;1637177528409152;5251;174
fenetre;1637177528409170;5268;175
fenetre;1637177528409189;5278;176
fenetre;1637177528409226;5294;177
fenetre;1637177528409245;5305;178
fenetre;1637177528409275;5314;179
fenetre;1637177528409300;5327;180
fenetre;1637177528409321;5343;181
fenetre;1637177528409347;5355;182
fenetre;1637177528409374;5369;183
fenetre;1637177528409397;5381;184
fenetre;1637177528409432;5391;185
fenetre;1637177528409451;5398;186
fenetre;1637177528409482;5407;187
fenetre;1637177528409508;5423;188
fenetre;1637177528409537;5436;189
fenetre;1637177528409559;5450;190
fenetre;1637177528409588;5464;191
fenetre;1637177528409608;5477;192
fenetre;1637177528409638;5490;193
fenetre;1637177528409662;5501;194
fenetre;1637177528409688;5515;195
fenetre;1637177528409712;5527;196
fenetre;1637177528409737;5535;197
fenetre;1637177528409774;5546;198
fenetre;1637177528409804;5562;199
fenetre;1637177528409822;5574;200
fenetre;1637177528409844;5584;201
fenetre;1637177528409882;5598;202
fenetre;1637177528409904;5611;203
fenetre;1637177528409942;5631;204
fenetre;1637177528409978;5651;205
fenetre;1637177528409987;5660;206
fenetre;1637177528410013;5672;207
fenetre;1637177528410037;5687;208
fenetre;1637177528410071;5701;209
fenetre;1637177528410109;5716;210
fenetre;1637177528410116;5723;211
fenetre;1637177528410145;5731;212
fenetre;1637177528410178;5744;213
fenetre;1637177528410209;5759;214
fenetre;1637177528410227;5769;215
fenetre;1637177528410252;5779;216
fenetre;1637177528410278;5789;217
fenetre;1637177528410306;5803;218
fenetre;1637177528410327;5812;219
fenetre;1637177528410356;5821;220
fenetre;1637177528410379;5830;221
fenetre;1637177528410406;5839;222
fenetre;1637177528410431;5847;223
fenetre;1637177528410457;5856;224
fenetre;1637177528410483;5862;225
fenetre;1637177528410512;5869;226
fenetre;1637177528410539;5880;227
fenetre;1637177528410563;5891;228
fenetre;1637177528410588;5898;229
fenetre;1637177528410613;5904;230
fenetre;1637177528410641;5911;231
fenetre;1637177528410666;5917;232
fenetre;1637177528410693;5924;233
fenetre;1637177528410722;5934;234
fenetre;1637177528410748;5946;235
fenetre;1637177528410770;5956;236
fenetre;1637177528410799;5965;237
fenetre;1637177528410824;5973;238
fenetre;1637177528410848;5981;239
fenetre;1637177528410877;5989;240
fenetre;1637177528410900;5997;241
fenetre;1637177528410929;6005;242
fenetre;1637177528410952;6013;243
fenetre;1637177528410991;6051;244
fenetre;1637177528411008;6059;245
fenetre;1637177528411032;6068;246
fenetre;1637177528411059;6075;247
fenetre;1637177528411085;6084;248
fenetre;1637177528411109;6092;249
fenetre;1637177528411136;6100;250
fenetre;1637177528411161;6108;251
fenetre;1637177528411188;6117;252
fenetre;1637177528411212;6124;253
fenetre;1637177528411230;6132;254
fenetre;1637177528411242;6139;255
fenetre;1637177528412934;7822;255
fenetre;1637177528412941;7828;255
fenetre;1637177528412945;7832;255
fenetre;1637177528412949;7836;255
fenetre;1637177528412952;7839;255
fenetre;1637177528412957;7844;255
fenetre;1637177528412961;7847;255
fenetre;1637177528412964;7851;255
fenetre;1637177528412967;7855;255
fenetre;1637177528412971;7858;255
fenetre;1637177528412974;7861;255
fenetre;1637177528412978;7864;255
fenetre;1637177528412983;7870;255
fenetre;1637177528412986;7873;255
fenetre;1637177528412990;7876;255
fenetre;1637177528412993;7880;255
fenetre;1637177528412997;7884;255
fenetre;1637177528413000;7887;255
fenetre;1637177528413003;7890;255
fenetre;1637177528413007;7894;255
fenetre;1637177528413011;7897;255
fenetre;1637177528413018;7905;255
fenetre;1637177528413021;7908;255
fenetre;1637177528413025;7912;255
fenetre;1637177528413028;7915;255
fenetre;1637177528413033;7920;255
fenetre;1637177528413036;7923;255
fenetre;1637177528413039;7926;255
fenetre;1637177528413043;7929;255
fenetre;1637177528413046;7934;255
fenetre;1637177528413050;7937;255
fenetre;1637177528413053;7940;255
fenetre;1637177528413057;7944;255
fenetre;1637177528413061;7947;255
fenetre;1637177528413064;7951;255
fenetre;1637177528413067;7954;255
fenetre;1637177528413071;7958;255
fenetre;1637177528413074;7961;255
fenetre;1637177528413078;7965;255
fenetre;1637177528413081;7968;255
fenetre;1637177528413086;7973;255
fenetre;1637177528413090;7976;255
fenetre;1637177528413093;7981;255
fenetre;1637177528413096;7984;255
fenetre;1637177528413100;7987;255
fenetre;1637177528413104;7990;255
fenetre;1637177528413107;7994;255
fenetre;1637177528413111;7998;255
fenetre;1637177528413114;8001;255
fenetre;1637177528413118;8004;255
fenetre;1637177528413121;8008;255
fenetre;1637177528413125;8012;255
fenetre;1637177528413128;8015;255
fenetre;1637177528413132;8019;255
fenetre;1637177528413136;8023;255
fenetre;1637177528413140;8027;255
fenetre;1637177528413143;8030;255
fenetre;1637177528413147;8033;255
fenetre;1637177528413150;8037;255
fenetre;1637177528413154;8041;255
fenetre;1637177528413157;8045;255
fenetre;1637177528413163;8050;255
fenetre;1637177528413166;8053;255
fenetre;1637177528413170;8056;255
fenetre;1637177528413173;8060;255
fenetre;1637177528413177;8064;255
fenetre;1637177528413197;8073;255
fenetre;1637177528413219;8084;255
fenetre;1637177528413246;8093;255
fenetre;1637177528413272;8102;255
fenetre;1637177528413296;8111;255
fenetre;1637177528413327;8120;255
fenetre;1637177528413349;8131;255
fenetre;1637177528413373;8139;255
fenetre;1637177528413401;8147;255
fenetre;1637177528413425;8155;255
fenetre;1637177528413453;8163;255
fenetre;1637177528413478;8171;255
fenetre;1637177528413502;8179;255
fenetre;1637177528413530;8186;255
fenetre;1637177528413555;8193;255
fenetre;1637177528413581;8201;255
fenetre;1637177528413605;8209;255
fenetre;1637177528413633;8217;255
fenetre;1637177528413657;8225;255
fenetre;1637177528413683;8231;255
fenetre;1637177528413712;8240;255
fenetre;1637177528413738;8248;255
fenetre;1637177528413762;8256;255
fenetre;1637177528413788;8264;255
fenetre;1637177528413813;8271;255
fenetre;1637177528413844;8285;255
fenetre;1637177528413879;8304;255
fenetre;1637177528413897;8319;255
fenetre;1637177528413929;8332;255
fenetre;1637177528413955;8342;255
fenetre;1637177528413977;8351;255
fenetre;1637177528414006;8360;255
fenetre;1637177528414029;8368;255
fenetre;1637177528414063;8377;255
fenetre;1637177528414082;8384;255
fenetre;1637177528414114;8393;255
fenetre;1637177528414152;8404;255
fenetre;1637177528414171;8418;255
fenetre;1637177528414193;8429;255
fenetre;1637177528414217;8439;255
fenetre;1637177528414243;8450;255
fenetre;1637177528414266;8463;255
fenetre;1637177528414289;8476;255
fenetre;1637177528414325;8512;255
fenetre;1637177528414341;8518;255
fenetre;1637177528414378;8530;255
fenetre;1637177528414399;8542;255
fenetre;1637177528414423;8551;255
fenetre;1637177528414450;8561;255
fenetre;1637177528414471;8569;255
fenetre;1637177528414499;8579;255
fenetre;1637177528414523;8588;255
fenetre;1637177528414552;8597;255
fenetre;1637177528414576;8606;255
fenetre;1637177528414599;8614;255
fenetre;1637177528414623;8621;255
fenetre;1637177528414651;8628;255
fenetre;1637177528414681;8637;255
fenetre;1637177528414709;8649;255
fenetre;1637177528414731;8659;255
fenetre;1637177528414754;8667;255
fenetre;1637177528414780;8675;255
fenetre;1637177528414810;8683;255
fenetre;1637177528414834;8693;255
fenetre;1637177528414859;8703;255
fenetre;1637177528414883;8710;255
fenetre;1637177528414915;8720;255
fenetre;1637177528414934;8729;255
fenetre;1637177528414969;8738;255
fenetre;1637177528415000;8754;255
fenetre;1637177528415029;8767;255
fenetre;1637177528415051;8779;255
fenetre;1637177528415075;8788;255
fenetre;1637177528415104;8796;255
fenetre;1637177528415127;8805;255
fenetre;1637177528415158;8814;255
fenetre;1637177528415190;8826;255
fenetre;1637177528415225;8844;255
fenetre;1637177528415240;8857;255
fenetre;1637177528415262;8866;255
fenetre;1637177528415286;8872;255
fenetre;1637177528415316;8882;255
fenetre;1637177528415344;8893;255
fenetre;1637177528415381;8901;255
fenetre;1637177528415407;8910;255
fenetre;1637177528415431;8918;255
fenetre;1637177528415456;8928;255
fenetre;1637177528415497;8946;255
fenetre;1637177528415511;8958;255
fenetre;1637177528415530;8965;255
fenetre;1637177528415559;8973;255
fenetre;1637177528415580;8982;255
fenetre;1637177528415611;8995;255
fenetre;1637177528415628;9005;255
fenetre;1637177528415656;9015;255
fenetre;1637177528415679;9025;255
fenetre;1637177528415701;9035;255
fenetre;1637177528415736;9043;255
fenetre;1637177528415755;9051;255
fenetre;1637177528415781;9060;255
fenetre;1637177528415803;9068;255
fenetre;1637177528415828;9077;255
fenetre;1637177528415856;9083;255
fenetre;1637177528415884;9091;255
fenetre;1637177528415909;9101;255
fenetre;1637177528415941;9114;255
fenetre;1637177528415962;9126;255
fenetre;1637177528415985;9136;255
fenetre;1637177528416009;9148;255
fenetre;1637177528416041;9164;255
fenetre;1637177528416061;9177;255
fenetre;1637177528416079;9184;255
fenetre;1637177528416116;9194;255
fenetre;1637177528416134;9203;255
fenetre;1637177528416162;9211;255
fenetre;1637177528416192;9223;255
fenetre;1637177528416214;9235;255
fenetre;1637177528416245;9245;255
fenetre;1637177528416275;9260;255
fenetre;1637177528416290;9267;255
fenetre;1637177528416312;9275;255
fenetre;1637177528416341;9283;255
fenetre;1637177528416365;9291;255
fenetre;1637177528416410;9301;255
fenetre;1637177528416450;9320;255
fenetre;1637177528416456;9327;255
fenetre;1637177528416476;9333;255
fenetre;1637177528416504;9341;255
fenetre;1637177528416525;9349;255
fenetre;1637177528416549;9356;255
fenetre;1637177528416578;9364;255
fenetre;1637177528416606;9375;255
fenetre;1637177528416635;9387;255
fenetre;1637177528416652;9398;255
fenetre;1637177528416675;9406;255
fenetre;1637177528416705;9415;255
fenetre;1637177528416726;9423;255
fenetre;1637177528416748;9430;255
fenetre;1637177528416774;9436;255
fenetre;1637177528416800;9443;255
fenetre;1637177528416828;9452;255
fenetre;1637177528416851;9459;255
fenetre;1637177528416878;9467;255
fenetre;1637177528416901;9474;255
fenetre;1637177528416928;9481;255
fenetre;1637177528416951;9489;255
fenetre;1637177528416978;9496;255
fenetre;1637177528417000;9503;255
fenetre;1637177528417024;9509;255
fenetre;1637177528417052;9519;255
fenetre;1637177528417075;9528;255
fenetre;1637177528417096;9536;255
fenetre;1637177528417123;9544;255
fenetre;1637177528417152;9552;255
fenetre;1637177528417177;9561;255
fenetre;1637177528417201;9570;255
fenetre;1637177528417222;9577;255
fenetre;1637177528417251;9585;255
fenetre;1637177528417274;9593;255
fenetre;1637177528417297;9601;255
fenetre;1637177528417332;9608;255
fenetre;1637177528417348;9614;255
fenetre;1637177528417381;9623;255
fenetre;1637177528417438;9680;255
fenetre;1637177528417444;9686;255
fenetre;1637177528417466;9695;255
fenetre;1637177528417487;9707;255
fenetre;1637177528417513;9717;255
fenetre;1637177528417541;9729;255
fenetre;1637177528417564;9739;255
fenetre;1637177528417586;9746;255
fenetre;1637177528417614;9756;255
fenetre;1637177528417637;9766;255
fenetre;1637177528417662;9777;255
fenetre;1637177528417690;9789;255
fenetre;1637177528417725;9806;255
fenetre;1637177528417739;9817;255
fenetre;1637177528417760;9825;255
fenetre;1637177528417784;9833;255
fenetre;1637177528417814;9842;255
fenetre;1637177528417841;9854;255
fenetre;1637177528417869;9865;255
fenetre;1637177528417888;9874;255
fenetre;1637177528417922;9889;255
fenetre;1637177528417939;9901;255
fenetre;1637177528417958;9911;255
fenetre;1637177528417983;9921;255
fenetre;1637177528418001;9932;255
fenetre;1637177528418006;9936;255
fenetre;1637177528419740;11641;255
fenetre;1637177528419750;11651;255
fenetre;1637177528419754;11654;255
fenetre;1637177528419757;11658;255
fenetre;1637177528419761;11661;255
fenetre;1637177528419764;11664;255
fenetre;1637177528419768;11669;255
fenetre;1637177528419774;11674;255
fenetre;1637177528419777;11677;255
fenetre;1637177528419780;11680;255
fenetre;1637177528419783;11683;255
fenetre;1637177528419786;11687;255
fenetre;1637177528419789;11690;255
fenetre;1637177528419795;11696;255
fenetre;1637177528419798;11699;255
fenetre;1637177528419803;11704;255
fenetre;1637177528419807;11707;255
fenetre;1637177528419810;11711;255
fenetre;1637177528419814;11715;255
fenetre;1637177528419818;11718;255
fenetre;1637177528419821;11721;255
fenetre;1637177528419824;11724;255
fenetre;1637177528419827;11727;255
fenetre;1637177528419830;11732;255
fenetre;1637177528419833;11734;255
fenetre;1637177528419836;11737;255
fenetre;1637177528419839;11740;255
fenetre;1637177528419842;11743;255
fenetre;1637177528419845;11746;255
fenetre;1637177528419850;11750;255
fenetre;1637177528419853;11753;255
fenetre;1637177528419856;11756;255
fenetre;1637177528419859;11759;255
fenetre;1637177528419862;11762;255
fenetre;1637177528419865;11765;255
fenetre;1637177528419868;11768;255
fenetre;1637177528419871;11771;255
fenetre;1637177528419874;11775;255
fenetre;1637177528419877;11778;255
fenetre;1637177528419880;11781;255
fenetre;1637177528419883;11784;255
fenetre;1637177528419886;11787;255
fenetre;1637177528419889;11790;255
fenetre;1637177528419892;11793;255
fenetre;1637177528419898;11799;255
fenetre;1637177528419901;11802;255
fenetre;1637177528419904;11804;255
fenetre;1637177528419907;11808;255
fenetre;1637177528419910;11811;255
fenetre;1637177528419913;11814;255
fenetre;1637177528419916;11817;255
fenetre;1637177528419919;11820;255
fenetre;1637177528419922;11823;255
fenetre;1637177528419925;11826;255
fenetre;1637177528419928;11828;255
fenetre;1637177528419933;11834;255
fenetre;1637177528419937;11837;255
fenetre;1637177528419976;11846;255
fenetre;1637177528420014;11856;255
fenetre;1637177528420049;11871;255
fenetre;1637177528420085;11884;255
fenetre;1637177528420120;11894;255
fenetre;1637177528420159;11904;255
fenetre;1637177528420188;11918;255
fenetre;1637177528420208;11932;255
fenetre;1637177528420247;11942;255
fenetre;1637177528420324;11954;255
fenetre;1637177528420338;11965;255
fenetre;1637177528420356;11980;255
fenetre;1637177528420395;11994;255
fenetre;1637177528420434;12012;255
fenetre;1637177528420466;12025;255
fenetre;1637177528420496;12032;255
fenetre;1637177528420528;12041;255
fenetre;1637177528420567;12050;255
fenetre;1637177528420608;12071;255
fenetre;1637177528420635;12084;255
fenetre;1637177528420674;12094;255
fenetre;1637177528420707;12102;255
fenetre;1637177528420743;12112;255
fenetre;1637177528420779;12121;255
fenetre;1637177528420812;12132;255
fenetre;1637177528420846;12140;255
fenetre;1637177528420887;12150;255
fenetre;1637177528420918;12161;255
fenetre;1637177528420958;12171;255
fenetre;1637177528420991;12181;255
fenetre;1637177528421031;12195;255
fenetre;1637177528421057;12205;255
fenetre;1637177528421092;12214;255
fenetre;1637177528421130;12222;255
fenetre;1637177528421166;12230;255
fenetre;1637177528421216;12270;255
fenetre;1637177528421238;12282;255
fenetre;1637177528421266;12290;255
fenetre;1637177528421303;12299;255
fenetre;1637177528421335;12307;255
fenetre;1637177528421372;12317;255
fenetre;1637177528421443;12333;255
fenetre;1637177528421453;12343;255
fenetre;1637177528421485;12365;255
fenetre;1637177528421507;12376;255
fenetre;1637177528421546;12389;255
fenetre;1637177528421579;12399;255
fenetre;1637177528421619;12410;255
fenetre;1637177528421654;12421;255
fenetre;1637177528421694;12435;255
fenetre;1637177528421730;12446;255
fenetre;1637177528421762;12455;255
fenetre;1637177528421801;12468;255
fenetre;1637177528421830;12477;255
fenetre;1637177528421870;12485;255
fenetre;1637177528421909;12497;255
fenetre;1637177528421942;12511;255
fenetre;1637177528421975;12522;255
fenetre;1637177528422013;12535;255
fenetre;1637177528422051;12548;255
fenetre;1637177528422083;12559;255
fenetre;1637177528422117;12570;255
fenetre;1637177528422167;12584;255
fenetre;1637177528422181;12593;255
fenetre;1637177528422225;12602;255
fenetre;1637177528422263;12613;255
fenetre;1637177528422294;12623;255
fenetre;1637177528422326;12632;255
fenetre;1637177528422366;12640;255
fenetre;1637177528422402;12653;255
fenetre;1637177528422438;12665;255
fenetre;1637177528422477;12674;255
fenetre;1637177528422510;12689;255
fenetre;1637177528422544;12702;255
fenetre;1637177528422584;12718;255
fenetre;1637177528422618;12732;255
fenetre;1637177528422661;12749;255
fenetre;1637177528422680;12759;255
fenetre;1637177528422735;12770;255
fenetre;1637177528422742;12777;255
fenetre;1637177528422791;12790;255
fenetre;1637177528422825;12801;255
fenetre;1637177528422855;12809;255
fenetre;1637177528422895;12820;255
fenetre;1637177528422928;12830;255
fenetre;1637177528422973;12842;255
fenetre;1637177528423003;12854;255
fenetre;1637177528423035;12861;255
fenetre;1637177528423103;12872;255
fenetre;1637177528423108;12878;255
fenetre;1637177528423140;12885;255
fenetre;1637177528423176;12892;255
fenetre;1637177528423225;12908;255
fenetre;1637177528423244;12918;255
fenetre;1637177528423290;12927;255
fenetre;1637177528423323;12941;255
fenetre;1637177528423354;12952;255
fenetre;1637177528423427;12965;255
fenetre;1637177528423434;12972;255
fenetre;1637177528423455;12984;255
fenetre;1637177528423491;12994;255
fenetre;1637177528423529;13008;255
fenetre;1637177528423566;13017;255
fenetre;1637177528423601;13027;255
fenetre;1637177528423642;13042;255
fenetre;1637177528423668;13052;255
fenetre;1637177528423701;13059;255
fenetre;1637177528423735;13069;255
fenetre;1637177528423779;13080;255
fenetre;1637177528423807;13089;255
fenetre;1637177528423848;13101;255
fenetre;1637177528423880;13112;255
fenetre;1637177528423913;13119;255
fenetre;1637177528423945;13127;255
fenetre;1637177528423979;13134;255
fenetre;1637177528424013;13140;255
fenetre;1637177528424102;13152;255
fenetre;1637177528424109;13160;255
fenetre;1637177528424122;13170;255
fenetre;1637177528424189;13180;255
fenetre;1637177528424194;13185;255
fenetre;1637177528424217;13191;255
fenetre;1637177528424251;13198;255
fenetre;1637177528424321;13204;255
fenetre;1637177528424325;13209;255
fenetre;1637177528424349;13215;255
fenetre;1637177528424416;13223;255
fenetre;1637177528424420;13227;255
fenetre;1637177528424452;13233;255
fenetre;1637177528424520;13242;255
fenetre;1637177528424523;13245;255
fenetre;1637177528424554;13251;255
fenetre;1637177528424596;13259;255
fenetre;1637177528424635;13268;255
fenetre;1637177528424658;13275;255
fenetre;1637177528424679;13282;255
fenetre;1637177528424708;13292;255
fenetre;1637177528424728;13301;255
fenetre;1637177528424753;13309;255
fenetre;1637177528424775;13318;255
fenetre;1637177528424813;13332;255
fenetre;1637177528424832;13342;255
fenetre;1637177528424889;13353;255
fenetre;1637177528424922;13365;255
fenetre;1637177528424951;13378;255
fenetre;1637177528424971;13390;255
fenetre;1637177528425012;13403;255
fenetre;1637177528425047;13417;255
fenetre;1637177528425069;13431;255
fenetre;1637177528425086;13442;255
fenetre;1637177528425110;13449;255
fenetre;1637177528425136;13458;255
fenetre;1637177528425180;13499;255
fenetre;1637177528425205;13512;255
fenetre;1637177528425245;13527;255
fenetre;1637177528425286;13541;255
fenetre;1637177528425314;13552;255
fenetre;1637177528425329;13563;255
fenetre;1637177528425355;13573;255
fenetre;1637177528425379;13586;255
fenetre;1637177528425402;13600;255
fenetre;1637177528425426;13613;255
fenetre;1637177528425447;13623;255
fenetre;1637177528425492;13634;255
fenetre;1637177528425528;13643;255
fenetre;1637177528425560;13656;255
fenetre;1637177528425583;13665;255
fenetre;1637177528425599;13674;255
fenetre;1637177528425622;13681;255
fenetre;1637177528425650;13695;255
fenetre;1637177528425677;13706;255
fenetre;1637177528425698;13720;255
fenetre;1637177528425712;13727;255
fenetre;1637177528425738;13735;255
fenetre;1637177528425762;13741;255
fenetre;1637177528425788;13749;255
fenetre;1637177528425818;13763;255
fenetre;1637177528425835;13770;255
fenetre;1637177528425866;13783;255
fenetre;1637177528425923;13795;255
fenetre;1637177528425942;13810;255
fenetre;1637177528425978;13825;255
fenetre;1637177528426003;13840;255
fenetre;1637177528426023;13856;255
fenetre;1637177528426044;13868;255
fenetre;1637177528426065;13880;255
fenetre;1637177528426087;13887;255
fenetre;1637177528426114;13897;255
fenetre;1637177528426135;13906;255
fenetre;1637177528426157;13913;255
fenetre;1637177528426186;13925;255
fenetre;1637177528426206;13935;255
fenetre;1637177528426217;13943;255
fenetre;1637177528426229;13950;255
fenetre;1637177528426241;13956;255
fenetre;1637177528426254;13961;255
fenetre;1637177528426267;13967;255
fenetre;1637177528426280;13972;255
fenetre;1637177528427812;15497;255
fenetre;1637177528427819;15505;255
fenetre;1637177528427823;15508;255
fenetre;1637177528427826;15511;255
fenetre;1637177528427830;15515;255
fenetre;1637177528427833;15519;255
fenetre;1637177528427836;15522;255
fenetre;1637177528427839;15525;255
fenetre;1637177528427842;15527;255
fenetre;1637177528427845;15530;255
fenetre;1637177528427848;15534;255
fenetre;1637177528427851;15537;255
fenetre;1637177528427857;15542;255
fenetre;1637177528427860;15545;255
fenetre;1637177528427863;15548;255
fenetre;1637177528427866;15552;255
fenetre;1637177528427869;15555;255
fenetre;1637177528427872;15558;255
fenetre;1637177528427876;15561;255
fenetre;1637177528427879;15564;255
fenetre;1637177528427884;15569;255
fenetre;1637177528427887;15572;255
fenetre;1637177528427890;15575;255
fenetre;1637177528427893;15578;255
fenetre;1637177528427896;15581;255
fenetre;1637177528427899;15585;255
fenetre;1637177528427902;15588;255
fenetre;1637177528427905;15591;255
fenetre;1637177528427910;15596;255
fenetre;1637177528427913;15599;255
fenetre;1637177528427916;15601;255
fenetre;1637177528427919;15604;255
fenetre;1637177528427922;15607;255
fenetre;1637177528427925;15610;255
fenetre;1637177528427928;15613;255
fenetre;1637177528427933;15618;255
fenetre;1637177528427936;15622;255
fenetre;1637177528427939;15625;255
fenetre;1637177528427942;15627;255
fenetre;1637177528427945;15630;255
fenetre;1637177528427948;15633;255
fenetre;1637177528427951;15636;255
fenetre;1637177528427954;15639;255
fenetre;1637177528427959;15644;255
fenetre;1637177528427963;15649;255
fenetre;1637177528427966;15652;255
fenetre;1637177528427969;15655;255
fenetre;1637177528427972;15657;255
fenetre;1637177528427975;15660;255
fenetre;1637177528427978;15663;255
fenetre;1637177528427981;15666;255
fenetre;1637177528427984;15669;255
fenetre;1637177528427987;15672;255
fenetre;1637177528427990;15675;255
fenetre;1637177528427993;15678;255
fenetre;1637177528427996;15681;255
fenetre;1637177528427999;15684;255
fenetre;1637177528428027;15693;255
fenetre;1637177528428093;15707;255
fenetre;1637177528428127;15720;255
fenetre;1637177528428164;15735;255
fenetre;1637177528428190;15745;255
fenetre;1637177528428212;15754;255
fenetre;1637177528428242;15763;255
fenetre;1637177528428257;15773;255
fenetre;1637177528428283;15786;255
fenetre;1637177528428333;15797;255
fenetre;1637177528428338;15803;255
fenetre;1637177528428368;15811;255
fenetre;1637177528428394;15820;255
fenetre;1637177528428416;15827;255
fenetre;1637177528428452;15863;255
fenetre;1637177528428469;15871;255
fenetre;1637177528428486;15878;255
fenetre;1637177528428516;15891;255
fenetre;1637177528428542;15908;255
fenetre;1637177528428549;15915;255
fenetre;1637177528428573;15923;255
fenetre;1637177528428602;15931;255
fenetre;1637177528428621;15939;255
fenetre;1637177528428648;15950;255
fenetre;1637177528428667;15960;255
fenetre;1637177528428694;15973;255
fenetre;1637177528428712;15985;255
fenetre;1637177528428731;15997;255
fenetre;1637177528428749;16005;255
fenetre;1637177528428776;16014;255
fenetre;1637177528428794;16022;255
fenetre;1637177528428822;16030;255
fenetre;1637177528428850;16039;255
fenetre;1637177528428870;16050;255
fenetre;1637177528428889;16060;255
fenetre;1637177528428907;16070;255
fenetre;1637177528428932;16078;255
fenetre;1637177528428954;16086;255
fenetre;1637177528428979;16096;255
fenetre;1637177528428996;16104;255
fenetre;1637177528429017;16111;255
fenetre;1637177528429049;16120;255
fenetre;1637177528429071;16130;255
fenetre;1637177528429114;16149;255
fenetre;1637177528429132;16158;255
fenetre;1637177528429160;16172;255
fenetre;1637177528429178;16185;255
fenetre;1637177528429207;16195;255
fenetre;1637177528429238;16209;255
fenetre;1637177528429251;16220;255
fenetre;1637177528429276;16229;255
fenetre;1637177528429296;16237;255
fenetre;1637177528429322;16244;255
fenetre;1637177528429346;16252;255
fenetre;1637177528429370;16259;255
fenetre;1637177528429389;16267;255
fenetre;1637177528429414;16274;255
fenetre;1637177528429439;16283;255
fenetre;1637177528429467;16292;255
fenetre;1637177528429480;16298;255
fenetre;1637177528429507;16305;255
fenetre;1637177528429539;16317;255
fenetre;1637177528429552;16327;255
fenetre;1637177528429570;16334;255
fenetre;1637177528429590;16340;255
fenetre;1637177528429618;16348;255
fenetre;1637177528429639;16358;255
fenetre;1637177528429719;16371;255
fenetre;1637177528429726;16378;255
fenetre;1637177528429731;16383;255
fenetre;1637177528429736;16389;255
fenetre;1637177528429751;16397;255
fenetre;1637177528429780;16410;255
fenetre;1637177528429801;16423;255
fenetre;1637177528429845;16433;255
fenetre;1637177528429871;16444;255
fenetre;1637177528429896;16452;255
fenetre;1637177528429930;16460;255
fenetre;1637177528429944;16467;255
fenetre;1637177528429974;16474;255
fenetre;1637177528429988;16481;255
fenetre;1637177528430010;16487;255
fenetre;1637177528430041;16497;255
fenetre;1637177528430063;16508;255
fenetre;1637177528430093;16518;255
fenetre;1637177528430107;16526;255
fenetre;1637177528430141;16539;255
fenetre;1637177528430165;16557;255
fenetre;1637177528430198;16569;255
fenetre;1637177528430224;16580;255
fenetre;1637177528430257;16595;255
fenetre;1637177528430289;16606;255
fenetre;1637177528430325;16620;255
fenetre;1637177528430354;16629;255
fenetre;1637177528430398;16643;255
fenetre;1637177528430423;16654;255
fenetre;1637177528430455;16668;255
fenetre;1637177528430492;16685;255
fenetre;1637177528430517;16695;255
fenetre;1637177528430548;16709;255
fenetre;1637177528430556;16716;255
fenetre;1637177528430588;16725;255
fenetre;1637177528430603;16735;255
fenetre;1637177528430632;16746;255
fenetre;1637177528430649;16757;255
fenetre;1637177528430676;16771;255
fenetre;1637177528430701;16781;255
fenetre;1637177528430724;16792;255
fenetre;1637177528430751;16808;255
fenetre;1637177528430771;16821;255
fenetre;1637177528430810;16830;255
fenetre;1637177528430843;16843;255
fenetre;1637177528430875;16858;255
fenetre;1637177528430889;16868;255
fenetre;1637177528430910;16876;255
fenetre;1637177528430944;16885;255
fenetre;1637177528430965;16901;255
fenetre;1637177528430985;16914;255
fenetre;1637177528431015;16929;255
fenetre;1637177528431034;16943;255
fenetre;1637177528431052;16954;255
fenetre;1637177528431078;16964;255
fenetre;1637177528431100;16974;255
fenetre;1637177528431124;16985;255
fenetre;1637177528431147;16998;255
fenetre;1637177528431181;17012;255
fenetre;1637177528431208;17027;255
fenetre;1637177528431222;17036;255
fenetre;1637177528431262;17051;255
fenetre;1637177528431289;17067;255
fenetre;1637177528431315;17081;255
fenetre;1637177528431365;17130;255
fenetre;1637177528431371;17136;255
fenetre;1637177528431406;17148;255
fenetre;1637177528431423;17161;255
fenetre;1637177528431444;17172;255
fenetre;1637177528431469;17184;255
fenetre;1637177528431489;17194;255
fenetre;1637177528431511;17203;255
fenetre;1637177528431530;17213;255
fenetre;1637177528431571;17221;255
fenetre;1637177528431584;17234;255
fenetre;1637177528431597;17244;255
fenetre;1637177528431644;17256;255
fenetre;1637177528431651;17263;255
fenetre;1637177528431671;17271;255
fenetre;1637177528431710;17281;255
fenetre;1637177528431717;17287;255
fenetre;1637177528431738;17296;255
fenetre;1637177528431761;17308;255
fenetre;1637177528431787;17318;255
fenetre;1637177528431810;17330;255
fenetre;1637177528431830;17343;255
fenetre;1637177528431853;17354;255
fenetre;1637177528431874;17364;255
fenetre;1637177528431897;17373;255
fenetre;1637177528431943;17384;255
fenetre;1637177528431949;17390;255
fenetre;1637177528431962;17397;255
fenetre;1637177528431988;17407;255
fenetre;1637177528432007;17417;255
fenetre;1637177528432034;17426;255
fenetre;1637177528432060;17436;255
fenetre;1637177528432074;17443;255
fenetre;1637177528432102;17450;255
fenetre;1637177528432132;17460;255
fenetre;1637177528432148;17469;255
fenetre;1637177528432180;17477;255
fenetre;1637177528432195;17483;255
fenetre;1637177528432227;17490;255
fenetre;1637177528432242;17498;255
fenetre;1637177528432256;17503;255
fenetre;1637177528432301;17511;255
fenetre;1637177528432305;17514;255
fenetre;1637177528432326;17522;255
fenetre;1637177528432345;17530;255
fenetre;1637177528432367;17536;255
fenetre;1637177528432394;17543;255
timeout;1637177529433511;17579;0
fenetre;1637177529435111;19169;127
fenetre;1637177529435130;19188;128
fenetre;1637177529435139;19195;129
fenetre;1637177529435145;19203;130
fenetre;1637177529435152;19209;131
fenetre;1637177529435158;19215;132
fenetre;1637177529435164;19221;133
fenetre;1637177529435170;19227;134
fenetre;1637177529435176;19233;135
fenetre;1637177529435183;19240;136
fenetre;1637177529435190;19247;137
fenetre;1637177529435196;19253;138
fenetre;1637177529435202;19259;139
fenetre;1637177529435208;19266;140
fenetre;1637177529435216;19273;141
fenetre;1637177529435222;19279;142
fenetre;1637177529435230;19287;143
fenetre;1637177529435236;19293;144
fenetre;1637177529435242;19300;145
fenetre;1637177529435248;19306;146
fenetre;1637177529435255;19312;147
fenetre;1637177529435261;19318;148
fenetre;1637177529435267;19324;149
fenetre;1637177529435273;19330;150
fenetre;1637177529435279;19337;151
fenetre;1637177529435320;19361;152
fenetre;1637177529435358;19385;153
fenetre;1637177529435418;19411;154
fenetre;1637177529435434;19426;155
fenetre;1637177529435510;19453;156
fenetre;1637177529435556;19476;157
fenetre;1637177529435589;19496;158
fenetre;1637177529435645;19522;159
fenetre;1637177529435669;19543;160
fenetre;1637177529435717;19560;161
fenetre;1637177529435772;19577;162
fenetre;1637177529435832;19605;163
fenetre;1637177529435848;19621;164
fenetre;1637177529435944;19656;165
fenetre;1637177529435958;19670;166
fenetre;1637177529436012;19702;167
fenetre;1637177529436045;19714;168
fenetre;1637177529436075;19724;169
fenetre;1637177529436117;19737;170
fenetre;1637177529436149;19751;171
fenetre;1637177529436185;19764;172
fenetre;1637177529436219;19776;173
fenetre;1637177529436254;19788;174
fenetre;1637177529436285;19799;175
fenetre;1637177529436325;19811;176
fenetre;1637177529436385;19833;177
fenetre;1637177529436410;19848;178
fenetre;1637177529436441;19862;179
fenetre;1637177529436476;19876;180
fenetre;1637177529436510;19892;181
fenetre;1637177529436541;19906;182
fenetre;1637177529436580;19918;183
fenetre;1637177529436617;19928;184
fenetre;1637177529436658;19942;185
fenetre;1637177529436693;19956;186
fenetre;1637177529436728;19969;187
fenetre;1637177529436763;19980;188
fenetre;1637177529436801;19992;189
fenetre;1637177529436834;20002;190
fenetre;1637177529436876;20015;191
fenetre;1637177529436909;20027;192
fenetre;1637177529436950;20040;193
fenetre;1637177529436984;20050;194
fenetre;1637177529437019;20060;195
fenetre;1637177529437077;20118;196
fenetre;1637177529437092;20129;197
fenetre;1637177529437127;20139;198
fenetre;1637177529437163;20149;199
fenetre;1637177529437197;20162;200
fenetre;1637177529437237;20174;201
fenetre;1637177529437270;20184;202
fenetre;1637177529437308;20196;203
fenetre;1637177529437343;20206;204
fenetre;1637177529437379;20215;205
fenetre;1637177529437414;20226;206
fenetre;1637177529437448;20237;207
fenetre;1637177529437486;20247;208
fenetre;1637177529437522;20258;209
fenetre;1637177529437556;20269;210
fenetre;1637177529437595;20280;211
fenetre;1637177529437631;20292;212
fenetre;1637177529437665;20303;213
fenetre;1637177529437704;20314;214
fenetre;1637177529437738;20325;215
fenetre;1637177529437776;20337;216
fenetre;1637177529437811;20347;217
fenetre;1637177529437860;20358;218
fenetre;1637177529437898;20369;219
fenetre;1637177529437922;20382;220
fenetre;1637177529437957;20393;221
fenetre;1637177529438040;20407;222
fenetre;1637177529438048;20415;223
fenetre;1637177529438070;20433;224
fenetre;1637177529438110;20450;225
fenetre;1637177529438141;20462;226
fenetre;1637177529438183;20476;227
fenetre;1637177529438221;20489;228
fenetre;1637177529438263;20507;229
fenetre;1637177529438337;20524;230
fenetre;1637177529438348;20535;231
fenetre;1637177529438395;20560;232
fenetre;1637177529438404;20568;233
fenetre;1637177529438460;20591;234
fenetre;1637177529438499;20621;235
fenetre;1637177529438530;20635;236
fenetre;1637177529438559;20649;237
fenetre;1637177529438599;20661;238
fenetre;1637177529438636;20671;239
fenetre;1637177529438683;20690;240
fenetre;1637177529438730;20716;241
fenetre;1637177529438757;20733;242
fenetre;1637177529438785;20747;243
fenetre;1637177529438825;20764;244
fenetre;1637177529438855;20777;245
fenetre;1637177529438892;20790;246
fenetre;1637177529438932;20800;247
fenetre;1637177529438966;20813;248
fenetre;1637177529439006;20826;249
fenetre;1637177529439023;20839;250
fenetre;1637177529439061;20860;251
fenetre;1637177529439073;20872;252
fenetre;1637177529439081;20881;253
fin;1637177529439360;20958;0
