type;temps;clock;fen
debut;1637177520163482;1736;0
fenetre;1637177520164273;1848;1
fenetre;1637177520164419;1874;2
fenetre;1637177520164533;1887;3
fenetre;1637177520164582;1924;4
fenetre;1637177520164653;1934;5
fenetre;1637177520164684;1946;6
fenetre;1637177520164693;1954;7
fenetre;1637177520164784;2034;8
fenetre;1637177520164867;2054;9
fenetre;1637177520164884;2068;10
fenetre;1637177520164927;2086;11
fenetre;1637177520164935;2094;12
fenetre;1637177520164990;2105;13
fenetre;1637177520164996;2111;14
fenetre;1637177520165013;2119;15
fenetre;1637177520165123;2229;16
fenetre;1637177520165145;2242;17
fenetre;1637177520165166;2254;18
fenetre;1637177520165202;2264;19
fenetre;1637177520165226;2271;20
fenetre;1637177520165254;2282;21
fenetre;1637177520165276;2293;22
fenetre;1637177520165305;2303;23
fenetre;1637177520165332;2311;24
fenetre;1637177520165362;2321;25
fenetre;1637177520165385;2329;26
fenetre;1637177520165429;2344;27
fenetre;1637177520165437;2353;28
fenetre;1637177520165457;2363;29
fenetre;1637177520165473;2374;30
fenetre;1637177520165485;2384;31
fenetre;1637177520165707;2602;32
fenetre;1637177520165716;2609;33
fenetre;1637177520165720;2614;34
fenetre;1637177520165724;2617;35
fenetre;1637177520165727;2621;36
fenetre;1637177520165731;2625;37
fenetre;1637177520165747;2631;38
fenetre;1637177520165774;2642;39
fenetre;1637177520165796;2654;40
fenetre;1637177520165823;2663;41
fenetre;1637177520165850;2670;42
fenetre;1637177520165875;2679;43
fenetre;1637177520165899;2686;44
fenetre;1637177520165934;2696;45
fenetre;1637177520165956;2707;46
fenetre;1637177520165979;2716;47
fenetre;1637177520166006;2723;48
fenetre;1637177520166032;2731;49
fenetre;1637177520166070;2738;50
fenetre;1637177520166087;2752;51
fenetre;1637177520166111;2764;52
fenetre;1637177520166140;2772;53
fenetre;1637177520166164;2779;54
fenetre;1637177520166198;2787;55
fenetre;1637177520166219;2795;56
fenetre;1637177520166286;2804;57
fenetre;1637177520166290;2809;58
fenetre;1637177520166346;2818;59
fenetre;1637177520166362;2827;60
fenetre;1637177520166384;2835;61
fenetre;1637177520166413;2858;62
fenetre;1637177520166422;2866;63
fenetre;1637177520166867;3311;64
fenetre;1637177520166873;3317;65
fenetre;1637177520166877;3322;66
fenetre;1637177520166880;3325;67
fenetre;1637177520166886;3330;68
fenetre;1637177520166889;3334;69
fenetre;1637177520166893;3338;70
fenetre;1637177520166897;3341;71
fenetre;1637177520166900;3344;72
fenetre;1637177520166904;3349;73
fenetre;1637177520166909;3354;74
fenetre;1637177520166913;3357;75
fenetre;1637177520166917;3362;76
fenetre;1637177520166920;3365;77
fenetre;1637177520166924;3368;78
fenetre;1637177520166948;3380;79
fenetre;1637177520166968;3393;80
fenetre;1637177520167012;3404;81
fenetre;1637177520167019;3411;82
fenetre;1637177520167058;3424;83
fenetre;1637177520167067;3433;84
fenetre;1637177520167148;3442;85
fenetre;1637177520167154;3448;86
fenetre;1637177520167158;3452;87
fenetre;1637177520167210;3461;88
fenetre;1637177520167228;3471;89
fenetre;1637177520167282;3480;90
fenetre;1637177520167287;3484;91
fenetre;1637177520167301;3491;92
fenetre;1637177520167330;3498;93
fenetre;1637177520167358;3510;94
fenetre;1637177520167388;3533;95
fenetre;1637177520167411;3540;96
fenetre;1637177520167462;3562;97
fenetre;1637177520167469;3568;98
fenetre;1637177520167501;3576;99
fenetre;1637177520167527;3585;100
fenetre;1637177520167553;3594;101
fenetre;1637177520167585;3605;102
fenetre;1637177520167608;3615;103
fenetre;1637177520167635;3623;104
fenetre;1637177520167660;3632;105
fenetre;1637177520167689;3641;106
fenetre;1637177520167716;3648;107
fenetre;1637177520167744;3657;108
fenetre;1637177520167769;3664;109
fenetre;1637177520167797;3672;110
fenetre;1637177520167822;3681;111
fenetre;1637177520167851;3689;112
fenetre;1637177520167878;3698;113
fenetre;1637177520167902;3705;114
fenetre;1637177520167931;3713;115
fenetre;1637177520167957;3721;116
fenetre;1637177520167985;3730;117
fenetre;1637177520168009;3737;118
fenetre;1637177520168041;3746;119
fenetre;1637177520168065;3754;120
fenetre;1637177520168094;3762;121
fenetre;1637177520168119;3770;122
fenetre;1637177520168147;3778;123
fenetre;1637177520168205;3835;124
fenetre;1637177520168209;3839;125
fenetre;1637177520168213;3844;126
fenetre;1637177520168217;3847;127
fenetre;1637177520169076;4707;128
fenetre;1637177520169082;4712;129
fenetre;1637177520169087;4717;130
fenetre;1637177520169091;4722;131
fenetre;1637177520169094;4725;132
fenetre;1637177520169098;4728;133
fenetre;1637177520169102;4733;134
fenetre;1637177520169105;4736;135
fenetre;1637177520169109;4739;136
fenetre;1637177520169115;4745;137
fenetre;1637177520169118;4749;138
fenetre;1637177520169122;4752;139
fenetre;1637177520169125;4755;140
fenetre;1637177520169129;4760;141
fenetre;1637177520169133;4763;142
fenetre;1637177520169136;4766;143
fenetre;1637177520169140;4770;144
fenetre;1637177520169144;4774;145
fenetre;1637177520169147;4778;146
fenetre;1637177520169151;4781;147
fenetre;1637177520169154;4785;148
fenetre;1637177520169158;4789;149
fenetre;1637177520169162;4792;150
fenetre;1637177520169166;4796;151
fenetre;1637177520169170;4800;152
fenetre;1637177520169173;4804;153
fenetre;1637177520169177;4807;154
fenetre;1637177520169181;4811;155
fenetre;1637177520169184;4815;156
fenetre;1637177520169188;4818;157
fenetre;1637177520169194;4825;158
fenetre;1637177520169198;4828;159
fenetre;1637177520169229;4838;160
fenetre;1637177520169255;4850;161
fenetre;1637177520169281;4859;162
fenetre;1637177520169308;4869;163
fenetre;1637177520169333;4877;164
fenetre;1637177520169364;4888;165
fenetre;1637177520169387;4898;166
fenetre;1637177520169412;4907;167
fenetre;1637177520169437;4914;168
fenetre;1637177520169466;4922;169
fenetre;1637177520169495;4931;170
fenetre;1637177520169519;4939;171
fenetre;1637177520169545;4948;172
fenetre;1637177520169570;4956;173
fenetre;1637177520169599;4964;174
fenetre;1637177520169623;4972;175
fenetre;1637177520169651;4980;176
fenetre;1637177520169676;4988;177
fenetre;1637177520169705;4997;178
fenetre;1637177520169730;5004;179
fenetre;1637177520169758;5012;180
fenetre;1637177520169783;5020;181
fenetre;1637177520169812;5028;182
fenetre;1637177520169836;5035;183
fenetre;1637177520169864;5044;184
fenetre;1637177520169889;5051;185
fenetre;1637177520169917;5060;186
fenetre;1637177520169942;5067;187
fenetre;1637177520169969;5075;188
fenetre;1637177520169998;5082;189
fenetre;1637177520170022;5090;190
fenetre;1637177520170050;5098;191
fenetre;1637177520170076;5106;192
fenetre;1637177520170104;5113;193
fenetre;1637177520170129;5122;194
fenetre;1637177520170158;5129;195
fenetre;1637177520170182;5137;196
fenetre;1637177520170210;5145;197
fenetre;1637177520170237;5154;198
fenetre;1637177520170261;5161;199
fenetre;1637177520170290;5169;200
fenetre;1637177520170315;5177;201
fenetre;1637177520170345;5185;202
fenetre;1637177520170368;5193;203
fenetre;1637177520170397;5202;204
fenetre;1637177520170421;5210;205
fenetre;1637177520170449;5217;206
fenetre;1637177520170474;5226;207
fenetre;1637177520170503;5233;208
fenetre;1637177520170527;5241;209
fenetre;1637177520170555;5249;210
fenetre;1637177520170580;5257;211
fenetre;1637177520170608;5264;212
fenetre;1637177520170632;5273;213
fenetre;1637177520170661;5281;214
fenetre;1637177520170686;5288;215
fenetre;1637177520170714;5297;216
fenetre;1637177520170740;5305;217
fenetre;1637177520170768;5312;218
fenetre;1637177520170794;5321;219
fenetre;1637177520170824;5331;220
fenetre;1637177520170854;5340;221
fenetre;1637177520170879;5348;222
fenetre;1637177520170908;5357;223
fenetre;1637177520170932;5364;224
fenetre;1637177520170968;5373;225
fenetre;1637177520170986;5382;226
fenetre;1637177520171012;5388;227
fenetre;1637177520171046;5399;228
fenetre;1637177520171068;5409;229
fenetre;1637177520171094;5419;230
fenetre;1637177520171122;5428;231
fenetre;1637177520171149;5437;232
fenetre;1637177520171177;5444;233
fenetre;1637177520171202;5453;234
fenetre;1637177520171229;5463;235
fenetre;1637177520171256;5472;236
fenetre;1637177520171282;5479;237
fenetre;1637177520171308;5486;238
fenetre;1637177520171340;5495;239
fenetre;1637177520171366;5505;240
fenetre;1637177520171390;5513;241
fenetre;1637177520171416;5521;242
fenetre;1637177520171442;5528;243
fenetre;1637177520171472;5557;244
fenetre;1637177520171499;5567;245
fenetre;1637177520171520;5577;246
fenetre;1637177520171548;5586;247
fenetre;1637177520171573;5593;248
fenetre;1637177520171601;5602;249
fenetre;1637177520171626;5609;250
fenetre;1637177520171656;5618;251
fenetre;1637177520171680;5626;252
fenetre;1637177520171708;5633;253
fenetre;1637177520171725;5642;254
fenetre;1637177520171739;5649;255
fenetre;1637177520173447;7348;255
fenetre;1637177520173453;7355;255
fenetre;1637177520173458;7358;255
fenetre;1637177520173461;7363;255
fenetre;1637177520173467;7368;255
fenetre;1637177520173471;7371;255
fenetre;1637177520173474;7376;255
fenetre;1637177520173478;7379;255
fenetre;1637177520173482;7383;255
fenetre;1637177520173485;7386;255
fenetre;1637177520173489;7390;255
fenetre;1637177520173493;7394;255
fenetre;1637177520173496;7397;255
fenetre;1637177520173500;7401;255
fenetre;1637177520173503;7405;255
fenetre;1637177520173507;7408;255
fenetre;1637177520173511;7412;255
fenetre;1637177520173514;7415;255
fenetre;1637177520173520;7421;255
fenetre;1637177520173523;7424;255
fenetre;1637177520173527;7428;255
fenetre;1637177520173530;7432;255
fenetre;1637177520173534;7435;255
fenetre;1637177520173538;7439;255
fenetre;1637177520173541;7442;255
fenetre;1637177520173546;7447;255
fenetre;1637177520173550;7451;255
fenetre;1637177520173553;7454;255
fenetre;1637177520173557;7459;255
fenetre;1637177520173560;7462;255
fenetre;1637177520173564;7465;255
fenetre;1637177520173568;7469;255
fenetre;1637177520173572;7474;255
fenetre;1637177520173576;7477;255
fenetre;1637177520173580;7481;255
fenetre;1637177520173583;7484;255
fenetre;1637177520173587;7488;255
fenetre;1637177520173590;7492;255
fenetre;1637177520173594;7495;255
fenetre;1637177520173599;7501;255
fenetre;1637177520173603;7504;255
fenetre;1637177520173606;7507;255
fenetre;1637177520173610;7511;255
fenetre;1637177520173613;7515;255
fenetre;1637177520173617;7518;255
fenetre;1637177520173620;7521;255
fenetre;1637177520173626;7527;255
fenetre;1637177520173630;7531;255
fenetre;1637177520173633;7535;255
fenetre;1637177520173637;7538;255
fenetre;1637177520173640;7542;255
fenetre;1637177520173644;7545;255
fenetre;1637177520173648;7549;255
fenetre;1637177520173653;7554;255
fenetre;1637177520173657;7558;255
fenetre;1637177520173660;7562;255
fenetre;1637177520173664;7565;255
fenetre;1637177520173668;7568;255
fenetre;1637177520173671;7573;255
fenetre;1637177520173675;7576;255
fenetre;1637177520173680;7581;255
fenetre;1637177520173684;7586;255
fenetre;1637177520173688;7589;255
fenetre;1637177520173691;7592;255
fenetre;1637177520173720;7602;255
fenetre;1637177520173737;7611;255
fenetre;1637177520173764;7620;255
fenetre;1637177520173796;7630;255
fenetre;1637177520173826;7645;255
fenetre;1637177520173852;7656;255
fenetre;1637177520173870;7664;255
fenetre;1637177520173902;7672;255
fenetre;1637177520173925;7681;255
fenetre;1637177520173964;7692;255
fenetre;1637177520173980;7701;255
fenetre;1637177520174005;7708;255
fenetre;1637177520174033;7717;255
fenetre;1637177520174064;7729;255
fenetre;1637177520174083;7738;255
fenetre;1637177520174110;7745;255
fenetre;1637177520174172;7754;255
fenetre;1637177520174177;7759;255
fenetre;1637177520174218;7766;255
fenetre;1637177520174253;7775;255
fenetre;1637177520174278;7783;255
fenetre;1637177520174302;7791;255
fenetre;1637177520174328;7800;255
fenetre;1637177520174354;7809;255
fenetre;1637177520174416;7820;255
fenetre;1637177520174422;7826;255
fenetre;1637177520174427;7830;255
fenetre;1637177520174457;7837;255
fenetre;1637177520174481;7845;255
fenetre;1637177520174525;7859;255
fenetre;1637177520174581;7874;255
fenetre;1637177520174622;7885;255
fenetre;1637177520174634;7895;255
fenetre;1637177520174670;7909;255
fenetre;1637177520174689;7921;255
fenetre;1637177520174715;7929;255
fenetre;1637177520174739;7938;255
fenetre;1637177520174769;7947;255
fenetre;1637177520174793;7954;255
fenetre;1637177520174824;7964;255
fenetre;1637177520174849;7973;255
fenetre;1637177520174876;7982;255
fenetre;1637177520174904;7990;255
fenetre;1637177520174929;7998;255
fenetre;1637177520174958;8007;255
fenetre;1637177520174995;8045;255
fenetre;1637177520175017;8054;255
fenetre;1637177520175045;8064;255
fenetre;1637177520175071;8071;255
fenetre;1637177520175098;8079;255
fenetre;1637177520175124;8087;255
fenetre;1637177520175152;8097;255
fenetre;1637177520175176;8105;255
fenetre;1637177520175204;8115;255
fenetre;1637177520175231;8124;255
fenetre;1637177520175260;8132;255
fenetre;1637177520175283;8140;255
fenetre;1637177520175311;8149;255
fenetre;1637177520175336;8159;255
fenetre;1637177520175361;8167;255
fenetre;1637177520175391;8176;255
fenetre;1637177520175415;8183;255
fenetre;1637177520175444;8192;255
fenetre;1637177520175469;8199;255
fenetre;1637177520175497;8208;255
fenetre;1637177520175521;8216;255
fenetre;1637177520175550;8224;255
fenetre;1637177520175583;8233;255
fenetre;1637177520175603;8241;255
fenetre;1637177520175634;8253;255
fenetre;1637177520175660;8263;255
fenetre;1637177520175684;8272;255
fenetre;1637177520175710;8279;255
fenetre;1637177520175740;8289;255
fenetre;1637177520175769;8303;255
fenetre;1637177520175792;8312;255
fenetre;1637177520175816;8320;255
fenetre;1637177520175845;8328;255
fenetre;1637177520175869;8337;255
fenetre;1637177520175897;8344;255
fenetre;1637177520175922;8353;255
fenetre;1637177520175950;8360;255
fenetre;1637177520175976;8369;255
fenetre;1637177520176000;8378;255
fenetre;1637177520176028;8385;255
fenetre;1637177520176052;8393;255
fenetre;1637177520176081;8401;255
fenetre;1637177520176106;8409;255
fenetre;1637177520176134;8418;255
fenetre;1637177520176158;8425;255
fenetre;1637177520176186;8433;255
fenetre;1637177520176211;8441;255
fenetre;1637177520176238;8448;255
fenetre;1637177520176262;8456;255
fenetre;1637177520176290;8464;255
fenetre;1637177520176315;8472;255
fenetre;1637177520176343;8481;255
fenetre;1637177520176367;8488;255
fenetre;1637177520176395;8496;255
fenetre;1637177520176425;8504;255
fenetre;1637177520176452;8513;255
fenetre;1637177520176477;8520;255
fenetre;1637177520176506;8529;255
fenetre;1637177520176530;8537;255
fenetre;1637177520176558;8545;255
fenetre;1637177520176583;8553;255
fenetre;1637177520176611;8562;255
fenetre;1637177520176636;8569;255
fenetre;1637177520176663;8577;255
fenetre;1637177520176687;8585;255
fenetre;1637177520176715;8593;255
fenetre;1637177520176739;8602;255
fenetre;1637177520176767;8609;255
fenetre;1637177520176792;8617;255
fenetre;1637177520176820;8624;255
fenetre;1637177520176844;8633;255
fenetre;1637177520176881;8643;255
fenetre;1637177520176905;8652;255
fenetre;1637177520176934;8662;255
fenetre;1637177520176960;8671;255
fenetre;1637177520176987;8680;255
fenetre;1637177520177019;8692;255
fenetre;1637177520177042;8704;255
fenetre;1637177520177068;8712;255
fenetre;1637177520177097;8720;255
fenetre;1637177520177120;8730;255
fenetre;1637177520177148;8738;255
fenetre;1637177520177172;8746;255
fenetre;1637177520177200;8754;255
fenetre;1637177520177224;8762;255
fenetre;1637177520177252;8771;255
fenetre;1637177520177277;8781;255
fenetre;1637177520177301;8788;255
fenetre;1637177520177326;8795;255
fenetre;1637177520177352;8802;255
fenetre;1637177520177379;8810;255
fenetre;1637177520177405;8817;255
fenetre;1637177520177431;8827;255
fenetre;1637177520177458;8836;255
fenetre;1637177520177484;8843;255
fenetre;1637177520177511;8851;255
fenetre;1637177520177536;8859;255
fenetre;1637177520177561;8867;255
fenetre;1637177520177590;8875;255
fenetre;1637177520177615;8882;255
fenetre;1637177520177641;8890;255
fenetre;1637177520177665;8899;255
fenetre;1637177520177694;8906;255
fenetre;1637177520177718;8915;255
fenetre;1637177520177747;8922;255
fenetre;1637177520177772;8930;255
fenetre;1637177520177797;8937;255
fenetre;1637177520177823;8944;255
fenetre;1637177520177849;8951;255
fenetre;1637177520177875;8958;255
fenetre;1637177520177900;8967;255
fenetre;1637177520177928;8974;255
fenetre;1637177520177953;8981;255
fenetre;1637177520177979;8989;255
fenetre;1637177520178005;8998;255
fenetre;1637177520178029;9005;255
fenetre;1637177520178058;9014;255
fenetre;1637177520178084;9021;255
fenetre;1637177520178108;9029;255
fenetre;1637177520178137;9037;255
fenetre;1637177520178172;9073;255
fenetre;1637177520178193;9081;255
fenetre;1637177520178216;9089;255
fenetre;1637177520178243;9097;255
fenetre;1637177520178269;9105;255
fenetre;1637177520178293;9114;255
fenetre;1637177520178322;9123;255
fenetre;1637177520178346;9130;255
fenetre;1637177520178374;9137;255
fenetre;1637177520178400;9146;255
fenetre;1637177520178424;9154;255
fenetre;1637177520178453;9162;255
fenetre;1637177520178477;9170;255
fenetre;1637177520178507;9179;255
fenetre;1637177520178531;9186;255
fenetre;1637177520178559;9194;255
fenetre;1637177520178584;9202;255
fenetre;1637177520178619;9212;255
fenetre;1637177520178645;9222;255
fenetre;1637177520178674;9231;255
fenetre;1637177520178701;9239;255
fenetre;1637177520178728;9247;255
fenetre;1637177520178757;9256;255
fenetre;1637177520178773;9266;255
fenetre;1637177520178786;9275;255
fenetre;1637177520178798;9282;255
fenetre;1637177520180703;11161;255
fenetre;1637177520180712;11169;255
fenetre;1637177520180716;11174;255
fenetre;1637177520180720;11177;255
fenetre;1637177520180724;11181;255
fenetre;1637177520180727;11185;255
fenetre;1637177520180731;11189;255
fenetre;1637177520180735;11192;255
fenetre;1637177520180739;11196;255
fenetre;1637177520180743;11201;255
fenetre;1637177520180746;11204;255
fenetre;1637177520180750;11207;255
fenetre;1637177520180753;11210;255
fenetre;1637177520180757;11214;255
fenetre;1637177520180760;11218;255
fenetre;1637177520180764;11221;255
fenetre;1637177520180770;11228;255
fenetre;1637177520180773;11231;255
fenetre;1637177520180777;11234;255
fenetre;1637177520180780;11238;255
fenetre;1637177520180784;11242;255
fenetre;1637177520180787;11245;255
fenetre;1637177520180791;11248;255
fenetre;1637177520180795;11252;255
fenetre;1637177520180799;11257;255
fenetre;1637177520180802;11260;255
fenetre;1637177520180806;11263;255
fenetre;1637177520180809;11266;255
fenetre;1637177520180813;11271;255
fenetre;1637177520180818;11276;255
fenetre;1637177520180822;11279;255
fenetre;1637177520180825;11282;255
fenetre;1637177520180829;11287;255
fenetre;1637177520180832;11290;255
fenetre;1637177520180836;11293;255
fenetre;1637177520180839;11297;255
fenetre;1637177520180844;11301;255
fenetre;1637177520180847;11305;255
fenetre;1637177520180851;11308;255
fenetre;1637177520180854;11312;255
fenetre;1637177520180858;11315;255
fenetre;1637177520180861;11318;255
fenetre;1637177520180865;11323;255
fenetre;1637177520180870;11327;255
fenetre;1637177520180873;11331;255
fenetre;1637177520180877;11334;255
fenetre;1637177520180880;11338;255
fenetre;1637177520180884;11341;255
fenetre;1637177520180887;11345;255
fenetre;1637177520180891;11348;255
fenetre;1637177520180896;11353;255
fenetre;1637177520180899;11357;255
fenetre;1637177520180903;11360;255
fenetre;1637177520180906;11364;255
fenetre;1637177520180909;11367;255
fenetre;1637177520180913;11370;255
fenetre;1637177520180916;11374;255
fenetre;1637177520180921;11379;255
fenetre;1637177520180924;11382;255
fenetre;1637177520180928;11385;255
fenetre;1637177520180931;11388;255
fenetre;1637177520180935;11393;255
fenetre;1637177520180939;11396;255
fenetre;1637177520180942;11399;255
fenetre;1637177520180947;11404;255
fenetre;1637177520180950;11408;255
fenetre;1637177520180954;11411;255
fenetre;1637177520180957;11414;255
fenetre;1637177520180961;11419;255
fenetre;1637177520180978;11426;255
fenetre;1637177520181002;11433;255
fenetre;1637177520181027;11440;255
fenetre;1637177520181056;11447;255
fenetre;1637177520181084;11460;255
fenetre;1637177520181108;11473;255
fenetre;1637177520181132;11484;255
fenetre;1637177520181158;11492;255
fenetre;1637177520181182;11499;255
fenetre;1637177520181207;11507;255
fenetre;1637177520181232;11518;255
fenetre;1637177520181260;11527;255
fenetre;1637177520181291;11537;255
fenetre;1637177520181316;11546;255
fenetre;1637177520181345;11555;255
fenetre;1637177520181369;11564;255
fenetre;1637177520181397;11572;255
fenetre;1637177520181423;11581;255
fenetre;1637177520181448;11590;255
fenetre;1637177520181473;11597;255
fenetre;1637177520181502;11608;255
fenetre;1637177520181528;11618;255
fenetre;1637177520181554;11627;255
fenetre;1637177520181586;11660;255
fenetre;1637177520181609;11668;255
fenetre;1637177520181638;11677;255
fenetre;1637177520181662;11687;255
fenetre;1637177520181686;11696;255
fenetre;1637177520181710;11703;255
fenetre;1637177520181739;11713;255
fenetre;1637177520181762;11722;255
fenetre;1637177520181787;11729;255
fenetre;1637177520181813;11736;255
fenetre;1637177520181837;11745;255
fenetre;1637177520181864;11752;255
fenetre;1637177520181889;11760;255
fenetre;1637177520181916;11768;255
fenetre;1637177520181941;11775;255
fenetre;1637177520181965;11783;255
fenetre;1637177520181993;11791;255
fenetre;1637177520182017;11799;255
fenetre;1637177520182044;11806;255
fenetre;1637177520182070;11814;255
fenetre;1637177520182095;11821;255
fenetre;1637177520182129;11832;255
fenetre;1637177520182154;11842;255
fenetre;1637177520182181;11850;255
fenetre;1637177520182206;11858;255
fenetre;1637177520182233;11866;255
fenetre;1637177520182264;11873;255
fenetre;1637177520182286;11882;255
fenetre;1637177520182313;11891;255
fenetre;1637177520182339;11900;255
fenetre;1637177520182364;11907;255
fenetre;1637177520182391;11916;255
fenetre;1637177520182416;11923;255
fenetre;1637177520182452;11935;255
fenetre;1637177520182474;11945;255
fenetre;1637177520182501;11957;255
fenetre;1637177520182526;11968;255
fenetre;1637177520182550;11977;255
fenetre;1637177520182577;11986;255
fenetre;1637177520182601;11993;255
fenetre;1637177520182629;12002;255
fenetre;1637177520182665;12011;255
fenetre;1637177520182685;12019;255
fenetre;1637177520182719;12027;255
fenetre;1637177520182743;12036;255
fenetre;1637177520182764;12043;255
fenetre;1637177520182788;12049;255
fenetre;1637177520182815;12057;255
fenetre;1637177520182843;12066;255
fenetre;1637177520182870;12078;255
fenetre;1637177520182893;12086;255
fenetre;1637177520182917;12095;255
fenetre;1637177520182945;12101;255
fenetre;1637177520182973;12110;255
fenetre;1637177520183005;12118;255
fenetre;1637177520183025;12127;255
fenetre;1637177520183095;12137;255
fenetre;1637177520183102;12143;255
fenetre;1637177520183106;12148;255
fenetre;1637177520183126;12160;255
fenetre;1637177520183153;12171;255
fenetre;1637177520183174;12178;255
fenetre;1637177520183199;12186;255
fenetre;1637177520183274;12193;255
fenetre;1637177520183280;12199;255
fenetre;1637177520183285;12203;255
fenetre;1637177520183294;12210;255
fenetre;1637177520183324;12217;255
fenetre;1637177520183369;12224;255
fenetre;1637177520183375;12230;255
fenetre;1637177520183405;12236;255
fenetre;1637177520183433;12243;255
fenetre;1637177520183462;12252;255
fenetre;1637177520183489;12261;255
fenetre;1637177520183522;12274;255
fenetre;1637177520183542;12288;255
fenetre;1637177520183566;12300;255
fenetre;1637177520183591;12310;255
fenetre;1637177520183615;12317;255
fenetre;1637177520183656;12331;255
fenetre;1637177520183749;12347;255
fenetre;1637177520183793;12360;255
fenetre;1637177520183853;12371;255
fenetre;1637177520183879;12386;255
fenetre;1637177520183905;12400;255
fenetre;1637177520183935;12411;255
fenetre;1637177520183960;12419;255
fenetre;1637177520183985;12427;255
fenetre;1637177520184010;12435;255
fenetre;1637177520184042;12443;255
fenetre;1637177520184060;12451;255
fenetre;1637177520184091;12458;255
fenetre;1637177520184117;12469;255
fenetre;1637177520184140;12479;255
fenetre;1637177520184165;12487;255
fenetre;1637177520184192;12494;255
fenetre;1637177520184230;12503;255
fenetre;1637177520184257;12515;255
fenetre;1637177520184284;12531;255
fenetre;1637177520184307;12548;255
fenetre;1637177520184331;12569;255
fenetre;1637177520184367;12581;255
fenetre;1637177520184394;12590;255
fenetre;1637177520184421;12597;255
fenetre;1637177520184449;12604;255
fenetre;1637177520184475;12614;255
fenetre;1637177520184499;12623;255
fenetre;1637177520184526;12634;255
fenetre;1637177520184551;12644;255
fenetre;1637177520184574;12652;255
fenetre;1637177520184600;12659;255
fenetre;1637177520184626;12666;255
fenetre;1637177520184652;12673;255
fenetre;1637177520184677;12682;255
fenetre;1637177520184704;12690;255
fenetre;1637177520184733;12699;255
fenetre;1637177520184756;12707;255
fenetre;1637177520184787;12738;255
fenetre;1637177520184810;12746;255
fenetre;1637177520184836;12755;255
fenetre;1637177520184862;12763;255
fenetre;1637177520184889;12771;255
fenetre;1637177520184914;12779;255
fenetre;1637177520184942;12787;255
fenetre;1637177520184966;12795;255
fenetre;1637177520184994;12803;255
fenetre;1637177520185019;12810;255
fenetre;1637177520185046;12818;255
fenetre;1637177520185071;12826;255
fenetre;1637177520185097;12834;255
fenetre;1637177520185123;12842;255
fenetre;1637177520185149;12850;255
fenetre;1637177520185175;12857;255
fenetre;1637177520185199;12865;255
fenetre;1637177520185226;12873;255
fenetre;1637177520185252;12880;255
fenetre;1637177520185276;12888;255
fenetre;1637177520185304;12896;255
fenetre;1637177520185329;12903;255
fenetre;1637177520185355;12910;255
fenetre;1637177520185379;12918;255
fenetre;1637177520185407;12926;255
fenetre;1637177520185432;12934;255
fenetre;1637177520185456;12942;255
fenetre;1637177520185483;12950;255
fenetre;1637177520185507;12957;255
fenetre;1637177520185535;12965;255
fenetre;1637177520185560;12972;255
fenetre;1637177520185587;12981;255
fenetre;1637177520185611;12988;255
fenetre;1637177520185639;12996;255
fenetre;1637177520185664;13003;255
fenetre;1637177520185691;13011;255
fenetre;1637177520185716;13019;255
fenetre;1637177520185741;13027;255
fenetre;1637177520185768;13035;255
fenetre;1637177520185787;13042;255
fenetre;1637177520185801;13050;255
fenetre;1637177520185816;13057;255
fenetre;1637177520185830;13063;255
fenetre;1637177520185846;13070;255
fenetre;1637177520185861;13076;255
fenetre;1637177520185876;13084;255
fenetre;1637177520187712;14881;255
fenetre;1637177520187721;14890;255
fenetre;1637177520187726;14895;255
fenetre;1637177520187729;14899;255
fenetre;1637177520187733;14902;255
fenetre;1637177520187736;14905;255
fenetre;1637177520187740;14909;255
fenetre;1637177520187743;14913;255
fenetre;1637177520187747;14916;255
fenetre;1637177520187752;14921;255
fenetre;1637177520187756;14924;255
fenetre;1637177520187759;14929;255
fenetre;1637177520187762;14932;255
fenetre;1637177520187766;14935;255
fenetre;1637177520187770;14938;255
fenetre;1637177520187773;14943;255
fenetre;1637177520187778;14947;255
fenetre;1637177520187781;14950;255
fenetre;1637177520187785;14954;255
fenetre;1637177520187788;14957;255
fenetre;1637177520187791;14961;255
fenetre;1637177520187795;14964;255
fenetre;1637177520187798;14967;255
fenetre;1637177520187803;14971;255
fenetre;1637177520187806;14976;255
fenetre;1637177520187810;14979;255
fenetre;1637177520187813;14982;255
fenetre;1637177520187817;14985;255
fenetre;1637177520187820;14990;255
fenetre;1637177520187824;14993;255
fenetre;1637177520187828;14997;255
fenetre;1637177520187832;15001;255
fenetre;1637177520187835;15005;255
fenetre;1637177520187839;15008;255
fenetre;1637177520187843;15012;255
fenetre;1637177520187847;15016;255
fenetre;1637177520187864;15028;255
fenetre;1637177520187872;15035;255
fenetre;1637177520187877;15040;255
fenetre;1637177520187880;15044;255
fenetre;1637177520187884;15047;255
fenetre;1637177520187891;15055;255
fenetre;1637177520187896;15059;255
fenetre;1637177520187900;15063;255
fenetre;1637177520187903;15067;255
fenetre;1637177520187907;15070;255
fenetre;1637177520187911;15073;255
fenetre;1637177520187914;15078;255
fenetre;1637177520187918;15081;255
fenetre;1637177520187921;15084;255
fenetre;1637177520187925;15088;255
fenetre;1637177520187928;15092;255
fenetre;1637177520187932;15095;255
fenetre;1637177520187937;15100;255
fenetre;1637177520187941;15104;255
fenetre;1637177520187944;15107;255
fenetre;1637177520187947;15111;255
fenetre;1637177520187951;15114;255
fenetre;1637177520187954;15117;255
fenetre;1637177520187958;15121;255
fenetre;1637177520187961;15125;255
fenetre;1637177520187966;15130;255
fenetre;1637177520187970;15133;255
fenetre;1637177520187973;15136;255
fenetre;1637177520187977;15140;255
fenetre;1637177520187980;15144;255
fenetre;1637177520187984;15147;255
fenetre;1637177520187996;15154;255
fenetre;1637177520188022;15164;255
fenetre;1637177520188046;15174;255
fenetre;1637177520188070;15182;255
fenetre;1637177520188099;15212;255
fenetre;1637177520188125;15221;255
fenetre;1637177520188153;15232;255
fenetre;1637177520188177;15241;255
fenetre;1637177520188207;15252;255
fenetre;1637177520188230;15261;255
fenetre;1637177520188256;15269;255
fenetre;1637177520188282;15276;255
fenetre;1637177520188307;15285;255
fenetre;1637177520188334;15292;255
fenetre;1637177520188360;15301;255
fenetre;1637177520188384;15308;255
fenetre;1637177520188412;15316;255
fenetre;1637177520188437;15324;255
fenetre;1637177520188464;15332;255
fenetre;1637177520188488;15340;255
fenetre;1637177520188516;15348;255
fenetre;1637177520188542;15355;255
fenetre;1637177520188566;15364;255
fenetre;1637177520188593;15371;255
fenetre;1637177520188619;15378;255
fenetre;1637177520188644;15386;255
fenetre;1637177520188671;15393;255
fenetre;1637177520188697;15401;255
fenetre;1637177520188724;15408;255
fenetre;1637177520188749;15416;255
fenetre;1637177520188776;15424;255
fenetre;1637177520188802;15431;255
fenetre;1637177520188827;15439;255
fenetre;1637177520188854;15447;255
fenetre;1637177520188879;15454;255
fenetre;1637177520188906;15462;255
fenetre;1637177520188930;15469;255
fenetre;1637177520188957;15478;255
fenetre;1637177520188982;15485;255
fenetre;1637177520189009;15493;255
fenetre;1637177520189033;15501;255
fenetre;1637177520189060;15509;255
fenetre;1637177520189085;15516;255
fenetre;1637177520189113;15524;255
fenetre;1637177520189137;15532;255
fenetre;1637177520189164;15539;255
fenetre;1637177520189190;15547;255
fenetre;1637177520189216;15554;255
fenetre;1637177520189240;15561;255
fenetre;1637177520189268;15570;255
fenetre;1637177520189292;15577;255
fenetre;1637177520189320;15585;255
fenetre;1637177520189344;15593;255
fenetre;1637177520189372;15600;255
fenetre;1637177520189397;15608;255
fenetre;1637177520189424;15617;255
fenetre;1637177520189450;15624;255
fenetre;1637177520189475;15631;255
fenetre;1637177520189502;15638;255
fenetre;1637177520189528;15646;255
fenetre;1637177520189552;15654;255
fenetre;1637177520189580;15663;255
fenetre;1637177520189605;15670;255
fenetre;1637177520189632;15677;255
fenetre;1637177520189657;15686;255
fenetre;1637177520189681;15693;255
fenetre;1637177520189710;15701;255
fenetre;1637177520189734;15708;255
fenetre;1637177520189761;15716;255
fenetre;1637177520189787;15724;255
fenetre;1637177520189811;15732;255
fenetre;1637177520189838;15740;255
fenetre;1637177520189863;15747;255
fenetre;1637177520189889;15754;255
fenetre;1637177520189914;15762;255
fenetre;1637177520189938;15769;255
fenetre;1637177520189966;15777;255
fenetre;1637177520189991;15784;255
fenetre;1637177520190018;15793;255
fenetre;1637177520190043;15800;255
fenetre;1637177520190069;15808;255
fenetre;1637177520190096;15816;255
fenetre;1637177520190120;15824;255
fenetre;1637177520190148;15832;255
fenetre;1637177520190174;15839;255
fenetre;1637177520190198;15847;255
fenetre;1637177520190226;15854;255
fenetre;1637177520190251;15863;255
fenetre;1637177520190277;15870;255
fenetre;1637177520190302;15878;255
fenetre;1637177520190328;15885;255
fenetre;1637177520190355;15893;255
fenetre;1637177520190379;15901;255
fenetre;1637177520190406;15909;255
fenetre;1637177520190431;15917;255
fenetre;1637177520190458;15924;255
fenetre;1637177520190482;15932;255
fenetre;1637177520190510;15940;255
fenetre;1637177520190536;15948;255
fenetre;1637177520190560;15955;255
fenetre;1637177520190588;15963;255
fenetre;1637177520190612;15971;255
fenetre;1637177520190639;15979;255
fenetre;1637177520190664;15986;255
fenetre;1637177520190690;15993;255
fenetre;1637177520190717;16002;255
fenetre;1637177520190741;16009;255
fenetre;1637177520190769;16017;255
fenetre;1637177520190793;16024;255
fenetre;1637177520190820;16033;255
fenetre;1637177520190844;16040;255
fenetre;1637177520190871;16047;255
fenetre;1637177520190897;16056;255
fenetre;1637177520190921;16063;255
fenetre;1637177520190950;16071;255
fenetre;1637177520190974;16079;255
fenetre;1637177520191001;16086;255
fenetre;1637177520191027;16094;255
fenetre;1637177520191051;16102;255
fenetre;1637177520191078;16110;255
fenetre;1637177520191104;16118;255
fenetre;1637177520191129;16142;255
fenetre;1637177520191157;16150;255
fenetre;1637177520191182;16158;255
fenetre;1637177520191208;16166;255
fenetre;1637177520191232;16174;255
fenetre;1637177520191259;16182;255
fenetre;1637177520191284;16190;255
fenetre;1637177520191312;16197;255
fenetre;1637177520191338;16205;255
fenetre;1637177520191364;16213;255
fenetre;1637177520191389;16221;255
fenetre;1637177520191416;16229;255
fenetre;1637177520191440;16237;255
fenetre;1637177520191468;16245;255
fenetre;1637177520191492;16252;255
fenetre;1637177520191519;16259;255
fenetre;1637177520191545;16268;255
fenetre;1637177520191585;16290;255
fenetre;1637177520191612;16298;255
fenetre;1637177520191636;16306;255
fenetre;1637177520191661;16313;255
fenetre;1637177520191687;16320;255
fenetre;1637177520191710;16328;255
fenetre;1637177520191737;16335;255
fenetre;1637177520191762;16343;255
fenetre;1637177520191785;16351;255
fenetre;1637177520191812;16358;255
fenetre;1637177520191838;16365;255
fenetre;1637177520191862;16374;255
fenetre;1637177520191889;16381;255
fenetre;1637177520191913;16389;255
fenetre;1637177520191940;16396;255
fenetre;1637177520191965;16403;255
fenetre;1637177520191988;16410;255
fenetre;1637177520192015;16419;255
fenetre;1637177520192040;16426;255
fenetre;1637177520192064;16433;255
fenetre;1637177520192091;16441;255
fenetre;1637177520192117;16448;255
fenetre;1637177520192140;16455;255
fenetre;1637177520192168;16463;255
fenetre;1637177520192192;16471;255
fenetre;1637177520192217;16478;255
fenetre;1637177520192243;16486;255
fenetre;1637177520192269;16494;255
fenetre;1637177520192289;16502;255
fenetre;1637177520192305;16509;255
timeout;1637177521194113;16526;0
fenetre;1637177521195555;17958;127
fenetre;1637177521195568;17971;128
fenetre;1637177521195573;17976;129
fenetre;1637177521195578;17982;130
fenetre;1637177521195583;17987;131
fenetre;1637177521195588;17991;132
fenetre;1637177521195593;17996;133
fenetre;1637177521195599;18002;134
fenetre;1637177521195604;18006;135
fenetre;1637177521195609;18011;136
fenetre;1637177521195613;18017;137
fenetre;1637177521195618;18022;138
fenetre;1637177521195623;18027;139
fenetre;1637177521195628;18031;140
fenetre;1637177521195633;18036;141
fenetre;1637177521195638;18041;142
fenetre;1637177521195648;18050;143
fenetre;1637177521195653;18056;144
fenetre;1637177521195658;18061;145
fenetre;1637177521195663;18066;146
fenetre;1637177521195667;18070;147
fenetre;1637177521195672;18075;148
fenetre;1637177521195677;18081;149
fenetre;1637177521195682;18085;150
fenetre;1637177521195719;18107;151
fenetre;1637177521195741;18123;152
fenetre;1637177521195758;18135;153
fenetre;1637177521195829;18158;154
fenetre;1637177521195840;18170;155
fenetre;1637177521195867;18184;156
fenetre;1637177521195915;18203;157
fenetre;1637177521195927;18215;158
fenetre;1637177521196002;18237;159
fenetre;1637177521196020;18254;160
fenetre;1637177521196054;18274;161
fenetre;1637177521196077;18289;162
fenetre;1637177521196169;18310;163
fenetre;1637177521196182;18323;164
fenetre;1637177521196188;18329;165
fenetre;1637177521196228;18345;166
fenetre;1637177521196269;18369;167
fenetre;1637177521196318;18385;168
fenetre;1637177521196341;18398;169
fenetre;1637177521196372;18416;170
fenetre;1637177521196425;18436;171
fenetre;1637177521196454;18461;172
fenetre;1637177521196479;18473;173
fenetre;1637177521196533;18485;174
fenetre;1637177521196553;18495;175
fenetre;1637177521196594;18507;176
fenetre;1637177521196620;18517;177
fenetre;1637177521196661;18527;178
fenetre;1637177521196699;18540;179
fenetre;1637177521196735;18553;180
fenetre;1637177521196769;18565;181
fenetre;1637177521196807;18580;182
fenetre;1637177521196846;18598;183
fenetre;1637177521196893;18612;184
fenetre;1637177521196930;18625;185
fenetre;1637177521196967;18638;186
fenetre;1637177521197001;18649;187
fenetre;1637177521197042;18662;188
fenetre;1637177521197083;18674;189
fenetre;1637177521197114;18686;190
fenetre;1637177521197149;18695;191
fenetre;1637177521197205;18707;192
fenetre;1637177521197230;18717;193
fenetre;1637177521197276;18732;194
fenetre;1637177521197305;18748;195
fenetre;1637177521197378;18821;196
fenetre;1637177521197384;18827;197
fenetre;1637177521197422;18837;198
fenetre;1637177521197459;18847;199
fenetre;1637177521197499;18860;200
fenetre;1637177521197535;18874;201
fenetre;1637177521197569;18886;202
fenetre;1637177521197607;18897;203
fenetre;1637177521197645;18909;204
fenetre;1637177521197679;18919;205
fenetre;1637177521197718;18930;206
fenetre;1637177521197752;18941;207
fenetre;1637177521197792;18952;208
fenetre;1637177521197838;18965;209
fenetre;1637177521197862;18975;210
fenetre;1637177521197898;18985;211
fenetre;1637177521197942;19000;212
fenetre;1637177521197975;19016;213
fenetre;1637177521198008;19026;214
fenetre;1637177521198049;19037;215
fenetre;1637177521198084;19048;216
fenetre;1637177521198120;19060;217
fenetre;1637177521198153;19070;218
fenetre;1637177521198192;19081;219
fenetre;1637177521198229;19093;220
fenetre;1637177521198263;19103;221
fenetre;1637177521198300;19113;222
fenetre;1637177521198338;19124;223
fenetre;1637177521198375;19135;224
fenetre;1637177521198408;19146;225
fenetre;1637177521198447;19157;226
fenetre;1637177521198481;19167;227
fenetre;1637177521198519;19178;228
fenetre;1637177521198555;19190;229
fenetre;1637177521198589;19199;230
fenetre;1637177521198626;19210;231
fenetre;1637177521198661;19221;232
fenetre;1637177521198699;19232;233
fenetre;1637177521198733;19242;234
fenetre;1637177521198769;19252;235
fenetre;1637177521198807;19262;236
fenetre;1637177521198842;19272;237
fenetre;1637177521198881;19283;238
fenetre;1637177521198931;19308;239
fenetre;1637177521198962;19318;240
fenetre;1637177521198992;19327;241
fenetre;1637177521199020;19336;242
fenetre;1637177521199052;19345;243
fenetre;1637177521199081;19354;244
fenetre;1637177521199109;19363;245
fenetre;1637177521199142;19372;246
fenetre;1637177521199174;19382;247
fenetre;1637177521199205;19392;248
fenetre;1637177521199234;19402;249
fenetre;1637177521199264;19412;250
fenetre;1637177521199283;19421;251
fenetre;1637177521199298;19429;252
fenetre;1637177521199315;19436;253
fin;1637177521199506;19515;0
