type;temps;clock;fen
debut;1637177517079302;1816;0
fenetre;1637177517080147;1927;1
fenetre;1637177517080348;1970;2
fenetre;1637177517080591;1989;3
fenetre;1637177517080636;2033;4
fenetre;1637177517080822;2046;5
fenetre;1637177517080839;2058;6
fenetre;1637177517080860;2067;7
fenetre;1637177517080929;2132;8
fenetre;1637177517081100;2149;9
fenetre;1637177517081131;2165;10
fenetre;1637177517081161;2178;11
fenetre;1637177517081175;2186;12
fenetre;1637177517081193;2195;13
fenetre;1637177517081220;2213;14
fenetre;1637177517081230;2222;15
fenetre;1637177517081368;2347;16
fenetre;1637177517081374;2354;17
fenetre;1637177517081409;2369;18
fenetre;1637177517081435;2382;19
fenetre;1637177517081461;2392;20
fenetre;1637177517081491;2402;21
fenetre;1637177517081524;2412;22
fenetre;1637177517081554;2422;23
fenetre;1637177517081581;2431;24
fenetre;1637177517081618;2445;25
fenetre;1637177517081646;2458;26
fenetre;1637177517081676;2466;27
fenetre;1637177517081714;2486;28
fenetre;1637177517081737;2498;29
fenetre;1637177517081766;2507;30
fenetre;1637177517081786;2518;31
fenetre;1637177517082039;2766;32
fenetre;1637177517082047;2774;33
fenetre;1637177517082051;2778;34
fenetre;1637177517082056;2783;35
fenetre;1637177517082060;2787;36
fenetre;1637177517082073;2795;37
fenetre;1637177517082102;2804;38
fenetre;1637177517082132;2814;39
fenetre;1637177517082164;2826;40
fenetre;1637177517082197;2838;41
fenetre;1637177517082223;2848;42
fenetre;1637177517082257;2857;43
fenetre;1637177517082284;2867;44
fenetre;1637177517082316;2876;45
fenetre;1637177517082345;2885;46
fenetre;1637177517082379;2894;47
fenetre;1637177517082406;2903;48
fenetre;1637177517082438;2912;49
fenetre;1637177517082466;2921;50
fenetre;1637177517082500;2930;51
fenetre;1637177517082528;2939;52
fenetre;1637177517082561;2948;53
fenetre;1637177517082590;2957;54
fenetre;1637177517082624;2966;55
fenetre;1637177517082651;2975;56
fenetre;1637177517082684;2984;57
fenetre;1637177517082712;2993;58
fenetre;1637177517082745;3003;59
fenetre;1637177517082773;3012;60
fenetre;1637177517082804;3021;61
fenetre;1637177517082837;3035;62
fenetre;1637177517082852;3044;63
fenetre;1637177517083354;3537;64
fenetre;1637177517083363;3545;65
fenetre;1637177517083367;3550;66
fenetre;1637177517083372;3554;67
fenetre;1637177517083375;3558;68
fenetre;1637177517083379;3562;69
fenetre;1637177517083384;3566;70
fenetre;1637177517083388;3570;71
fenetre;1637177517083393;3575;72
fenetre;1637177517083397;3580;73
fenetre;1637177517083401;3583;74
fenetre;1637177517083405;3588;75
fenetre;1637177517083409;3592;76
fenetre;1637177517083413;3595;77
fenetre;1637177517083431;3604;78
fenetre;1637177517083457;3613;79
fenetre;1637177517083490;3623;80
fenetre;1637177517083519;3632;81
fenetre;1637177517083550;3642;82
fenetre;1637177517083578;3651;83
fenetre;1637177517083613;3661;84
fenetre;1637177517083640;3670;85
fenetre;1637177517083672;3679;86
fenetre;1637177517083700;3688;87
fenetre;1637177517083732;3698;88
fenetre;1637177517083761;3706;89
fenetre;1637177517083793;3714;90
fenetre;1637177517083821;3723;91
fenetre;1637177517083855;3733;92
fenetre;1637177517083883;3741;93
fenetre;1637177517083916;3751;94
fenetre;1637177517083944;3760;95
fenetre;1637177517083976;3769;96
fenetre;1637177517084005;3778;97
fenetre;1637177517084045;3786;98
fenetre;1637177517084073;3795;99
fenetre;1637177517084108;3802;100
fenetre;1637177517084149;3813;101
fenetre;1637177517084173;3823;102
fenetre;1637177517084206;3834;103
fenetre;1637177517084237;3845;104
fenetre;1637177517084264;3854;105
fenetre;1637177517084296;3864;106
fenetre;1637177517084326;3874;107
fenetre;1637177517084355;3883;108
fenetre;1637177517084384;3892;109
fenetre;1637177517084416;3901;110
fenetre;1637177517084444;3910;111
fenetre;1637177517084475;3918;112
fenetre;1637177517084505;3928;113
fenetre;1637177517084534;3937;114
fenetre;1637177517084566;3946;115
fenetre;1637177517084596;3955;116
fenetre;1637177517084627;3964;117
fenetre;1637177517084655;3972;118
fenetre;1637177517084687;3982;119
fenetre;1637177517084716;3991;120
fenetre;1637177517084745;4000;121
fenetre;1637177517084778;4008;122
fenetre;1637177517084807;4017;123
fenetre;1637177517084859;4069;124
fenetre;1637177517084864;4075;125
fenetre;1637177517084896;4083;126
fenetre;1637177517084916;4093;127
fenetre;1637177517085897;5067;128
fenetre;1637177517085903;5073;129
fenetre;1637177517085907;5076;130
fenetre;1637177517085912;5082;131
fenetre;1637177517085917;5086;132
fenetre;1637177517085921;5090;133
fenetre;1637177517085925;5094;134
fenetre;1637177517085929;5097;135
fenetre;1637177517085933;5102;136
fenetre;1637177517085937;5106;137
fenetre;1637177517085943;5113;138
fenetre;1637177517085947;5116;139
fenetre;1637177517085951;5121;140
fenetre;1637177517085955;5124;141
fenetre;1637177517085959;5128;142
fenetre;1637177517085963;5133;143
fenetre;1637177517085967;5136;144
fenetre;1637177517085972;5142;145
fenetre;1637177517085976;5145;146
fenetre;1637177517085980;5150;147
fenetre;1637177517085984;5153;148
fenetre;1637177517085988;5157;149
fenetre;1637177517085992;5162;150
fenetre;1637177517085996;5165;151
fenetre;1637177517086002;5172;152
fenetre;1637177517086006;5175;153
fenetre;1637177517086010;5180;154
fenetre;1637177517086014;5183;155
fenetre;1637177517086019;5188;156
fenetre;1637177517086023;5192;157
fenetre;1637177517086027;5196;158
fenetre;1637177517086031;5201;159
fenetre;1637177517086068;5211;160
fenetre;1637177517086098;5223;161
fenetre;1637177517086124;5233;162
fenetre;1637177517086158;5244;163
fenetre;1637177517086186;5254;164
fenetre;1637177517086214;5262;165
fenetre;1637177517086243;5271;166
fenetre;1637177517086273;5279;167
fenetre;1637177517086302;5290;168
fenetre;1637177517086334;5298;169
fenetre;1637177517086362;5307;170
fenetre;1637177517086391;5314;171
fenetre;1637177517086420;5324;172
fenetre;1637177517086448;5333;173
fenetre;1637177517086481;5341;174
fenetre;1637177517086510;5351;175
fenetre;1637177517086538;5360;176
fenetre;1637177517086570;5369;177
fenetre;1637177517086599;5378;178
fenetre;1637177517086630;5386;179
fenetre;1637177517086659;5396;180
fenetre;1637177517086688;5404;181
fenetre;1637177517086716;5413;182
fenetre;1637177517086748;5422;183
fenetre;1637177517086777;5431;184
fenetre;1637177517086805;5439;185
fenetre;1637177517086837;5448;186
fenetre;1637177517086866;5458;187
fenetre;1637177517086895;5468;188
fenetre;1637177517086927;5476;189
fenetre;1637177517086956;5485;190
fenetre;1637177517086985;5493;191
fenetre;1637177517087016;5501;192
fenetre;1637177517087047;5511;193
fenetre;1637177517087074;5520;194
fenetre;1637177517087107;5529;195
fenetre;1637177517087134;5538;196
fenetre;1637177517087167;5547;197
fenetre;1637177517087195;5556;198
fenetre;1637177517087228;5566;199
fenetre;1637177517087256;5575;200
fenetre;1637177517087287;5584;201
fenetre;1637177517087316;5593;202
fenetre;1637177517087345;5602;203
fenetre;1637177517087377;5611;204
fenetre;1637177517087406;5620;205
fenetre;1637177517087434;5628;206
fenetre;1637177517087466;5638;207
fenetre;1637177517087495;5647;208
fenetre;1637177517087522;5656;209
fenetre;1637177517087555;5664;210
fenetre;1637177517087584;5673;211
fenetre;1637177517087612;5682;212
fenetre;1637177517087644;5691;213
fenetre;1637177517087672;5699;214
fenetre;1637177517087703;5707;215
fenetre;1637177517087731;5716;216
fenetre;1637177517087763;5725;217
fenetre;1637177517087791;5734;218
fenetre;1637177517087823;5744;219
fenetre;1637177517087852;5752;220
fenetre;1637177517087879;5761;221
fenetre;1637177517087912;5770;222
fenetre;1637177517087941;5778;223
fenetre;1637177517087970;5786;224
fenetre;1637177517088000;5795;225
fenetre;1637177517088027;5804;226
fenetre;1637177517088059;5812;227
fenetre;1637177517088089;5822;228
fenetre;1637177517088118;5831;229
fenetre;1637177517088147;5840;230
fenetre;1637177517088180;5850;231
fenetre;1637177517088209;5859;232
fenetre;1637177517088241;5869;233
fenetre;1637177517088268;5877;234
fenetre;1637177517088300;5886;235
fenetre;1637177517088329;5895;236
fenetre;1637177517088357;5904;237
fenetre;1637177517088388;5913;238
fenetre;1637177517088421;5925;239
fenetre;1637177517088449;5934;240
fenetre;1637177517088482;5943;241
fenetre;1637177517088512;5953;242
fenetre;1637177517088541;5961;243
fenetre;1637177517088576;5996;244
fenetre;1637177517088598;6004;245
fenetre;1637177517088628;6013;246
fenetre;1637177517088657;6023;247
fenetre;1637177517088689;6033;248
fenetre;1637177517088718;6042;249
fenetre;1637177517088747;6050;250
fenetre;1637177517088776;6059;251
fenetre;1637177517088807;6068;252
fenetre;1637177517088835;6077;253
fenetre;1637177517088855;6087;254
fenetre;1637177517088870;6095;255
fenetre;1637177517090811;8012;255
fenetre;1637177517090818;8019;255
fenetre;1637177517090822;8023;255
fenetre;1637177517090826;8027;255
fenetre;1637177517090831;8031;255
fenetre;1637177517090834;8036;255
fenetre;1637177517090840;8040;255
fenetre;1637177517090844;8045;255
fenetre;1637177517090848;8049;255
fenetre;1637177517090851;8052;255
fenetre;1637177517090855;8057;255
fenetre;1637177517090859;8060;255
fenetre;1637177517090863;8064;255
fenetre;1637177517090869;8070;255
fenetre;1637177517090873;8074;255
fenetre;1637177517090877;8078;255
fenetre;1637177517090881;8082;255
fenetre;1637177517090885;8085;255
fenetre;1637177517090889;8090;255
fenetre;1637177517090893;8093;255
fenetre;1637177517090898;8098;255
fenetre;1637177517090902;8103;255
fenetre;1637177517090906;8107;255
fenetre;1637177517090910;8111;255
fenetre;1637177517090914;8115;255
fenetre;1637177517090918;8119;255
fenetre;1637177517090922;8123;255
fenetre;1637177517090927;8128;255
fenetre;1637177517090931;8133;255
fenetre;1637177517090935;8136;255
fenetre;1637177517090939;8139;255
fenetre;1637177517090943;8144;255
fenetre;1637177517090946;8147;255
fenetre;1637177517090950;8151;255
fenetre;1637177517090954;8155;255
fenetre;1637177517090958;8159;255
fenetre;1637177517090962;8163;255
fenetre;1637177517090966;8167;255
fenetre;1637177517090970;8170;255
fenetre;1637177517090974;8175;255
fenetre;1637177517090992;8193;255
fenetre;1637177517090996;8196;255
fenetre;1637177517091002;8203;255
fenetre;1637177517091006;8207;255
fenetre;1637177517091010;8211;255
fenetre;1637177517091013;8214;255
fenetre;1637177517091017;8218;255
fenetre;1637177517091021;8221;255
fenetre;1637177517091025;8226;255
fenetre;1637177517091030;8231;255
fenetre;1637177517091034;8235;255
fenetre;1637177517091038;8239;255
fenetre;1637177517091042;8242;255
fenetre;1637177517091045;8247;255
fenetre;1637177517091049;8250;255
fenetre;1637177517091053;8254;255
fenetre;1637177517091058;8260;255
fenetre;1637177517091063;8264;255
fenetre;1637177517091066;8267;255
fenetre;1637177517091070;8270;255
fenetre;1637177517091074;8275;255
fenetre;1637177517091078;8279;255
fenetre;1637177517091082;8283;255
fenetre;1637177517091093;8290;255
fenetre;1637177517091125;8301;255
fenetre;1637177517091148;8310;255
fenetre;1637177517091181;8322;255
fenetre;1637177517091206;8333;255
fenetre;1637177517091235;8341;255
fenetre;1637177517091263;8350;255
fenetre;1637177517091294;8360;255
fenetre;1637177517091320;8369;255
fenetre;1637177517091349;8379;255
fenetre;1637177517091377;8387;255
fenetre;1637177517091405;8395;255
fenetre;1637177517091435;8404;255
fenetre;1637177517091463;8412;255
fenetre;1637177517091489;8421;255
fenetre;1637177517091521;8430;255
fenetre;1637177517091549;8438;255
fenetre;1637177517091575;8447;255
fenetre;1637177517091606;8456;255
fenetre;1637177517091633;8463;255
fenetre;1637177517091662;8472;255
fenetre;1637177517091691;8481;255
fenetre;1637177517091717;8489;255
fenetre;1637177517091747;8498;255
fenetre;1637177517091774;8506;255
fenetre;1637177517091804;8515;255
fenetre;1637177517091831;8523;255
fenetre;1637177517091864;8532;255
fenetre;1637177517091890;8540;255
fenetre;1637177517091920;8548;255
fenetre;1637177517091948;8557;255
fenetre;1637177517091975;8566;255
fenetre;1637177517092007;8575;255
fenetre;1637177517092032;8582;255
fenetre;1637177517092062;8591;255
fenetre;1637177517092089;8600;255
fenetre;1637177517092118;8608;255
fenetre;1637177517092146;8617;255
fenetre;1637177517092174;8625;255
fenetre;1637177517092203;8634;255
fenetre;1637177517092232;8642;255
fenetre;1637177517092260;8651;255
fenetre;1637177517092286;8658;255
fenetre;1637177517092317;8667;255
fenetre;1637177517092345;8675;255
fenetre;1637177517092371;8684;255
fenetre;1637177517092401;8714;255
fenetre;1637177517092432;8722;255
fenetre;1637177517092457;8732;255
fenetre;1637177517092485;8741;255
fenetre;1637177517092514;8749;255
fenetre;1637177517092540;8757;255
fenetre;1637177517092571;8766;255
fenetre;1637177517092597;8775;255
fenetre;1637177517092627;8783;255
fenetre;1637177517092654;8791;255
fenetre;1637177517092684;8800;255
fenetre;1637177517092710;8809;255
fenetre;1637177517092740;8816;255
fenetre;1637177517092768;8825;255
fenetre;1637177517092795;8833;255
fenetre;1637177517092823;8842;255
fenetre;1637177517092852;8850;255
fenetre;1637177517092878;8859;255
fenetre;1637177517092909;8868;255
fenetre;1637177517092936;8877;255
fenetre;1637177517092967;8886;255
fenetre;1637177517092995;8894;255
fenetre;1637177517093023;8903;255
fenetre;1637177517093051;8911;255
fenetre;1637177517093080;8918;255
fenetre;1637177517093106;8927;255
fenetre;1637177517093137;8936;255
fenetre;1637177517093165;8944;255
fenetre;1637177517093192;8953;255
fenetre;1637177517093222;8962;255
fenetre;1637177517093250;8970;255
fenetre;1637177517093279;8978;255
fenetre;1637177517093305;8986;255
fenetre;1637177517093335;8995;255
fenetre;1637177517093363;9003;255
fenetre;1637177517093390;9011;255
fenetre;1637177517093422;9020;255
fenetre;1637177517093449;9029;255
fenetre;1637177517093478;9037;255
fenetre;1637177517093507;9046;255
fenetre;1637177517093533;9053;255
fenetre;1637177517093563;9062;255
fenetre;1637177517093592;9071;255
fenetre;1637177517093618;9079;255
fenetre;1637177517093648;9088;255
fenetre;1637177517093674;9097;255
fenetre;1637177517093705;9106;255
fenetre;1637177517093731;9113;255
fenetre;1637177517093761;9122;255
fenetre;1637177517093790;9130;255
fenetre;1637177517093816;9139;255
fenetre;1637177517093846;9148;255
fenetre;1637177517093874;9156;255
fenetre;1637177517093901;9164;255
fenetre;1637177517093931;9173;255
fenetre;1637177517093957;9182;255
fenetre;1637177517093988;9191;255
fenetre;1637177517094014;9198;255
fenetre;1637177517094042;9206;255
fenetre;1637177517094073;9214;255
fenetre;1637177517094100;9223;255
fenetre;1637177517094128;9232;255
fenetre;1637177517094157;9239;255
fenetre;1637177517094183;9248;255
fenetre;1637177517094213;9257;255
fenetre;1637177517094241;9265;255
fenetre;1637177517094267;9274;255
fenetre;1637177517094297;9283;255
fenetre;1637177517094325;9291;255
fenetre;1637177517094352;9300;255
fenetre;1637177517094381;9307;255
fenetre;1637177517094409;9316;255
fenetre;1637177517094438;9324;255
fenetre;1637177517094464;9332;255
fenetre;1637177517094496;9342;255
fenetre;1637177517094522;9349;255
fenetre;1637177517094554;9358;255
fenetre;1637177517094580;9367;255
fenetre;1637177517094610;9375;255
fenetre;1637177517094638;9384;255
fenetre;1637177517094664;9392;255
fenetre;1637177517094696;9400;255
fenetre;1637177517094725;9409;255
fenetre;1637177517094751;9418;255
fenetre;1637177517094781;9427;255
fenetre;1637177517094808;9434;255
fenetre;1637177517094838;9443;255
fenetre;1637177517094865;9452;255
fenetre;1637177517094896;9461;255
fenetre;1637177517094922;9470;255
fenetre;1637177517094952;9478;255
fenetre;1637177517094981;9487;255
fenetre;1637177517095007;9495;255
fenetre;1637177517095038;9503;255
fenetre;1637177517095066;9512;255
fenetre;1637177517095107;9535;255
fenetre;1637177517095136;9543;255
fenetre;1637177517095163;9551;255
fenetre;1637177517095189;9559;255
fenetre;1637177517095217;9568;255
fenetre;1637177517095246;9575;255
fenetre;1637177517095271;9584;255
fenetre;1637177517095301;9593;255
fenetre;1637177517095326;9600;255
fenetre;1637177517095356;9609;255
fenetre;1637177517095383;9617;255
fenetre;1637177517095409;9625;255
fenetre;1637177517095438;9633;255
fenetre;1637177517095465;9640;255
fenetre;1637177517095492;9649;255
fenetre;1637177517095518;9656;255
fenetre;1637177517095547;9665;255
fenetre;1637177517095574;9673;255
fenetre;1637177517095600;9681;255
fenetre;1637177517095629;9690;255
fenetre;1637177517095655;9697;255
fenetre;1637177517095684;9705;255
fenetre;1637177517095709;9713;255
fenetre;1637177517095739;9721;255
fenetre;1637177517095767;9730;255
fenetre;1637177517095800;9763;255
fenetre;1637177517095826;9771;255
fenetre;1637177517095848;9780;255
fenetre;1637177517095878;9788;255
fenetre;1637177517095905;9797;255
fenetre;1637177517095930;9805;255
fenetre;1637177517095959;9813;255
fenetre;1637177517095987;9822;255
fenetre;1637177517096013;9829;255
fenetre;1637177517096042;9838;255
fenetre;1637177517096070;9846;255
fenetre;1637177517096095;9854;255
fenetre;1637177517096126;9863;255
fenetre;1637177517096152;9870;255
fenetre;1637177517096180;9879;255
fenetre;1637177517096207;9887;255
fenetre;1637177517096236;9896;255
fenetre;1637177517096263;9904;255
fenetre;1637177517096289;9912;255
fenetre;1637177517096319;9920;255
fenetre;1637177517096347;9929;255
fenetre;1637177517096372;9938;255
fenetre;1637177517096403;9946;255
fenetre;1637177517096429;9955;255
fenetre;1637177517096446;9964;255
fenetre;1637177517096461;9970;255
fenetre;1637177517098202;11703;255
fenetre;1637177517098208;11710;255
fenetre;1637177517098212;11714;255
fenetre;1637177517098216;11717;255
fenetre;1637177517098220;11721;255
fenetre;1637177517098223;11725;255
fenetre;1637177517098227;11728;255
fenetre;1637177517098231;11731;255
fenetre;1637177517098235;11737;255
fenetre;1637177517098239;11740;255
fenetre;1637177517098242;11743;255
fenetre;1637177517098246;11748;255
fenetre;1637177517098249;11751;255
fenetre;1637177517098253;11754;255
fenetre;1637177517098257;11757;255
fenetre;1637177517098261;11763;255
fenetre;1637177517098265;11766;255
fenetre;1637177517098268;11769;255
fenetre;1637177517098272;11773;255
fenetre;1637177517098275;11777;255
fenetre;1637177517098279;11780;255
fenetre;1637177517098282;11783;255
fenetre;1637177517098287;11789;255
fenetre;1637177517098291;11792;255
fenetre;1637177517098295;11796;255
fenetre;1637177517098298;11799;255
fenetre;1637177517098302;11803;255
fenetre;1637177517098305;11806;255
fenetre;1637177517098309;11810;255
fenetre;1637177517098314;11814;255
fenetre;1637177517098317;11819;255
fenetre;1637177517098321;11822;255
fenetre;1637177517098324;11825;255
fenetre;1637177517098328;11830;255
fenetre;1637177517098331;11833;255
fenetre;1637177517098335;11836;255
fenetre;1637177517098340;11840;255
fenetre;1637177517098343;11845;255
fenetre;1637177517098347;11848;255
fenetre;1637177517098350;11851;255
fenetre;1637177517098354;11855;255
fenetre;1637177517098358;11859;255
fenetre;1637177517098361;11862;255
fenetre;1637177517098366;11867;255
fenetre;1637177517098369;11871;255
fenetre;1637177517098373;11874;255
fenetre;1637177517098376;11877;255
fenetre;1637177517098380;11881;255
fenetre;1637177517098384;11886;255
fenetre;1637177517098388;11889;255
fenetre;1637177517098393;11894;255
fenetre;1637177517098397;11898;255
fenetre;1637177517098400;11902;255
fenetre;1637177517098404;11905;255
fenetre;1637177517098407;11908;255
fenetre;1637177517098411;11913;255
fenetre;1637177517098415;11916;255
fenetre;1637177517098420;11921;255
fenetre;1637177517098425;11926;255
fenetre;1637177517098429;11930;255
fenetre;1637177517098432;11934;255
fenetre;1637177517098436;11937;255
fenetre;1637177517098440;11940;255
fenetre;1637177517098443;11945;255
fenetre;1637177517098449;11950;255
fenetre;1637177517098452;11953;255
fenetre;1637177517098456;11957;255
fenetre;1637177517098480;11965;255
fenetre;1637177517098505;11973;255
fenetre;1637177517098534;11982;255
fenetre;1637177517098558;11989;255
fenetre;1637177517098587;11998;255
fenetre;1637177517098612;12005;255
fenetre;1637177517098640;12014;255
fenetre;1637177517098665;12022;255
fenetre;1637177517098693;12030;255
fenetre;1637177517098718;12038;255
fenetre;1637177517098747;12045;255
fenetre;1637177517098771;12054;255
fenetre;1637177517098800;12062;255
fenetre;1637177517098824;12069;255
fenetre;1637177517098852;12078;255
fenetre;1637177517098877;12085;255
fenetre;1637177517098906;12094;255
fenetre;1637177517098931;12101;255
fenetre;1637177517098959;12109;255
fenetre;1637177517098983;12118;255
fenetre;1637177517099012;12125;255
fenetre;1637177517099037;12134;255
fenetre;1637177517099069;12145;255
fenetre;1637177517099092;12155;255
fenetre;1637177517099117;12163;255
fenetre;1637177517099148;12194;255
fenetre;1637177517099175;12202;255
fenetre;1637177517099198;12210;255
fenetre;1637177517099226;12218;255
fenetre;1637177517099252;12227;255
fenetre;1637177517099277;12235;255
fenetre;1637177517099306;12243;255
fenetre;1637177517099331;12251;255
fenetre;1637177517099359;12260;255
fenetre;1637177517099385;12267;255
fenetre;1637177517099412;12276;255
fenetre;1637177517099437;12283;255
fenetre;1637177517099467;12292;255
fenetre;1637177517099491;12300;255
fenetre;1637177517099519;12307;255
fenetre;1637177517099544;12315;255
fenetre;1637177517099573;12323;255
fenetre;1637177517099599;12332;255
fenetre;1637177517099624;12339;255
fenetre;1637177517099652;12348;255
fenetre;1637177517099677;12355;255
fenetre;1637177517099706;12364;255
fenetre;1637177517099730;12371;255
fenetre;1637177517099758;12380;255
fenetre;1637177517099785;12387;255
fenetre;1637177517099810;12396;255
fenetre;1637177517099838;12403;255
fenetre;1637177517099863;12411;255
fenetre;1637177517099891;12419;255
fenetre;1637177517099916;12427;255
fenetre;1637177517099945;12436;255
fenetre;1637177517099969;12443;255
fenetre;1637177517099998;12452;255
fenetre;1637177517100022;12459;255
fenetre;1637177517100051;12468;255
fenetre;1637177517100075;12476;255
fenetre;1637177517100103;12484;255
fenetre;1637177517100129;12491;255
fenetre;1637177517100155;12498;255
fenetre;1637177517100180;12507;255
fenetre;1637177517100209;12515;255
fenetre;1637177517100234;12522;255
fenetre;1637177517100262;12531;255
fenetre;1637177517100287;12538;255
fenetre;1637177517100316;12547;255
fenetre;1637177517100341;12555;255
fenetre;1637177517100369;12562;255
fenetre;1637177517100394;12571;255
fenetre;1637177517100422;12578;255
fenetre;1637177517100447;12586;255
fenetre;1637177517100475;12594;255
fenetre;1637177517100500;12602;255
fenetre;1637177517100529;12610;255
fenetre;1637177517100555;12618;255
fenetre;1637177517100579;12626;255
fenetre;1637177517100608;12634;255
fenetre;1637177517100635;12642;255
fenetre;1637177517100662;12649;255
fenetre;1637177517100687;12657;255
fenetre;1637177517100716;12665;255
fenetre;1637177517100740;12673;255
fenetre;1637177517100768;12680;255
fenetre;1637177517100794;12689;255
fenetre;1637177517100820;12697;255
fenetre;1637177517100847;12705;255
fenetre;1637177517100872;12713;255
fenetre;1637177517100901;12721;255
fenetre;1637177517100925;12729;255
fenetre;1637177517100954;12737;255
fenetre;1637177517100979;12745;255
fenetre;1637177517101008;12753;255
fenetre;1637177517101035;12761;255
fenetre;1637177517101059;12769;255
fenetre;1637177517101088;12777;255
fenetre;1637177517101113;12784;255
fenetre;1637177517101141;12793;255
fenetre;1637177517101165;12801;255
fenetre;1637177517101194;12808;255
fenetre;1637177517101219;12816;255
fenetre;1637177517101246;12824;255
fenetre;1637177517101273;12832;255
fenetre;1637177517101302;12840;255
fenetre;1637177517101328;12848;255
fenetre;1637177517101355;12857;255
fenetre;1637177517101380;12864;255
fenetre;1637177517101408;12873;255
fenetre;1637177517101433;12880;255
fenetre;1637177517101462;12888;255
fenetre;1637177517101486;12896;255
fenetre;1637177517101514;12904;255
fenetre;1637177517101538;12912;255
fenetre;1637177517101567;12920;255
fenetre;1637177517101591;12928;255
fenetre;1637177517101622;12936;255
fenetre;1637177517101647;12944;255
fenetre;1637177517101674;12953;255
fenetre;1637177517101698;12960;255
fenetre;1637177517101727;12969;255
fenetre;1637177517101751;12976;255
fenetre;1637177517101779;12985;255
fenetre;1637177517101804;12993;255
fenetre;1637177517101832;13000;255
fenetre;1637177517101857;13009;255
fenetre;1637177517101885;13016;255
fenetre;1637177517101910;13024;255
fenetre;1637177517101939;13032;255
fenetre;1637177517101964;13040;255
fenetre;1637177517101993;13048;255
fenetre;1637177517102017;13056;255
fenetre;1637177517102046;13064;255
fenetre;1637177517102070;13072;255
fenetre;1637177517102099;13080;255
fenetre;1637177517102123;13087;255
fenetre;1637177517102152;13096;255
fenetre;1637177517102177;13104;255
fenetre;1637177517102205;13112;255
fenetre;1637177517102230;13120;255
fenetre;1637177517102256;13145;255
fenetre;1637177517102287;13153;255
fenetre;1637177517102312;13161;255
fenetre;1637177517102339;13169;255
fenetre;1637177517102364;13177;255
fenetre;1637177517102389;13186;255
fenetre;1637177517102426;13196;255
fenetre;1637177517102446;13205;255
fenetre;1637177517102472;13213;255
fenetre;1637177517102496;13221;255
fenetre;1637177517102523;13229;255
fenetre;1637177517102554;13239;255
fenetre;1637177517102581;13249;255
fenetre;1637177517102606;13257;255
fenetre;1637177517102628;13264;255
fenetre;1637177517102661;13274;255
fenetre;1637177517102686;13283;255
fenetre;1637177517102711;13291;255
fenetre;1637177517102742;13300;255
fenetre;1637177517102766;13309;255
fenetre;1637177517102794;13316;255
fenetre;1637177517102818;13325;255
fenetre;1637177517102846;13332;255
fenetre;1637177517102871;13341;255
fenetre;1637177517102899;13348;255
fenetre;1637177517102924;13356;255
fenetre;1637177517102952;13365;255
fenetre;1637177517102977;13372;255
fenetre;1637177517103005;13381;255
fenetre;1637177517103029;13388;255
fenetre;1637177517103057;13397;255
fenetre;1637177517103082;13405;255
fenetre;1637177517103110;13412;255
fenetre;1637177517103135;13420;255
fenetre;1637177517103162;13428;255
fenetre;1637177517103187;13436;255
fenetre;1637177517103216;13444;255
fenetre;1637177517103241;13452;255
fenetre;1637177517103269;13461;255
fenetre;1637177517103294;13468;255
fenetre;1637177517103322;13476;255
fenetre;1637177517103347;13484;255
fenetre;1637177517103372;13493;255
fenetre;1637177517103400;13500;255
fenetre;1637177517103417;13508;255
fenetre;1637177517103432;13515;255
fenetre;1637177517105158;15230;255
fenetre;1637177517105167;15239;255
fenetre;1637177517105172;15243;255
fenetre;1637177517105176;15247;255
fenetre;1637177517105180;15251;255
fenetre;1637177517105184;15255;255
fenetre;1637177517105187;15258;255
fenetre;1637177517105191;15263;255
fenetre;1637177517105194;15266;255
fenetre;1637177517105198;15269;255
fenetre;1637177517105201;15273;255
fenetre;1637177517105206;15277;255
fenetre;1637177517105209;15281;255
fenetre;1637177517105213;15284;255
fenetre;1637177517105216;15287;255
fenetre;1637177517105220;15292;255
fenetre;1637177517105223;15295;255
fenetre;1637177517105227;15298;255
fenetre;1637177517105232;15303;255
fenetre;1637177517105235;15307;255
fenetre;1637177517105239;15310;255
fenetre;1637177517105242;15313;255
fenetre;1637177517105246;15318;255
fenetre;1637177517105249;15321;255
fenetre;1637177517105253;15324;255
fenetre;1637177517105258;15329;255
fenetre;1637177517105262;15334;255
fenetre;1637177517105265;15337;255
fenetre;1637177517105269;15340;255
fenetre;1637177517105272;15343;255
fenetre;1637177517105276;15348;255
fenetre;1637177517105279;15351;255
fenetre;1637177517105285;15356;255
fenetre;1637177517105288;15360;255
fenetre;1637177517105292;15363;255
fenetre;1637177517105295;15367;255
fenetre;1637177517105299;15370;255
fenetre;1637177517105302;15374;255
fenetre;1637177517105306;15377;255
fenetre;1637177517105311;15383;255
fenetre;1637177517105315;15387;255
fenetre;1637177517105318;15390;255
fenetre;1637177517105322;15393;255
fenetre;1637177517105325;15396;255
fenetre;1637177517105329;15401;255
fenetre;1637177517105332;15404;255
fenetre;1637177517105337;15409;255
fenetre;1637177517105341;15412;255
fenetre;1637177517105344;15416;255
fenetre;1637177517105348;15419;255
fenetre;1637177517105351;15423;255
fenetre;1637177517105355;15427;255
fenetre;1637177517105358;15430;255
fenetre;1637177517105364;15435;255
fenetre;1637177517105367;15438;255
fenetre;1637177517105371;15443;255
fenetre;1637177517105374;15446;255
fenetre;1637177517105378;15449;255
fenetre;1637177517105381;15452;255
fenetre;1637177517105385;15457;255
fenetre;1637177517105390;15462;255
fenetre;1637177517105394;15465;255
fenetre;1637177517105398;15469;255
fenetre;1637177517105401;15473;255
fenetre;1637177517105405;15476;255
fenetre;1637177517105426;15486;255
fenetre;1637177517105448;15498;255
fenetre;1637177517105474;15507;255
fenetre;1637177517105503;15516;255
fenetre;1637177517105530;15527;255
fenetre;1637177517105553;15535;255
fenetre;1637177517105584;15567;255
fenetre;1637177517105608;15574;255
fenetre;1637177517105637;15584;255
fenetre;1637177517105663;15594;255
fenetre;1637177517105688;15603;255
fenetre;1637177517105714;15612;255
fenetre;1637177517105740;15620;255
fenetre;1637177517105765;15628;255
fenetre;1637177517105794;15636;255
fenetre;1637177517105820;15645;255
fenetre;1637177517105847;15653;255
fenetre;1637177517105872;15661;255
fenetre;1637177517105900;15669;255
fenetre;1637177517105926;15677;255
fenetre;1637177517105951;15685;255
fenetre;1637177517105979;15693;255
fenetre;1637177517106005;15701;255
fenetre;1637177517106033;15709;255
fenetre;1637177517106059;15717;255
fenetre;1637177517106085;15724;255
fenetre;1637177517106109;15733;255
fenetre;1637177517106137;15740;255
fenetre;1637177517106162;15747;255
fenetre;1637177517106189;15756;255
fenetre;1637177517106214;15763;255
fenetre;1637177517106242;15772;255
fenetre;1637177517106268;15779;255
fenetre;1637177517106293;15788;255
fenetre;1637177517106321;15796;255
fenetre;1637177517106348;15803;255
fenetre;1637177517106372;15811;255
fenetre;1637177517106400;15819;255
fenetre;1637177517106425;15826;255
fenetre;1637177517106453;15835;255
fenetre;1637177517106478;15842;255
fenetre;1637177517106506;15851;255
fenetre;1637177517106531;15858;255
fenetre;1637177517106558;15866;255
fenetre;1637177517106585;15874;255
fenetre;1637177517106609;15882;255
fenetre;1637177517106638;15890;255
fenetre;1637177517106663;15898;255
fenetre;1637177517106691;15906;255
fenetre;1637177517106717;15914;255
fenetre;1637177517106743;15922;255
fenetre;1637177517106770;15931;255
fenetre;1637177517106796;15938;255
fenetre;1637177517106821;15945;255
fenetre;1637177517106846;15953;255
fenetre;1637177517106874;15961;255
fenetre;1637177517106901;15969;255
fenetre;1637177517106926;15977;255
fenetre;1637177517106954;15985;255
fenetre;1637177517106979;15993;255
fenetre;1637177517107007;16001;255
fenetre;1637177517107032;16008;255
fenetre;1637177517107060;16017;255
fenetre;1637177517107085;16025;255
fenetre;1637177517107112;16033;255
fenetre;1637177517107139;16040;255
fenetre;1637177517107164;16049;255
fenetre;1637177517107191;16056;255
fenetre;1637177517107218;16063;255
fenetre;1637177517107243;16070;255
fenetre;1637177517107270;16079;255
fenetre;1637177517107294;16086;255
fenetre;1637177517107323;16095;255
fenetre;1637177517107347;16102;255
fenetre;1637177517107375;16111;255
fenetre;1637177517107401;16118;255
fenetre;1637177517107427;16125;255
fenetre;1637177517107452;16134;255
fenetre;1637177517107481;16141;255
fenetre;1637177517107507;16148;255
fenetre;1637177517107556;16169;255
fenetre;1637177517107581;16185;255
fenetre;1637177517107616;16194;255
fenetre;1637177517107647;16204;255
fenetre;1637177517107672;16213;255
fenetre;1637177517107700;16223;255
fenetre;1637177517107726;16231;255
fenetre;1637177517107751;16240;255
fenetre;1637177517107780;16247;255
fenetre;1637177517107804;16256;255
fenetre;1637177517107833;16264;255
fenetre;1637177517107857;16271;255
fenetre;1637177517107885;16280;255
fenetre;1637177517107910;16287;255
fenetre;1637177517107937;16296;255
fenetre;1637177517107962;16304;255
fenetre;1637177517107992;16314;255
fenetre;1637177517108016;16323;255
fenetre;1637177517108040;16331;255
fenetre;1637177517108069;16340;255
fenetre;1637177517108093;16347;255
fenetre;1637177517108120;16355;255
fenetre;1637177517108148;16363;255
fenetre;1637177517108174;16371;255
fenetre;1637177517108202;16379;255
fenetre;1637177517108226;16387;255
fenetre;1637177517108254;16395;255
fenetre;1637177517108278;16403;255
fenetre;1637177517108307;16410;255
fenetre;1637177517108331;16419;255
fenetre;1637177517108359;16427;255
fenetre;1637177517108384;16434;255
fenetre;1637177517108412;16442;255
fenetre;1637177517108438;16451;255
fenetre;1637177517108462;16458;255
fenetre;1637177517108491;16466;255
fenetre;1637177517108518;16474;255
fenetre;1637177517108544;16481;255
fenetre;1637177517108569;16489;255
fenetre;1637177517108598;16497;255
fenetre;1637177517108624;16504;255
fenetre;1637177517108648;16513;255
fenetre;1637177517108676;16520;255
fenetre;1637177517108702;16547;255
fenetre;1637177517108731;16554;255
fenetre;1637177517108755;16564;255
fenetre;1637177517108782;16571;255
fenetre;1637177517108808;16579;255
fenetre;1637177517108834;16586;255
fenetre;1637177517108858;16595;255
fenetre;1637177517108887;16602;255
fenetre;1637177517108912;16611;255
fenetre;1637177517108937;16618;255
fenetre;1637177517108966;16627;255
fenetre;1637177517108993;16634;255
fenetre;1637177517109017;16643;255
fenetre;1637177517109046;16650;255
fenetre;1637177517109070;16659;255
fenetre;1637177517109099;16666;255
fenetre;1637177517109138;16674;255
fenetre;1637177517109163;16682;255
fenetre;1637177517109190;16689;255
fenetre;1637177517109214;16697;255
fenetre;1637177517109243;16705;255
fenetre;1637177517109269;16712;255
fenetre;1637177517109295;16721;255
fenetre;1637177517109319;16728;255
fenetre;1637177517109344;16735;255
fenetre;1637177517109371;16743;255
fenetre;1637177517109394;16750;255
fenetre;1637177517109422;16759;255
fenetre;1637177517109446;16766;255
fenetre;1637177517109473;16774;255
fenetre;1637177517109497;16781;255
fenetre;1637177517109525;16790;255
fenetre;1637177517109548;16798;255
fenetre;1637177517109576;16805;255
fenetre;1637177517109602;16813;255
fenetre;1637177517109625;16821;255
fenetre;1637177517109652;16828;255
fenetre;1637177517109679;16836;255
fenetre;1637177517109702;16844;255
fenetre;1637177517109730;16851;255
fenetre;1637177517109755;16858;255
fenetre;1637177517109780;16865;255
fenetre;1637177517109804;16874;255
fenetre;1637177517109832;16881;255
fenetre;1637177517109857;16889;255
fenetre;1637177517109884;16897;255
fenetre;1637177517109910;16904;255
fenetre;1637177517109934;16912;255
fenetre;1637177517109961;16920;255
fenetre;1637177517109987;16927;255
fenetre;1637177517110005;16935;255
fenetre;1637177517110021;16942;255
timeout;1637177518114041;16953;0
fin;1637177518114336;17064;0
