type;temps;clock;fen
debut;1637177514367868;1716;0
fenetre;1637177514368647;1825;1
fenetre;1637177514368783;1851;2
fenetre;1637177514368947;1867;3
fenetre;1637177514368987;1907;4
fenetre;1637177514369189;1922;5
fenetre;1637177514369208;1934;6
fenetre;1637177514369232;1948;7
fenetre;1637177514369297;2012;8
fenetre;1637177514369420;2027;9
fenetre;1637177514369428;2036;10
fenetre;1637177514369451;2051;11
fenetre;1637177514369459;2058;12
fenetre;1637177514369520;2069;13
fenetre;1637177514369526;2076;14
fenetre;1637177514369530;2080;15
fenetre;1637177514369622;2171;16
fenetre;1637177514369725;2180;17
fenetre;1637177514369744;2189;18
fenetre;1637177514369774;2199;19
fenetre;1637177514369808;2208;20
fenetre;1637177514369834;2223;21
fenetre;1637177514369861;2237;22
fenetre;1637177514369879;2245;23
fenetre;1637177514369908;2252;24
fenetre;1637177514369932;2259;25
fenetre;1637177514369966;2268;26
fenetre;1637177514369999;2277;27
fenetre;1637177514370014;2286;28
fenetre;1637177514370083;2293;29
fenetre;1637177514370087;2298;30
fenetre;1637177514370091;2302;31
fenetre;1637177514370349;2519;32
fenetre;1637177514370355;2525;33
fenetre;1637177514370360;2529;34
fenetre;1637177514370364;2533;35
fenetre;1637177514370368;2537;36
fenetre;1637177514370389;2547;37
fenetre;1637177514370416;2561;38
fenetre;1637177514370442;2572;39
fenetre;1637177514370466;2580;40
fenetre;1637177514370501;2589;41
fenetre;1637177514370519;2596;42
fenetre;1637177514370552;2605;43
fenetre;1637177514370577;2613;44
fenetre;1637177514370600;2621;45
fenetre;1637177514370625;2628;46
fenetre;1637177514370655;2638;47
fenetre;1637177514370682;2650;48
fenetre;1637177514370714;2660;49
fenetre;1637177514370739;2670;50
fenetre;1637177514370775;2685;51
fenetre;1637177514370795;2697;52
fenetre;1637177514370820;2704;53
fenetre;1637177514370854;2717;54
fenetre;1637177514370878;2729;55
fenetre;1637177514370907;2739;56
fenetre;1637177514370933;2748;57
fenetre;1637177514370958;2756;58
fenetre;1637177514370981;2763;59
fenetre;1637177514371014;2772;60
fenetre;1637177514371040;2781;61
fenetre;1637177514371053;2794;62
fenetre;1637177514371070;2800;63
fenetre;1637177514371514;3236;64
fenetre;1637177514371520;3242;65
fenetre;1637177514371524;3245;66
fenetre;1637177514371529;3250;67
fenetre;1637177514371533;3255;68
fenetre;1637177514371537;3258;69
fenetre;1637177514371540;3261;70
fenetre;1637177514371544;3265;71
fenetre;1637177514371547;3269;72
fenetre;1637177514371551;3272;73
fenetre;1637177514371556;3277;74
fenetre;1637177514371560;3282;75
fenetre;1637177514371563;3285;76
fenetre;1637177514371567;3288;77
fenetre;1637177514371571;3292;78
fenetre;1637177514371590;3301;79
fenetre;1637177514371617;3313;80
fenetre;1637177514371640;3322;81
fenetre;1637177514371665;3330;82
fenetre;1637177514371692;3338;83
fenetre;1637177514371717;3347;84
fenetre;1637177514371745;3356;85
fenetre;1637177514371769;3364;86
fenetre;1637177514371797;3372;87
fenetre;1637177514371825;3380;88
fenetre;1637177514371849;3388;89
fenetre;1637177514371878;3396;90
fenetre;1637177514371904;3405;91
fenetre;1637177514371931;3411;92
fenetre;1637177514371959;3420;93
fenetre;1637177514371983;3427;94
fenetre;1637177514372012;3435;95
fenetre;1637177514372037;3443;96
fenetre;1637177514372064;3451;97
fenetre;1637177514372089;3459;98
fenetre;1637177514372118;3467;99
fenetre;1637177514372144;3475;100
fenetre;1637177514372170;3483;101
fenetre;1637177514372199;3492;102
fenetre;1637177514372225;3500;103
fenetre;1637177514372249;3508;104
fenetre;1637177514372279;3517;105
fenetre;1637177514372304;3524;106
fenetre;1637177514372332;3532;107
fenetre;1637177514372356;3540;108
fenetre;1637177514372385;3548;109
fenetre;1637177514372411;3556;110
fenetre;1637177514372435;3564;111
fenetre;1637177514372464;3572;112
fenetre;1637177514372490;3581;113
fenetre;1637177514372515;3588;114
fenetre;1637177514372543;3596;115
fenetre;1637177514372570;3603;116
fenetre;1637177514372595;3612;117
fenetre;1637177514372623;3619;118
fenetre;1637177514372649;3628;119
fenetre;1637177514372674;3635;120
fenetre;1637177514372702;3644;121
fenetre;1637177514372728;3651;122
fenetre;1637177514372752;3659;123
fenetre;1637177514372809;3715;124
fenetre;1637177514372813;3720;125
fenetre;1637177514372824;3727;126
fenetre;1637177514372839;3735;127
fenetre;1637177514373720;4609;128
fenetre;1637177514373728;4617;129
fenetre;1637177514373733;4621;130
fenetre;1637177514373736;4625;131
fenetre;1637177514373740;4628;132
fenetre;1637177514373743;4632;133
fenetre;1637177514373747;4635;134
fenetre;1637177514373750;4639;135
fenetre;1637177514373754;4643;136
fenetre;1637177514373758;4646;137
fenetre;1637177514373761;4650;138
fenetre;1637177514373765;4653;139
fenetre;1637177514373768;4657;140
fenetre;1637177514373772;4661;141
fenetre;1637177514373776;4664;142
fenetre;1637177514373779;4668;143
fenetre;1637177514373784;4673;144
fenetre;1637177514373788;4676;145
fenetre;1637177514373791;4681;146
fenetre;1637177514373795;4684;147
fenetre;1637177514373799;4687;148
fenetre;1637177514373802;4690;149
fenetre;1637177514373806;4695;150
fenetre;1637177514373811;4700;151
fenetre;1637177514373815;4703;152
fenetre;1637177514373818;4706;153
fenetre;1637177514373822;4711;154
fenetre;1637177514373826;4714;155
fenetre;1637177514373829;4718;156
fenetre;1637177514373833;4722;157
fenetre;1637177514373838;4726;158
fenetre;1637177514373841;4730;159
fenetre;1637177514373845;4734;160
fenetre;1637177514373871;4743;161
fenetre;1637177514373895;4754;162
fenetre;1637177514373920;4762;163
fenetre;1637177514373947;4769;164
fenetre;1637177514373978;4780;165
fenetre;1637177514374001;4789;166
fenetre;1637177514374026;4797;167
fenetre;1637177514374055;4805;168
fenetre;1637177514374082;4815;169
fenetre;1637177514374108;4822;170
fenetre;1637177514374134;4830;171
fenetre;1637177514374159;4838;172
fenetre;1637177514374187;4847;173
fenetre;1637177514374212;4856;174
fenetre;1637177514374241;4863;175
fenetre;1637177514374267;4872;176
fenetre;1637177514374292;4880;177
fenetre;1637177514374321;4889;178
fenetre;1637177514374347;4897;179
fenetre;1637177514374371;4905;180
fenetre;1637177514374400;4913;181
fenetre;1637177514374426;4920;182
fenetre;1637177514374453;4927;183
fenetre;1637177514374480;4934;184
fenetre;1637177514374505;4942;185
fenetre;1637177514374534;4950;186
fenetre;1637177514374559;4958;187
fenetre;1637177514374586;4966;188
fenetre;1637177514374616;4977;189
fenetre;1637177514374640;4987;190
fenetre;1637177514374664;4996;191
fenetre;1637177514374688;5005;192
fenetre;1637177514374718;5014;193
fenetre;1637177514374747;5024;194
fenetre;1637177514374771;5034;195
fenetre;1637177514374797;5041;196
fenetre;1637177514374823;5050;197
fenetre;1637177514374851;5059;198
fenetre;1637177514374875;5066;199
fenetre;1637177514374904;5074;200
fenetre;1637177514374929;5082;201
fenetre;1637177514374954;5091;202
fenetre;1637177514374984;5098;203
fenetre;1637177514375009;5107;204
fenetre;1637177514375037;5115;205
fenetre;1637177514375064;5123;206
fenetre;1637177514375091;5131;207
fenetre;1637177514375127;5141;208
fenetre;1637177514375151;5151;209
fenetre;1637177514375183;5160;210
fenetre;1637177514375208;5169;211
fenetre;1637177514375236;5177;212
fenetre;1637177514375265;5186;213
fenetre;1637177514375291;5197;214
fenetre;1637177514375317;5206;215
fenetre;1637177514375346;5215;216
fenetre;1637177514375374;5224;217
fenetre;1637177514375399;5233;218
fenetre;1637177514375426;5243;219
fenetre;1637177514375454;5253;220
fenetre;1637177514375479;5261;221
fenetre;1637177514375504;5270;222
fenetre;1637177514375536;5279;223
fenetre;1637177514375559;5287;224
fenetre;1637177514375587;5295;225
fenetre;1637177514375613;5304;226
fenetre;1637177514375642;5312;227
fenetre;1637177514375668;5320;228
fenetre;1637177514375693;5329;229
fenetre;1637177514375721;5336;230
fenetre;1637177514375748;5345;231
fenetre;1637177514375775;5354;232
fenetre;1637177514375801;5361;233
fenetre;1637177514375827;5369;234
fenetre;1637177514375853;5377;235
fenetre;1637177514375880;5385;236
fenetre;1637177514375906;5393;237
fenetre;1637177514375932;5401;238
fenetre;1637177514375957;5409;239
fenetre;1637177514375984;5417;240
fenetre;1637177514376012;5424;241
fenetre;1637177514376039;5433;242
fenetre;1637177514376064;5440;243
fenetre;1637177514376099;5476;244
fenetre;1637177514376136;5483;245
fenetre;1637177514376160;5492;246
fenetre;1637177514376184;5499;247
fenetre;1637177514376210;5506;248
fenetre;1637177514376235;5513;249
fenetre;1637177514376262;5523;250
fenetre;1637177514376288;5531;251
fenetre;1637177514376312;5539;252
fenetre;1637177514376339;5547;253
fenetre;1637177514376365;5555;254
fenetre;1637177514376382;5563;255
fenetre;1637177514378093;7266;255
fenetre;1637177514378100;7273;255
fenetre;1637177514378106;7279;255
fenetre;1637177514378109;7283;255
fenetre;1637177514378113;7286;255
fenetre;1637177514378116;7290;255
fenetre;1637177514378120;7293;255
fenetre;1637177514378123;7297;255
fenetre;1637177514378126;7300;255
fenetre;1637177514378132;7306;255
fenetre;1637177514378135;7309;255
fenetre;1637177514378138;7312;255
fenetre;1637177514378142;7315;255
fenetre;1637177514378145;7320;255
fenetre;1637177514378149;7323;255
fenetre;1637177514378152;7326;255
fenetre;1637177514378156;7329;255
fenetre;1637177514378163;7338;255
fenetre;1637177514378167;7341;255
fenetre;1637177514378170;7344;255
fenetre;1637177514378174;7347;255
fenetre;1637177514378177;7350;255
fenetre;1637177514378181;7355;255
fenetre;1637177514378185;7359;255
fenetre;1637177514378189;7362;255
fenetre;1637177514378192;7365;255
fenetre;1637177514378195;7369;255
fenetre;1637177514378199;7373;255
fenetre;1637177514378202;7376;255
fenetre;1637177514378208;7381;255
fenetre;1637177514378211;7386;255
fenetre;1637177514378215;7389;255
fenetre;1637177514378219;7392;255
fenetre;1637177514378222;7396;255
fenetre;1637177514378226;7400;255
fenetre;1637177514378230;7404;255
fenetre;1637177514378233;7407;255
fenetre;1637177514378238;7411;255
fenetre;1637177514378241;7415;255
fenetre;1637177514378244;7418;255
fenetre;1637177514378248;7422;255
fenetre;1637177514378251;7425;255
fenetre;1637177514378255;7428;255
fenetre;1637177514378258;7432;255
fenetre;1637177514378263;7437;255
fenetre;1637177514378267;7440;255
fenetre;1637177514378270;7444;255
fenetre;1637177514378274;7448;255
fenetre;1637177514378277;7451;255
fenetre;1637177514378281;7454;255
fenetre;1637177514378284;7458;255
fenetre;1637177514378288;7462;255
fenetre;1637177514378291;7465;255
fenetre;1637177514378295;7469;255
fenetre;1637177514378298;7472;255
fenetre;1637177514378302;7475;255
fenetre;1637177514378305;7479;255
fenetre;1637177514378309;7483;255
fenetre;1637177514378314;7487;255
fenetre;1637177514378317;7491;255
fenetre;1637177514378321;7495;255
fenetre;1637177514378324;7498;255
fenetre;1637177514378328;7501;255
fenetre;1637177514378331;7505;255
fenetre;1637177514378335;7509;255
fenetre;1637177514378353;7519;255
fenetre;1637177514378376;7532;255
fenetre;1637177514378399;7544;255
fenetre;1637177514378421;7552;255
fenetre;1637177514378454;7563;255
fenetre;1637177514378475;7573;255
fenetre;1637177514378501;7579;255
fenetre;1637177514378532;7590;255
fenetre;1637177514378554;7601;255
fenetre;1637177514378582;7610;255
fenetre;1637177514378606;7618;255
fenetre;1637177514378634;7628;255
fenetre;1637177514378660;7639;255
fenetre;1637177514378685;7648;255
fenetre;1637177514378709;7657;255
fenetre;1637177514378736;7666;255
fenetre;1637177514378761;7673;255
fenetre;1637177514378796;7682;255
fenetre;1637177514378822;7691;255
fenetre;1637177514378850;7700;255
fenetre;1637177514378873;7708;255
fenetre;1637177514378899;7717;255
fenetre;1637177514378935;7726;255
fenetre;1637177514378952;7735;255
fenetre;1637177514378977;7744;255
fenetre;1637177514379009;7755;255
fenetre;1637177514379030;7765;255
fenetre;1637177514379056;7774;255
fenetre;1637177514379082;7784;255
fenetre;1637177514379108;7792;255
fenetre;1637177514379134;7804;255
fenetre;1637177514379157;7813;255
fenetre;1637177514379180;7820;255
fenetre;1637177514379211;7830;255
fenetre;1637177514379235;7840;255
fenetre;1637177514379262;7851;255
fenetre;1637177514379286;7861;255
fenetre;1637177514379310;7870;255
fenetre;1637177514379333;7879;255
fenetre;1637177514379359;7886;255
fenetre;1637177514379385;7896;255
fenetre;1637177514379412;7905;255
fenetre;1637177514379435;7914;255
fenetre;1637177514379462;7922;255
fenetre;1637177514379499;7959;255
fenetre;1637177514379518;7966;255
fenetre;1637177514379540;7975;255
fenetre;1637177514379566;7982;255
fenetre;1637177514379591;7989;255
fenetre;1637177514379616;7997;255
fenetre;1637177514379644;8004;255
fenetre;1637177514379669;8014;255
fenetre;1637177514379692;8022;255
fenetre;1637177514379716;8029;255
fenetre;1637177514379744;8039;255
fenetre;1637177514379770;8048;255
fenetre;1637177514379792;8057;255
fenetre;1637177514379819;8066;255
fenetre;1637177514379843;8073;255
fenetre;1637177514379870;8081;255
fenetre;1637177514379896;8089;255
fenetre;1637177514379923;8097;255
fenetre;1637177514379946;8104;255
fenetre;1637177514379974;8113;255
fenetre;1637177514379998;8120;255
fenetre;1637177514380025;8128;255
fenetre;1637177514380049;8135;255
fenetre;1637177514380077;8144;255
fenetre;1637177514380101;8152;255
fenetre;1637177514380129;8160;255
fenetre;1637177514380153;8168;255
fenetre;1637177514380180;8175;255
fenetre;1637177514380204;8183;255
fenetre;1637177514380233;8191;255
fenetre;1637177514380258;8199;255
fenetre;1637177514380284;8208;255
fenetre;1637177514380324;8219;255
fenetre;1637177514380353;8229;255
fenetre;1637177514380377;8237;255
fenetre;1637177514380403;8245;255
fenetre;1637177514380428;8253;255
fenetre;1637177514380455;8264;255
fenetre;1637177514380480;8275;255
fenetre;1637177514380506;8284;255
fenetre;1637177514380530;8292;255
fenetre;1637177514380555;8301;255
fenetre;1637177514380582;8308;255
fenetre;1637177514380607;8317;255
fenetre;1637177514380636;8326;255
fenetre;1637177514380658;8333;255
fenetre;1637177514380691;8343;255
fenetre;1637177514380720;8353;255
fenetre;1637177514380742;8360;255
fenetre;1637177514380768;8369;255
fenetre;1637177514380794;8379;255
fenetre;1637177514380821;8387;255
fenetre;1637177514380847;8397;255
fenetre;1637177514380869;8405;255
fenetre;1637177514380896;8412;255
fenetre;1637177514380923;8420;255
fenetre;1637177514380950;8431;255
fenetre;1637177514380972;8440;255
fenetre;1637177514381000;8448;255
fenetre;1637177514381027;8460;255
fenetre;1637177514381051;8469;255
fenetre;1637177514381077;8477;255
fenetre;1637177514381102;8485;255
fenetre;1637177514381127;8492;255
fenetre;1637177514381153;8501;255
fenetre;1637177514381177;8508;255
fenetre;1637177514381205;8517;255
fenetre;1637177514381228;8524;255
fenetre;1637177514381256;8532;255
fenetre;1637177514381280;8541;255
fenetre;1637177514381308;8548;255
fenetre;1637177514381332;8556;255
fenetre;1637177514381359;8563;255
fenetre;1637177514381383;8571;255
fenetre;1637177514381411;8579;255
fenetre;1637177514381434;8587;255
fenetre;1637177514381461;8594;255
fenetre;1637177514381484;8602;255
fenetre;1637177514381512;8610;255
fenetre;1637177514381537;8619;255
fenetre;1637177514381561;8626;255
fenetre;1637177514381589;8634;255
fenetre;1637177514381613;8642;255
fenetre;1637177514381640;8650;255
fenetre;1637177514381664;8657;255
fenetre;1637177514381691;8666;255
fenetre;1637177514381716;8673;255
fenetre;1637177514381743;8681;255
fenetre;1637177514381767;8688;255
fenetre;1637177514381794;8697;255
fenetre;1637177514381818;8704;255
fenetre;1637177514381846;8712;255
fenetre;1637177514381869;8719;255
fenetre;1637177514381896;8728;255
fenetre;1637177514381920;8735;255
fenetre;1637177514381947;8744;255
fenetre;1637177514381971;8752;255
fenetre;1637177514381998;8759;255
fenetre;1637177514382021;8767;255
fenetre;1637177514382049;8775;255
fenetre;1637177514382073;8782;255
fenetre;1637177514382099;8789;255
fenetre;1637177514382123;8797;255
fenetre;1637177514382151;8805;255
fenetre;1637177514382176;8812;255
fenetre;1637177514382202;8821;255
fenetre;1637177514382228;8828;255
fenetre;1637177514382251;8836;255
fenetre;1637177514382279;8844;255
fenetre;1637177514382302;8852;255
fenetre;1637177514382337;8860;255
fenetre;1637177514382363;8870;255
fenetre;1637177514382390;8878;255
fenetre;1637177514382414;8886;255
fenetre;1637177514382442;8894;255
fenetre;1637177514382474;8903;255
fenetre;1637177514382494;8910;255
fenetre;1637177514382521;8919;255
fenetre;1637177514382549;8931;255
fenetre;1637177514382572;8943;255
fenetre;1637177514382609;8981;255
fenetre;1637177514382626;8990;255
fenetre;1637177514382654;9000;255
fenetre;1637177514382679;9011;255
fenetre;1637177514382703;9020;255
fenetre;1637177514382730;9028;255
fenetre;1637177514382756;9037;255
fenetre;1637177514382781;9044;255
fenetre;1637177514382808;9052;255
fenetre;1637177514382831;9059;255
fenetre;1637177514382858;9068;255
fenetre;1637177514382884;9077;255
fenetre;1637177514382907;9084;255
fenetre;1637177514382934;9092;255
fenetre;1637177514382960;9100;255
fenetre;1637177514382984;9108;255
fenetre;1637177514383011;9116;255
fenetre;1637177514383036;9124;255
fenetre;1637177514383060;9132;255
fenetre;1637177514383088;9139;255
fenetre;1637177514383112;9148;255
fenetre;1637177514383136;9155;255
fenetre;1637177514383164;9163;255
fenetre;1637177514383188;9170;255
fenetre;1637177514383206;9178;255
fenetre;1637177514383219;9185;255
fenetre;1637177514384850;10809;255
fenetre;1637177514384857;10817;255
fenetre;1637177514384861;10820;255
fenetre;1637177514384865;10823;255
fenetre;1637177514384870;10829;255
fenetre;1637177514384873;10833;255
fenetre;1637177514384877;10836;255
fenetre;1637177514384880;10839;255
fenetre;1637177514384884;10844;255
fenetre;1637177514384888;10847;255
fenetre;1637177514384891;10850;255
fenetre;1637177514384895;10854;255
fenetre;1637177514384898;10858;255
fenetre;1637177514384902;10861;255
fenetre;1637177514384905;10864;255
fenetre;1637177514384909;10867;255
fenetre;1637177514384913;10872;255
fenetre;1637177514384916;10876;255
fenetre;1637177514384921;10880;255
fenetre;1637177514384924;10883;255
fenetre;1637177514384928;10887;255
fenetre;1637177514384931;10891;255
fenetre;1637177514384935;10894;255
fenetre;1637177514384938;10897;255
fenetre;1637177514384942;10901;255
fenetre;1637177514384946;10906;255
fenetre;1637177514384950;10909;255
fenetre;1637177514384953;10912;255
fenetre;1637177514384957;10916;255
fenetre;1637177514384960;10920;255
fenetre;1637177514384964;10923;255
fenetre;1637177514384968;10927;255
fenetre;1637177514384972;10932;255
fenetre;1637177514384976;10935;255
fenetre;1637177514384979;10939;255
fenetre;1637177514384983;10942;255
fenetre;1637177514384986;10946;255
fenetre;1637177514384990;10949;255
fenetre;1637177514384993;10952;255
fenetre;1637177514384999;10958;255
fenetre;1637177514385003;10962;255
fenetre;1637177514385006;10966;255
fenetre;1637177514385010;10969;255
fenetre;1637177514385013;10972;255
fenetre;1637177514385017;10976;255
fenetre;1637177514385020;10980;255
fenetre;1637177514385025;10984;255
fenetre;1637177514385028;10987;255
fenetre;1637177514385032;10991;255
fenetre;1637177514385035;10994;255
fenetre;1637177514385038;10998;255
fenetre;1637177514385042;11001;255
fenetre;1637177514385046;11005;255
fenetre;1637177514385051;11010;255
fenetre;1637177514385054;11013;255
fenetre;1637177514385058;11017;255
fenetre;1637177514385061;11021;255
fenetre;1637177514385065;11024;255
fenetre;1637177514385068;11027;255
fenetre;1637177514385071;11030;255
fenetre;1637177514385077;11036;255
fenetre;1637177514385080;11040;255
fenetre;1637177514385084;11043;255
fenetre;1637177514385087;11046;255
fenetre;1637177514385109;11056;255
fenetre;1637177514385134;11068;255
fenetre;1637177514385161;11080;255
fenetre;1637177514385193;11089;255
fenetre;1637177514385209;11098;255
fenetre;1637177514385232;11105;255
fenetre;1637177514385260;11114;255
fenetre;1637177514385287;11122;255
fenetre;1637177514385311;11130;255
fenetre;1637177514385338;11138;255
fenetre;1637177514385363;11146;255
fenetre;1637177514385386;11154;255
fenetre;1637177514385415;11162;255
fenetre;1637177514385438;11171;255
fenetre;1637177514385465;11178;255
fenetre;1637177514385489;11187;255
fenetre;1637177514385516;11194;255
fenetre;1637177514385540;11202;255
fenetre;1637177514385571;11213;255
fenetre;1637177514385610;11229;255
fenetre;1637177514385637;11241;255
fenetre;1637177514385653;11249;255
fenetre;1637177514385681;11258;255
fenetre;1637177514385707;11267;255
fenetre;1637177514385733;11277;255
fenetre;1637177514385757;11286;255
fenetre;1637177514385781;11293;255
fenetre;1637177514385817;11302;255
fenetre;1637177514385848;11333;255
fenetre;1637177514385862;11340;255
fenetre;1637177514385889;11351;255
fenetre;1637177514385915;11364;255
fenetre;1637177514385936;11374;255
fenetre;1637177514385962;11381;255
fenetre;1637177514385986;11390;255
fenetre;1637177514386014;11398;255
fenetre;1637177514386039;11407;255
fenetre;1637177514386063;11414;255
fenetre;1637177514386091;11423;255
fenetre;1637177514386116;11430;255
fenetre;1637177514386141;11437;255
fenetre;1637177514386167;11444;255
fenetre;1637177514386191;11453;255
fenetre;1637177514386218;11460;255
fenetre;1637177514386245;11468;255
fenetre;1637177514386269;11476;255
fenetre;1637177514386297;11484;255
fenetre;1637177514386322;11491;255
fenetre;1637177514386348;11498;255
fenetre;1637177514386372;11505;255
fenetre;1637177514386398;11513;255
fenetre;1637177514386422;11521;255
fenetre;1637177514386449;11528;255
fenetre;1637177514386475;11537;255
fenetre;1637177514386499;11544;255
fenetre;1637177514386526;11552;255
fenetre;1637177514386552;11560;255
fenetre;1637177514386575;11568;255
fenetre;1637177514386603;11575;255
fenetre;1637177514386628;11583;255
fenetre;1637177514386652;11591;255
fenetre;1637177514386680;11598;255
fenetre;1637177514386706;11605;255
fenetre;1637177514386732;11614;255
fenetre;1637177514386755;11621;255
fenetre;1637177514386783;11628;255
fenetre;1637177514386810;11637;255
fenetre;1637177514386834;11645;255
fenetre;1637177514386861;11652;255
fenetre;1637177514386887;11660;255
fenetre;1637177514386911;11668;255
fenetre;1637177514386938;11676;255
fenetre;1637177514386962;11684;255
fenetre;1637177514386989;11691;255
fenetre;1637177514387015;11698;255
fenetre;1637177514387040;11707;255
fenetre;1637177514387064;11714;255
fenetre;1637177514387092;11723;255
fenetre;1637177514387116;11730;255
fenetre;1637177514387144;11738;255
fenetre;1637177514387170;11746;255
fenetre;1637177514387202;11755;255
fenetre;1637177514387228;11765;255
fenetre;1637177514387256;11775;255
fenetre;1637177514387280;11782;255
fenetre;1637177514387304;11791;255
fenetre;1637177514387334;11801;255
fenetre;1637177514387362;11810;255
fenetre;1637177514387383;11817;255
fenetre;1637177514387411;11825;255
fenetre;1637177514387437;11833;255
fenetre;1637177514387468;11843;255
fenetre;1637177514387492;11853;255
fenetre;1637177514387516;11862;255
fenetre;1637177514387544;11871;255
fenetre;1637177514387570;11880;255
fenetre;1637177514387593;11887;255
fenetre;1637177514387621;11896;255
fenetre;1637177514387649;11906;255
fenetre;1637177514387672;11914;255
fenetre;1637177514387696;11921;255
fenetre;1637177514387721;11930;255
fenetre;1637177514387746;11937;255
fenetre;1637177514387774;11946;255
fenetre;1637177514387797;11955;255
fenetre;1637177514387825;11962;255
fenetre;1637177514387851;11971;255
fenetre;1637177514387874;11978;255
fenetre;1637177514387901;11985;255
fenetre;1637177514387928;11994;255
fenetre;1637177514387952;12001;255
fenetre;1637177514387979;12008;255
fenetre;1637177514388004;12017;255
fenetre;1637177514388027;12024;255
fenetre;1637177514388053;12032;255
fenetre;1637177514388080;12039;255
fenetre;1637177514388103;12048;255
fenetre;1637177514388131;12055;255
fenetre;1637177514388156;12063;255
fenetre;1637177514388180;12071;255
fenetre;1637177514388207;12078;255
fenetre;1637177514388231;12086;255
fenetre;1637177514388258;12094;255
fenetre;1637177514388284;12102;255
fenetre;1637177514388307;12109;255
fenetre;1637177514388337;12118;255
fenetre;1637177514388361;12126;255
fenetre;1637177514388387;12135;255
fenetre;1637177514388414;12145;255
fenetre;1637177514388438;12153;255
fenetre;1637177514388463;12161;255
fenetre;1637177514388490;12169;255
fenetre;1637177514388514;12177;255
fenetre;1637177514388542;12186;255
fenetre;1637177514388566;12193;255
fenetre;1637177514388589;12201;255
fenetre;1637177514388617;12210;255
fenetre;1637177514388641;12217;255
fenetre;1637177514388668;12226;255
fenetre;1637177514388692;12233;255
fenetre;1637177514388719;12242;255
fenetre;1637177514388744;12249;255
fenetre;1637177514388767;12257;255
fenetre;1637177514388806;12265;255
fenetre;1637177514388830;12276;255
fenetre;1637177514388862;12307;255
fenetre;1637177514388884;12315;255
fenetre;1637177514388910;12325;255
fenetre;1637177514388938;12335;255
fenetre;1637177514388963;12342;255
fenetre;1637177514388987;12350;255
fenetre;1637177514389015;12362;255
fenetre;1637177514389042;12373;255
fenetre;1637177514389065;12382;255
fenetre;1637177514389092;12389;255
fenetre;1637177514389120;12398;255
fenetre;1637177514389142;12406;255
fenetre;1637177514389170;12414;255
fenetre;1637177514389193;12421;255
fenetre;1637177514389236;12431;255
fenetre;1637177514389260;12438;255
fenetre;1637177514389284;12445;255
fenetre;1637177514389308;12454;255
fenetre;1637177514389331;12461;255
fenetre;1637177514389358;12468;255
fenetre;1637177514389381;12476;255
fenetre;1637177514389408;12484;255
fenetre;1637177514389432;12491;255
fenetre;1637177514389456;12498;255
fenetre;1637177514389479;12506;255
fenetre;1637177514389506;12513;255
fenetre;1637177514389530;12521;255
fenetre;1637177514389555;12528;255
fenetre;1637177514389578;12535;255
fenetre;1637177514389605;12543;255
fenetre;1637177514389630;12551;255
fenetre;1637177514389652;12558;255
fenetre;1637177514389680;12566;255
fenetre;1637177514389704;12573;255
fenetre;1637177514389726;12581;255
fenetre;1637177514389753;12589;255
fenetre;1637177514389778;12596;255
fenetre;1637177514389803;12605;255
fenetre;1637177514389828;12613;255
fenetre;1637177514389852;12622;255
fenetre;1637177514389875;12629;255
fenetre;1637177514389900;12635;255
fenetre;1637177514389927;12642;255
fenetre;1637177514389951;12650;255
fenetre;1637177514389976;12657;255
fenetre;1637177514389992;12664;255
fenetre;1637177514391581;14247;255
fenetre;1637177514391586;14253;255
fenetre;1637177514391590;14256;255
fenetre;1637177514391593;14259;255
fenetre;1637177514391596;14262;255
fenetre;1637177514391599;14266;255
fenetre;1637177514391602;14269;255
fenetre;1637177514391606;14272;255
fenetre;1637177514391609;14275;255
fenetre;1637177514391612;14278;255
fenetre;1637177514391615;14281;255
fenetre;1637177514391618;14284;255
fenetre;1637177514391621;14288;255
fenetre;1637177514391624;14291;255
fenetre;1637177514391627;14294;255
fenetre;1637177514391631;14297;255
fenetre;1637177514391634;14300;255
fenetre;1637177514391637;14303;255
fenetre;1637177514391640;14306;255
fenetre;1637177514391643;14309;255
fenetre;1637177514391646;14313;255
fenetre;1637177514391650;14317;255
fenetre;1637177514391655;14321;255
fenetre;1637177514391658;14325;255
fenetre;1637177514391662;14328;255
fenetre;1637177514391667;14333;255
fenetre;1637177514391670;14336;255
fenetre;1637177514391673;14340;255
fenetre;1637177514391677;14343;255
fenetre;1637177514391680;14346;255
fenetre;1637177514391683;14349;255
fenetre;1637177514391686;14352;255
fenetre;1637177514391690;14356;255
fenetre;1637177514391693;14359;255
fenetre;1637177514391696;14362;255
fenetre;1637177514391699;14366;255
fenetre;1637177514391702;14369;255
fenetre;1637177514391705;14372;255
fenetre;1637177514391709;14375;255
fenetre;1637177514391712;14378;255
fenetre;1637177514391715;14381;255
fenetre;1637177514391718;14384;255
fenetre;1637177514391721;14388;255
fenetre;1637177514391724;14391;255
fenetre;1637177514391727;14394;255
fenetre;1637177514391730;14397;255
fenetre;1637177514391733;14400;255
fenetre;1637177514391736;14403;255
fenetre;1637177514391739;14405;255
fenetre;1637177514391742;14408;255
fenetre;1637177514391745;14412;255
fenetre;1637177514391749;14415;255
fenetre;1637177514391752;14418;255
fenetre;1637177514391755;14421;255
fenetre;1637177514391758;14424;255
fenetre;1637177514391762;14428;255
fenetre;1637177514391766;14432;255
fenetre;1637177514391769;14435;255
fenetre;1637177514391773;14439;255
fenetre;1637177514391776;14442;255
fenetre;1637177514391779;14445;255
fenetre;1637177514391782;14449;255
fenetre;1637177514391786;14452;255
fenetre;1637177514391807;14460;255
fenetre;1637177514391843;14468;255
fenetre;1637177514391866;14478;255
fenetre;1637177514391889;14488;255
fenetre;1637177514391913;14498;255
fenetre;1637177514391937;14506;255
fenetre;1637177514391963;14515;255
fenetre;1637177514391983;14522;255
fenetre;1637177514392010;14549;255
fenetre;1637177514392042;14558;255
fenetre;1637177514392058;14567;255
fenetre;1637177514392086;14577;255
fenetre;1637177514392107;14588;255
fenetre;1637177514392130;14597;255
fenetre;1637177514392153;14605;255
fenetre;1637177514392178;14614;255
fenetre;1637177514392200;14621;255
fenetre;1637177514392225;14628;255
fenetre;1637177514392248;14636;255
fenetre;1637177514392273;14643;255
fenetre;1637177514392294;14650;255
fenetre;1637177514392321;14657;255
fenetre;1637177514392344;14666;255
fenetre;1637177514392365;14673;255
fenetre;1637177514392406;14696;255
fenetre;1637177514392428;14702;255
fenetre;1637177514392452;14709;255
fenetre;1637177514392474;14716;255
fenetre;1637177514392499;14724;255
fenetre;1637177514392520;14730;255
fenetre;1637177514392545;14737;255
fenetre;1637177514392567;14744;255
fenetre;1637177514392591;14752;255
fenetre;1637177514392613;14758;255
fenetre;1637177514392638;14765;255
fenetre;1637177514392661;14772;255
fenetre;1637177514392683;14779;255
fenetre;1637177514392708;14787;255
fenetre;1637177514392729;14794;255
fenetre;1637177514392754;14801;255
fenetre;1637177514392775;14807;255
fenetre;1637177514392802;14815;255
fenetre;1637177514392823;14822;255
fenetre;1637177514392848;14830;255
fenetre;1637177514392877;14838;255
fenetre;1637177514392900;14847;255
fenetre;1637177514392923;14854;255
fenetre;1637177514392945;14861;255
fenetre;1637177514392970;14869;255
fenetre;1637177514392997;14880;255
fenetre;1637177514393019;14889;255
fenetre;1637177514393041;14898;255
fenetre;1637177514393064;14906;255
fenetre;1637177514393086;14914;255
fenetre;1637177514393111;14921;255
fenetre;1637177514393134;14927;255
fenetre;1637177514393173;14935;255
fenetre;1637177514393195;14942;255
fenetre;1637177514393219;14948;255
fenetre;1637177514393241;14958;255
fenetre;1637177514393267;14965;255
fenetre;1637177514393286;14972;255
fenetre;1637177514393306;14979;255
fenetre;1637177514393330;14987;255
fenetre;1637177514393353;14995;255
fenetre;1637177514393376;15003;255
fenetre;1637177514393399;15010;255
fenetre;1637177514393420;15016;255
fenetre;1637177514393445;15023;255
fenetre;1637177514393466;15030;255
fenetre;1637177514393490;15037;255
fenetre;1637177514393511;15044;255
fenetre;1637177514393537;15051;255
fenetre;1637177514393556;15058;255
fenetre;1637177514393579;15065;255
fenetre;1637177514393600;15072;255
fenetre;1637177514393626;15080;255
fenetre;1637177514393647;15088;255
fenetre;1637177514393669;15094;255
fenetre;1637177514393694;15101;255
fenetre;1637177514393715;15108;255
fenetre;1637177514393739;15114;255
fenetre;1637177514393760;15122;255
fenetre;1637177514393784;15128;255
fenetre;1637177514393805;15135;255
fenetre;1637177514393830;15142;255
fenetre;1637177514393850;15148;255
fenetre;1637177514393876;15156;255
fenetre;1637177514393898;15163;255
fenetre;1637177514393921;15169;255
fenetre;1637177514393942;15176;255
fenetre;1637177514393966;15184;255
fenetre;1637177514393987;15190;255
fenetre;1637177514394012;15197;255
fenetre;1637177514394033;15205;255
fenetre;1637177514394054;15212;255
fenetre;1637177514394078;15219;255
fenetre;1637177514394099;15225;255
fenetre;1637177514394123;15232;255
fenetre;1637177514394145;15239;255
fenetre;1637177514394165;15245;255
fenetre;1637177514394190;15253;255
fenetre;1637177514394211;15259;255
fenetre;1637177514394235;15266;255
fenetre;1637177514394256;15273;255
fenetre;1637177514394280;15280;255
fenetre;1637177514394301;15287;255
fenetre;1637177514394324;15294;255
fenetre;1637177514394345;15300;255
fenetre;1637177514394369;15307;255
fenetre;1637177514394390;15313;255
fenetre;1637177514394415;15321;255
fenetre;1637177514394444;15330;255
fenetre;1637177514394467;15338;255
fenetre;1637177514394491;15346;255
fenetre;1637177514394511;15353;255
fenetre;1637177514394534;15360;255
fenetre;1637177514394556;15368;255
fenetre;1637177514394580;15374;255
fenetre;1637177514394601;15381;255
fenetre;1637177514394625;15388;255
fenetre;1637177514394647;15394;255
fenetre;1637177514394673;15404;255
fenetre;1637177514394694;15412;255
fenetre;1637177514394715;15420;255
fenetre;1637177514394746;15451;255
fenetre;1637177514394762;15457;255
fenetre;1637177514394785;15465;255
fenetre;1637177514394806;15472;255
fenetre;1637177514394827;15479;255
fenetre;1637177514394851;15487;255
fenetre;1637177514394872;15493;255
fenetre;1637177514394896;15500;255
fenetre;1637177514394918;15507;255
fenetre;1637177514394941;15514;255
fenetre;1637177514394962;15521;255
fenetre;1637177514394986;15527;255
fenetre;1637177514395007;15534;255
fenetre;1637177514395031;15541;255
fenetre;1637177514395052;15548;255
fenetre;1637177514395076;15555;255
fenetre;1637177514395097;15562;255
fenetre;1637177514395122;15568;255
fenetre;1637177514395144;15575;255
fenetre;1637177514395167;15583;255
fenetre;1637177514395189;15589;255
fenetre;1637177514395213;15596;255
fenetre;1637177514395234;15602;255
fenetre;1637177514395259;15609;255
fenetre;1637177514395279;15617;255
fenetre;1637177514395304;15623;255
fenetre;1637177514395324;15630;255
fenetre;1637177514395348;15637;255
fenetre;1637177514395369;15643;255
fenetre;1637177514395393;15651;255
fenetre;1637177514395415;15657;255
fenetre;1637177514395439;15664;255
fenetre;1637177514395460;15671;255
fenetre;1637177514395481;15678;255
fenetre;1637177514395505;15686;255
fenetre;1637177514395526;15692;255
fenetre;1637177514395551;15699;255
fenetre;1637177514395571;15705;255
fenetre;1637177514395595;15712;255
fenetre;1637177514395616;15719;255
fenetre;1637177514395641;15726;255
fenetre;1637177514395658;15733;255
fenetre;1637177514395679;15739;255
fenetre;1637177514395694;15745;255
fenetre;1637177514395716;15751;255
fenetre;1637177514395738;15758;255
fenetre;1637177514395760;15764;255
timeout;1637177515395777;15775;0
fenetre;1637177515397026;17019;127
fenetre;1637177515397038;17032;128
fenetre;1637177515397043;17036;129
fenetre;1637177515397048;17041;130
fenetre;1637177515397052;17045;131
fenetre;1637177515397056;17049;132
fenetre;1637177515397060;17053;133
fenetre;1637177515397064;17057;134
fenetre;1637177515397071;17064;135
fenetre;1637177515397075;17067;136
fenetre;1637177515397079;17072;137
fenetre;1637177515397083;17076;138
fenetre;1637177515397087;17079;139
fenetre;1637177515397093;17086;140
fenetre;1637177515397097;17090;141
fenetre;1637177515397101;17094;142
fenetre;1637177515397105;17098;143
fenetre;1637177515397109;17101;144
fenetre;1637177515397113;17105;145
fenetre;1637177515397116;17109;146
fenetre;1637177515397120;17113;147
fenetre;1637177515397124;17117;148
fenetre;1637177515397128;17120;149
fenetre;1637177515397132;17125;150
fenetre;1637177515397136;17129;151
fenetre;1637177515397140;17134;152
fenetre;1637177515397145;17138;153
fenetre;1637177515397180;17156;154
fenetre;1637177515397211;17172;155
fenetre;1637177515397253;17189;156
fenetre;1637177515397283;17206;157
fenetre;1637177515397341;17222;158
fenetre;1637177515397350;17230;159
fenetre;1637177515397382;17243;160
fenetre;1637177515397407;17256;161
fenetre;1637177515397445;17279;162
fenetre;1637177515397471;17300;163
fenetre;1637177515397505;17314;164
fenetre;1637177515397529;17328;165
fenetre;1637177515397571;17346;166
fenetre;1637177515397610;17365;167
fenetre;1637177515397619;17374;168
fenetre;1637177515397653;17385;169
fenetre;1637177515397684;17402;170
fenetre;1637177515397714;17421;171
fenetre;1637177515397738;17442;172
fenetre;1637177515397770;17456;173
fenetre;1637177515397796;17473;174
fenetre;1637177515397837;17488;175
fenetre;1637177515397867;17499;176
fenetre;1637177515397892;17510;177
fenetre;1637177515397922;17523;178
fenetre;1637177515397949;17536;179
fenetre;1637177515397978;17550;180
fenetre;1637177515398015;17560;181
fenetre;1637177515398036;17570;182
fenetre;1637177515398072;17585;183
fenetre;1637177515398092;17600;184
fenetre;1637177515398118;17612;185
fenetre;1637177515398171;17627;186
fenetre;1637177515398180;17636;187
fenetre;1637177515398217;17647;188
fenetre;1637177515398247;17657;189
fenetre;1637177515398270;17671;190
fenetre;1637177515398312;17690;191
fenetre;1637177515398328;17702;192
fenetre;1637177515398371;17718;193
fenetre;1637177515398393;17732;194
fenetre;1637177515398448;17748;195
fenetre;1637177515398498;17798;196
fenetre;1637177515398503;17802;197
fenetre;1637177515398533;17817;198
fenetre;1637177515398566;17831;199
fenetre;1637177515398588;17844;200
fenetre;1637177515398614;17855;201
fenetre;1637177515398635;17865;202
fenetre;1637177515398671;17875;203
fenetre;1637177515398703;17885;204
fenetre;1637177515398735;17895;205
fenetre;1637177515398761;17905;206
fenetre;1637177515398789;17918;207
fenetre;1637177515398820;17933;208
fenetre;1637177515398841;17945;209
fenetre;1637177515398868;17954;210
fenetre;1637177515398896;17963;211
fenetre;1637177515398932;17971;212
fenetre;1637177515398958;17980;213
fenetre;1637177515398989;17993;214
fenetre;1637177515399017;18005;215
fenetre;1637177515399048;18017;216
fenetre;1637177515399075;18026;217
fenetre;1637177515399102;18035;218
fenetre;1637177515399133;18047;219
fenetre;1637177515399160;18057;220
fenetre;1637177515399186;18066;221
fenetre;1637177515399216;18075;222
fenetre;1637177515399242;18084;223
fenetre;1637177515399274;18092;224
fenetre;1637177515399303;18101;225
fenetre;1637177515399328;18110;226
fenetre;1637177515399357;18119;227
fenetre;1637177515399383;18127;228
fenetre;1637177515399414;18136;229
fenetre;1637177515399440;18145;230
fenetre;1637177515399471;18154;231
fenetre;1637177515399496;18162;232
fenetre;1637177515399526;18171;233
fenetre;1637177515399552;18179;234
fenetre;1637177515399582;18189;235
fenetre;1637177515399608;18197;236
fenetre;1637177515399638;18205;237
fenetre;1637177515399665;18215;238
fenetre;1637177515399692;18223;239
fenetre;1637177515399724;18233;240
fenetre;1637177515399751;18240;241
fenetre;1637177515399780;18250;242
fenetre;1637177515399807;18258;243
fenetre;1637177515399837;18267;244
fenetre;1637177515399863;18276;245
fenetre;1637177515399894;18284;246
fenetre;1637177515399920;18293;247
fenetre;1637177515399952;18301;248
fenetre;1637177515399978;18313;249
fenetre;1637177515400005;18322;250
fenetre;1637177515400022;18330;251
fenetre;1637177515400038;18336;252
fenetre;1637177515400054;18343;253
fin;1637177515400225;18410;0
