type;temps;clock;fen
debut;1637181275918359;1650;0
fenetre;1637181275919113;1755;1
fenetre;1637181275919262;1780;2
fenetre;1637181275919347;1790;3
fenetre;1637181275919404;1825;4
fenetre;1637181275919500;1836;5
fenetre;1637181275919506;1841;6
fenetre;1637181275919510;1845;7
fenetre;1637181275919583;1907;8
fenetre;1637181275919666;1919;9
fenetre;1637181275919704;1932;10
fenetre;1637181275919740;1951;11
fenetre;1637181275919779;1967;12
fenetre;1637181275919807;1983;13
fenetre;1637181275919827;2000;14
fenetre;1637181275919846;2013;15
fenetre;1637181275919991;2152;16
fenetre;1637181275919998;2159;17
fenetre;1637181275920018;2169;18
fenetre;1637181275920043;2178;19
fenetre;1637181275920079;2189;20
fenetre;1637181275920102;2200;21
fenetre;1637181275920131;2208;22
fenetre;1637181275920155;2217;23
fenetre;1637181275920192;2230;24
fenetre;1637181275920221;2242;25
fenetre;1637181275920242;2250;26
fenetre;1637181275920272;2259;27
fenetre;1637181275920306;2271;28
fenetre;1637181275920314;2278;29
fenetre;1637181275920349;2296;30
fenetre;1637181275920359;2306;31
fenetre;1637181275920620;2561;32
fenetre;1637181275920633;2573;33
fenetre;1637181275920639;2579;34
fenetre;1637181275920689;2592;35
fenetre;1637181275920777;2610;36
fenetre;1637181275920847;2636;37
fenetre;1637181275920894;2660;38
fenetre;1637181275920928;2676;39
fenetre;1637181275920960;2692;40
fenetre;1637181275920990;2705;41
fenetre;1637181275921039;2722;42
fenetre;1637181275921093;2741;43
fenetre;1637181275921112;2751;44
fenetre;1637181275921148;2768;45
fenetre;1637181275921170;2777;46
fenetre;1637181275921205;2791;47
fenetre;1637181275921229;2802;48
fenetre;1637181275921265;2817;49
fenetre;1637181275921318;2835;50
fenetre;1637181275921380;2854;51
fenetre;1637181275921428;2869;52
fenetre;1637181275921462;2884;53
fenetre;1637181275921490;2896;54
fenetre;1637181275921532;2913;55
fenetre;1637181275921598;2930;56
fenetre;1637181275921656;2944;57
fenetre;1637181275921718;2970;58
fenetre;1637181275921769;2987;59
fenetre;1637181275921834;3001;60
fenetre;1637181275921868;3015;61
fenetre;1637181275921899;3038;62
fenetre;1637181275921907;3046;63
fenetre;1637181275922344;3462;64
fenetre;1637181275922353;3470;65
fenetre;1637181275922357;3475;66
fenetre;1637181275922361;3478;67
fenetre;1637181275922365;3482;68
fenetre;1637181275922369;3485;69
fenetre;1637181275922373;3490;70
fenetre;1637181275922376;3494;71
fenetre;1637181275922380;3497;72
fenetre;1637181275922394;3504;73
fenetre;1637181275922419;3511;74
fenetre;1637181275922452;3522;75
fenetre;1637181275922484;3538;76
fenetre;1637181275922509;3552;77
fenetre;1637181275922530;3562;78
fenetre;1637181275922557;3571;79
fenetre;1637181275922583;3578;80
fenetre;1637181275922615;3588;81
fenetre;1637181275922639;3600;82
fenetre;1637181275922668;3612;83
fenetre;1637181275922713;3625;84
fenetre;1637181275922748;3642;85
fenetre;1637181275922775;3656;86
fenetre;1637181275922789;3668;87
fenetre;1637181275922825;3681;88
fenetre;1637181275922849;3691;89
fenetre;1637181275922879;3701;90
fenetre;1637181275922905;3709;91
fenetre;1637181275922933;3717;92
fenetre;1637181275922960;3725;93
fenetre;1637181275922986;3734;94
fenetre;1637181275923006;3742;95
fenetre;1637181275923024;3749;96
fenetre;1637181275923055;3755;97
fenetre;1637181275923073;3763;98
fenetre;1637181275923092;3769;99
timeout;1637181276927334;3794;0
fenetre;1637181276928405;4852;49
fenetre;1637181276928431;4878;50
fenetre;1637181276928439;4887;51
fenetre;1637181276928446;4893;52
fenetre;1637181276928452;4899;53
fenetre;1637181276928458;4905;54
fenetre;1637181276928560;4929;55
fenetre;1637181276928645;4956;56
fenetre;1637181276928656;4967;57
fenetre;1637181276928720;4988;58
fenetre;1637181276928748;5006;59
fenetre;1637181276928815;5024;60
fenetre;1637181276928900;5057;61
fenetre;1637181276928914;5071;62
fenetre;1637181276928965;5095;63
fenetre;1637181276929002;5114;64
fenetre;1637181276929053;5138;65
fenetre;1637181276929116;5167;66
fenetre;1637181276929130;5180;67
fenetre;1637181276929186;5204;68
fenetre;1637181276929235;5229;69
fenetre;1637181276929248;5242;70
fenetre;1637181276929294;5264;71
fenetre;1637181276929390;5361;72
fenetre;1637181276929402;5372;73
fenetre;1637181276929409;5380;74
fenetre;1637181276929478;5406;75
fenetre;1637181276929518;5436;76
fenetre;1637181276929551;5459;77
fenetre;1637181276929592;5479;78
fenetre;1637181276929656;5496;79
fenetre;1637181276929695;5512;80
fenetre;1637181276929721;5524;81
fenetre;1637181276929787;5537;82
fenetre;1637181276929815;5549;83
fenetre;1637181276929872;5563;84
fenetre;1637181276929928;5591;85
fenetre;1637181276929957;5612;86
fenetre;1637181276929997;5627;87
fenetre;1637181276930071;5644;88
fenetre;1637181276930096;5658;89
fenetre;1637181276930148;5679;90
fenetre;1637181276930186;5701;91
fenetre;1637181276930221;5717;92
fenetre;1637181276930264;5731;93
fenetre;1637181276930298;5749;94
fenetre;1637181276930313;5765;95
fenetre;1637181276930344;5778;96
fenetre;1637181276930370;5791;97
fenetre;1637181276931430;6836;98
fenetre;1637181276931440;6846;99
fenetre;1637181276931447;6853;100
fenetre;1637181276931452;6858;101
fenetre;1637181276931457;6863;102
fenetre;1637181276931462;6868;103
fenetre;1637181276931467;6873;104
fenetre;1637181276931472;6878;105
fenetre;1637181276931477;6882;106
fenetre;1637181276931481;6887;107
fenetre;1637181276931488;6894;108
fenetre;1637181276931493;6899;109
fenetre;1637181276931498;6903;110
fenetre;1637181276931502;6908;111
fenetre;1637181276931507;6913;112
fenetre;1637181276931512;6918;113
fenetre;1637181276931517;6922;114
fenetre;1637181276931523;6929;115
fenetre;1637181276931528;6934;116
fenetre;1637181276931533;6939;117
fenetre;1637181276931538;6943;118
fenetre;1637181276931543;6948;119
fenetre;1637181276931581;6961;120
fenetre;1637181276931603;6974;121
fenetre;1637181276931647;6990;122
fenetre;1637181276931687;7003;123
fenetre;1637181276931714;7013;124
fenetre;1637181276931763;7029;125
fenetre;1637181276931790;7042;126
fenetre;1637181276931827;7054;127
fenetre;1637181276931881;7065;128
fenetre;1637181276931906;7076;129
fenetre;1637181276931948;7087;130
fenetre;1637181276931982;7099;131
fenetre;1637181276932027;7108;132
fenetre;1637181276932053;7120;133
fenetre;1637181276932091;7130;134
fenetre;1637181276932133;7142;135
fenetre;1637181276932180;7154;136
fenetre;1637181276932204;7164;137
fenetre;1637181276932248;7175;138
fenetre;1637181276932278;7185;139
fenetre;1637181276932330;7195;140
fenetre;1637181276932355;7206;141
fenetre;1637181276932403;7227;142
fenetre;1637181276932438;7243;143
fenetre;1637181276932463;7253;144
fenetre;1637181276932501;7263;145
fenetre;1637181276932548;7284;146
fenetre;1637181276932594;7300;147
fenetre;1637181276932616;7311;148
fenetre;1637181276932664;7321;149
ecn;1637181276932685;7331;0
fenetre;1637181276933829;8476;134
fenetre;1637181276933836;8483;135
ecn;1637181276933842;8489;0
fenetre;1637181276934833;9479;121
fenetre;1637181276934839;9486;122
fenetre;1637181276934844;9490;123
fenetre;1637181276935995;9499;124
fenetre;1637181276936024;9513;125
fenetre;1637181276936052;9525;126
timeout;1637181277939226;9553;0
fenetre;1637181277940414;10739;63
fenetre;1637181277940429;10755;64
fenetre;1637181277940436;10761;65
fenetre;1637181277940443;10768;66
fenetre;1637181277940449;10773;67
fenetre;1637181277940455;10780;68
fenetre;1637181277940461;10786;69
fenetre;1637181277940467;10792;70
fenetre;1637181277940593;10821;71
fenetre;1637181277940608;10836;72
fenetre;1637181277940673;10860;73
fenetre;1637181277940727;10893;74
fenetre;1637181277940784;10926;75
fenetre;1637181277940798;10939;76
fenetre;1637181277940845;10954;77
fenetre;1637181277940890;10982;78
fenetre;1637181277940985;11013;79
fenetre;1637181277940999;11027;80
fenetre;1637181277941049;11054;81
fenetre;1637181277941063;11068;82
fenetre;1637181277941124;11095;83
fenetre;1637181277941219;11130;84
fenetre;1637181277941233;11145;85
fenetre;1637181277941241;11152;86
fenetre;1637181277941293;11170;87
fenetre;1637181277941322;11189;88
fenetre;1637181277941380;11218;89
fenetre;1637181277941397;11235;90
fenetre;1637181277941494;11253;91
fenetre;1637181277941508;11265;92
fenetre;1637181277941570;11289;93
fenetre;1637181277941634;11320;94
fenetre;1637181277941671;11349;95
fenetre;1637181277941746;11424;96
fenetre;1637181277941754;11432;97
fenetre;1637181277941781;11450;98
fenetre;1637181277941831;11474;99
fenetre;1637181277941868;11494;100
fenetre;1637181277941938;11529;101
fenetre;1637181277941970;11554;102
fenetre;1637181277942026;11584;103
fenetre;1637181277942044;11602;104
fenetre;1637181277942102;11617;105
fenetre;1637181277942147;11644;106
fenetre;1637181277942190;11665;107
fenetre;1637181277942230;11679;108
fenetre;1637181277942276;11693;109
fenetre;1637181277942321;11711;110
fenetre;1637181277942365;11728;111
fenetre;1637181277942409;11744;112
fenetre;1637181277942457;11760;113
fenetre;1637181277942500;11772;114
fenetre;1637181277942544;11785;115
fenetre;1637181277942592;11799;116
fenetre;1637181277942633;11812;117
fenetre;1637181277942683;11826;118
fenetre;1637181277942729;11839;119
fenetre;1637181277942774;11853;120
fenetre;1637181277942837;11882;121
fenetre;1637181277942874;11893;122
fenetre;1637181277942898;11903;123
fenetre;1637181277942918;11914;124
fenetre;1637181277942939;11924;125
fenetre;1637181277944172;13136;126
fenetre;1637181277944186;13150;127
fenetre;1637181277944192;13156;128
fenetre;1637181277944200;13164;129
fenetre;1637181277944205;13169;130
fenetre;1637181277944209;13174;131
fenetre;1637181277944214;13178;132
fenetre;1637181277944219;13183;133
fenetre;1637181277944224;13188;134
fenetre;1637181277944229;13194;135
fenetre;1637181277944236;13200;136
fenetre;1637181277944241;13205;137
fenetre;1637181277944246;13210;138
fenetre;1637181277944250;13215;139
fenetre;1637181277944255;13220;140
fenetre;1637181277944260;13224;141
fenetre;1637181277944265;13229;142
fenetre;1637181277944272;13236;143
fenetre;1637181277944277;13241;144
fenetre;1637181277944281;13245;145
fenetre;1637181277944286;13250;146
fenetre;1637181277944291;13255;147
fenetre;1637181277944296;13261;148
fenetre;1637181277944301;13265;149
fenetre;1637181277944310;13274;150
fenetre;1637181277944315;13279;151
fenetre;1637181277944320;13285;152
fenetre;1637181277944325;13288;153
fenetre;1637181277944330;13294;154
fenetre;1637181277944335;13299;155
fenetre;1637181277944340;13305;156
fenetre;1637181277944345;13309;157
fenetre;1637181277944363;13320;158
fenetre;1637181277944408;13336;159
fenetre;1637181277944438;13353;160
fenetre;1637181277944486;13365;161
fenetre;1637181277944529;13377;162
fenetre;1637181277944553;13397;163
ecn;1637181277944572;13412;0
fenetre;1637181277945969;14801;146
ecn;1637181277945983;14815;0
fenetre;1637181277947030;15863;131
fenetre;1637181277947037;15869;132
fenetre;1637181277947042;15873;133
fenetre;1637181277948983;15886;134
fenetre;1637181277949009;15897;135
timeout;1637181278953224;15920;0
fenetre;1637181278953861;16524;67
fenetre;1637181278953878;16540;68
fenetre;1637181278953884;16545;69
fenetre;1637181278953888;16550;70
fenetre;1637181278953894;16556;71
fenetre;1637181278953898;16560;72
fenetre;1637181278953903;16564;73
fenetre;1637181278953908;16570;74
fenetre;1637181278953912;16574;75
fenetre;1637181278953917;16579;76
fenetre;1637181278953921;16582;77
fenetre;1637181278953942;16598;78
fenetre;1637181278953972;16615;79
fenetre;1637181278954008;16628;80
fenetre;1637181278954058;16642;81
fenetre;1637181278954067;16651;82
fenetre;1637181278954116;16664;83
fenetre;1637181278954246;16685;84
fenetre;1637181278954255;16694;85
fenetre;1637181278954260;16698;86
fenetre;1637181278954323;16722;87
fenetre;1637181278954331;16731;88
fenetre;1637181278954367;16747;89
fenetre;1637181278954387;16759;90
fenetre;1637181278954400;16766;91
fenetre;1637181278954467;16778;92
fenetre;1637181278954499;16795;93
fenetre;1637181278954508;16804;94
fenetre;1637181278954580;16820;95
fenetre;1637181278954603;16840;96
fenetre;1637181278954609;16847;97
fenetre;1637181278954685;16868;98
fenetre;1637181278954694;16876;99
fenetre;1637181278954698;16881;100
fenetre;1637181278954739;16898;101
fenetre;1637181278954750;16908;102
fenetre;1637181278954785;16926;103
fenetre;1637181278954794;16934;104
fenetre;1637181278954848;16946;105
fenetre;1637181278954857;16955;106
fenetre;1637181278954871;16964;107
fenetre;1637181278954938;16975;108
fenetre;1637181278954989;17026;109
fenetre;1637181278954994;17031;110
fenetre;1637181278954998;17036;111
fenetre;1637181278955020;17047;112
fenetre;1637181278955052;17061;113
fenetre;1637181278955074;17072;114
fenetre;1637181278955102;17084;115
fenetre;1637181278955130;17092;116
fenetre;1637181278955162;17101;117
fenetre;1637181278955195;17111;118
fenetre;1637181278955221;17125;119
fenetre;1637181278955247;17137;120
fenetre;1637181278955277;17148;121
fenetre;1637181278955299;17157;122
fenetre;1637181278955330;17168;123
fenetre;1637181278955359;17180;124
fenetre;1637181278955400;17189;125
fenetre;1637181278955435;17200;126
fenetre;1637181278955459;17210;127
fenetre;1637181278955486;17217;128
fenetre;1637181278955512;17226;129
fenetre;1637181278955541;17234;130
fenetre;1637181278955560;17242;131
fenetre;1637181278955575;17251;132
fenetre;1637181278955590;17257;133
fenetre;1637181278956516;18175;134
fenetre;1637181278956522;18182;135
fenetre;1637181278956526;18185;136
fenetre;1637181278956532;18191;137
fenetre;1637181278956536;18195;138
fenetre;1637181278956539;18198;139
fenetre;1637181278956543;18202;140
fenetre;1637181278956547;18206;141
fenetre;1637181278956550;18209;142
fenetre;1637181278956554;18212;143
fenetre;1637181278956557;18216;144
fenetre;1637181278956561;18220;145
fenetre;1637181278956564;18223;146
fenetre;1637181278956568;18226;147
fenetre;1637181278956571;18231;148
fenetre;1637181278956575;18234;149
fenetre;1637181278956578;18237;150
fenetre;1637181278956582;18241;151
fenetre;1637181278956586;18245;152
fenetre;1637181278956589;18248;153
fenetre;1637181278956593;18251;154
fenetre;1637181278956596;18256;155
fenetre;1637181278956602;18261;156
fenetre;1637181278956607;18266;157
fenetre;1637181278956613;18272;158
fenetre;1637181278956617;18276;159
fenetre;1637181278956622;18280;160
fenetre;1637181278956625;18285;161
fenetre;1637181278956629;18288;162
fenetre;1637181278956633;18292;163
fenetre;1637181278956650;18299;164
fenetre;1637181278956678;18308;165
fenetre;1637181278956705;18317;166
fenetre;1637181278956724;18325;167
fenetre;1637181278956741;18333;168
ecn;1637181278956768;18340;0
fenetre;1637181278957759;19328;151
fenetre;1637181278957768;19337;152
fenetre;1637181278958310;19350;153
fenetre;1637181278958335;19365;154
fenetre;1637181278958359;19375;155
timeout;1637181279961623;19386;0
fenetre;1637181279962320;20076;77
fenetre;1637181279962332;20087;78
fenetre;1637181279962338;20093;79
fenetre;1637181279962342;20097;80
fenetre;1637181279962347;20102;81
fenetre;1637181279962351;20105;82
fenetre;1637181279962358;20113;83
fenetre;1637181279962362;20117;84
fenetre;1637181279962366;20122;85
fenetre;1637181279962370;20125;86
fenetre;1637181279962374;20129;87
fenetre;1637181279962378;20133;88
fenetre;1637181279962382;20137;89
fenetre;1637181279962410;20149;90
fenetre;1637181279962418;20158;91
fenetre;1637181279962462;20169;92
fenetre;1637181279962490;20183;93
fenetre;1637181279962515;20195;94
fenetre;1637181279962550;20204;95
fenetre;1637181279962586;20217;96
fenetre;1637181279962636;20232;97
fenetre;1637181279962648;20242;98
fenetre;1637181279962681;20258;99
fenetre;1637181279962725;20277;100
fenetre;1637181279962735;20287;101
fenetre;1637181279962798;20308;102
fenetre;1637181279962808;20318;103
fenetre;1637181279962835;20327;104
fenetre;1637181279962855;20336;105
fenetre;1637181279962894;20346;106
fenetre;1637181279962914;20353;107
fenetre;1637181279962947;20364;108
fenetre;1637181279962983;20376;109
fenetre;1637181279963007;20385;110
fenetre;1637181279963040;20395;111
fenetre;1637181279963077;20406;112
fenetre;1637181279963105;20421;113
fenetre;1637181279963132;20433;114
fenetre;1637181279963161;20442;115
fenetre;1637181279963198;20454;116
fenetre;1637181279963236;20465;117
fenetre;1637181279963257;20477;118
fenetre;1637181279963280;20489;119
fenetre;1637181279963312;20499;120
fenetre;1637181279963345;20508;121
fenetre;1637181279963387;20518;122
fenetre;1637181279963404;20528;123
fenetre;1637181279963447;20545;124
fenetre;1637181279963477;20559;125
fenetre;1637181279963499;20569;126
fenetre;1637181279963530;20579;127
fenetre;1637181279963577;20625;128
fenetre;1637181279963583;20632;129
fenetre;1637181279963617;20641;130
fenetre;1637181279963646;20650;131
fenetre;1637181279963680;20662;132
fenetre;1637181279963707;20672;133
fenetre;1637181279963738;20682;134
fenetre;1637181279963766;20690;135
fenetre;1637181279963796;20698;136
fenetre;1637181279963826;20707;137
fenetre;1637181279963858;20719;138
fenetre;1637181279963887;20729;139
fenetre;1637181279963915;20739;140
fenetre;1637181279963950;20751;141
fenetre;1637181279963979;20763;142
fenetre;1637181279964007;20775;143
fenetre;1637181279964035;20787;144
fenetre;1637181279964069;20796;145
fenetre;1637181279964099;20805;146
fenetre;1637181279964131;20815;147
fenetre;1637181279964161;20825;148
fenetre;1637181279964189;20834;149
fenetre;1637181279964222;20844;150
fenetre;1637181279964253;20854;151
fenetre;1637181279964274;20863;152
fenetre;1637181279964289;20870;153
fenetre;1637181279965523;22082;154
fenetre;1637181279965533;22092;155
fenetre;1637181279965538;22097;156
fenetre;1637181279965542;22102;157
fenetre;1637181279965546;22106;158
fenetre;1637181279965551;22110;159
fenetre;1637181279965555;22114;160
fenetre;1637181279965559;22118;161
fenetre;1637181279965563;22122;162
fenetre;1637181279965567;22126;163
fenetre;1637181279965571;22130;164
fenetre;1637181279965574;22134;165
fenetre;1637181279965579;22139;166
fenetre;1637181279965583;22142;167
fenetre;1637181279965587;22147;168
fenetre;1637181279965591;22151;169
fenetre;1637181279965595;22154;170
fenetre;1637181279965599;22159;171
fenetre;1637181279965603;22162;172
fenetre;1637181279965607;22167;173
fenetre;1637181279965611;22171;174
fenetre;1637181279965615;22174;175
fenetre;1637181279965619;22179;176
fenetre;1637181279965623;22182;177
ecn;1637181279965627;22187;0
fenetre;1637181279966768;23328;159
fenetre;1637181279966778;23337;160
fenetre;1637181279966783;23343;161
fenetre;1637181279966788;23347;162
fenetre;1637181279966792;23352;163
fenetre;1637181279966796;23356;164
timeout;1637181280966898;23381;0
fenetre;1637181280968055;24537;82
timeout;1637181281971195;24570;0
fenetre;1637181281972129;25503;41
fenetre;1637181281972157;25530;42
fenetre;1637181281972174;25546;43
fenetre;1637181281972195;25567;44
fenetre;1637181281972207;25579;45
fenetre;1637181281972237;25609;46
fenetre;1637181281972275;25630;47
fenetre;1637181281972341;25655;48
fenetre;1637181281972431;25693;49
fenetre;1637181281972450;25711;50
fenetre;1637181281972482;25729;51
fenetre;1637181281972524;25749;52
fenetre;1637181281972563;25763;53
fenetre;1637181281972675;25791;54
fenetre;1637181281972692;25807;55
fenetre;1637181281972699;25815;56
fenetre;1637181281972829;25847;57
fenetre;1637181281972849;25866;58
fenetre;1637181281972879;25892;59
fenetre;1637181281972966;25918;60
fenetre;1637181281972979;25931;61
fenetre;1637181281973017;25943;62
fenetre;1637181281973075;25959;63
fenetre;1637181281973129;25976;64
fenetre;1637181281973209;25996;65
fenetre;1637181281973242;26021;66
fenetre;1637181281973271;26046;67
fenetre;1637181281973315;26077;68
fenetre;1637181281973370;26105;69
fenetre;1637181281973438;26155;70
fenetre;1637181281973530;26183;71
fenetre;1637181281973588;26213;72
fenetre;1637181281973636;26235;73
fenetre;1637181281973675;26251;74
fenetre;1637181281973752;26275;75
fenetre;1637181281973766;26288;76
fenetre;1637181281973877;26316;77
fenetre;1637181281973927;26339;78
fenetre;1637181281973940;26352;79
fenetre;1637181281973963;26364;80
fenetre;1637181281973982;26375;81
fenetre;1637181281974944;27320;82
fenetre;1637181281974952;27328;83
fenetre;1637181281974957;27333;84
fenetre;1637181281974962;27338;85
fenetre;1637181281974970;27345;86
fenetre;1637181281974975;27351;87
fenetre;1637181281974980;27355;88
fenetre;1637181281974987;27362;89
fenetre;1637181281974992;27368;90
fenetre;1637181281974997;27373;91
fenetre;1637181281975001;27377;92
fenetre;1637181281975006;27382;93
fenetre;1637181281975011;27387;94
fenetre;1637181281975015;27391;95
fenetre;1637181281975020;27396;96
fenetre;1637181281975025;27400;97
fenetre;1637181281975056;27418;98
fenetre;1637181281975068;27430;99
fenetre;1637181281975142;27505;100
fenetre;1637181281975148;27510;101
fenetre;1637181281975194;27531;102
fenetre;1637181281975218;27550;103
fenetre;1637181281975260;27573;104
fenetre;1637181281975301;27595;105
fenetre;1637181281975329;27613;106
fenetre;1637181281975362;27625;107
fenetre;1637181281975412;27645;108
fenetre;1637181281975440;27661;109
fenetre;1637181281975474;27673;110
fenetre;1637181281975522;27684;111
fenetre;1637181281975561;27702;112
fenetre;1637181281975589;27717;113
fenetre;1637181281975621;27731;114
fenetre;1637181281975676;27742;115
fenetre;1637181281975713;27752;116
fenetre;1637181281975749;27764;117
fenetre;1637181281975776;27775;118
fenetre;1637181281975811;27788;119
fenetre;1637181281975844;27800;120
fenetre;1637181281975880;27812;121
fenetre;1637181281975962;27825;122
fenetre;1637181281975971;27834;123
fenetre;1637181281975992;27852;124
fenetre;1637181281976029;27868;125
fenetre;1637181281976074;27880;126
fenetre;1637181281976098;27889;127
fenetre;1637181281976173;27902;128
fenetre;1637181281976179;27908;129
fenetre;1637181281976203;27917;130
fenetre;1637181281976239;27927;131
fenetre;1637181281976283;27940;132
fenetre;1637181281976320;27951;133
fenetre;1637181281976351;27962;134
fenetre;1637181281976398;27972;135
fenetre;1637181281976432;27983;136
fenetre;1637181281976473;27999;137
fenetre;1637181281976509;28014;138
fenetre;1637181281976558;28026;139
fenetre;1637181281976598;28038;140
fenetre;1637181281976623;28049;141
ecn;1637181281976657;28059;0
fenetre;1637181281977729;29132;126
fenetre;1637181281977736;29139;127
timeout;1637181282978247;29159;0
fenetre;1637181282979431;30322;63
timeout;1637181283979814;30353;0
fenetre;1637181283980524;31062;31
fenetre;1637181283980547;31085;32
fenetre;1637181283980563;31101;33
fenetre;1637181283980573;31112;34
fenetre;1637181283980734;31151;35
fenetre;1637181283980752;31168;36
fenetre;1637181283980838;31200;37
fenetre;1637181283980856;31218;38
fenetre;1637181283980925;31248;39
fenetre;1637181283980946;31269;40
fenetre;1637181283981055;31300;41
fenetre;1637181283981071;31315;42
fenetre;1637181283981114;31334;43
fenetre;1637181283981158;31357;44
fenetre;1637181283981198;31381;45
fenetre;1637181283981249;31402;46
fenetre;1637181283981295;31423;47
fenetre;1637181283981349;31453;48
fenetre;1637181283981363;31466;49
fenetre;1637181283981458;31496;50
fenetre;1637181283981472;31510;51
fenetre;1637181283981552;31537;52
fenetre;1637181283981590;31559;53
fenetre;1637181283981636;31576;54
fenetre;1637181283981695;31594;55
fenetre;1637181283981722;31609;56
fenetre;1637181283981774;31625;57
fenetre;1637181283981840;31652;58
fenetre;1637181283981945;31684;59
fenetre;1637181283981959;31698;60
fenetre;1637181283981966;31704;61
fenetre;1637181283982839;32489;62
fenetre;1637181283982853;32503;63
fenetre;1637181283982860;32509;64
fenetre;1637181283982866;32516;65
fenetre;1637181283982872;32522;66
fenetre;1637181283982879;32528;67
fenetre;1637181283982885;32534;68
fenetre;1637181283982891;32540;69
fenetre;1637181283982897;32546;70
fenetre;1637181283982903;32552;71
fenetre;1637181283982909;32559;72
fenetre;1637181283982960;32582;73
fenetre;1637181283983013;32602;74
fenetre;1637181283983021;32610;75
fenetre;1637181283983060;32633;76
fenetre;1637181283983103;32656;77
fenetre;1637181283983182;32689;78
fenetre;1637181283983223;32719;79
fenetre;1637181283983265;32748;80
fenetre;1637181283983298;32766;81
fenetre;1637181283983353;32784;82
fenetre;1637181283983398;32802;83
fenetre;1637181283983447;32819;84
fenetre;1637181283983481;32838;85
fenetre;1637181283983550;32863;86
fenetre;1637181283983587;32894;87
fenetre;1637181283983639;32916;88
fenetre;1637181283983705;32939;89
fenetre;1637181283983713;32947;90
fenetre;1637181283983752;32960;91
fenetre;1637181283983805;32984;92
fenetre;1637181283983816;32996;93
fenetre;1637181283983856;33012;94
fenetre;1637181283983887;33029;95
fenetre;1637181283983963;33045;96
fenetre;1637181283983972;33054;97
fenetre;1637181283984006;33072;98
fenetre;1637181283984038;33093;99
fenetre;1637181283984084;33112;100
fenetre;1637181283984114;33129;101
fenetre;1637181283984170;33184;102
fenetre;1637181283984194;33202;103
fenetre;1637181283984233;33222;104
fenetre;1637181283984272;33248;105
fenetre;1637181283984328;33273;106
fenetre;1637181283984340;33284;107
fenetre;1637181283984385;33303;108
fenetre;1637181283984435;33339;109
fenetre;1637181283984461;33359;110
fenetre;1637181283984511;33384;111
fenetre;1637181283984521;33394;112
fenetre;1637181283984561;33409;113
fenetre;1637181283984594;33424;114
fenetre;1637181283984663;33442;115
fenetre;1637181283984674;33453;116
fenetre;1637181283984720;33468;117
fenetre;1637181283984749;33483;118
fenetre;1637181283984780;33499;119
fenetre;1637181283984817;33511;120
fenetre;1637181283984845;33525;121
fenetre;1637181283984863;33536;122
fenetre;1637181283984886;33547;123
fenetre;1637181283986092;34741;124
fenetre;1637181283986106;34754;125
fenetre;1637181283986112;34761;126
fenetre;1637181283986117;34766;127
fenetre;1637181283986123;34772;128
fenetre;1637181283986128;34777;129
fenetre;1637181283986133;34782;130
fenetre;1637181283986138;34786;131
fenetre;1637181283986143;34791;132
timeout;1637181284990634;34814;0
fenetre;1637181284991920;36085;66
fenetre;1637181284991940;36104;67
fenetre;1637181284991947;36111;68
fenetre;1637181284991954;36118;69
fenetre;1637181284991960;36124;70
fenetre;1637181284991966;36130;71
fenetre;1637181284991979;36143;72
fenetre;1637181284991986;36150;73
fenetre;1637181284991992;36156;74
fenetre;1637181284992000;36164;75
fenetre;1637181284992007;36171;76
fenetre;1637181284992089;36189;77
fenetre;1637181284992133;36223;78
fenetre;1637181284992148;36237;79
fenetre;1637181284992242;36261;80
fenetre;1637181284992256;36274;81
fenetre;1637181284992315;36298;82
fenetre;1637181284992371;36326;83
fenetre;1637181284992422;36358;84
fenetre;1637181284992436;36372;85
fenetre;1637181284992505;36399;86
fenetre;1637181284992535;36424;87
fenetre;1637181284992574;36439;88
fenetre;1637181284992611;36460;89
fenetre;1637181284992650;36478;90
fenetre;1637181284992701;36497;91
fenetre;1637181284992794;36520;92
fenetre;1637181284992807;36534;93
fenetre;1637181284992876;36552;94
fenetre;1637181284992889;36565;95
fenetre;1637181284992953;36588;96
fenetre;1637181284992984;36608;97
fenetre;1637181284993040;36634;98
fenetre;1637181284993073;36655;99
fenetre;1637181284993138;36680;100
fenetre;1637181284993214;36699;101
fenetre;1637181284993273;36713;102
fenetre;1637181284993323;36726;103
fenetre;1637181284993414;36741;104
fenetre;1637181284993424;36751;105
fenetre;1637181284993494;36778;106
fenetre;1637181284993509;36793;107
fenetre;1637181284993568;36812;108
fenetre;1637181284993604;36830;109
fenetre;1637181284993653;36842;110
fenetre;1637181284993723;36867;111
fenetre;1637181284993761;36891;112
fenetre;1637181284993796;36909;113
fenetre;1637181284993843;36924;114
fenetre;1637181284993903;36940;115
fenetre;1637181284993943;36955;116
fenetre;1637181284993981;36968;117
fenetre;1637181284994046;36981;118
fenetre;1637181284994078;36994;119
fenetre;1637181284994122;37008;120
fenetre;1637181284994205;37020;121
fenetre;1637181284994238;37032;122
fenetre;1637181284994269;37043;123
fenetre;1637181284994303;37054;124
fenetre;1637181284994349;37074;125
fenetre;1637181284994388;37090;126
fenetre;1637181284994413;37100;127
fenetre;1637181284994458;37112;128
fenetre;1637181284994477;37127;129
fenetre;1637181284994490;37140;130
fenetre;1637181284994522;37152;131
fenetre;1637181284995818;38427;132
fenetre;1637181284995831;38440;133
fenetre;1637181284995836;38445;134
fenetre;1637181284995841;38451;135
fenetre;1637181284995846;38455;136
fenetre;1637181284995851;38461;137
fenetre;1637181284995856;38465;138
fenetre;1637181284995861;38470;139
fenetre;1637181284995866;38475;140
fenetre;1637181284995870;38479;141
fenetre;1637181284995878;38487;142
fenetre;1637181284995883;38492;143
fenetre;1637181284995888;38497;144
fenetre;1637181284995892;38501;145
fenetre;1637181284995897;38506;146
fenetre;1637181284995902;38511;147
fenetre;1637181284995906;38516;148
fenetre;1637181284995911;38520;149
fenetre;1637181284995916;38525;150
fenetre;1637181284995920;38530;151
fenetre;1637181284995981;38590;152
fenetre;1637181284995986;38595;153
fenetre;1637181284995991;38600;154
fenetre;1637181284995996;38605;155
fenetre;1637181284996002;38611;156
fenetre;1637181284996007;38616;157
fenetre;1637181284996012;38621;158
fenetre;1637181284996016;38626;159
fenetre;1637181284996021;38630;160
fenetre;1637181284996026;38636;161
fenetre;1637181284996031;38641;162
fenetre;1637181284996064;38651;163
fenetre;1637181284996098;38668;164
fenetre;1637181284996133;38685;165
fenetre;1637181284996167;38705;166
ecn;1637181284996224;38715;0
fenetre;1637181284997510;40002;149
fenetre;1637181284998364;40019;150
timeout;1637181286003421;40047;0
fenetre;1637181286004783;41400;75
fenetre;1637181286004803;41419;76
fenetre;1637181286004811;41426;77
fenetre;1637181286004817;41434;78
fenetre;1637181286004824;41440;79
fenetre;1637181286004830;41446;80
fenetre;1637181286004836;41452;81
fenetre;1637181286004844;41460;82
fenetre;1637181286004850;41466;83
fenetre;1637181286004856;41472;84
fenetre;1637181286004862;41479;85
fenetre;1637181286004869;41485;86
fenetre;1637181286004875;41492;87
fenetre;1637181286004970;41516;88
fenetre;1637181286004984;41530;89
fenetre;1637181286005071;41558;90
fenetre;1637181286005086;41573;91
fenetre;1637181286005094;41580;92
fenetre;1637181286005196;41603;93
fenetre;1637181286005209;41617;94
fenetre;1637181286005244;41641;95
fenetre;1637181286005285;41670;96
fenetre;1637181286005320;41690;97
fenetre;1637181286005357;41703;98
fenetre;1637181286005455;41722;99
fenetre;1637181286005469;41736;100
fenetre;1637181286005477;41744;101
fenetre;1637181286005574;41763;102
fenetre;1637181286005587;41775;103
fenetre;1637181286005636;41801;104
fenetre;1637181286005672;41824;105
fenetre;1637181286005726;41856;106
fenetre;1637181286005812;41892;107
fenetre;1637181286005826;41905;108
fenetre;1637181286005866;41929;109
fenetre;1637181286005892;41951;110
fenetre;1637181286005946;41965;111
fenetre;1637181286006042;41992;112
fenetre;1637181286006053;42002;113
fenetre;1637181286006097;42024;114
fenetre;1637181286006157;42043;115
fenetre;1637181286006179;42057;116
fenetre;1637181286006254;42077;117
fenetre;1637181286006267;42090;118
fenetre;1637181286006303;42104;119
fenetre;1637181286006374;42120;120
fenetre;1637181286006404;42140;121
fenetre;1637181286006455;42159;122
fenetre;1637181286006495;42175;123
fenetre;1637181286006536;42192;124
fenetre;1637181286006596;42217;125
fenetre;1637181286006629;42236;126
fenetre;1637181286006684;42250;127
fenetre;1637181286006737;42279;128
fenetre;1637181286006773;42300;129
fenetre;1637181286006813;42316;130
fenetre;1637181286006862;42331;131
fenetre;1637181286006908;42345;132
fenetre;1637181286006947;42357;133
fenetre;1637181286006998;42371;134
fenetre;1637181286007043;42391;135
fenetre;1637181286007122;42416;136
fenetre;1637181286007150;42432;137
fenetre;1637181286007184;42443;138
fenetre;1637181286007228;42454;139
fenetre;1637181286007263;42469;140
fenetre;1637181286007298;42481;141
fenetre;1637181286007337;42493;142
fenetre;1637181286007375;42507;143
fenetre;1637181286007413;42520;144
fenetre;1637181286007446;42532;145
fenetre;1637181286007471;42542;146
fenetre;1637181286007491;42553;147
fenetre;1637181286007511;42563;148
fenetre;1637181286007531;42572;149
fenetre;1637181286009003;44010;150
fenetre;1637181286009014;44021;151
fenetre;1637181286009020;44027;152
fenetre;1637181286009025;44032;153
fenetre;1637181286009030;44036;154
fenetre;1637181286009035;44041;155
fenetre;1637181286009040;44046;156
fenetre;1637181286009045;44051;157
fenetre;1637181286009049;44055;158
fenetre;1637181286009055;44061;159
fenetre;1637181286009059;44066;160
fenetre;1637181286009064;44070;161
fenetre;1637181286009069;44075;162
fenetre;1637181286009073;44080;163
fenetre;1637181286009078;44085;164
fenetre;1637181286009083;44089;165
fenetre;1637181286009088;44094;166
fenetre;1637181286009093;44099;167
fenetre;1637181286009098;44105;168
fenetre;1637181286009103;44109;169
fenetre;1637181286009107;44114;170
fenetre;1637181286009112;44119;171
fenetre;1637181286009117;44123;172
fenetre;1637181286009122;44128;173
fenetre;1637181286009182;44188;174
fenetre;1637181286009187;44194;175
timeout;1637181287010868;44216;0
fenetre;1637181287012346;45689;87
fenetre;1637181287012365;45708;88
fenetre;1637181287012373;45715;89
fenetre;1637181287012379;45722;90
fenetre;1637181287012385;45728;91
fenetre;1637181287012391;45734;92
fenetre;1637181287012397;45740;93
fenetre;1637181287012408;45750;94
fenetre;1637181287012414;45756;95
fenetre;1637181287012420;45762;96
fenetre;1637181287012426;45769;97
fenetre;1637181287012433;45775;98
fenetre;1637181287012443;45785;99
fenetre;1637181287012449;45792;100
fenetre;1637181287012456;45798;101
fenetre;1637181287012514;45827;102
fenetre;1637181287012539;45848;103
fenetre;1637181287012616;45870;104
fenetre;1637181287012646;45895;105
fenetre;1637181287012710;45914;106
fenetre;1637181287012767;45949;107
fenetre;1637181287012781;45963;108
fenetre;1637181287012831;45982;109
fenetre;1637181287012858;46006;110
fenetre;1637181287012939;46037;111
fenetre;1637181287012966;46057;112
fenetre;1637181287013051;46080;113
fenetre;1637181287013062;46091;114
fenetre;1637181287013089;46101;115
fenetre;1637181287013157;46122;116
fenetre;1637181287013168;46133;117
fenetre;1637181287013223;46154;118
fenetre;1637181287013258;46173;119
fenetre;1637181287013269;46184;120
fenetre;1637181287013300;46201;121
fenetre;1637181287013335;46216;122
fenetre;1637181287013410;46236;123
fenetre;1637181287013421;46246;124
fenetre;1637181287013478;46272;125
fenetre;1637181287013488;46282;126
fenetre;1637181287013527;46295;127
fenetre;1637181287013552;46307;128
fenetre;1637181287013595;46320;129
fenetre;1637181287013630;46332;130
fenetre;1637181287013674;46343;131
fenetre;1637181287013699;46354;132
fenetre;1637181287013732;46364;133
fenetre;1637181287013779;46385;134
fenetre;1637181287013815;46401;135
fenetre;1637181287013840;46411;136
fenetre;1637181287013891;46426;137
fenetre;1637181287013920;46441;138
fenetre;1637181287013954;46453;139
fenetre;1637181287013992;46464;140
fenetre;1637181287014027;46474;141
fenetre;1637181287014063;46483;142
fenetre;1637181287014102;46496;143
fenetre;1637181287014138;46509;144
fenetre;1637181287014173;46520;145
fenetre;1637181287014209;46531;146
fenetre;1637181287014245;46542;147
fenetre;1637181287014281;46551;148
fenetre;1637181287014318;46561;149
fenetre;1637181287014355;46573;150
fenetre;1637181287014390;46585;151
fenetre;1637181287014428;46595;152
fenetre;1637181287014464;46606;153
fenetre;1637181287014502;46616;154
fenetre;1637181287014535;46627;155
fenetre;1637181287014576;46638;156
fenetre;1637181287014611;46650;157
fenetre;1637181287014649;46660;158
fenetre;1637181287014684;46672;159
fenetre;1637181287014723;46683;160
fenetre;1637181287014758;46694;161
fenetre;1637181287014796;46705;162
fenetre;1637181287014831;46715;163
fenetre;1637181287014868;46725;164
fenetre;1637181287014903;46734;165
fenetre;1637181287014941;46745;166
fenetre;1637181287014976;46756;167
fenetre;1637181287015012;46766;168
fenetre;1637181287015051;46777;169
fenetre;1637181287015076;46787;170
fenetre;1637181287015096;46799;171
fenetre;1637181287015116;46808;172
fenetre;1637181287015137;46817;173
fin;1637181287015352;46892;0
