type;temps;clock;fen
debut;1637181309302237;1686;0
fenetre;1637181309303097;1796;1
fenetre;1637181309303312;1839;2
fenetre;1637181309303472;1853;3
fenetre;1637181309303518;1887;4
fenetre;1637181309303629;1899;5
fenetre;1637181309303650;1917;6
fenetre;1637181309303658;1925;7
fenetre;1637181309303726;1986;8
fenetre;1637181309303802;1996;9
fenetre;1637181309303826;2006;10
fenetre;1637181309303851;2025;11
fenetre;1637181309303882;2038;12
fenetre;1637181309303891;2047;13
fenetre;1637181309303948;2062;14
fenetre;1637181309303956;2070;15
fenetre;1637181309304059;2173;16
fenetre;1637181309304124;2183;17
fenetre;1637181309304148;2192;18
fenetre;1637181309304176;2202;19
fenetre;1637181309304200;2212;20
fenetre;1637181309304231;2222;21
fenetre;1637181309304261;2239;22
fenetre;1637181309304284;2249;23
fenetre;1637181309304308;2258;24
fenetre;1637181309304336;2266;25
fenetre;1637181309304362;2275;26
fenetre;1637181309304389;2284;27
fenetre;1637181309304416;2291;28
fenetre;1637181309304441;2299;29
fenetre;1637181309304465;2307;30
fenetre;1637181309304482;2315;31
fenetre;1637181309304713;2539;32
fenetre;1637181309304721;2547;33
fenetre;1637181309304724;2550;34
fenetre;1637181309304728;2554;35
fenetre;1637181309304732;2558;36
fenetre;1637181309304735;2561;37
fenetre;1637181309304756;2570;38
fenetre;1637181309304776;2579;39
fenetre;1637181309304807;2595;40
fenetre;1637181309304838;2612;41
fenetre;1637181309304847;2621;42
fenetre;1637181309304881;2629;43
fenetre;1637181309304909;2638;44
fenetre;1637181309304932;2645;45
fenetre;1637181309304964;2652;46
fenetre;1637181309304995;2659;47
fenetre;1637181309305014;2669;48
fenetre;1637181309305044;2677;49
fenetre;1637181309305064;2685;50
fenetre;1637181309305097;2700;51
fenetre;1637181309305117;2710;52
fenetre;1637181309305141;2719;53
fenetre;1637181309305168;2728;54
fenetre;1637181309305193;2735;55
fenetre;1637181309305219;2742;56
fenetre;1637181309305243;2751;57
fenetre;1637181309305271;2760;58
fenetre;1637181309305296;2768;59
fenetre;1637181309305324;2776;60
fenetre;1637181309305348;2783;61
fenetre;1637181309305376;2796;62
fenetre;1637181309305390;2803;63
fenetre;1637181309305824;3229;64
fenetre;1637181309305830;3235;65
fenetre;1637181309305833;3238;66
fenetre;1637181309305838;3243;67
fenetre;1637181309305841;3246;68
fenetre;1637181309305845;3250;69
fenetre;1637181309305848;3253;70
fenetre;1637181309305851;3257;71
fenetre;1637181309305855;3260;72
fenetre;1637181309305858;3263;73
fenetre;1637181309305863;3268;74
fenetre;1637181309305866;3272;75
fenetre;1637181309305870;3275;76
fenetre;1637181309305873;3278;77
fenetre;1637181309305877;3282;78
fenetre;1637181309305895;3289;79
fenetre;1637181309305918;3298;80
fenetre;1637181309305945;3306;81
fenetre;1637181309305972;3315;82
fenetre;1637181309305996;3323;83
fenetre;1637181309306026;3330;84
fenetre;1637181309306053;3340;85
fenetre;1637181309306078;3348;86
fenetre;1637181309306103;3357;87
fenetre;1637181309306131;3364;88
fenetre;1637181309306156;3373;89
fenetre;1637181309306181;3380;90
fenetre;1637181309306208;3389;91
fenetre;1637181309306233;3396;92
fenetre;1637181309306260;3404;93
fenetre;1637181309306284;3411;94
fenetre;1637181309306310;3419;95
fenetre;1637181309306334;3426;96
fenetre;1637181309306361;3435;97
fenetre;1637181309306394;3442;98
fenetre;1637181309306414;3449;99
ecn;1637181309306438;3457;0
fenetre;1637181309306999;4018;89
fenetre;1637181309307004;4023;90
fenetre;1637181309307008;4027;91
fenetre;1637181309307012;4030;92
fenetre;1637181309307015;4034;93
fenetre;1637181309307019;4038;94
fenetre;1637181309307022;4041;95
fenetre;1637181309307037;4050;96
fenetre;1637181309307059;4061;97
fenetre;1637181309307095;4069;98
fenetre;1637181309307100;4074;99
fenetre;1637181309307174;4082;100
fenetre;1637181309307181;4089;101
timeout;1637181310308755;4114;0
fenetre;1637181310309674;5032;50
fenetre;1637181310309697;5055;51
fenetre;1637181310309710;5067;52
fenetre;1637181310309783;5106;53
fenetre;1637181310309907;5159;54
fenetre;1637181310309934;5180;55
fenetre;1637181310309992;5205;56
fenetre;1637181310310030;5233;57
fenetre;1637181310310078;5259;58
fenetre;1637181310310174;5356;59
fenetre;1637181310310182;5364;60
fenetre;1637181310310238;5394;61
fenetre;1637181310310315;5420;62
fenetre;1637181310310327;5432;63
fenetre;1637181310310355;5455;64
fenetre;1637181310310417;5483;65
fenetre;1637181310310446;5505;66
fenetre;1637181310310515;5533;67
fenetre;1637181310310529;5547;68
fenetre;1637181310310618;5573;69
fenetre;1637181310310632;5587;70
fenetre;1637181310310675;5603;71
fenetre;1637181310310709;5622;72
fenetre;1637181310310769;5655;73
fenetre;1637181310310835;5687;74
fenetre;1637181310310849;5701;75
fenetre;1637181310310926;5719;76
fenetre;1637181310310956;5739;77
fenetre;1637181310311027;5751;78
fenetre;1637181310311056;5778;79
fenetre;1637181310311112;5808;80
fenetre;1637181310311153;5827;81
fenetre;1637181310311180;5847;82
fenetre;1637181310311267;5876;83
fenetre;1637181310311281;5890;84
fenetre;1637181310311304;5904;85
fenetre;1637181310311349;5918;86
fenetre;1637181310311393;5933;87
fenetre;1637181310311443;5953;88
fenetre;1637181310311477;5971;89
fenetre;1637181310311540;5995;90
fenetre;1637181310311575;6015;91
fenetre;1637181310311619;6032;92
fenetre;1637181310311664;6048;93
fenetre;1637181310311717;6064;94
fenetre;1637181310311756;6078;95
fenetre;1637181310311808;6092;96
fenetre;1637181310311838;6108;97
fenetre;1637181310311862;6124;98
fenetre;1637181310311889;6135;99
fenetre;1637181310313013;7235;100
fenetre;1637181310313026;7247;101
fenetre;1637181310313032;7253;102
fenetre;1637181310313037;7258;103
fenetre;1637181310313042;7264;104
fenetre;1637181310313047;7268;105
fenetre;1637181310313052;7273;106
fenetre;1637181310313057;7278;107
fenetre;1637181310313061;7282;108
fenetre;1637181310313068;7289;109
fenetre;1637181310313073;7294;110
fenetre;1637181310313078;7300;111
fenetre;1637181310313083;7304;112
fenetre;1637181310313088;7309;113
fenetre;1637181310313093;7314;114
fenetre;1637181310313097;7318;115
fenetre;1637181310313104;7325;116
fenetre;1637181310313109;7330;117
fenetre;1637181310313113;7335;118
fenetre;1637181310313118;7339;119
fenetre;1637181310313123;7344;120
fenetre;1637181310313128;7350;121
fenetre;1637181310313133;7354;122
fenetre;1637181310313149;7365;123
fenetre;1637181310313185;7379;124
fenetre;1637181310313229;7391;125
fenetre;1637181310313256;7401;126
fenetre;1637181310313295;7416;127
fenetre;1637181310313344;7430;128
fenetre;1637181310313378;7442;129
fenetre;1637181310313410;7453;130
fenetre;1637181310313455;7472;131
fenetre;1637181310313485;7486;132
fenetre;1637181310313530;7499;133
fenetre;1637181310313557;7510;134
fenetre;1637181310313607;7520;135
fenetre;1637181310313629;7528;136
fenetre;1637181310313670;7543;137
fenetre;1637181310313716;7562;138
fenetre;1637181310313759;7583;139
fenetre;1637181310313787;7599;140
fenetre;1637181310313827;7613;141
fenetre;1637181310313865;7626;142
fenetre;1637181310313907;7638;143
fenetre;1637181310313932;7648;144
fenetre;1637181310313978;7663;145
fenetre;1637181310314015;7684;146
fenetre;1637181310314057;7701;147
fenetre;1637181310314090;7718;148
fenetre;1637181310314133;7730;149
fenetre;1637181310314175;7742;150
fenetre;1637181310314209;7752;151
ecn;1637181310314249;7764;0
fenetre;1637181310315467;8973;135
fenetre;1637181310315480;8985;136
fenetre;1637181310315485;8990;137
fenetre;1637181310315490;8995;138
fenetre;1637181310315495;9001;139
ecn;1637181310315500;9006;0
fenetre;1637181310316466;9972;125
fenetre;1637181310316472;9977;126
fenetre;1637181310316476;9982;127
fenetre;1637181310316480;9985;128
fenetre;1637181310316484;9990;129
fenetre;1637181310317723;10000;130
fenetre;1637181310317744;10015;131
fenetre;1637181310317768;10027;132
timeout;1637181311318593;10052;0
fenetre;1637181311319931;11334;66
fenetre;1637181311319955;11359;67
fenetre;1637181311319966;11369;68
fenetre;1637181311319976;11379;69
fenetre;1637181311320010;11404;70
fenetre;1637181311320020;11414;71
fenetre;1637181311320036;11431;72
fenetre;1637181311320044;11439;73
fenetre;1637181311320050;11444;74
fenetre;1637181311320056;11451;75
fenetre;1637181311320062;11456;76
fenetre;1637181311320119;11478;77
fenetre;1637181311320222;11508;78
fenetre;1637181311320304;11590;79
fenetre;1637181311320312;11598;80
fenetre;1637181311320319;11605;81
fenetre;1637181311320378;11631;82
fenetre;1637181311320433;11674;83
fenetre;1637181311320465;11699;84
fenetre;1637181311320507;11719;85
fenetre;1637181311320557;11747;86
fenetre;1637181311320616;11767;87
fenetre;1637181311320654;11795;88
fenetre;1637181311320672;11813;89
fenetre;1637181311320772;11828;90
fenetre;1637181311320782;11838;91
fenetre;1637181311320823;11860;92
fenetre;1637181311320866;11879;93
fenetre;1637181311320925;11905;94
fenetre;1637181311321016;11938;95
fenetre;1637181311321030;11953;96
fenetre;1637181311321062;11970;97
fenetre;1637181311321117;11998;98
fenetre;1637181311321173;12030;99
fenetre;1637181311321207;12055;100
fenetre;1637181311321229;12077;101
fenetre;1637181311321295;12099;102
fenetre;1637181311321337;12125;103
fenetre;1637181311321379;12157;104
fenetre;1637181311321405;12178;105
fenetre;1637181311321461;12195;106
fenetre;1637181311321551;12225;107
fenetre;1637181311321565;12239;108
fenetre;1637181311321616;12253;109
fenetre;1637181311321664;12279;110
fenetre;1637181311321678;12293;111
fenetre;1637181311321729;12312;112
fenetre;1637181311321787;12343;113
fenetre;1637181311321822;12363;114
fenetre;1637181311321869;12378;115
fenetre;1637181311321924;12394;116
fenetre;1637181311321965;12413;117
fenetre;1637181311322005;12434;118
fenetre;1637181311322050;12448;119
fenetre;1637181311322128;12487;120
fenetre;1637181311322162;12503;121
fenetre;1637181311322207;12515;122
fenetre;1637181311322233;12526;123
fenetre;1637181311322276;12539;124
fenetre;1637181311322308;12551;125
fenetre;1637181311322344;12561;126
fenetre;1637181311322380;12570;127
fenetre;1637181311322408;12584;128
fenetre;1637181311322421;12597;129
fenetre;1637181311322446;12607;130
fenetre;1637181311322467;12617;131
fenetre;1637181311323725;13862;132
fenetre;1637181311323733;13871;133
fenetre;1637181311323739;13876;134
fenetre;1637181311323744;13881;135
fenetre;1637181311323749;13887;136
fenetre;1637181311323755;13893;137
fenetre;1637181311323760;13898;138
fenetre;1637181311323768;13906;139
fenetre;1637181311323773;13910;140
fenetre;1637181311323778;13915;141
fenetre;1637181311323783;13920;142
fenetre;1637181311323788;13925;143
fenetre;1637181311323792;13930;144
fenetre;1637181311323798;13936;145
fenetre;1637181311323803;13940;146
fenetre;1637181311323808;13945;147
fenetre;1637181311323813;13950;148
fenetre;1637181311323818;13955;149
fenetre;1637181311323822;13960;150
fenetre;1637181311323827;13964;151
fenetre;1637181311323832;13969;152
fenetre;1637181311323839;13977;153
fenetre;1637181311323844;13982;154
fenetre;1637181311323849;13986;155
fenetre;1637181311323854;13991;156
fenetre;1637181311323859;13996;157
fenetre;1637181311323864;14002;158
fenetre;1637181311323869;14007;159
fenetre;1637181311323875;14013;160
fenetre;1637181311323880;14018;161
fenetre;1637181311323885;14023;162
fenetre;1637181311323890;14028;163
fenetre;1637181311323895;14032;164
fenetre;1637181311323899;14037;165
fenetre;1637181311323929;14049;166
fenetre;1637181311323963;14061;167
ecn;1637181311324001;14072;0
fenetre;1637181311325308;15379;150
fenetre;1637181311325317;15388;151
fenetre;1637181311325322;15393;152
fenetre;1637181311326067;15409;153
fenetre;1637181311326097;15421;154
fenetre;1637181311326138;15433;155
fenetre;1637181311326173;15445;156
fenetre;1637181311326202;15455;157
fenetre;1637181311326227;15464;158
ecn;1637181311326265;15479;0
fenetre;1637181311327297;16511;142
fenetre;1637181311327303;16517;143
fenetre;1637181311328656;16527;144
fenetre;1637181311328690;16540;145
fenetre;1637181311328705;16551;146
fenetre;1637181311328725;16559;147
fenetre;1637181311328756;16568;148
timeout;1637181312332842;16594;0
fenetre;1637181312334169;17919;74
fenetre;1637181312334185;17936;75
fenetre;1637181312334192;17943;76
fenetre;1637181312334199;17950;77
fenetre;1637181312334205;17956;78
fenetre;1637181312334212;17962;79
fenetre;1637181312334217;17968;80
fenetre;1637181312334224;17974;81
fenetre;1637181312334232;17983;82
fenetre;1637181312334238;17989;83
fenetre;1637181312334244;17995;84
fenetre;1637181312334323;18074;85
fenetre;1637181312334330;18081;86
fenetre;1637181312334376;18094;87
fenetre;1637181312334424;18111;88
fenetre;1637181312334507;18140;89
fenetre;1637181312334521;18154;90
fenetre;1637181312334570;18177;91
fenetre;1637181312334625;18206;92
fenetre;1637181312334681;18241;93
fenetre;1637181312334695;18254;94
fenetre;1637181312334749;18271;95
fenetre;1637181312334772;18285;96
fenetre;1637181312334827;18304;97
fenetre;1637181312334877;18335;98
fenetre;1637181312334907;18359;99
fenetre;1637181312334944;18377;100
fenetre;1637181312335043;18410;101
fenetre;1637181312335057;18424;102
fenetre;1637181312335085;18437;103
fenetre;1637181312335149;18452;104
fenetre;1637181312335194;18471;105
fenetre;1637181312335261;18502;106
fenetre;1637181312335301;18538;107
fenetre;1637181312335398;18590;108
fenetre;1637181312335448;18620;109
fenetre;1637181312335523;18651;110
fenetre;1637181312335568;18677;111
fenetre;1637181312335581;18689;112
fenetre;1637181312335637;18704;113
fenetre;1637181312335681;18722;114
fenetre;1637181312335731;18741;115
fenetre;1637181312335775;18764;116
fenetre;1637181312335819;18782;117
fenetre;1637181312335864;18797;118
fenetre;1637181312335908;18813;119
fenetre;1637181312335950;18828;120
fenetre;1637181312336001;18842;121
fenetre;1637181312336045;18857;122
fenetre;1637181312336094;18871;123
fenetre;1637181312336136;18885;124
fenetre;1637181312336185;18898;125
fenetre;1637181312336230;18911;126
fenetre;1637181312336276;18924;127
fenetre;1637181312336323;18941;128
fenetre;1637181312336380;18955;129
fenetre;1637181312336414;18965;130
fenetre;1637181312336454;18976;131
fenetre;1637181312336488;18987;132
fenetre;1637181312336526;18998;133
fenetre;1637181312336560;19008;134
fenetre;1637181312336599;19019;135
fenetre;1637181312336635;19029;136
fenetre;1637181312336671;19040;137
fenetre;1637181312336708;19050;138
fenetre;1637181312336741;19061;139
fenetre;1637181312336781;19073;140
fenetre;1637181312336815;19083;141
fenetre;1637181312336855;19095;142
fenetre;1637181312336888;19105;143
fenetre;1637181312336915;19117;144
fenetre;1637181312336935;19127;145
fenetre;1637181312336957;19137;146
fenetre;1637181312336978;19146;147
fenetre;1637181312338408;20551;148
fenetre;1637181312338421;20565;149
fenetre;1637181312338427;20571;150
fenetre;1637181312338432;20575;151
fenetre;1637181312338437;20580;152
fenetre;1637181312338443;20586;153
fenetre;1637181312338447;20591;154
fenetre;1637181312338452;20595;155
fenetre;1637181312338457;20600;156
fenetre;1637181312338462;20606;157
fenetre;1637181312338467;20610;158
fenetre;1637181312338472;20615;159
fenetre;1637181312338477;20620;160
fenetre;1637181312338482;20625;161
fenetre;1637181312338487;20630;162
fenetre;1637181312338491;20635;163
fenetre;1637181312338496;20639;164
fenetre;1637181312338501;20643;165
fenetre;1637181312338505;20649;166
fenetre;1637181312338511;20655;167
fenetre;1637181312338517;20660;168
fenetre;1637181312338522;20665;169
fenetre;1637181312338526;20670;170
fenetre;1637181312338532;20676;171
fenetre;1637181312338537;20680;172
fenetre;1637181312338542;20685;173
fenetre;1637181312338546;20690;174
timeout;1637181313343084;20709;0
fenetre;1637181313344014;21624;87
fenetre;1637181313344026;21636;88
fenetre;1637181313344032;21642;89
fenetre;1637181313344036;21646;90
fenetre;1637181313344040;21651;91
fenetre;1637181313344045;21655;92
fenetre;1637181313344049;21660;93
fenetre;1637181313344054;21664;94
fenetre;1637181313344058;21668;95
fenetre;1637181313344062;21673;96
fenetre;1637181313344066;21676;97
fenetre;1637181313344070;21680;98
fenetre;1637181313344074;21684;99
fenetre;1637181313344100;21698;100
fenetre;1637181313344140;21713;101
fenetre;1637181313344189;21728;102
fenetre;1637181313344221;21738;103
fenetre;1637181313344260;21750;104
fenetre;1637181313344286;21766;105
fenetre;1637181313344368;21786;106
fenetre;1637181313344405;21808;107
fenetre;1637181313344427;21821;108
fenetre;1637181313344453;21831;109
fenetre;1637181313344481;21840;110
fenetre;1637181313344576;21851;111
fenetre;1637181313344582;21858;112
fenetre;1637181313344587;21863;113
fenetre;1637181313344658;21923;114
fenetre;1637181313344675;21936;115
fenetre;1637181313344735;21962;116
fenetre;1637181313344745;21972;117
fenetre;1637181313344767;21988;118
fenetre;1637181313344789;22004;119
fenetre;1637181313344821;22019;120
fenetre;1637181313344843;22029;121
fenetre;1637181313344874;22036;122
fenetre;1637181313344909;22046;123
fenetre;1637181313344946;22065;124
fenetre;1637181313344974;22078;125
fenetre;1637181313344995;22087;126
fenetre;1637181313345039;22103;127
fenetre;1637181313345070;22119;128
fenetre;1637181313345098;22128;129
fenetre;1637181313345135;22139;130
fenetre;1637181313345167;22155;131
fenetre;1637181313345194;22166;132
fenetre;1637181313345226;22176;133
fenetre;1637181313345254;22186;134
fenetre;1637181313345287;22196;135
fenetre;1637181313345317;22205;136
fenetre;1637181313345347;22213;137
fenetre;1637181313345384;22223;138
fenetre;1637181313345462;22236;139
fenetre;1637181313345537;22247;140
fenetre;1637181313345573;22259;141
fenetre;1637181313345611;22273;142
fenetre;1637181313345638;22285;143
fenetre;1637181313345668;22294;144
fenetre;1637181313345700;22304;145
fenetre;1637181313345732;22314;146
fenetre;1637181313345760;22323;147
fenetre;1637181313345790;22330;148
fenetre;1637181313345826;22343;149
fenetre;1637181313345864;22357;150
fenetre;1637181313345909;22370;151
fenetre;1637181313345931;22380;152
fenetre;1637181313345959;22393;153
fenetre;1637181313345996;22407;154
fenetre;1637181313346036;22420;155
fenetre;1637181313346106;22448;156
fenetre;1637181313346116;22458;157
fenetre;1637181313346143;22466;158
fenetre;1637181313346173;22478;159
fenetre;1637181313346214;22496;160
fenetre;1637181313346250;22524;161
fenetre;1637181313346295;22540;162
fenetre;1637181313346377;22556;163
fenetre;1637181313346447;22571;164
fenetre;1637181313346511;22584;165
fenetre;1637181313346548;22598;166
fenetre;1637181313346572;22613;167
fenetre;1637181313346626;22635;168
fenetre;1637181313346634;22644;169
fenetre;1637181313346658;22655;170
fenetre;1637181313346676;22667;171
fenetre;1637181313346701;22682;172
fenetre;1637181313346730;22701;173
fenetre;1637181313348054;24022;174
fenetre;1637181313348065;24033;175
fenetre;1637181313348070;24038;176
fenetre;1637181313348075;24043;177
fenetre;1637181313348080;24048;178
fenetre;1637181313348085;24052;179
fenetre;1637181313348089;24057;180
fenetre;1637181313348094;24061;181
fenetre;1637181313348098;24066;182
fenetre;1637181313348103;24070;183
fenetre;1637181313348107;24075;184
fenetre;1637181313348111;24078;185
fenetre;1637181313348115;24083;186
fenetre;1637181313348119;24087;187
fenetre;1637181313348124;24092;188
ecn;1637181313348128;24096;0
fenetre;1637181313349374;25341;169
timeout;1637181314353680;25360;0
fenetre;1637181314354463;26142;84
fenetre;1637181314354475;26154;85
fenetre;1637181314354481;26161;86
fenetre;1637181314354486;26166;87
fenetre;1637181314354491;26170;88
fenetre;1637181314354496;26175;89
fenetre;1637181314354501;26180;90
fenetre;1637181314354506;26185;91
fenetre;1637181314354511;26190;92
fenetre;1637181314354515;26195;93
fenetre;1637181314354522;26202;94
fenetre;1637181314354528;26208;95
fenetre;1637181314354603;26229;96
fenetre;1637181314354723;26257;97
fenetre;1637181314354734;26268;98
fenetre;1637181314354779;26288;99
fenetre;1637181314354817;26313;100
fenetre;1637181314354863;26338;101
fenetre;1637181314354903;26364;102
fenetre;1637181314354914;26376;103
fenetre;1637181314354969;26396;104
fenetre;1637181314355002;26414;105
fenetre;1637181314355011;26424;106
fenetre;1637181314355048;26433;107
fenetre;1637181314355083;26444;108
fenetre;1637181314355144;26464;109
fenetre;1637181314355169;26480;110
fenetre;1637181314355272;26500;111
fenetre;1637181314355283;26510;112
fenetre;1637181314355311;26529;113
fenetre;1637181314355375;26555;114
fenetre;1637181314355422;26578;115
fenetre;1637181314355434;26589;116
fenetre;1637181314355481;26602;117
fenetre;1637181314355514;26614;118
fenetre;1637181314355544;26629;119
fenetre;1637181314355585;26645;120
fenetre;1637181314355614;26660;121
fenetre;1637181314355652;26677;122
fenetre;1637181314355729;26754;123
fenetre;1637181314355734;26758;124
fenetre;1637181314355763;26766;125
fenetre;1637181314355794;26777;126
fenetre;1637181314355830;26794;127
fenetre;1637181314355854;26807;128
fenetre;1637181314355882;26816;129
fenetre;1637181314355916;26829;130
fenetre;1637181314355943;26842;131
fenetre;1637181314355970;26850;132
fenetre;1637181314356011;26858;133
fenetre;1637181314356031;26867;134
fenetre;1637181314356064;26879;135
fenetre;1637181314356097;26889;136
fenetre;1637181314356124;26899;137
fenetre;1637181314356163;26908;138
fenetre;1637181314356192;26923;139
fenetre;1637181314356215;26937;140
fenetre;1637181314356243;26947;141
fenetre;1637181314356272;26955;142
fenetre;1637181314356301;26965;143
fenetre;1637181314356330;26975;144
fenetre;1637181314356358;26985;145
fenetre;1637181314356390;26993;146
fenetre;1637181314356422;27002;147
fenetre;1637181314356452;27011;148
fenetre;1637181314356479;27020;149
fenetre;1637181314356512;27030;150
fenetre;1637181314356540;27037;151
fenetre;1637181314356571;27046;152
fenetre;1637181314356601;27056;153
fenetre;1637181314356629;27065;154
fenetre;1637181314356659;27073;155
fenetre;1637181314356691;27082;156
fenetre;1637181314356721;27091;157
fenetre;1637181314356751;27101;158
fenetre;1637181314356781;27112;159
fenetre;1637181314356808;27121;160
fenetre;1637181314356838;27130;161
fenetre;1637181314356865;27139;162
fenetre;1637181314356898;27148;163
fenetre;1637181314356925;27157;164
fenetre;1637181314356946;27166;165
fenetre;1637181314356960;27175;166
fenetre;1637181314356978;27182;167
fenetre;1637181314358196;28391;168
fenetre;1637181314358204;28398;169
fenetre;1637181314358208;28403;170
fenetre;1637181314358212;28407;171
fenetre;1637181314358216;28410;172
fenetre;1637181314358220;28415;173
fenetre;1637181314358224;28418;174
fenetre;1637181314358228;28423;175
fenetre;1637181314358232;28426;176
fenetre;1637181314358236;28430;177
fenetre;1637181314358240;28434;178
fenetre;1637181314358244;28438;179
fenetre;1637181314358248;28443;180
fenetre;1637181314358252;28446;181
fenetre;1637181314358256;28450;182
fenetre;1637181314358260;28454;183
fenetre;1637181314358264;28458;184
fenetre;1637181314358268;28462;185
ecn;1637181314358272;28466;0
fenetre;1637181314359426;29620;166
fenetre;1637181314359431;29626;167
timeout;1637181315362737;29638;0
fenetre;1637181315363463;30353;83
fenetre;1637181315363484;30372;84
fenetre;1637181315363490;30378;85
fenetre;1637181315363495;30383;86
fenetre;1637181315363500;30389;87
fenetre;1637181315363506;30393;88
fenetre;1637181315363511;30399;89
fenetre;1637181315363516;30404;90
fenetre;1637181315363522;30410;91
fenetre;1637181315363527;30415;92
fenetre;1637181315363532;30420;93
fenetre;1637181315363551;30434;94
fenetre;1637181315363609;30449;95
fenetre;1637181315363639;30459;96
fenetre;1637181315363668;30467;97
fenetre;1637181315363700;30478;98
fenetre;1637181315363730;30490;99
fenetre;1637181315363751;30500;100
fenetre;1637181315363779;30508;101
fenetre;1637181315363813;30522;102
fenetre;1637181315363838;30533;103
fenetre;1637181315363861;30542;104
fenetre;1637181315363892;30553;105
fenetre;1637181315363927;30565;106
fenetre;1637181315363950;30577;107
fenetre;1637181315363975;30590;108
fenetre;1637181315363999;30600;109
fenetre;1637181315364025;30609;110
fenetre;1637181315364055;30618;111
fenetre;1637181315364084;30631;112
fenetre;1637181315364105;30641;113
fenetre;1637181315364156;30661;114
fenetre;1637181315364165;30671;115
fenetre;1637181315364190;30680;116
fenetre;1637181315364217;30691;117
fenetre;1637181315364244;30700;118
fenetre;1637181315364274;30709;119
fenetre;1637181315364298;30716;120
fenetre;1637181315364324;30726;121
fenetre;1637181315364353;30733;122
fenetre;1637181315364378;30742;123
fenetre;1637181315364408;30752;124
fenetre;1637181315364432;30761;125
fenetre;1637181315364460;30769;126
fenetre;1637181315364487;30777;127
fenetre;1637181315364512;30785;128
fenetre;1637181315364541;30793;129
fenetre;1637181315364567;30801;130
fenetre;1637181315364595;30809;131
fenetre;1637181315364622;30817;132
fenetre;1637181315364650;30824;133
fenetre;1637181315364686;30861;134
fenetre;1637181315364705;30867;135
fenetre;1637181315364735;30878;136
fenetre;1637181315364772;30892;137
fenetre;1637181315364796;30904;138
fenetre;1637181315364820;30913;139
fenetre;1637181315364849;30920;140
fenetre;1637181315364880;30928;141
fenetre;1637181315364902;30936;142
fenetre;1637181315364930;30944;143
fenetre;1637181315364957;30957;144
fenetre;1637181315364984;30967;145
fenetre;1637181315365009;30974;146
fenetre;1637181315365038;30983;147
fenetre;1637181315365065;30991;148
fenetre;1637181315365091;30999;149
fenetre;1637181315365119;31007;150
fenetre;1637181315365146;31018;151
fenetre;1637181315365175;31026;152
fenetre;1637181315365200;31034;153
fenetre;1637181315365227;31045;154
fenetre;1637181315365253;31054;155
fenetre;1637181315365278;31061;156
fenetre;1637181315365306;31070;157
fenetre;1637181315365331;31079;158
fenetre;1637181315365366;31087;159
fenetre;1637181315365391;31096;160
fenetre;1637181315365422;31107;161
fenetre;1637181315365441;31117;162
fenetre;1637181315365452;31123;163
fenetre;1637181315365469;31131;164
fenetre;1637181315365485;31138;165
fenetre;1637181315366617;32252;166
fenetre;1637181315366625;32258;167
fenetre;1637181315366628;32262;168
fenetre;1637181315366632;32266;169
fenetre;1637181315366636;32270;170
fenetre;1637181315366640;32273;171
fenetre;1637181315366643;32277;172
fenetre;1637181315366647;32281;173
fenetre;1637181315366650;32284;174
fenetre;1637181315366654;32287;175
fenetre;1637181315366657;32291;176
fenetre;1637181315366660;32295;177
fenetre;1637181315366664;32298;178
fenetre;1637181315366668;32301;179
fenetre;1637181315366671;32305;180
fenetre;1637181315366674;32309;181
fenetre;1637181315366678;32312;182
fenetre;1637181315366681;32315;183
fenetre;1637181315366686;32320;184
ecn;1637181315366691;32324;0
fenetre;1637181315367777;33409;165
fenetre;1637181315367785;33416;166
fenetre;1637181315367789;33421;167
fenetre;1637181315367793;33424;168
fenetre;1637181315367797;33429;169
fenetre;1637181315367800;33432;170
fenetre;1637181315367804;33435;171
fenetre;1637181315367807;33438;172
fenetre;1637181315367811;33442;173
fenetre;1637181315367814;33446;174
fenetre;1637181315368751;33457;175
fenetre;1637181315368769;33470;176
fenetre;1637181315368784;33480;177
fenetre;1637181315368801;33488;178
timeout;1637181316370314;33507;0
fenetre;1637181316372233;35355;89
fenetre;1637181316372249;35371;90
fenetre;1637181316372256;35378;91
fenetre;1637181316372262;35383;92
fenetre;1637181316372268;35389;93
fenetre;1637181316372274;35396;94
fenetre;1637181316372280;35402;95
fenetre;1637181316372301;35418;96
fenetre;1637181316372324;35440;97
fenetre;1637181316372332;35447;98
fenetre;1637181316372338;35454;99
fenetre;1637181316372345;35460;100
fenetre;1637181316372351;35466;101
fenetre;1637181316372359;35475;102
fenetre;1637181316372365;35481;103
fenetre;1637181316372428;35499;104
fenetre;1637181316372570;35526;105
fenetre;1637181316372630;35555;106
fenetre;1637181316372731;35584;107
fenetre;1637181316372745;35598;108
fenetre;1637181316372782;35622;109
fenetre;1637181316372861;35662;110
fenetre;1637181316372879;35679;111
fenetre;1637181316372915;35692;112
fenetre;1637181316372948;35711;113
fenetre;1637181316372988;35732;114
fenetre;1637181316373075;35754;115
fenetre;1637181316373093;35772;116
fenetre;1637181316373099;35778;117
fenetre;1637181316373147;35790;118
fenetre;1637181316373167;35804;119
fenetre;1637181316373214;35817;120
fenetre;1637181316373246;35832;121
fenetre;1637181316373318;35851;122
fenetre;1637181316373338;35867;123
fenetre;1637181316373345;35874;124
fenetre;1637181316373424;35888;125
fenetre;1637181316373434;35897;126
fenetre;1637181316373475;35917;127
fenetre;1637181316373486;35927;128
fenetre;1637181316373580;35941;129
fenetre;1637181316373590;35951;130
fenetre;1637181316373596;35956;131
fenetre;1637181316373624;35965;132
fenetre;1637181316373661;35975;133
fenetre;1637181316373747;35994;134
fenetre;1637181316373761;36009;135
fenetre;1637181316373767;36015;136
fenetre;1637181316373813;36026;137
fenetre;1637181316373861;36038;138
fenetre;1637181316373890;36048;139
fenetre;1637181316373970;36128;140
fenetre;1637181316373975;36134;141
fenetre;1637181316373995;36144;142
fenetre;1637181316374031;36158;143
fenetre;1637181316374064;36168;144
fenetre;1637181316374093;36180;145
fenetre;1637181316374127;36195;146
fenetre;1637181316374148;36208;147
fenetre;1637181316374218;36219;148
fenetre;1637181316374224;36225;149
fenetre;1637181316374229;36229;150
fenetre;1637181316374263;36237;151
fenetre;1637181316374297;36251;152
fenetre;1637181316374323;36267;153
fenetre;1637181316374350;36280;154
fenetre;1637181316374383;36290;155
fenetre;1637181316374415;36301;156
fenetre;1637181316374444;36310;157
fenetre;1637181316374473;36318;158
fenetre;1637181316374504;36327;159
fenetre;1637181316374532;36338;160
fenetre;1637181316374564;36348;161
fenetre;1637181316374592;36357;162
fenetre;1637181316374625;36367;163
fenetre;1637181316374655;36376;164
fenetre;1637181316374685;36385;165
fenetre;1637181316374715;36396;166
fenetre;1637181316374744;36405;167
fenetre;1637181316374776;36414;168
fenetre;1637181316374807;36423;169
fenetre;1637181316374836;36432;170
fenetre;1637181316374867;36441;171
fenetre;1637181316374895;36450;172
fenetre;1637181316374928;36459;173
fenetre;1637181316374958;36469;174
fenetre;1637181316374977;36478;175
fenetre;1637181316374993;36485;176
fenetre;1637181316375011;36493;177
fenetre;1637181316376398;37850;178
fenetre;1637181316376408;37860;179
fenetre;1637181316376413;37865;180
fenetre;1637181316376417;37870;181
fenetre;1637181316376421;37873;182
fenetre;1637181316376425;37877;183
fenetre;1637181316376429;37881;184
fenetre;1637181316376433;37885;185
fenetre;1637181316376437;37890;186
fenetre;1637181316376441;37893;187
fenetre;1637181316376445;37898;188
fenetre;1637181316376449;37901;189
fenetre;1637181316376453;37905;190
ecn;1637181316376457;37910;0
fenetre;1637181316377648;39100;171
fenetre;1637181316377653;39106;172
fenetre;1637181316377657;39110;173
fenetre;1637181316377662;39114;174
fenetre;1637181316377666;39118;175
fenetre;1637181316377670;39122;176
fenetre;1637181316377674;39126;177
fenetre;1637181316377678;39130;178
fenetre;1637181316378584;39141;179
timeout;1637181317379391;39165;0
fenetre;1637181317380990;40738;89
fenetre;1637181317381007;40754;90
fenetre;1637181317381014;40762;91
fenetre;1637181317381021;40769;92
fenetre;1637181317381027;40775;93
fenetre;1637181317381033;40781;94
fenetre;1637181317381039;40787;95
fenetre;1637181317381045;40794;96
fenetre;1637181317381051;40799;97
fenetre;1637181317381058;40806;98
fenetre;1637181317381064;40812;99
fenetre;1637181317381070;40818;100
fenetre;1637181317381076;40823;101
fenetre;1637181317381084;40832;102
fenetre;1637181317381094;40842;103
fenetre;1637181317381100;40848;104
fenetre;1637181317381106;40854;105
fenetre;1637181317381151;40869;106
fenetre;1637181317381229;40894;107
fenetre;1637181317381243;40908;108
fenetre;1637181317381293;40923;109
fenetre;1637181317381336;40946;110
fenetre;1637181317381376;40969;111
fenetre;1637181317381414;40989;112
fenetre;1637181317381509;41019;113
fenetre;1637181317381524;41034;114
fenetre;1637181317381571;41047;115
fenetre;1637181317381627;41078;116
fenetre;1637181317381641;41092;117
fenetre;1637181317381688;41105;118
fenetre;1637181317381742;41130;119
fenetre;1637181317381776;41152;120
fenetre;1637181317381810;41166;121
fenetre;1637181317381894;41201;122
fenetre;1637181317381913;41221;123
fenetre;1637181317381966;41247;124
fenetre;1637181317382009;41275;125
fenetre;1637181317382051;41302;126
fenetre;1637181317382098;41322;127
fenetre;1637181317382151;41341;128
fenetre;1637181317382229;41362;129
fenetre;1637181317382243;41376;130
fenetre;1637181317382287;41399;131
fenetre;1637181317382373;41434;132
fenetre;1637181317382387;41447;133
fenetre;1637181317382426;41472;134
fenetre;1637181317382471;41503;135
fenetre;1637181317382508;41525;136
fenetre;1637181317382550;41541;137
fenetre;1637181317382629;41568;138
fenetre;1637181317382682;41597;139
fenetre;1637181317382696;41611;140
fenetre;1637181317382754;41642;141
fenetre;1637181317382783;41661;142
fenetre;1637181317382833;41677;143
fenetre;1637181317382908;41752;144
fenetre;1637181317382916;41760;145
fenetre;1637181317382961;41779;146
fenetre;1637181317383082;41824;147
fenetre;1637181317383096;41838;148
fenetre;1637181317383102;41844;149
fenetre;1637181317383151;41859;150
fenetre;1637181317383192;41873;151
fenetre;1637181317383227;41884;152
fenetre;1637181317383274;41895;153
fenetre;1637181317383298;41906;154
fenetre;1637181317383342;41921;155
fenetre;1637181317383371;41937;156
fenetre;1637181317383410;41948;157
fenetre;1637181317383444;41960;158
fenetre;1637181317383492;41980;159
fenetre;1637181317383528;41997;160
fenetre;1637181317383566;42011;161
fenetre;1637181317383590;42021;162
fenetre;1637181317383662;42051;163
fenetre;1637181317383684;42068;164
fenetre;1637181317383699;42080;165
fenetre;1637181317383725;42090;166
fenetre;1637181317383771;42100;167
fenetre;1637181317383795;42111;168
fenetre;1637181317383833;42121;169
fenetre;1637181317383872;42134;170
fenetre;1637181317383903;42146;171
fenetre;1637181317383937;42156;172
fenetre;1637181317383972;42166;173
fenetre;1637181317384008;42176;174
fenetre;1637181317384032;42185;175
fenetre;1637181317384051;42194;176
fenetre;1637181317384073;42203;177
fenetre;1637181317385581;43699;178
fenetre;1637181317385588;43707;179
fenetre;1637181317385593;43712;180
fenetre;1637181317385598;43716;181
fenetre;1637181317385604;43722;182
fenetre;1637181317385609;43727;183
fenetre;1637181317385614;43732;184
fenetre;1637181317385618;43736;185
fenetre;1637181317385623;43741;186
fenetre;1637181317385628;43746;187
fenetre;1637181317385633;43751;188
fenetre;1637181317385638;43755;189
fenetre;1637181317385642;43760;190
ecn;1637181317385647;43766;0
fenetre;1637181317387016;45130;171
fenetre;1637181317387026;45140;172
fenetre;1637181317387815;45152;173
fenetre;1637181317387835;45164;174
fenetre;1637181317387867;45173;175
fenetre;1637181317387886;45182;176
timeout;1637181318388199;45204;0
fenetre;1637181318389609;46609;88
timeout;1637181319394440;46647;0
fenetre;1637181319394975;47175;44
fenetre;1637181319394992;47192;45
fenetre;1637181319395000;47199;46
fenetre;1637181319395006;47206;47
fenetre;1637181319395012;47212;48
fenetre;1637181319395051;47226;49
fenetre;1637181319395133;47250;50
fenetre;1637181319395171;47274;51
fenetre;1637181319395223;47300;52
fenetre;1637181319395254;47317;53
fenetre;1637181319395308;47334;54
fenetre;1637181319395329;47346;55
fenetre;1637181319395408;47369;56
fenetre;1637181319395425;47387;57
fenetre;1637181319395471;47408;58
fenetre;1637181319395503;47428;59
fenetre;1637181319395548;47448;60
fenetre;1637181319395560;47460;61
fenetre;1637181319395624;47479;62
fenetre;1637181319395653;47497;63
fenetre;1637181319395672;47513;64
fenetre;1637181319395713;47527;65
fenetre;1637181319395749;47546;66
fenetre;1637181319395784;47566;67
fenetre;1637181319395813;47580;68
fenetre;1637181319395844;47591;69
fenetre;1637181319395896;47601;70
fenetre;1637181319395930;47615;71
fenetre;1637181319395956;47629;72
fenetre;1637181319396041;47649;73
fenetre;1637181319396052;47659;74
fenetre;1637181319396076;47673;75
fenetre;1637181319396100;47683;76
fenetre;1637181319396136;47695;77
fenetre;1637181319396172;47707;78
fenetre;1637181319396213;47719;79
fenetre;1637181319396239;47729;80
fenetre;1637181319396275;47744;81
fenetre;1637181319396317;47767;82
fenetre;1637181319396363;47792;83
fenetre;1637181319396377;47806;84
fenetre;1637181319396404;47819;85
fenetre;1637181319396422;47830;86
fenetre;1637181319396453;47845;87
fin;1637181319396677;47941;0
